<?xml version="1.0" encoding="UTF-8"?>
<robot generator="Robot 7.2.2 (Python 3.13.2 on win32)" generated="2025-03-25T12:52:41.291646" rpa="false" schemaversion="5">
<suite id="s1" name="Suites">
<suite id="s1-s1" name="checkout Information" source="C:\Users\Nutta\Desktop\Learn Robot freamwork\SwagLab\test\checkout_Information.robot">
<test id="s1-s1-t1" name="Validate Chackout product Complete" line="10">
<kw name="Open Browser To Sauce Demo" owner="keywords">
<kw name="Open Browser" owner="SeleniumLibrary">
<msg time="2025-03-25T12:52:41.850068" level="INFO">Opening browser 'chrome' to base url 'https://www.saucedemo.com'.</msg>
<arg>${URL}</arg>
<arg>${BROWSER}</arg>
<doc>Opens a new browser instance to the optional ``url``.</doc>
<status status="PASS" start="2025-03-25T12:52:41.849344" elapsed="3.323979"/>
</kw>
<kw name="Maximize Browser Window" owner="SeleniumLibrary">
<doc>Maximizes current browser window.</doc>
<status status="PASS" start="2025-03-25T12:52:45.173825" elapsed="1.682457"/>
</kw>
<status status="PASS" start="2025-03-25T12:52:41.847595" elapsed="5.009183"/>
</kw>
<kw name="Fill the login Form" owner="keywords">
<kw name="Input Text" owner="SeleniumLibrary">
<msg time="2025-03-25T12:52:46.861616" level="INFO">Typing text 'standard_user' into text field 'id=user-name'.</msg>
<arg>id=user-name</arg>
<arg>${USERNAME}</arg>
<doc>Types the given ``text`` into the text field identified by ``locator``.</doc>
<status status="PASS" start="2025-03-25T12:52:46.859146" elapsed="0.571394"/>
</kw>
<kw name="Input Text" owner="SeleniumLibrary">
<msg time="2025-03-25T12:52:47.431825" level="INFO">Typing text 'secret_sauce' into text field 'id=password'.</msg>
<arg>id=password</arg>
<arg>${PASSWORD}</arg>
<doc>Types the given ``text`` into the text field identified by ``locator``.</doc>
<status status="PASS" start="2025-03-25T12:52:47.430996" elapsed="0.436836"/>
</kw>
<kw name="Click Button" owner="SeleniumLibrary">
<msg time="2025-03-25T12:52:47.869250" level="INFO">Clicking button 'id=login-button'.</msg>
<arg>id=login-button</arg>
<doc>Clicks the button identified by ``locator``.</doc>
<status status="PASS" start="2025-03-25T12:52:47.868352" elapsed="0.276431"/>
</kw>
<arg>${USERNAME}</arg>
<arg>${PASSWORD}</arg>
<status status="PASS" start="2025-03-25T12:52:46.857347" elapsed="1.287876"/>
</kw>
<kw name="Go to Chackout page" owner="keywords">
<kw name="Select Product to Cart" owner="keywords">
<kw name="Wait Until Element Is Visible" owner="SeleniumLibrary">
<arg>xpath=//div[contains(@class,'inventory_item_name') and normalize-space(text())='${product_name}']</arg>
<arg>timeout=5s</arg>
<doc>Waits until the element ``locator`` is visible.</doc>
<status status="PASS" start="2025-03-25T12:52:48.148392" elapsed="0.046649"/>
</kw>
<kw name="Click Button" owner="SeleniumLibrary">
<msg time="2025-03-25T12:52:48.196988" level="INFO">Clicking button 'xpath=//div[contains(@class,'inventory_item')][.//div[contains(@class,'inventory_item_name') and normalize-space(text())='Sauce Labs Backpack']]//button[contains(@data-test, 'add-to-cart')]'.</msg>
<arg>xpath=//div[contains(@class,'inventory_item')][.//div[contains(@class,'inventory_item_name') and normalize-space(text())='${product_name}']]//button[contains(@data-test, 'add-to-cart')]</arg>
<doc>Clicks the button identified by ``locator``.</doc>
<status status="PASS" start="2025-03-25T12:52:48.195489" elapsed="0.247351"/>
</kw>
<arg>Sauce Labs Backpack</arg>
<status status="PASS" start="2025-03-25T12:52:48.146787" elapsed="0.296385"/>
</kw>
<kw name="Click Element" owner="SeleniumLibrary">
<msg time="2025-03-25T12:52:48.444517" level="INFO">Clicking element 'css=.shopping_cart_link'.</msg>
<arg>css=.shopping_cart_link</arg>
<doc>Click the element identified by ``locator``.</doc>
<status status="PASS" start="2025-03-25T12:52:48.443495" elapsed="0.183383"/>
</kw>
<kw name="Wait Until Element Is Visible" owner="SeleniumLibrary">
<arg>xpath=//*[@id="checkout"]</arg>
<arg>timeout=10s</arg>
<doc>Waits until the element ``locator`` is visible.</doc>
<status status="PASS" start="2025-03-25T12:52:48.627342" elapsed="0.034034"/>
</kw>
<kw name="Execute Javascript" owner="SeleniumLibrary">
<msg time="2025-03-25T12:52:48.663312" level="INFO">Executing JavaScript:
document.querySelector('#checkout').click();
Without any arguments.</msg>
<arg>document.querySelector('#checkout').click();</arg>
<doc>Executes the given JavaScript code with possible arguments.</doc>
<status status="PASS" start="2025-03-25T12:52:48.661797" elapsed="0.022711"/>
</kw>
<status status="PASS" start="2025-03-25T12:52:48.145662" elapsed="0.539143"/>
</kw>
<kw name="Fill the checkout Form" owner="keywords">
<kw name="Input Text" owner="SeleniumLibrary">
<msg time="2025-03-25T12:52:48.687236" level="INFO">Typing text 'Test' into text field 'xpath=//input[@id='first-name']'.</msg>
<arg>xpath=//input[@id='first-name']</arg>
<arg>${first_name}</arg>
<doc>Types the given ``text`` into the text field identified by ``locator``.</doc>
<status status="PASS" start="2025-03-25T12:52:48.686332" elapsed="0.180384"/>
</kw>
<kw name="Input Text" owner="SeleniumLibrary">
<msg time="2025-03-25T12:52:48.867828" level="INFO">Typing text 'Test' into text field 'id=last-name'.</msg>
<arg>id=last-name</arg>
<arg>${last_name}</arg>
<doc>Types the given ``text`` into the text field identified by ``locator``.</doc>
<status status="PASS" start="2025-03-25T12:52:48.867122" elapsed="0.171044"/>
</kw>
<kw name="Input Text" owner="SeleniumLibrary">
<msg time="2025-03-25T12:52:49.039435" level="INFO">Typing text '12345' into text field 'id=postal-code'.</msg>
<arg>id=postal-code</arg>
<arg>${zip_code}</arg>
<doc>Types the given ``text`` into the text field identified by ``locator``.</doc>
<status status="PASS" start="2025-03-25T12:52:49.038613" elapsed="0.126572"/>
</kw>
<kw name="Click Button" owner="SeleniumLibrary">
<msg time="2025-03-25T12:52:49.165920" level="INFO">Clicking button 'id=continue'.</msg>
<arg>id=continue</arg>
<doc>Clicks the button identified by ``locator``.</doc>
<status status="PASS" start="2025-03-25T12:52:49.165483" elapsed="0.121186"/>
</kw>
<arg>${FIRST_NAME}</arg>
<arg>${LAST_NAME}</arg>
<arg>${ZIP_CODE}</arg>
<status status="PASS" start="2025-03-25T12:52:48.685227" elapsed="0.601686"/>
</kw>
<kw name="Close Browser" owner="SeleniumLibrary" type="TEARDOWN">
<doc>Closes the current browser.</doc>
<status status="PASS" start="2025-03-25T12:52:49.287404" elapsed="2.404842"/>
</kw>
<status status="PASS" start="2025-03-25T12:52:41.845805" elapsed="9.846577"/>
</test>
<test id="s1-s1-t2" name="Validate Chackout For Non-Fill firstname" line="18">
<kw name="Open Browser To Sauce Demo" owner="keywords">
<kw name="Open Browser" owner="SeleniumLibrary">
<msg time="2025-03-25T12:52:51.694958" level="INFO">Opening browser 'chrome' to base url 'https://www.saucedemo.com'.</msg>
<arg>${URL}</arg>
<arg>${BROWSER}</arg>
<doc>Opens a new browser instance to the optional ``url``.</doc>
<status status="PASS" start="2025-03-25T12:52:51.693845" elapsed="4.251254"/>
</kw>
<kw name="Maximize Browser Window" owner="SeleniumLibrary">
<doc>Maximizes current browser window.</doc>
<status status="PASS" start="2025-03-25T12:52:55.945668" elapsed="0.104331"/>
</kw>
<status status="PASS" start="2025-03-25T12:52:51.693356" elapsed="4.356902"/>
</kw>
<kw name="Fill the login Form" owner="keywords">
<kw name="Input Text" owner="SeleniumLibrary">
<msg time="2025-03-25T12:52:56.052908" level="INFO">Typing text 'standard_user' into text field 'id=user-name'.</msg>
<arg>id=user-name</arg>
<arg>${USERNAME}</arg>
<doc>Types the given ``text`` into the text field identified by ``locator``.</doc>
<status status="PASS" start="2025-03-25T12:52:56.051486" elapsed="0.399846"/>
</kw>
<kw name="Input Text" owner="SeleniumLibrary">
<msg time="2025-03-25T12:52:56.452659" level="INFO">Typing text 'secret_sauce' into text field 'id=password'.</msg>
<arg>id=password</arg>
<arg>${PASSWORD}</arg>
<doc>Types the given ``text`` into the text field identified by ``locator``.</doc>
<status status="PASS" start="2025-03-25T12:52:56.451794" elapsed="0.176032"/>
</kw>
<kw name="Click Button" owner="SeleniumLibrary">
<msg time="2025-03-25T12:52:56.629421" level="INFO">Clicking button 'id=login-button'.</msg>
<arg>id=login-button</arg>
<doc>Clicks the button identified by ``locator``.</doc>
<status status="PASS" start="2025-03-25T12:52:56.628763" elapsed="0.208871"/>
</kw>
<arg>${USERNAME}</arg>
<arg>${PASSWORD}</arg>
<status status="PASS" start="2025-03-25T12:52:56.050585" elapsed="0.787478"/>
</kw>
<kw name="Go to Chackout page" owner="keywords">
<kw name="Select Product to Cart" owner="keywords">
<kw name="Wait Until Element Is Visible" owner="SeleniumLibrary">
<arg>xpath=//div[contains(@class,'inventory_item_name') and normalize-space(text())='${product_name}']</arg>
<arg>timeout=5s</arg>
<doc>Waits until the element ``locator`` is visible.</doc>
<status status="PASS" start="2025-03-25T12:52:56.840727" elapsed="0.401912"/>
</kw>
<kw name="Click Button" owner="SeleniumLibrary">
<msg time="2025-03-25T12:52:57.243857" level="INFO">Clicking button 'xpath=//div[contains(@class,'inventory_item')][.//div[contains(@class,'inventory_item_name') and normalize-space(text())='Sauce Labs Backpack']]//button[contains(@data-test, 'add-to-cart')]'.</msg>
<arg>xpath=//div[contains(@class,'inventory_item')][.//div[contains(@class,'inventory_item_name') and normalize-space(text())='${product_name}']]//button[contains(@data-test, 'add-to-cart')]</arg>
<doc>Clicks the button identified by ``locator``.</doc>
<status status="PASS" start="2025-03-25T12:52:57.243004" elapsed="1.009371"/>
</kw>
<arg>Sauce Labs Backpack</arg>
<status status="PASS" start="2025-03-25T12:52:56.839491" elapsed="1.413101"/>
</kw>
<kw name="Click Element" owner="SeleniumLibrary">
<msg time="2025-03-25T12:52:58.253337" level="INFO">Clicking element 'css=.shopping_cart_link'.</msg>
<arg>css=.shopping_cart_link</arg>
<doc>Click the element identified by ``locator``.</doc>
<status status="PASS" start="2025-03-25T12:52:58.252866" elapsed="0.316820"/>
</kw>
<kw name="Wait Until Element Is Visible" owner="SeleniumLibrary">
<arg>xpath=//*[@id="checkout"]</arg>
<arg>timeout=10s</arg>
<doc>Waits until the element ``locator`` is visible.</doc>
<status status="PASS" start="2025-03-25T12:52:58.570058" elapsed="0.057073"/>
</kw>
<kw name="Execute Javascript" owner="SeleniumLibrary">
<msg time="2025-03-25T12:52:58.628294" level="INFO">Executing JavaScript:
document.querySelector('#checkout').click();
Without any arguments.</msg>
<arg>document.querySelector('#checkout').click();</arg>
<doc>Executes the given JavaScript code with possible arguments.</doc>
<status status="PASS" start="2025-03-25T12:52:58.627490" elapsed="0.063600"/>
</kw>
<status status="PASS" start="2025-03-25T12:52:56.838580" elapsed="1.852992"/>
</kw>
<kw name="Fill the checkout Form" owner="keywords">
<kw name="Input Text" owner="SeleniumLibrary">
<msg time="2025-03-25T12:52:58.694680" level="INFO">Typing text '' into text field 'xpath=//input[@id='first-name']'.</msg>
<arg>xpath=//input[@id='first-name']</arg>
<arg>${first_name}</arg>
<doc>Types the given ``text`` into the text field identified by ``locator``.</doc>
<status status="PASS" start="2025-03-25T12:52:58.693810" elapsed="0.123693"/>
</kw>
<kw name="Input Text" owner="SeleniumLibrary">
<msg time="2025-03-25T12:52:58.818195" level="INFO">Typing text 'Test' into text field 'id=last-name'.</msg>
<arg>id=last-name</arg>
<arg>${last_name}</arg>
<doc>Types the given ``text`` into the text field identified by ``locator``.</doc>
<status status="PASS" start="2025-03-25T12:52:58.817739" elapsed="0.126290"/>
</kw>
<kw name="Input Text" owner="SeleniumLibrary">
<msg time="2025-03-25T12:52:58.945157" level="INFO">Typing text '12345' into text field 'id=postal-code'.</msg>
<arg>id=postal-code</arg>
<arg>${zip_code}</arg>
<doc>Types the given ``text`` into the text field identified by ``locator``.</doc>
<status status="PASS" start="2025-03-25T12:52:58.944380" elapsed="0.096954"/>
</kw>
<kw name="Click Button" owner="SeleniumLibrary">
<msg time="2025-03-25T12:52:59.041845" level="INFO">Clicking button 'id=continue'.</msg>
<arg>id=continue</arg>
<doc>Clicks the button identified by ``locator``.</doc>
<status status="PASS" start="2025-03-25T12:52:59.041532" elapsed="0.098951"/>
</kw>
<arg>${empty}</arg>
<arg>${LAST_NAME}</arg>
<arg>${ZIP_CODE}</arg>
<status status="PASS" start="2025-03-25T12:52:58.692018" elapsed="0.448679"/>
</kw>
<kw name="verify error messageInformation is correct" owner="keywords">
<kw name="Element Text Should Be" owner="SeleniumLibrary">
<msg time="2025-03-25T12:52:59.141844" level="INFO">Verifying element 'css:h3[data-test='error']' contains exact text 'Error: First Name is required'.</msg>
<arg>${element_Information}</arg>
<arg>${expected_messageInformation}</arg>
<doc>Verifies that element ``locator`` contains exact the text ``expected``.</doc>
<status status="PASS" start="2025-03-25T12:52:59.141449" elapsed="0.024216"/>
</kw>
<arg>${Error_Message_Information}</arg>
<arg>Error: First Name is required</arg>
<status status="PASS" start="2025-03-25T12:52:59.140934" elapsed="0.025405"/>
</kw>
<kw name="Close Browser" owner="SeleniumLibrary" type="TEARDOWN">
<doc>Closes the current browser.</doc>
<status status="PASS" start="2025-03-25T12:52:59.166858" elapsed="2.573031"/>
</kw>
<status status="PASS" start="2025-03-25T12:52:51.692836" elapsed="10.047218"/>
</test>
<test id="s1-s1-t3" name="Validate Chackout For Non-Fill lastname" line="27">
<kw name="Open Browser To Sauce Demo" owner="keywords">
<kw name="Open Browser" owner="SeleniumLibrary">
<msg time="2025-03-25T12:53:01.742820" level="INFO">Opening browser 'chrome' to base url 'https://www.saucedemo.com'.</msg>
<arg>${URL}</arg>
<arg>${BROWSER}</arg>
<doc>Opens a new browser instance to the optional ``url``.</doc>
<status status="PASS" start="2025-03-25T12:53:01.742216" elapsed="2.532464"/>
</kw>
<kw name="Maximize Browser Window" owner="SeleniumLibrary">
<doc>Maximizes current browser window.</doc>
<status status="PASS" start="2025-03-25T12:53:04.275140" elapsed="0.068363"/>
</kw>
<status status="PASS" start="2025-03-25T12:53:01.741505" elapsed="2.602299"/>
</kw>
<kw name="Fill the login Form" owner="keywords">
<kw name="Input Text" owner="SeleniumLibrary">
<msg time="2025-03-25T12:53:04.346125" level="INFO">Typing text 'standard_user' into text field 'id=user-name'.</msg>
<arg>id=user-name</arg>
<arg>${USERNAME}</arg>
<doc>Types the given ``text`` into the text field identified by ``locator``.</doc>
<status status="PASS" start="2025-03-25T12:53:04.345224" elapsed="0.281569"/>
</kw>
<kw name="Input Text" owner="SeleniumLibrary">
<msg time="2025-03-25T12:53:04.627987" level="INFO">Typing text 'secret_sauce' into text field 'id=password'.</msg>
<arg>id=password</arg>
<arg>${PASSWORD}</arg>
<doc>Types the given ``text`` into the text field identified by ``locator``.</doc>
<status status="PASS" start="2025-03-25T12:53:04.627213" elapsed="0.325581"/>
</kw>
<kw name="Click Button" owner="SeleniumLibrary">
<msg time="2025-03-25T12:53:04.954087" level="INFO">Clicking button 'id=login-button'.</msg>
<arg>id=login-button</arg>
<doc>Clicks the button identified by ``locator``.</doc>
<status status="PASS" start="2025-03-25T12:53:04.953229" elapsed="0.270628"/>
</kw>
<arg>${USERNAME}</arg>
<arg>${PASSWORD}</arg>
<status status="PASS" start="2025-03-25T12:53:04.344171" elapsed="0.879919"/>
</kw>
<kw name="Go to Chackout page" owner="keywords">
<kw name="Select Product to Cart" owner="keywords">
<kw name="Wait Until Element Is Visible" owner="SeleniumLibrary">
<arg>xpath=//div[contains(@class,'inventory_item_name') and normalize-space(text())='${product_name}']</arg>
<arg>timeout=5s</arg>
<doc>Waits until the element ``locator`` is visible.</doc>
<status status="PASS" start="2025-03-25T12:53:05.226571" elapsed="0.066623"/>
</kw>
<kw name="Click Button" owner="SeleniumLibrary">
<msg time="2025-03-25T12:53:05.294952" level="INFO">Clicking button 'xpath=//div[contains(@class,'inventory_item')][.//div[contains(@class,'inventory_item_name') and normalize-space(text())='Sauce Labs Backpack']]//button[contains(@data-test, 'add-to-cart')]'.</msg>
<arg>xpath=//div[contains(@class,'inventory_item')][.//div[contains(@class,'inventory_item_name') and normalize-space(text())='${product_name}']]//button[contains(@data-test, 'add-to-cart')]</arg>
<doc>Clicks the button identified by ``locator``.</doc>
<status status="PASS" start="2025-03-25T12:53:05.293595" elapsed="0.136198"/>
</kw>
<arg>Sauce Labs Backpack</arg>
<status status="PASS" start="2025-03-25T12:53:05.225588" elapsed="0.204455"/>
</kw>
<kw name="Click Element" owner="SeleniumLibrary">
<msg time="2025-03-25T12:53:05.431237" level="INFO">Clicking element 'css=.shopping_cart_link'.</msg>
<arg>css=.shopping_cart_link</arg>
<doc>Click the element identified by ``locator``.</doc>
<status status="PASS" start="2025-03-25T12:53:05.430365" elapsed="0.158091"/>
</kw>
<kw name="Wait Until Element Is Visible" owner="SeleniumLibrary">
<arg>xpath=//*[@id="checkout"]</arg>
<arg>timeout=10s</arg>
<doc>Waits until the element ``locator`` is visible.</doc>
<status status="PASS" start="2025-03-25T12:53:05.589022" elapsed="0.057811"/>
</kw>
<kw name="Execute Javascript" owner="SeleniumLibrary">
<msg time="2025-03-25T12:53:05.648967" level="INFO">Executing JavaScript:
document.querySelector('#checkout').click();
Without any arguments.</msg>
<arg>document.querySelector('#checkout').click();</arg>
<doc>Executes the given JavaScript code with possible arguments.</doc>
<status status="PASS" start="2025-03-25T12:53:05.647328" elapsed="0.025229"/>
</kw>
<status status="PASS" start="2025-03-25T12:53:05.224463" elapsed="0.448282"/>
</kw>
<kw name="Fill the checkout Form" owner="keywords">
<kw name="Input Text" owner="SeleniumLibrary">
<msg time="2025-03-25T12:53:05.675084" level="INFO">Typing text 'Test' into text field 'xpath=//input[@id='first-name']'.</msg>
<arg>xpath=//input[@id='first-name']</arg>
<arg>${first_name}</arg>
<doc>Types the given ``text`` into the text field identified by ``locator``.</doc>
<status status="PASS" start="2025-03-25T12:53:05.674167" elapsed="0.282987"/>
</kw>
<kw name="Input Text" owner="SeleniumLibrary">
<msg time="2025-03-25T12:53:05.959557" level="INFO">Typing text '' into text field 'id=last-name'.</msg>
<arg>id=last-name</arg>
<arg>${last_name}</arg>
<doc>Types the given ``text`` into the text field identified by ``locator``.</doc>
<status status="PASS" start="2025-03-25T12:53:05.957617" elapsed="0.179202"/>
</kw>
<kw name="Input Text" owner="SeleniumLibrary">
<msg time="2025-03-25T12:53:06.138072" level="INFO">Typing text '12345' into text field 'id=postal-code'.</msg>
<arg>id=postal-code</arg>
<arg>${zip_code}</arg>
<doc>Types the given ``text`` into the text field identified by ``locator``.</doc>
<status status="PASS" start="2025-03-25T12:53:06.137216" elapsed="0.158676"/>
</kw>
<kw name="Click Button" owner="SeleniumLibrary">
<msg time="2025-03-25T12:53:06.297897" level="INFO">Clicking button 'id=continue'.</msg>
<arg>id=continue</arg>
<doc>Clicks the button identified by ``locator``.</doc>
<status status="PASS" start="2025-03-25T12:53:06.296402" elapsed="0.254621"/>
</kw>
<arg>${FIRST_NAME}</arg>
<arg>${empty}</arg>
<arg>${ZIP_CODE}</arg>
<status status="PASS" start="2025-03-25T12:53:05.673021" elapsed="0.878195"/>
</kw>
<kw name="verify error messageInformation is correct" owner="keywords">
<kw name="Element Text Should Be" owner="SeleniumLibrary">
<msg time="2025-03-25T12:53:06.552800" level="INFO">Verifying element 'css:h3[data-test='error']' contains exact text 'Error: Last Name is required'.</msg>
<arg>${element_Information}</arg>
<arg>${expected_messageInformation}</arg>
<doc>Verifies that element ``locator`` contains exact the text ``expected``.</doc>
<status status="PASS" start="2025-03-25T12:53:06.552330" elapsed="0.027456"/>
</kw>
<arg>${Error_Message_Information}</arg>
<arg>Error: Last Name is required</arg>
<status status="PASS" start="2025-03-25T12:53:06.551548" elapsed="0.028462"/>
</kw>
<kw name="Close Browser" owner="SeleniumLibrary" type="TEARDOWN">
<doc>Closes the current browser.</doc>
<status status="PASS" start="2025-03-25T12:53:06.580235" elapsed="2.660834"/>
</kw>
<status status="PASS" start="2025-03-25T12:53:01.740901" elapsed="7.500375"/>
</test>
<test id="s1-s1-t4" name="Validate Chackout For Non-Fill zipcode" line="35">
<kw name="Open Browser To Sauce Demo" owner="keywords">
<kw name="Open Browser" owner="SeleniumLibrary">
<msg time="2025-03-25T12:53:09.243826" level="INFO">Opening browser 'chrome' to base url 'https://www.saucedemo.com'.</msg>
<arg>${URL}</arg>
<arg>${BROWSER}</arg>
<doc>Opens a new browser instance to the optional ``url``.</doc>
<status status="PASS" start="2025-03-25T12:53:09.243221" elapsed="2.555580"/>
</kw>
<kw name="Maximize Browser Window" owner="SeleniumLibrary">
<doc>Maximizes current browser window.</doc>
<status status="PASS" start="2025-03-25T12:53:11.799319" elapsed="0.816542"/>
</kw>
<status status="PASS" start="2025-03-25T12:53:09.242459" elapsed="3.373680"/>
</kw>
<kw name="Fill the login Form" owner="keywords">
<kw name="Input Text" owner="SeleniumLibrary">
<msg time="2025-03-25T12:53:12.618116" level="INFO">Typing text 'standard_user' into text field 'id=user-name'.</msg>
<arg>id=user-name</arg>
<arg>${USERNAME}</arg>
<doc>Types the given ``text`` into the text field identified by ``locator``.</doc>
<status status="PASS" start="2025-03-25T12:53:12.617354" elapsed="0.349463"/>
</kw>
<kw name="Input Text" owner="SeleniumLibrary">
<msg time="2025-03-25T12:53:12.968112" level="INFO">Typing text 'secret_sauce' into text field 'id=password'.</msg>
<arg>id=password</arg>
<arg>${PASSWORD}</arg>
<doc>Types the given ``text`` into the text field identified by ``locator``.</doc>
<status status="PASS" start="2025-03-25T12:53:12.967195" elapsed="0.186845"/>
</kw>
<kw name="Click Button" owner="SeleniumLibrary">
<msg time="2025-03-25T12:53:13.155205" level="INFO">Clicking button 'id=login-button'.</msg>
<arg>id=login-button</arg>
<doc>Clicks the button identified by ``locator``.</doc>
<status status="PASS" start="2025-03-25T12:53:13.154561" elapsed="0.203329"/>
</kw>
<arg>${USERNAME}</arg>
<arg>${PASSWORD}</arg>
<status status="PASS" start="2025-03-25T12:53:12.616562" elapsed="0.741595"/>
</kw>
<kw name="Go to Chackout page" owner="keywords">
<kw name="Select Product to Cart" owner="keywords">
<kw name="Wait Until Element Is Visible" owner="SeleniumLibrary">
<arg>xpath=//div[contains(@class,'inventory_item_name') and normalize-space(text())='${product_name}']</arg>
<arg>timeout=5s</arg>
<doc>Waits until the element ``locator`` is visible.</doc>
<status status="PASS" start="2025-03-25T12:53:13.360322" elapsed="0.035803"/>
</kw>
<kw name="Click Button" owner="SeleniumLibrary">
<msg time="2025-03-25T12:53:13.397242" level="INFO">Clicking button 'xpath=//div[contains(@class,'inventory_item')][.//div[contains(@class,'inventory_item_name') and normalize-space(text())='Sauce Labs Backpack']]//button[contains(@data-test, 'add-to-cart')]'.</msg>
<arg>xpath=//div[contains(@class,'inventory_item')][.//div[contains(@class,'inventory_item_name') and normalize-space(text())='${product_name}']]//button[contains(@data-test, 'add-to-cart')]</arg>
<doc>Clicks the button identified by ``locator``.</doc>
<status status="PASS" start="2025-03-25T12:53:13.396495" elapsed="0.098489"/>
</kw>
<arg>Sauce Labs Backpack</arg>
<status status="PASS" start="2025-03-25T12:53:13.359411" elapsed="0.135735"/>
</kw>
<kw name="Click Element" owner="SeleniumLibrary">
<msg time="2025-03-25T12:53:13.495865" level="INFO">Clicking element 'css=.shopping_cart_link'.</msg>
<arg>css=.shopping_cart_link</arg>
<doc>Click the element identified by ``locator``.</doc>
<status status="PASS" start="2025-03-25T12:53:13.495335" elapsed="0.061103"/>
</kw>
<kw name="Wait Until Element Is Visible" owner="SeleniumLibrary">
<arg>xpath=//*[@id="checkout"]</arg>
<arg>timeout=10s</arg>
<doc>Waits until the element ``locator`` is visible.</doc>
<status status="PASS" start="2025-03-25T12:53:13.556645" elapsed="0.018000"/>
</kw>
<kw name="Execute Javascript" owner="SeleniumLibrary">
<msg time="2025-03-25T12:53:13.575571" level="INFO">Executing JavaScript:
document.querySelector('#checkout').click();
Without any arguments.</msg>
<arg>document.querySelector('#checkout').click();</arg>
<doc>Executes the given JavaScript code with possible arguments.</doc>
<status status="PASS" start="2025-03-25T12:53:13.574867" elapsed="0.013105"/>
</kw>
<status status="PASS" start="2025-03-25T12:53:13.358537" elapsed="0.229607"/>
</kw>
<kw name="Fill the checkout Form" owner="keywords">
<kw name="Input Text" owner="SeleniumLibrary">
<msg time="2025-03-25T12:53:13.589858" level="INFO">Typing text 'Test' into text field 'xpath=//input[@id='first-name']'.</msg>
<arg>xpath=//input[@id='first-name']</arg>
<arg>${first_name}</arg>
<doc>Types the given ``text`` into the text field identified by ``locator``.</doc>
<status status="PASS" start="2025-03-25T12:53:13.589418" elapsed="0.089277"/>
</kw>
<kw name="Input Text" owner="SeleniumLibrary">
<msg time="2025-03-25T12:53:13.679342" level="INFO">Typing text 'Test' into text field 'id=last-name'.</msg>
<arg>id=last-name</arg>
<arg>${last_name}</arg>
<doc>Types the given ``text`` into the text field identified by ``locator``.</doc>
<status status="PASS" start="2025-03-25T12:53:13.678899" elapsed="0.075534"/>
</kw>
<kw name="Input Text" owner="SeleniumLibrary">
<msg time="2025-03-25T12:53:13.755065" level="INFO">Typing text '' into text field 'id=postal-code'.</msg>
<arg>id=postal-code</arg>
<arg>${zip_code}</arg>
<doc>Types the given ``text`` into the text field identified by ``locator``.</doc>
<status status="PASS" start="2025-03-25T12:53:13.754632" elapsed="0.079655"/>
</kw>
<kw name="Click Button" owner="SeleniumLibrary">
<msg time="2025-03-25T12:53:13.834920" level="INFO">Clicking button 'id=continue'.</msg>
<arg>id=continue</arg>
<doc>Clicks the button identified by ``locator``.</doc>
<status status="PASS" start="2025-03-25T12:53:13.834551" elapsed="0.076432"/>
</kw>
<arg>${FIRST_NAME}</arg>
<arg>${LAST_NAME}</arg>
<arg>${empty}</arg>
<status status="PASS" start="2025-03-25T12:53:13.588354" elapsed="0.322784"/>
</kw>
<kw name="verify error messageInformation is correct" owner="keywords">
<kw name="Element Text Should Be" owner="SeleniumLibrary">
<msg time="2025-03-25T12:53:13.913156" level="INFO">Verifying element 'css:h3[data-test='error']' contains exact text 'Error: Postal Code is required'.</msg>
<arg>${element_Information}</arg>
<arg>${expected_messageInformation}</arg>
<doc>Verifies that element ``locator`` contains exact the text ``expected``.</doc>
<status status="PASS" start="2025-03-25T12:53:13.912427" elapsed="0.024407"/>
</kw>
<arg>${Error_Message_Information}</arg>
<arg>Error: Postal Code is required</arg>
<status status="PASS" start="2025-03-25T12:53:13.911380" elapsed="0.025593"/>
</kw>
<kw name="Close Browser" owner="SeleniumLibrary" type="TEARDOWN">
<doc>Closes the current browser.</doc>
<status status="PASS" start="2025-03-25T12:53:13.937280" elapsed="2.366509"/>
</kw>
<status status="PASS" start="2025-03-25T12:53:09.241774" elapsed="7.062249"/>
</test>
<test id="s1-s1-t5" name="Validate button cancel" line="43">
<kw name="Open Browser To Sauce Demo" owner="keywords">
<kw name="Open Browser" owner="SeleniumLibrary">
<msg time="2025-03-25T12:53:16.306520" level="INFO">Opening browser 'chrome' to base url 'https://www.saucedemo.com'.</msg>
<arg>${URL}</arg>
<arg>${BROWSER}</arg>
<doc>Opens a new browser instance to the optional ``url``.</doc>
<status status="PASS" start="2025-03-25T12:53:16.305735" elapsed="1.878132"/>
</kw>
<kw name="Maximize Browser Window" owner="SeleniumLibrary">
<doc>Maximizes current browser window.</doc>
<status status="PASS" start="2025-03-25T12:53:18.184071" elapsed="0.032577"/>
</kw>
<status status="PASS" start="2025-03-25T12:53:16.305325" elapsed="1.911566"/>
</kw>
<kw name="Fill the login Form" owner="keywords">
<kw name="Input Text" owner="SeleniumLibrary">
<msg time="2025-03-25T12:53:18.218247" level="INFO">Typing text 'standard_user' into text field 'id=user-name'.</msg>
<arg>id=user-name</arg>
<arg>${USERNAME}</arg>
<doc>Types the given ``text`` into the text field identified by ``locator``.</doc>
<status status="PASS" start="2025-03-25T12:53:18.217719" elapsed="0.123539"/>
</kw>
<kw name="Input Text" owner="SeleniumLibrary">
<msg time="2025-03-25T12:53:18.342238" level="INFO">Typing text 'secret_sauce' into text field 'id=password'.</msg>
<arg>id=password</arg>
<arg>${PASSWORD}</arg>
<doc>Types the given ``text`` into the text field identified by ``locator``.</doc>
<status status="PASS" start="2025-03-25T12:53:18.341575" elapsed="0.087763"/>
</kw>
<kw name="Click Button" owner="SeleniumLibrary">
<msg time="2025-03-25T12:53:18.430389" level="INFO">Clicking button 'id=login-button'.</msg>
<arg>id=login-button</arg>
<doc>Clicks the button identified by ``locator``.</doc>
<status status="PASS" start="2025-03-25T12:53:18.429721" elapsed="0.111615"/>
</kw>
<arg>${USERNAME}</arg>
<arg>${PASSWORD}</arg>
<status status="PASS" start="2025-03-25T12:53:18.217094" elapsed="0.324430"/>
</kw>
<kw name="Go to Chackout page" owner="keywords">
<kw name="Select Product to Cart" owner="keywords">
<kw name="Wait Until Element Is Visible" owner="SeleniumLibrary">
<arg>xpath=//div[contains(@class,'inventory_item_name') and normalize-space(text())='${product_name}']</arg>
<arg>timeout=5s</arg>
<doc>Waits until the element ``locator`` is visible.</doc>
<status status="PASS" start="2025-03-25T12:53:18.543359" elapsed="0.025813"/>
</kw>
<kw name="Click Button" owner="SeleniumLibrary">
<msg time="2025-03-25T12:53:18.570115" level="INFO">Clicking button 'xpath=//div[contains(@class,'inventory_item')][.//div[contains(@class,'inventory_item_name') and normalize-space(text())='Sauce Labs Backpack']]//button[contains(@data-test, 'add-to-cart')]'.</msg>
<arg>xpath=//div[contains(@class,'inventory_item')][.//div[contains(@class,'inventory_item_name') and normalize-space(text())='${product_name}']]//button[contains(@data-test, 'add-to-cart')]</arg>
<doc>Clicks the button identified by ``locator``.</doc>
<status status="PASS" start="2025-03-25T12:53:18.569471" elapsed="0.071956"/>
</kw>
<arg>Sauce Labs Backpack</arg>
<status status="PASS" start="2025-03-25T12:53:18.542622" elapsed="0.098954"/>
</kw>
<kw name="Click Element" owner="SeleniumLibrary">
<msg time="2025-03-25T12:53:18.642075" level="INFO">Clicking element 'css=.shopping_cart_link'.</msg>
<arg>css=.shopping_cart_link</arg>
<doc>Click the element identified by ``locator``.</doc>
<status status="PASS" start="2025-03-25T12:53:18.641736" elapsed="0.049488"/>
</kw>
<kw name="Wait Until Element Is Visible" owner="SeleniumLibrary">
<arg>xpath=//*[@id="checkout"]</arg>
<arg>timeout=10s</arg>
<doc>Waits until the element ``locator`` is visible.</doc>
<status status="PASS" start="2025-03-25T12:53:18.691392" elapsed="0.016254"/>
</kw>
<kw name="Execute Javascript" owner="SeleniumLibrary">
<msg time="2025-03-25T12:53:18.708223" level="INFO">Executing JavaScript:
document.querySelector('#checkout').click();
Without any arguments.</msg>
<arg>document.querySelector('#checkout').click();</arg>
<doc>Executes the given JavaScript code with possible arguments.</doc>
<status status="PASS" start="2025-03-25T12:53:18.707812" elapsed="0.010794"/>
</kw>
<status status="PASS" start="2025-03-25T12:53:18.541828" elapsed="0.176893"/>
</kw>
<kw name="Click Element" owner="SeleniumLibrary">
<msg time="2025-03-25T12:53:18.719155" level="INFO">Clicking element 'css:.cart_cancel_link'.</msg>
<arg>css:.cart_cancel_link</arg>
<doc>Click the element identified by ``locator``.</doc>
<status status="PASS" start="2025-03-25T12:53:18.718848" elapsed="0.051681"/>
</kw>
<kw name="Close Browser" owner="SeleniumLibrary" type="TEARDOWN">
<doc>Closes the current browser.</doc>
<status status="PASS" start="2025-03-25T12:53:18.770760" elapsed="2.312645"/>
</kw>
<status status="PASS" start="2025-03-25T12:53:16.304609" elapsed="4.778927"/>
</test>
<status status="PASS" start="2025-03-25T12:52:41.357707" elapsed="39.726439"/>
</suite>
<status status="PASS" start="2025-03-25T12:52:41.343090" elapsed="39.741907"/>
</suite>
<statistics>
<total>
<stat pass="5" fail="0" skip="0">All Tests</stat>
</total>
<tag>
</tag>
<suite>
<stat name="Suites" id="s1" pass="5" fail="0" skip="0">Suites</stat>
<stat name="checkout Information" id="s1-s1" pass="5" fail="0" skip="0">Suites.checkout Information</stat>
</suite>
</statistics>
<errors>
</errors>
</robot>
