<?xml version="1.0" encoding="UTF-8"?>
<robot generator="Robot 7.1.1 (Python 3.13.1 on win32)" generated="2025-03-20T00:50:40.462418" rpa="false" schemaversion="5">
<suite id="s1" name="Test" source="C:\Users\Nutta\Desktop\Learn Robot freamwork\SwagLab\test">
<suite id="s1-s1" name="Login" source="C:\Users\Nutta\Desktop\Learn Robot freamwork\SwagLab\test\login.robot">
<test id="s1-s1-t1" name="Validate UnSuccesful Login - Valid Credentials" line="9">
<kw name="Open Browser To Sauce Demo" owner="keywords">
<kw name="Open Browser" owner="SeleniumLibrary">
<msg time="2025-03-20T00:50:41.187103" level="INFO">Opening browser 'Chrome' to base url 'https://www.saucedemo.com'.</msg>
<arg>${URL}</arg>
<arg>${BROWSER}</arg>
<doc>Opens a new browser instance to the optional ``url``.</doc>
<status status="PASS" start="2025-03-20T00:50:41.186255" elapsed="3.812802"/>
</kw>
<kw name="Maximize Browser Window" owner="SeleniumLibrary">
<doc>Maximizes current browser window.</doc>
<status status="PASS" start="2025-03-20T00:50:44.999753" elapsed="0.895869"/>
</kw>
<status status="PASS" start="2025-03-20T00:50:41.184637" elapsed="4.711372"/>
</kw>
<kw name="Fill the login Form" owner="keywords">
<kw name="Input Text" owner="SeleniumLibrary">
<msg time="2025-03-20T00:50:45.898939" level="INFO">Typing text 'Nuttanon' into text field 'id=user-name'.</msg>
<arg>id=user-name</arg>
<arg>${USERNAME}</arg>
<doc>Types the given ``text`` into the text field identified by ``locator``.</doc>
<status status="PASS" start="2025-03-20T00:50:45.897735" elapsed="0.825399"/>
</kw>
<kw name="Input Text" owner="SeleniumLibrary">
<msg time="2025-03-20T00:50:46.724553" level="INFO">Typing text '123456' into text field 'id=password'.</msg>
<arg>id=password</arg>
<arg>${PASSWORD}</arg>
<doc>Types the given ``text`` into the text field identified by ``locator``.</doc>
<status status="PASS" start="2025-03-20T00:50:46.723573" elapsed="0.506874"/>
</kw>
<kw name="Click Button" owner="SeleniumLibrary">
<msg time="2025-03-20T00:50:47.231408" level="INFO">Clicking button 'id=login-button'.</msg>
<arg>id=login-button</arg>
<doc>Clicks the button identified by ``locator``.</doc>
<status status="PASS" start="2025-03-20T00:50:47.230773" elapsed="0.489907"/>
</kw>
<arg>Nuttanon</arg>
<arg>123456</arg>
<status status="PASS" start="2025-03-20T00:50:45.896593" elapsed="1.824353"/>
</kw>
<kw name="wait until it checks and display error message" owner="keywords">
<kw name="Wait Until Page Contains Element" owner="SeleniumLibrary">
<arg>${Error_Message_Login}</arg>
<arg>timeout=10s</arg>
<doc>Waits until the element ``locator`` appears on the current page.</doc>
<status status="PASS" start="2025-03-20T00:50:47.722082" elapsed="0.031619"/>
</kw>
<status status="PASS" start="2025-03-20T00:50:47.721279" elapsed="0.032952"/>
</kw>
<kw name="verify error message is correct" owner="keywords">
<kw name="Element Text Should Be" owner="SeleniumLibrary">
<msg time="2025-03-20T00:50:47.757429" level="INFO">Verifying element 'css:h3[data-test='error']' contains exact text 'Epic sadface: Username and password do not match any user in this service'.</msg>
<arg>${element_locator}</arg>
<arg>${expected_message}</arg>
<doc>Verifies that element ``locator`` contains exact the text ``expected``.</doc>
<status status="PASS" start="2025-03-20T00:50:47.756457" elapsed="0.056733"/>
</kw>
<arg>${Error_Message_Login}</arg>
<arg>Epic sadface: Username and password do not match any user in this service</arg>
<status status="PASS" start="2025-03-20T00:50:47.754789" elapsed="0.058732"/>
</kw>
<kw name="Close Browser" owner="SeleniumLibrary" type="TEARDOWN">
<doc>Closes the current browser.</doc>
<status status="PASS" start="2025-03-20T00:50:47.814031" elapsed="3.056901"/>
</kw>
<status status="PASS" start="2025-03-20T00:50:41.183302" elapsed="9.687955"/>
</test>
<test id="s1-s1-t2" name="Validate Succesful Login - Invalid Credentials" line="16">
<kw name="Open Browser To Sauce Demo" owner="keywords">
<kw name="Open Browser" owner="SeleniumLibrary">
<msg time="2025-03-20T00:50:50.875611" level="INFO">Opening browser 'Chrome' to base url 'https://www.saucedemo.com'.</msg>
<arg>${URL}</arg>
<arg>${BROWSER}</arg>
<doc>Opens a new browser instance to the optional ``url``.</doc>
<status status="PASS" start="2025-03-20T00:50:50.874297" elapsed="2.367637"/>
</kw>
<kw name="Maximize Browser Window" owner="SeleniumLibrary">
<doc>Maximizes current browser window.</doc>
<status status="PASS" start="2025-03-20T00:50:53.242669" elapsed="1.155757"/>
</kw>
<status status="PASS" start="2025-03-20T00:50:50.873104" elapsed="3.525626"/>
</kw>
<kw name="Fill the login Form" owner="keywords">
<kw name="Input Text" owner="SeleniumLibrary">
<msg time="2025-03-20T00:50:54.401233" level="INFO">Typing text 'standard_user' into text field 'id=user-name'.</msg>
<arg>id=user-name</arg>
<arg>${USERNAME}</arg>
<doc>Types the given ``text`` into the text field identified by ``locator``.</doc>
<status status="PASS" start="2025-03-20T00:50:54.400234" elapsed="0.977251"/>
</kw>
<kw name="Input Text" owner="SeleniumLibrary">
<msg time="2025-03-20T00:50:55.380757" level="INFO">Typing text 'secret_sauce' into text field 'id=password'.</msg>
<arg>id=password</arg>
<arg>${PASSWORD}</arg>
<doc>Types the given ``text`` into the text field identified by ``locator``.</doc>
<status status="PASS" start="2025-03-20T00:50:55.378075" elapsed="0.568177"/>
</kw>
<kw name="Click Button" owner="SeleniumLibrary">
<msg time="2025-03-20T00:50:55.947364" level="INFO">Clicking button 'id=login-button'.</msg>
<arg>id=login-button</arg>
<doc>Clicks the button identified by ``locator``.</doc>
<status status="PASS" start="2025-03-20T00:50:55.946686" elapsed="0.403882"/>
</kw>
<arg>${USERNAME}</arg>
<arg>${PASSWORD}</arg>
<status status="PASS" start="2025-03-20T00:50:54.399128" elapsed="1.951753"/>
</kw>
<kw name="Page Should Contain" owner="SeleniumLibrary">
<msg time="2025-03-20T00:50:56.431556" level="INFO">Current page contains text 'Sauce Labs Backpack'.</msg>
<arg>Sauce Labs Backpack</arg>
<doc>Verifies that current page contains ``text``.</doc>
<status status="PASS" start="2025-03-20T00:50:56.351236" elapsed="0.080553"/>
</kw>
<kw name="Close Browser" owner="SeleniumLibrary" type="TEARDOWN">
<doc>Closes the current browser.</doc>
<status status="PASS" start="2025-03-20T00:50:56.432417" elapsed="4.654886"/>
</kw>
<status status="PASS" start="2025-03-20T00:50:50.872090" elapsed="10.215369"/>
</test>
<test id="s1-s1-t3" name="Check for Non-Filling Username" line="23">
<kw name="Open Browser To Sauce Demo" owner="keywords">
<kw name="Open Browser" owner="SeleniumLibrary">
<msg time="2025-03-20T00:51:01.089896" level="INFO">Opening browser 'Chrome' to base url 'https://www.saucedemo.com'.</msg>
<arg>${URL}</arg>
<arg>${BROWSER}</arg>
<doc>Opens a new browser instance to the optional ``url``.</doc>
<status status="PASS" start="2025-03-20T00:51:01.089414" elapsed="3.552258"/>
</kw>
<kw name="Maximize Browser Window" owner="SeleniumLibrary">
<doc>Maximizes current browser window.</doc>
<status status="PASS" start="2025-03-20T00:51:04.642194" elapsed="0.070748"/>
</kw>
<status status="PASS" start="2025-03-20T00:51:01.088801" elapsed="3.624461"/>
</kw>
<kw name="Fill the login Form" owner="keywords">
<kw name="Input Text" owner="SeleniumLibrary">
<msg time="2025-03-20T00:51:04.717713" level="INFO">Typing text '' into text field 'id=user-name'.</msg>
<arg>id=user-name</arg>
<arg>${USERNAME}</arg>
<doc>Types the given ``text`` into the text field identified by ``locator``.</doc>
<status status="PASS" start="2025-03-20T00:51:04.715863" elapsed="0.328391"/>
</kw>
<kw name="Input Text" owner="SeleniumLibrary">
<msg time="2025-03-20T00:51:05.045399" level="INFO">Typing text 'secret_sauce' into text field 'id=password'.</msg>
<arg>id=password</arg>
<arg>${PASSWORD}</arg>
<doc>Types the given ``text`` into the text field identified by ``locator``.</doc>
<status status="PASS" start="2025-03-20T00:51:05.044652" elapsed="0.238458"/>
</kw>
<kw name="Click Button" owner="SeleniumLibrary">
<msg time="2025-03-20T00:51:05.284989" level="INFO">Clicking button 'id=login-button'.</msg>
<arg>id=login-button</arg>
<doc>Clicks the button identified by ``locator``.</doc>
<status status="PASS" start="2025-03-20T00:51:05.283580" elapsed="0.133463"/>
</kw>
<arg>${empty}</arg>
<arg>${PASSWORD}</arg>
<status status="PASS" start="2025-03-20T00:51:04.713744" elapsed="0.703735"/>
</kw>
<kw name="Click Button" owner="SeleniumLibrary">
<msg time="2025-03-20T00:51:05.418903" level="INFO">Clicking button 'id=login-button'.</msg>
<arg>id=login-button</arg>
<doc>Clicks the button identified by ``locator``.</doc>
<status status="PASS" start="2025-03-20T00:51:05.417892" elapsed="0.070036"/>
</kw>
<kw name="wait until it checks and display error message" owner="keywords">
<kw name="Wait Until Page Contains Element" owner="SeleniumLibrary">
<arg>${Error_Message_Login}</arg>
<arg>timeout=10s</arg>
<doc>Waits until the element ``locator`` appears on the current page.</doc>
<status status="PASS" start="2025-03-20T00:51:05.488804" elapsed="0.013137"/>
</kw>
<status status="PASS" start="2025-03-20T00:51:05.488199" elapsed="0.013960"/>
</kw>
<kw name="verify error message is correct" owner="keywords">
<kw name="Element Text Should Be" owner="SeleniumLibrary">
<msg time="2025-03-20T00:51:05.503989" level="INFO">Verifying element 'css:h3[data-test='error']' contains exact text 'Epic sadface: Username is required'.</msg>
<arg>${element_locator}</arg>
<arg>${expected_message}</arg>
<doc>Verifies that element ``locator`` contains exact the text ``expected``.</doc>
<status status="PASS" start="2025-03-20T00:51:05.503449" elapsed="0.020548"/>
</kw>
<arg>${Error_Message_Login}</arg>
<arg>Epic sadface: Username is required</arg>
<status status="PASS" start="2025-03-20T00:51:05.502454" elapsed="0.021677"/>
</kw>
<kw name="Close Browser" owner="SeleniumLibrary" type="TEARDOWN">
<doc>Closes the current browser.</doc>
<status status="PASS" start="2025-03-20T00:51:05.524358" elapsed="2.623024"/>
</kw>
<status status="PASS" start="2025-03-20T00:51:01.088271" elapsed="7.059359"/>
</test>
<test id="s1-s1-t4" name="Check for Non-Filling Password" line="31">
<kw name="Open Browser To Sauce Demo" owner="keywords">
<kw name="Open Browser" owner="SeleniumLibrary">
<msg time="2025-03-20T00:51:08.149383" level="INFO">Opening browser 'Chrome' to base url 'https://www.saucedemo.com'.</msg>
<arg>${URL}</arg>
<arg>${BROWSER}</arg>
<doc>Opens a new browser instance to the optional ``url``.</doc>
<status status="PASS" start="2025-03-20T00:51:08.149124" elapsed="2.244293"/>
</kw>
<kw name="Maximize Browser Window" owner="SeleniumLibrary">
<doc>Maximizes current browser window.</doc>
<status status="PASS" start="2025-03-20T00:51:10.393829" elapsed="0.519641"/>
</kw>
<status status="PASS" start="2025-03-20T00:51:08.148756" elapsed="2.765043"/>
</kw>
<kw name="Fill the login Form" owner="keywords">
<kw name="Input Text" owner="SeleniumLibrary">
<msg time="2025-03-20T00:51:10.917350" level="INFO">Typing text 'standard_user' into text field 'id=user-name'.</msg>
<arg>id=user-name</arg>
<arg>${USERNAME}</arg>
<doc>Types the given ``text`` into the text field identified by ``locator``.</doc>
<status status="PASS" start="2025-03-20T00:51:10.916352" elapsed="0.922482"/>
</kw>
<kw name="Input Text" owner="SeleniumLibrary">
<msg time="2025-03-20T00:51:11.839873" level="INFO">Typing text '' into text field 'id=password'.</msg>
<arg>id=password</arg>
<arg>${PASSWORD}</arg>
<doc>Types the given ``text`` into the text field identified by ``locator``.</doc>
<status status="PASS" start="2025-03-20T00:51:11.839206" elapsed="0.531940"/>
</kw>
<kw name="Click Button" owner="SeleniumLibrary">
<msg time="2025-03-20T00:51:12.372473" level="INFO">Clicking button 'id=login-button'.</msg>
<arg>id=login-button</arg>
<doc>Clicks the button identified by ``locator``.</doc>
<status status="PASS" start="2025-03-20T00:51:12.371582" elapsed="0.388437"/>
</kw>
<arg>${USERNAME}</arg>
<arg>${empty}</arg>
<status status="PASS" start="2025-03-20T00:51:10.914256" elapsed="1.846113"/>
</kw>
<kw name="Click Button" owner="SeleniumLibrary">
<msg time="2025-03-20T00:51:12.761618" level="INFO">Clicking button 'id=login-button'.</msg>
<arg>id=login-button</arg>
<doc>Clicks the button identified by ``locator``.</doc>
<status status="PASS" start="2025-03-20T00:51:12.760827" elapsed="0.210717"/>
</kw>
<kw name="wait until it checks and display error message" owner="keywords">
<kw name="Wait Until Page Contains Element" owner="SeleniumLibrary">
<arg>${Error_Message_Login}</arg>
<arg>timeout=10s</arg>
<doc>Waits until the element ``locator`` appears on the current page.</doc>
<status status="PASS" start="2025-03-20T00:51:12.973635" elapsed="0.039749"/>
</kw>
<status status="PASS" start="2025-03-20T00:51:12.972170" elapsed="0.041617"/>
</kw>
<kw name="verify error message is correct" owner="keywords">
<kw name="Element Text Should Be" owner="SeleniumLibrary">
<msg time="2025-03-20T00:51:13.016030" level="INFO">Verifying element 'css:h3[data-test='error']' contains exact text 'Epic sadface: Password is required'.</msg>
<arg>${element_locator}</arg>
<arg>${expected_message}</arg>
<doc>Verifies that element ``locator`` contains exact the text ``expected``.</doc>
<status status="PASS" start="2025-03-20T00:51:13.015287" elapsed="0.056945"/>
</kw>
<arg>${Error_Message_Login}</arg>
<arg>Epic sadface: Password is required</arg>
<status status="PASS" start="2025-03-20T00:51:13.014166" elapsed="0.058356"/>
</kw>
<kw name="Close Browser" owner="SeleniumLibrary" type="TEARDOWN">
<doc>Closes the current browser.</doc>
<status status="PASS" start="2025-03-20T00:51:13.073028" elapsed="2.931378"/>
</kw>
<status status="PASS" start="2025-03-20T00:51:08.148185" elapsed="7.856703"/>
</test>
<kw name="Close Browser" owner="SeleniumLibrary" type="TEARDOWN">
<doc>Closes the current browser.</doc>
<status status="PASS" start="2025-03-20T00:51:16.006044" elapsed="0.000331"/>
</kw>
<status status="PASS" start="2025-03-20T00:50:40.557393" elapsed="35.449069"/>
</suite>
<status status="PASS" start="2025-03-20T00:50:40.537383" elapsed="35.469986"/>
</suite>
<statistics>
<total>
<stat pass="4" fail="0" skip="0">All Tests</stat>
</total>
<tag>
</tag>
<suite>
<stat pass="4" fail="0" skip="0" id="s1" name="Test">Test</stat>
<stat pass="4" fail="0" skip="0" id="s1-s1" name="Login">Test.Login</stat>
</suite>
</statistics>
<errors>
</errors>
</robot>
