<?xml version="1.0" encoding="UTF-8"?>
<robot generator="Robot 7.1.1 (Python 3.13.1 on win32)" generated="2025-03-20T17:42:45.505099" rpa="false" schemaversion="5">
<suite id="s1" name="Test" source="C:\Users\Nutta\Desktop\Learn Robot freamwork\SwagLab\test">
<suite id="s1-s1" name="Login" source="C:\Users\Nutta\Desktop\Learn Robot freamwork\SwagLab\test\login.robot">
<test id="s1-s1-t1" name="Validate UnSuccesful Login - Valid Credentials" line="9">
<kw name="Open Browser To Sauce Demo" owner="keywords">
<kw name="Open Browser" owner="SeleniumLibrary">
<msg time="2025-03-20T17:42:46.107206" level="INFO">Opening browser 'Chrome' to base url 'https://www.saucedemo.com'.</msg>
<arg>${URL}</arg>
<arg>${BROWSER}</arg>
<doc>Opens a new browser instance to the optional ``url``.</doc>
<status status="PASS" start="2025-03-20T17:42:46.106754" elapsed="4.561433"/>
</kw>
<kw name="Maximize Browser Window" owner="SeleniumLibrary">
<doc>Maximizes current browser window.</doc>
<status status="PASS" start="2025-03-20T17:42:50.668916" elapsed="0.124818"/>
</kw>
<status status="PASS" start="2025-03-20T17:42:46.105671" elapsed="4.688390"/>
</kw>
<kw name="Fill the login Form" owner="keywords">
<kw name="Input Text" owner="SeleniumLibrary">
<msg time="2025-03-20T17:42:50.797165" level="INFO">Typing text 'Nuttanon' into text field 'id=user-name'.</msg>
<arg>id=user-name</arg>
<arg>${USERNAME}</arg>
<doc>Types the given ``text`` into the text field identified by ``locator``.</doc>
<status status="PASS" start="2025-03-20T17:42:50.795541" elapsed="0.277803"/>
</kw>
<kw name="Input Text" owner="SeleniumLibrary">
<msg time="2025-03-20T17:42:51.074908" level="INFO">Typing text '123456' into text field 'id=password'.</msg>
<arg>id=password</arg>
<arg>${PASSWORD}</arg>
<doc>Types the given ``text`` into the text field identified by ``locator``.</doc>
<status status="PASS" start="2025-03-20T17:42:51.073793" elapsed="0.203948"/>
</kw>
<kw name="Click Button" owner="SeleniumLibrary">
<msg time="2025-03-20T17:42:51.278806" level="INFO">Clicking button 'id=login-button'.</msg>
<arg>id=login-button</arg>
<doc>Clicks the button identified by ``locator``.</doc>
<status status="PASS" start="2025-03-20T17:42:51.278153" elapsed="0.310078"/>
</kw>
<arg>Nuttanon</arg>
<arg>123456</arg>
<status status="PASS" start="2025-03-20T17:42:50.794432" elapsed="0.794106"/>
</kw>
<kw name="wait until it checks and display error message" owner="keywords">
<kw name="Wait Until Page Contains Element" owner="SeleniumLibrary">
<arg>${Error_Message_Login}</arg>
<arg>timeout=10s</arg>
<doc>Waits until the element ``locator`` appears on the current page.</doc>
<status status="PASS" start="2025-03-20T17:42:51.589890" elapsed="0.029498"/>
</kw>
<status status="PASS" start="2025-03-20T17:42:51.588886" elapsed="0.030810"/>
</kw>
<kw name="verify error message is correct" owner="keywords">
<kw name="Element Text Should Be" owner="SeleniumLibrary">
<msg time="2025-03-20T17:42:51.622560" level="INFO">Verifying element 'css:h3[data-test='error']' contains exact text 'Epic sadface: Username and password do not match any user in this service'.</msg>
<arg>${element_locator}</arg>
<arg>${expected_message}</arg>
<doc>Verifies that element ``locator`` contains exact the text ``expected``.</doc>
<status status="PASS" start="2025-03-20T17:42:51.621486" elapsed="0.036167"/>
</kw>
<arg>${Error_Message_Login}</arg>
<arg>Epic sadface: Username and password do not match any user in this service</arg>
<status status="PASS" start="2025-03-20T17:42:51.620342" elapsed="0.037646"/>
</kw>
<kw name="Close Browser" owner="SeleniumLibrary" type="TEARDOWN">
<doc>Closes the current browser.</doc>
<status status="PASS" start="2025-03-20T17:42:51.658603" elapsed="3.121715"/>
</kw>
<status status="PASS" start="2025-03-20T17:42:46.104886" elapsed="8.675590"/>
</test>
<test id="s1-s1-t2" name="Validate Succesful Login - Invalid Credentials" line="16">
<kw name="Open Browser To Sauce Demo" owner="keywords">
<kw name="Open Browser" owner="SeleniumLibrary">
<msg time="2025-03-20T17:42:54.782907" level="INFO">Opening browser 'Chrome' to base url 'https://www.saucedemo.com'.</msg>
<arg>${URL}</arg>
<arg>${BROWSER}</arg>
<doc>Opens a new browser instance to the optional ``url``.</doc>
<status status="PASS" start="2025-03-20T17:42:54.782386" elapsed="2.310309"/>
</kw>
<kw name="Maximize Browser Window" owner="SeleniumLibrary">
<doc>Maximizes current browser window.</doc>
<status status="PASS" start="2025-03-20T17:42:57.093114" elapsed="0.244340"/>
</kw>
<status status="PASS" start="2025-03-20T17:42:54.781702" elapsed="2.556069"/>
</kw>
<kw name="Fill the login Form" owner="keywords">
<kw name="Input Text" owner="SeleniumLibrary">
<msg time="2025-03-20T17:42:57.341258" level="INFO">Typing text 'standard_user' into text field 'id=user-name'.</msg>
<arg>id=user-name</arg>
<arg>${USERNAME}</arg>
<doc>Types the given ``text`` into the text field identified by ``locator``.</doc>
<status status="PASS" start="2025-03-20T17:42:57.339548" elapsed="0.579260"/>
</kw>
<kw name="Input Text" owner="SeleniumLibrary">
<msg time="2025-03-20T17:42:57.920027" level="INFO">Typing text 'secret_sauce' into text field 'id=password'.</msg>
<arg>id=password</arg>
<arg>${PASSWORD}</arg>
<doc>Types the given ``text`` into the text field identified by ``locator``.</doc>
<status status="PASS" start="2025-03-20T17:42:57.919229" elapsed="0.578793"/>
</kw>
<kw name="Click Button" owner="SeleniumLibrary">
<msg time="2025-03-20T17:42:58.500296" level="INFO">Clicking button 'id=login-button'.</msg>
<arg>id=login-button</arg>
<doc>Clicks the button identified by ``locator``.</doc>
<status status="PASS" start="2025-03-20T17:42:58.498795" elapsed="0.815225"/>
</kw>
<arg>${USERNAME}</arg>
<arg>${PASSWORD}</arg>
<status status="PASS" start="2025-03-20T17:42:57.338147" elapsed="1.976201"/>
</kw>
<kw name="Page Should Contain" owner="SeleniumLibrary">
<msg time="2025-03-20T17:42:59.389732" level="INFO">Current page contains text 'Sauce Labs Backpack'.</msg>
<arg>Sauce Labs Backpack</arg>
<doc>Verifies that current page contains ``text``.</doc>
<status status="PASS" start="2025-03-20T17:42:59.314720" elapsed="0.075325"/>
</kw>
<kw name="Close Browser" owner="SeleniumLibrary" type="TEARDOWN">
<doc>Closes the current browser.</doc>
<status status="PASS" start="2025-03-20T17:42:59.390690" elapsed="2.957706"/>
</kw>
<status status="PASS" start="2025-03-20T17:42:54.780979" elapsed="7.567630"/>
</test>
<test id="s1-s1-t3" name="Check for Non-Filling Username" line="23">
<kw name="Open Browser To Sauce Demo" owner="keywords">
<kw name="Open Browser" owner="SeleniumLibrary">
<msg time="2025-03-20T17:43:02.351542" level="INFO">Opening browser 'Chrome' to base url 'https://www.saucedemo.com'.</msg>
<arg>${URL}</arg>
<arg>${BROWSER}</arg>
<doc>Opens a new browser instance to the optional ``url``.</doc>
<status status="PASS" start="2025-03-20T17:43:02.351204" elapsed="2.562833"/>
</kw>
<kw name="Maximize Browser Window" owner="SeleniumLibrary">
<doc>Maximizes current browser window.</doc>
<status status="PASS" start="2025-03-20T17:43:04.914240" elapsed="0.037936"/>
</kw>
<status status="PASS" start="2025-03-20T17:43:02.350621" elapsed="2.601718"/>
</kw>
<kw name="Fill the login Form" owner="keywords">
<kw name="Input Text" owner="SeleniumLibrary">
<msg time="2025-03-20T17:43:04.954297" level="INFO">Typing text '' into text field 'id=user-name'.</msg>
<arg>id=user-name</arg>
<arg>${USERNAME}</arg>
<doc>Types the given ``text`` into the text field identified by ``locator``.</doc>
<status status="PASS" start="2025-03-20T17:43:04.953608" elapsed="0.385746"/>
</kw>
<kw name="Input Text" owner="SeleniumLibrary">
<msg time="2025-03-20T17:43:05.341787" level="INFO">Typing text 'secret_sauce' into text field 'id=password'.</msg>
<arg>id=password</arg>
<arg>${PASSWORD}</arg>
<doc>Types the given ``text`` into the text field identified by ``locator``.</doc>
<status status="PASS" start="2025-03-20T17:43:05.341028" elapsed="1.010109"/>
</kw>
<kw name="Click Button" owner="SeleniumLibrary">
<msg time="2025-03-20T17:43:06.354711" level="INFO">Clicking button 'id=login-button'.</msg>
<arg>id=login-button</arg>
<doc>Clicks the button identified by ``locator``.</doc>
<status status="PASS" start="2025-03-20T17:43:06.351973" elapsed="0.776494"/>
</kw>
<arg>${empty}</arg>
<arg>${PASSWORD}</arg>
<status status="PASS" start="2025-03-20T17:43:04.952555" elapsed="2.176201"/>
</kw>
<kw name="Click Button" owner="SeleniumLibrary">
<msg time="2025-03-20T17:43:07.130105" level="INFO">Clicking button 'id=login-button'.</msg>
<arg>id=login-button</arg>
<doc>Clicks the button identified by ``locator``.</doc>
<status status="PASS" start="2025-03-20T17:43:07.129090" elapsed="0.375989"/>
</kw>
<kw name="wait until it checks and display error message" owner="keywords">
<kw name="Wait Until Page Contains Element" owner="SeleniumLibrary">
<arg>${Error_Message_Login}</arg>
<arg>timeout=10s</arg>
<doc>Waits until the element ``locator`` appears on the current page.</doc>
<status status="PASS" start="2025-03-20T17:43:07.506853" elapsed="0.115457"/>
</kw>
<status status="PASS" start="2025-03-20T17:43:07.505580" elapsed="0.117078"/>
</kw>
<kw name="verify error message is correct" owner="keywords">
<kw name="Element Text Should Be" owner="SeleniumLibrary">
<msg time="2025-03-20T17:43:07.624996" level="INFO">Verifying element 'css:h3[data-test='error']' contains exact text 'Epic sadface: Username is required'.</msg>
<arg>${element_locator}</arg>
<arg>${expected_message}</arg>
<doc>Verifies that element ``locator`` contains exact the text ``expected``.</doc>
<status status="PASS" start="2025-03-20T17:43:07.624076" elapsed="0.078755"/>
</kw>
<arg>${Error_Message_Login}</arg>
<arg>Epic sadface: Username is required</arg>
<status status="PASS" start="2025-03-20T17:43:07.623002" elapsed="0.080136"/>
</kw>
<kw name="Close Browser" owner="SeleniumLibrary" type="TEARDOWN">
<doc>Closes the current browser.</doc>
<status status="PASS" start="2025-03-20T17:43:07.703587" elapsed="3.222201"/>
</kw>
<status status="PASS" start="2025-03-20T17:43:02.349924" elapsed="8.575982"/>
</test>
<test id="s1-s1-t4" name="Check for Non-Filling Password" line="31">
<kw name="Open Browser To Sauce Demo" owner="keywords">
<kw name="Open Browser" owner="SeleniumLibrary">
<msg time="2025-03-20T17:43:10.927680" level="INFO">Opening browser 'Chrome' to base url 'https://www.saucedemo.com'.</msg>
<arg>${URL}</arg>
<arg>${BROWSER}</arg>
<doc>Opens a new browser instance to the optional ``url``.</doc>
<status status="PASS" start="2025-03-20T17:43:10.927429" elapsed="1.925882"/>
</kw>
<kw name="Maximize Browser Window" owner="SeleniumLibrary">
<doc>Maximizes current browser window.</doc>
<status status="PASS" start="2025-03-20T17:43:12.853515" elapsed="0.037847"/>
</kw>
<status status="PASS" start="2025-03-20T17:43:10.927042" elapsed="1.964536"/>
</kw>
<kw name="Fill the login Form" owner="keywords">
<kw name="Input Text" owner="SeleniumLibrary">
<msg time="2025-03-20T17:43:12.893890" level="INFO">Typing text 'standard_user' into text field 'id=user-name'.</msg>
<arg>id=user-name</arg>
<arg>${USERNAME}</arg>
<doc>Types the given ``text`` into the text field identified by ``locator``.</doc>
<status status="PASS" start="2025-03-20T17:43:12.893372" elapsed="0.220579"/>
</kw>
<kw name="Input Text" owner="SeleniumLibrary">
<msg time="2025-03-20T17:43:13.114988" level="INFO">Typing text '' into text field 'id=password'.</msg>
<arg>id=password</arg>
<arg>${PASSWORD}</arg>
<doc>Types the given ``text`` into the text field identified by ``locator``.</doc>
<status status="PASS" start="2025-03-20T17:43:13.114309" elapsed="0.291143"/>
</kw>
<kw name="Click Button" owner="SeleniumLibrary">
<msg time="2025-03-20T17:43:13.406605" level="INFO">Clicking button 'id=login-button'.</msg>
<arg>id=login-button</arg>
<doc>Clicks the button identified by ``locator``.</doc>
<status status="PASS" start="2025-03-20T17:43:13.405911" elapsed="0.865096"/>
</kw>
<arg>${USERNAME}</arg>
<arg>${empty}</arg>
<status status="PASS" start="2025-03-20T17:43:12.891942" elapsed="1.379324"/>
</kw>
<kw name="Click Button" owner="SeleniumLibrary">
<msg time="2025-03-20T17:43:14.274363" level="INFO">Clicking button 'id=login-button'.</msg>
<arg>id=login-button</arg>
<doc>Clicks the button identified by ``locator``.</doc>
<status status="PASS" start="2025-03-20T17:43:14.273149" elapsed="0.466131"/>
</kw>
<kw name="wait until it checks and display error message" owner="keywords">
<kw name="Wait Until Page Contains Element" owner="SeleniumLibrary">
<arg>${Error_Message_Login}</arg>
<arg>timeout=10s</arg>
<doc>Waits until the element ``locator`` appears on the current page.</doc>
<status status="PASS" start="2025-03-20T17:43:14.741125" elapsed="0.041444"/>
</kw>
<status status="PASS" start="2025-03-20T17:43:14.739868" elapsed="0.043177"/>
</kw>
<kw name="verify error message is correct" owner="keywords">
<kw name="Element Text Should Be" owner="SeleniumLibrary">
<msg time="2025-03-20T17:43:14.785735" level="INFO">Verifying element 'css:h3[data-test='error']' contains exact text 'Epic sadface: Password is required'.</msg>
<arg>${element_locator}</arg>
<arg>${expected_message}</arg>
<doc>Verifies that element ``locator`` contains exact the text ``expected``.</doc>
<status status="PASS" start="2025-03-20T17:43:14.784637" elapsed="0.041148"/>
</kw>
<arg>${Error_Message_Login}</arg>
<arg>Epic sadface: Password is required</arg>
<status status="PASS" start="2025-03-20T17:43:14.783448" elapsed="0.042742"/>
</kw>
<kw name="Close Browser" owner="SeleniumLibrary" type="TEARDOWN">
<doc>Closes the current browser.</doc>
<status status="PASS" start="2025-03-20T17:43:14.826572" elapsed="3.655726"/>
</kw>
<status status="PASS" start="2025-03-20T17:43:10.926310" elapsed="7.556263"/>
</test>
<kw name="Close Browser" owner="SeleniumLibrary" type="TEARDOWN">
<doc>Closes the current browser.</doc>
<status status="PASS" start="2025-03-20T17:43:18.483484" elapsed="0.000396"/>
</kw>
<status status="PASS" start="2025-03-20T17:42:45.556170" elapsed="32.927840"/>
</suite>
<status status="PASS" start="2025-03-20T17:42:45.539783" elapsed="32.945643"/>
</suite>
<statistics>
<total>
<stat pass="4" fail="0" skip="0">All Tests</stat>
</total>
<tag>
</tag>
<suite>
<stat pass="4" fail="0" skip="0" id="s1" name="Test">Test</stat>
<stat pass="4" fail="0" skip="0" id="s1-s1" name="Login">Test.Login</stat>
</suite>
</statistics>
<errors>
</errors>
</robot>
