<?xml version="1.0" encoding="UTF-8"?>
<robot generator="Robot 7.1.1 (Python 3.13.1 on win32)" generated="2025-03-20T16:12:45.209458" rpa="false" schemaversion="5">
<suite id="s1" name="Test" source="C:\Users\Nutta\Desktop\Learn Robot freamwork\SwagLab\test">
<suite id="s1-s1" name="Login" source="C:\Users\Nutta\Desktop\Learn Robot freamwork\SwagLab\test\login.robot">
<test id="s1-s1-t1" name="Validate UnSuccesful Login - Valid Credentials" line="9">
<kw name="Open Browser To Sauce Demo" owner="keywords">
<kw name="Open Browser" owner="SeleniumLibrary">
<msg time="2025-03-20T16:12:46.120948" level="INFO">Opening browser 'Chrome' to base url 'https://www.saucedemo.com'.</msg>
<arg>${URL}</arg>
<arg>${BROWSER}</arg>
<doc>Opens a new browser instance to the optional ``url``.</doc>
<status status="PASS" start="2025-03-20T16:12:46.117866" elapsed="12.553805"/>
</kw>
<kw name="Maximize Browser Window" owner="SeleniumLibrary">
<doc>Maximizes current browser window.</doc>
<status status="PASS" start="2025-03-20T16:12:58.672265" elapsed="0.795328"/>
</kw>
<status status="PASS" start="2025-03-20T16:12:46.115949" elapsed="13.351991"/>
</kw>
<kw name="Fill the login Form" owner="keywords">
<kw name="Input Text" owner="SeleniumLibrary">
<msg time="2025-03-20T16:12:59.470600" level="INFO">Typing text 'Nuttanon' into text field 'id=user-name'.</msg>
<arg>id=user-name</arg>
<arg>${USERNAME}</arg>
<doc>Types the given ``text`` into the text field identified by ``locator``.</doc>
<status status="PASS" start="2025-03-20T16:12:59.469345" elapsed="1.885557"/>
</kw>
<kw name="Input Text" owner="SeleniumLibrary">
<msg time="2025-03-20T16:13:01.356731" level="INFO">Typing text '123456' into text field 'id=password'.</msg>
<arg>id=password</arg>
<arg>${PASSWORD}</arg>
<doc>Types the given ``text`` into the text field identified by ``locator``.</doc>
<status status="PASS" start="2025-03-20T16:13:01.355658" elapsed="0.796017"/>
</kw>
<kw name="Click Button" owner="SeleniumLibrary">
<msg time="2025-03-20T16:13:02.152930" level="INFO">Clicking button 'id=login-button'.</msg>
<arg>id=login-button</arg>
<doc>Clicks the button identified by ``locator``.</doc>
<status status="PASS" start="2025-03-20T16:13:02.152177" elapsed="0.398346"/>
</kw>
<arg>Nuttanon</arg>
<arg>123456</arg>
<status status="PASS" start="2025-03-20T16:12:59.468363" elapsed="3.082453"/>
</kw>
<kw name="wait until it checks and display error message" owner="keywords">
<kw name="Wait Until Page Contains Element" owner="SeleniumLibrary">
<arg>${Error_Message_Login}</arg>
<arg>timeout=10s</arg>
<doc>Waits until the element ``locator`` appears on the current page.</doc>
<status status="PASS" start="2025-03-20T16:13:02.552483" elapsed="0.046604"/>
</kw>
<status status="PASS" start="2025-03-20T16:13:02.551150" elapsed="0.048214"/>
</kw>
<kw name="verify error message is correct" owner="keywords">
<kw name="Element Text Should Be" owner="SeleniumLibrary">
<msg time="2025-03-20T16:13:02.602543" level="INFO">Verifying element 'css:h3[data-test='error']' contains exact text 'Epic sadface: Username and password do not match any user in this service'.</msg>
<arg>${element_locator}</arg>
<arg>${expected_message}</arg>
<doc>Verifies that element ``locator`` contains exact the text ``expected``.</doc>
<status status="PASS" start="2025-03-20T16:13:02.601324" elapsed="0.070258"/>
</kw>
<arg>${Error_Message_Login}</arg>
<arg>Epic sadface: Username and password do not match any user in this service</arg>
<status status="PASS" start="2025-03-20T16:13:02.599743" elapsed="0.072123"/>
</kw>
<kw name="Close Browser" owner="SeleniumLibrary" type="TEARDOWN">
<doc>Closes the current browser.</doc>
<status status="PASS" start="2025-03-20T16:13:02.672445" elapsed="3.392828"/>
</kw>
<status status="PASS" start="2025-03-20T16:12:46.114913" elapsed="19.950514"/>
</test>
<test id="s1-s1-t2" name="Validate Succesful Login - Invalid Credentials" line="16">
<kw name="Open Browser To Sauce Demo" owner="keywords">
<kw name="Open Browser" owner="SeleniumLibrary">
<msg time="2025-03-20T16:13:06.066990" level="INFO">Opening browser 'Chrome' to base url 'https://www.saucedemo.com'.</msg>
<arg>${URL}</arg>
<arg>${BROWSER}</arg>
<doc>Opens a new browser instance to the optional ``url``.</doc>
<status status="PASS" start="2025-03-20T16:13:06.066712" elapsed="3.328094"/>
</kw>
<kw name="Maximize Browser Window" owner="SeleniumLibrary">
<doc>Maximizes current browser window.</doc>
<status status="PASS" start="2025-03-20T16:13:09.395305" elapsed="0.785578"/>
</kw>
<status status="PASS" start="2025-03-20T16:13:06.066287" elapsed="4.115994"/>
</kw>
<kw name="Fill the login Form" owner="keywords">
<kw name="Input Text" owner="SeleniumLibrary">
<msg time="2025-03-20T16:13:10.185722" level="INFO">Typing text 'standard_user' into text field 'id=user-name'.</msg>
<arg>id=user-name</arg>
<arg>${USERNAME}</arg>
<doc>Types the given ``text`` into the text field identified by ``locator``.</doc>
<status status="PASS" start="2025-03-20T16:13:10.184694" elapsed="1.141660"/>
</kw>
<kw name="Input Text" owner="SeleniumLibrary">
<msg time="2025-03-20T16:13:11.328656" level="INFO">Typing text 'secret_sauce' into text field 'id=password'.</msg>
<arg>id=password</arg>
<arg>${PASSWORD}</arg>
<doc>Types the given ``text`` into the text field identified by ``locator``.</doc>
<status status="PASS" start="2025-03-20T16:13:11.326945" elapsed="0.713546"/>
</kw>
<kw name="Click Button" owner="SeleniumLibrary">
<msg time="2025-03-20T16:13:12.041950" level="INFO">Clicking button 'id=login-button'.</msg>
<arg>id=login-button</arg>
<doc>Clicks the button identified by ``locator``.</doc>
<status status="PASS" start="2025-03-20T16:13:12.041094" elapsed="0.769311"/>
</kw>
<arg>${USERNAME}</arg>
<arg>${PASSWORD}</arg>
<status status="PASS" start="2025-03-20T16:13:10.183155" elapsed="2.627631"/>
</kw>
<kw name="Page Should Contain" owner="SeleniumLibrary">
<msg time="2025-03-20T16:13:12.861723" level="INFO">Current page contains text 'Sauce Labs Backpack'.</msg>
<arg>Sauce Labs Backpack</arg>
<doc>Verifies that current page contains ``text``.</doc>
<status status="PASS" start="2025-03-20T16:13:12.811146" elapsed="0.050816"/>
</kw>
<kw name="Close Browser" owner="SeleniumLibrary" type="TEARDOWN">
<doc>Closes the current browser.</doc>
<status status="PASS" start="2025-03-20T16:13:12.862549" elapsed="3.102434"/>
</kw>
<status status="PASS" start="2025-03-20T16:13:06.065857" elapsed="9.899396"/>
</test>
<test id="s1-s1-t3" name="Check for Non-Filling Username" line="23">
<kw name="Open Browser To Sauce Demo" owner="keywords">
<kw name="Open Browser" owner="SeleniumLibrary">
<msg time="2025-03-20T16:13:15.967977" level="INFO">Opening browser 'Chrome' to base url 'https://www.saucedemo.com'.</msg>
<arg>${URL}</arg>
<arg>${BROWSER}</arg>
<doc>Opens a new browser instance to the optional ``url``.</doc>
<status status="PASS" start="2025-03-20T16:13:15.967563" elapsed="2.657874"/>
</kw>
<kw name="Maximize Browser Window" owner="SeleniumLibrary">
<doc>Maximizes current browser window.</doc>
<status status="PASS" start="2025-03-20T16:13:18.625980" elapsed="0.420621"/>
</kw>
<status status="PASS" start="2025-03-20T16:13:15.967121" elapsed="3.079811"/>
</kw>
<kw name="Fill the login Form" owner="keywords">
<kw name="Input Text" owner="SeleniumLibrary">
<msg time="2025-03-20T16:13:19.050400" level="INFO">Typing text '' into text field 'id=user-name'.</msg>
<arg>id=user-name</arg>
<arg>${USERNAME}</arg>
<doc>Types the given ``text`` into the text field identified by ``locator``.</doc>
<status status="PASS" start="2025-03-20T16:13:19.049279" elapsed="1.372024"/>
</kw>
<kw name="Input Text" owner="SeleniumLibrary">
<msg time="2025-03-20T16:13:20.422968" level="INFO">Typing text 'secret_sauce' into text field 'id=password'.</msg>
<arg>id=password</arg>
<arg>${PASSWORD}</arg>
<doc>Types the given ``text`` into the text field identified by ``locator``.</doc>
<status status="PASS" start="2025-03-20T16:13:20.422016" elapsed="0.545788"/>
</kw>
<kw name="Click Button" owner="SeleniumLibrary">
<msg time="2025-03-20T16:13:20.970552" level="INFO">Clicking button 'id=login-button'.</msg>
<arg>id=login-button</arg>
<doc>Clicks the button identified by ``locator``.</doc>
<status status="PASS" start="2025-03-20T16:13:20.968990" elapsed="0.588447"/>
</kw>
<arg>${empty}</arg>
<arg>${PASSWORD}</arg>
<status status="PASS" start="2025-03-20T16:13:19.047371" elapsed="2.510466"/>
</kw>
<kw name="Click Button" owner="SeleniumLibrary">
<msg time="2025-03-20T16:13:21.558867" level="INFO">Clicking button 'id=login-button'.</msg>
<arg>id=login-button</arg>
<doc>Clicks the button identified by ``locator``.</doc>
<status status="PASS" start="2025-03-20T16:13:21.558151" elapsed="0.660635"/>
</kw>
<kw name="wait until it checks and display error message" owner="keywords">
<kw name="Wait Until Page Contains Element" owner="SeleniumLibrary">
<arg>${Error_Message_Login}</arg>
<arg>timeout=10s</arg>
<doc>Waits until the element ``locator`` appears on the current page.</doc>
<status status="PASS" start="2025-03-20T16:13:22.220558" elapsed="0.050165"/>
</kw>
<status status="PASS" start="2025-03-20T16:13:22.219384" elapsed="0.051690"/>
</kw>
<kw name="verify error message is correct" owner="keywords">
<kw name="Element Text Should Be" owner="SeleniumLibrary">
<msg time="2025-03-20T16:13:22.278500" level="INFO">Verifying element 'css:h3[data-test='error']' contains exact text 'Epic sadface: Username is required'.</msg>
<arg>${element_locator}</arg>
<arg>${expected_message}</arg>
<doc>Verifies that element ``locator`` contains exact the text ``expected``.</doc>
<status status="PASS" start="2025-03-20T16:13:22.277207" elapsed="0.070123"/>
</kw>
<arg>${Error_Message_Login}</arg>
<arg>Epic sadface: Username is required</arg>
<status status="PASS" start="2025-03-20T16:13:22.271411" elapsed="0.076219"/>
</kw>
<kw name="Close Browser" owner="SeleniumLibrary" type="TEARDOWN">
<doc>Closes the current browser.</doc>
<status status="PASS" start="2025-03-20T16:13:22.348134" elapsed="3.182583"/>
</kw>
<status status="PASS" start="2025-03-20T16:13:15.966533" elapsed="9.564465"/>
</test>
<test id="s1-s1-t4" name="Check for Non-Filling Password" line="31">
<kw name="Open Browser To Sauce Demo" owner="keywords">
<kw name="Open Browser" owner="SeleniumLibrary">
<msg time="2025-03-20T16:13:25.533305" level="INFO">Opening browser 'Chrome' to base url 'https://www.saucedemo.com'.</msg>
<arg>${URL}</arg>
<arg>${BROWSER}</arg>
<doc>Opens a new browser instance to the optional ``url``.</doc>
<status status="PASS" start="2025-03-20T16:13:25.533015" elapsed="2.155191"/>
</kw>
<kw name="Maximize Browser Window" owner="SeleniumLibrary">
<doc>Maximizes current browser window.</doc>
<status status="PASS" start="2025-03-20T16:13:27.688541" elapsed="0.036031"/>
</kw>
<status status="PASS" start="2025-03-20T16:13:25.532422" elapsed="2.192357"/>
</kw>
<kw name="Fill the login Form" owner="keywords">
<kw name="Input Text" owner="SeleniumLibrary">
<msg time="2025-03-20T16:13:27.727697" level="INFO">Typing text 'standard_user' into text field 'id=user-name'.</msg>
<arg>id=user-name</arg>
<arg>${USERNAME}</arg>
<doc>Types the given ``text`` into the text field identified by ``locator``.</doc>
<status status="PASS" start="2025-03-20T16:13:27.727079" elapsed="0.375554"/>
</kw>
<kw name="Input Text" owner="SeleniumLibrary">
<msg time="2025-03-20T16:13:28.103783" level="INFO">Typing text '' into text field 'id=password'.</msg>
<arg>id=password</arg>
<arg>${PASSWORD}</arg>
<doc>Types the given ``text`` into the text field identified by ``locator``.</doc>
<status status="PASS" start="2025-03-20T16:13:28.103099" elapsed="0.775811"/>
</kw>
<kw name="Click Button" owner="SeleniumLibrary">
<msg time="2025-03-20T16:13:28.879712" level="INFO">Clicking button 'id=login-button'.</msg>
<arg>id=login-button</arg>
<doc>Clicks the button identified by ``locator``.</doc>
<status status="PASS" start="2025-03-20T16:13:28.879242" elapsed="1.195305"/>
</kw>
<arg>${USERNAME}</arg>
<arg>${empty}</arg>
<status status="PASS" start="2025-03-20T16:13:27.725455" elapsed="2.349500"/>
</kw>
<kw name="Click Button" owner="SeleniumLibrary">
<msg time="2025-03-20T16:13:30.076585" level="INFO">Clicking button 'id=login-button'.</msg>
<arg>id=login-button</arg>
<doc>Clicks the button identified by ``locator``.</doc>
<status status="PASS" start="2025-03-20T16:13:30.075292" elapsed="0.606594"/>
</kw>
<kw name="wait until it checks and display error message" owner="keywords">
<kw name="Wait Until Page Contains Element" owner="SeleniumLibrary">
<arg>${Error_Message_Login}</arg>
<arg>timeout=10s</arg>
<doc>Waits until the element ``locator`` appears on the current page.</doc>
<status status="PASS" start="2025-03-20T16:13:30.684103" elapsed="0.070031"/>
</kw>
<status status="PASS" start="2025-03-20T16:13:30.682632" elapsed="0.072067"/>
</kw>
<kw name="verify error message is correct" owner="keywords">
<kw name="Element Text Should Be" owner="SeleniumLibrary">
<msg time="2025-03-20T16:13:30.757320" level="INFO">Verifying element 'css:h3[data-test='error']' contains exact text 'Epic sadface: Password is required'.</msg>
<arg>${element_locator}</arg>
<arg>${expected_message}</arg>
<doc>Verifies that element ``locator`` contains exact the text ``expected``.</doc>
<status status="PASS" start="2025-03-20T16:13:30.756252" elapsed="0.230906"/>
</kw>
<arg>${Error_Message_Login}</arg>
<arg>Epic sadface: Password is required</arg>
<status status="PASS" start="2025-03-20T16:13:30.755108" elapsed="0.232291"/>
</kw>
<kw name="Close Browser" owner="SeleniumLibrary" type="TEARDOWN">
<doc>Closes the current browser.</doc>
<status status="PASS" start="2025-03-20T16:13:30.987924" elapsed="3.441751"/>
</kw>
<status status="PASS" start="2025-03-20T16:13:25.531827" elapsed="8.897974"/>
</test>
<kw name="Close Browser" owner="SeleniumLibrary" type="TEARDOWN">
<doc>Closes the current browser.</doc>
<status status="PASS" start="2025-03-20T16:13:34.430641" elapsed="0.000527"/>
</kw>
<status status="PASS" start="2025-03-20T16:12:45.298680" elapsed="49.132567"/>
</suite>
<status status="PASS" start="2025-03-20T16:12:45.261552" elapsed="49.170648"/>
</suite>
<statistics>
<total>
<stat pass="4" fail="0" skip="0">All Tests</stat>
</total>
<tag>
</tag>
<suite>
<stat pass="4" fail="0" skip="0" id="s1" name="Test">Test</stat>
<stat pass="4" fail="0" skip="0" id="s1-s1" name="Login">Test.Login</stat>
</suite>
</statistics>
<errors>
</errors>
</robot>
