<?xml version="1.0" encoding="UTF-8"?>
<robot generator="Robot 7.1.1 (Python 3.13.1 on win32)" generated="2025-03-20T00:50:40.445422" rpa="false" schemaversion="5">
<suite id="s1" name="Test" source="C:\Users\Nutta\Desktop\Learn Robot freamwork\SwagLab\test">
<suite id="s1-s1" name="Inventory" source="C:\Users\Nutta\Desktop\Learn Robot freamwork\SwagLab\test\inventory.robot">
<test id="s1-s1-t1" name="Check login to page Products" line="10">
<kw name="Open Browser To Sauce Demo" owner="keywords">
<kw name="Open Browser" owner="SeleniumLibrary">
<msg time="2025-03-20T00:50:41.191030" level="INFO">Opening browser 'Chrome' to base url 'https://www.saucedemo.com'.</msg>
<arg>${URL}</arg>
<arg>${BROWSER}</arg>
<doc>Opens a new browser instance to the optional ``url``.</doc>
<status status="PASS" start="2025-03-20T00:50:41.189486" elapsed="4.564907"/>
</kw>
<kw name="Maximize Browser Window" owner="SeleniumLibrary">
<doc>Maximizes current browser window.</doc>
<status status="PASS" start="2025-03-20T00:50:45.754905" elapsed="0.280187"/>
</kw>
<status status="PASS" start="2025-03-20T00:50:41.187254" elapsed="4.848199"/>
</kw>
<kw name="Fill the login Form" owner="keywords">
<kw name="Input Text" owner="SeleniumLibrary">
<msg time="2025-03-20T00:50:46.038998" level="INFO">Typing text 'standard_user' into text field 'id=user-name'.</msg>
<arg>id=user-name</arg>
<arg>${USERNAME}</arg>
<doc>Types the given ``text`` into the text field identified by ``locator``.</doc>
<status status="PASS" start="2025-03-20T00:50:46.037664" elapsed="0.382131"/>
</kw>
<kw name="Input Text" owner="SeleniumLibrary">
<msg time="2025-03-20T00:50:46.421418" level="INFO">Typing text 'secret_sauce' into text field 'id=password'.</msg>
<arg>id=password</arg>
<arg>${PASSWORD}</arg>
<doc>Types the given ``text`` into the text field identified by ``locator``.</doc>
<status status="PASS" start="2025-03-20T00:50:46.420273" elapsed="0.439436"/>
</kw>
<kw name="Click Button" owner="SeleniumLibrary">
<msg time="2025-03-20T00:50:46.861020" level="INFO">Clicking button 'id=login-button'.</msg>
<arg>id=login-button</arg>
<doc>Clicks the button identified by ``locator``.</doc>
<status status="PASS" start="2025-03-20T00:50:46.860119" elapsed="0.757070"/>
</kw>
<arg>${USERNAME}</arg>
<arg>${PASSWORD}</arg>
<status status="PASS" start="2025-03-20T00:50:46.035847" elapsed="1.581818"/>
</kw>
<kw name="Close Browser" owner="SeleniumLibrary" type="TEARDOWN">
<doc>Closes the current browser.</doc>
<status status="PASS" start="2025-03-20T00:50:47.618178" elapsed="3.128891"/>
</kw>
<status status="PASS" start="2025-03-20T00:50:41.185623" elapsed="9.561605"/>
</test>
<test id="s1-s1-t2" name="Validate Cards display in the Shopping Page" line="15">
<kw name="Open Browser To Sauce Demo" owner="keywords">
<kw name="Open Browser" owner="SeleniumLibrary">
<msg time="2025-03-20T00:50:50.750228" level="INFO">Opening browser 'Chrome' to base url 'https://www.saucedemo.com'.</msg>
<arg>${URL}</arg>
<arg>${BROWSER}</arg>
<doc>Opens a new browser instance to the optional ``url``.</doc>
<status status="PASS" start="2025-03-20T00:50:50.749601" elapsed="1.891004"/>
</kw>
<kw name="Maximize Browser Window" owner="SeleniumLibrary">
<doc>Maximizes current browser window.</doc>
<status status="PASS" start="2025-03-20T00:50:52.641254" elapsed="1.300886"/>
</kw>
<status status="PASS" start="2025-03-20T00:50:50.748913" elapsed="3.193725"/>
</kw>
<kw name="Fill the login Form" owner="keywords">
<kw name="Input Text" owner="SeleniumLibrary">
<msg time="2025-03-20T00:50:53.950678" level="INFO">Typing text 'standard_user' into text field 'id=user-name'.</msg>
<arg>id=user-name</arg>
<arg>${USERNAME}</arg>
<doc>Types the given ``text`` into the text field identified by ``locator``.</doc>
<status status="PASS" start="2025-03-20T00:50:53.945813" elapsed="1.295508"/>
</kw>
<kw name="Input Text" owner="SeleniumLibrary">
<msg time="2025-03-20T00:50:55.243641" level="INFO">Typing text 'secret_sauce' into text field 'id=password'.</msg>
<arg>id=password</arg>
<arg>${PASSWORD}</arg>
<doc>Types the given ``text`` into the text field identified by ``locator``.</doc>
<status status="PASS" start="2025-03-20T00:50:55.242191" elapsed="0.568341"/>
</kw>
<kw name="Click Button" owner="SeleniumLibrary">
<msg time="2025-03-20T00:50:55.811616" level="INFO">Clicking button 'id=login-button'.</msg>
<arg>id=login-button</arg>
<doc>Clicks the button identified by ``locator``.</doc>
<status status="PASS" start="2025-03-20T00:50:55.810928" elapsed="0.343272"/>
</kw>
<arg>${USERNAME}</arg>
<arg>${PASSWORD}</arg>
<status status="PASS" start="2025-03-20T00:50:53.943212" elapsed="2.211285"/>
</kw>
<kw name="Wait Until Element Is Visible" owner="SeleniumLibrary">
<arg>id=inventory_container</arg>
<arg>timeout=10s</arg>
<doc>Waits until the element ``locator`` is visible.</doc>
<status status="PASS" start="2025-03-20T00:50:56.154846" elapsed="0.071857"/>
</kw>
<kw name="Verify Card titles in the Shop page" owner="keywords">
<kw name="Create List" owner="BuiltIn">
<msg time="2025-03-20T00:50:56.229015" level="INFO">@{expectedList} = [ Sauce Labs Bike Light | Sauce Labs Bolt T-Shirt | Sauce Labs Fleece Jacket | Sauce Labs Onesie | Test.allTheThings() T-Shirt (Red) ]</msg>
<var>@{expectedList}</var>
<arg>Sauce Labs Bike Light</arg>
<arg>Sauce Labs Bolt T-Shirt</arg>
<arg>Sauce Labs Fleece Jacket</arg>
<arg>Sauce Labs Onesie</arg>
<arg>Test.allTheThings() T-Shirt (Red)</arg>
<doc>Returns a list containing given items.</doc>
<status status="PASS" start="2025-03-20T00:50:56.228355" elapsed="0.000749"/>
</kw>
<kw name="Get WebElements" owner="SeleniumLibrary">
<msg time="2025-03-20T00:50:56.265372" level="INFO">${elements} = [&lt;selenium.webdriver.remote.webelement.WebElement (session="9560fea4faa30f03e0c38304b50cbb04", element="f.02E006AFEEC4F6E67FB96AA7C4E5DCBA.d.36543569030E19E83F632CFDB9231ECE.e.33")&gt;, &lt;selenium.webdriv...</msg>
<var>${elements}</var>
<arg>xpath= (//div[@class='inventory_item'])</arg>
<doc>Returns a list of WebElement objects matching the ``locator``.</doc>
<status status="PASS" start="2025-03-20T00:50:56.229476" elapsed="0.036014"/>
</kw>
<kw name="Create List" owner="BuiltIn">
<msg time="2025-03-20T00:50:56.266545" level="INFO">@{actualList} = [ ]</msg>
<var>@{actualList}</var>
<doc>Returns a list containing given items.</doc>
<status status="PASS" start="2025-03-20T00:50:56.265896" elapsed="0.000743"/>
</kw>
<for flavor="IN">
<iter>
<kw name="Log" owner="BuiltIn">
<msg time="2025-03-20T00:50:56.318329" level="INFO">Sauce Labs Backpack
carry.allTheThings() with the sleek, streamlined Sly Pack that melds uncompromising style with unequaled laptop and tablet protection.
$29.99
Add to cart</msg>
<arg>${element.text}</arg>
<doc>Logs the given message with the given level.</doc>
<status status="PASS" start="2025-03-20T00:50:56.268192" elapsed="0.050305"/>
</kw>
<kw name="Append To List" owner="Collections">
<arg>${actualList}</arg>
<arg>${element.text}</arg>
<doc>Adds ``values`` to the end of ``list``.</doc>
<status status="PASS" start="2025-03-20T00:50:56.318891" elapsed="0.037305"/>
</kw>
<var name="${element}">&lt;selenium.webdriver.remote.webelement.WebElement (session="9560fea4faa30f03e0c38304b50cbb04", element="f.02E006AFEEC4F6E67FB96AA7C4E5DCBA.d.36543569030E19E83F632CFDB9231ECE.e.33")&gt;</var>
<status status="PASS" start="2025-03-20T00:50:56.267577" elapsed="0.088948"/>
</iter>
<iter>
<kw name="Log" owner="BuiltIn">
<msg time="2025-03-20T00:50:56.417032" level="INFO">Sauce Labs Bike Light
A red light isn't the desired state in testing but it sure helps when riding your bike at night. Water-resistant with 3 lighting modes, 1 AAA battery included.
$9.99
Add to cart</msg>
<arg>${element.text}</arg>
<doc>Logs the given message with the given level.</doc>
<status status="PASS" start="2025-03-20T00:50:56.357625" elapsed="0.059594"/>
</kw>
<kw name="Append To List" owner="Collections">
<arg>${actualList}</arg>
<arg>${element.text}</arg>
<doc>Adds ``values`` to the end of ``list``.</doc>
<status status="PASS" start="2025-03-20T00:50:56.417591" elapsed="0.079536"/>
</kw>
<var name="${element}">&lt;selenium.webdriver.remote.webelement.WebElement (session="9560fea4faa30f03e0c38304b50cbb04", element="f.02E006AFEEC4F6E67FB96AA7C4E5DCBA.d.36543569030E19E83F632CFDB9231ECE.e.34")&gt;</var>
<status status="PASS" start="2025-03-20T00:50:56.357030" elapsed="0.140727"/>
</iter>
<iter>
<kw name="Log" owner="BuiltIn">
<msg time="2025-03-20T00:50:56.526008" level="INFO">Sauce Labs Bolt T-Shirt
Get your testing superhero on with the Sauce Labs bolt T-shirt. From American Apparel, 100% ringspun combed cotton, heather gray with red bolt.
$15.99
Add to cart</msg>
<arg>${element.text}</arg>
<doc>Logs the given message with the given level.</doc>
<status status="PASS" start="2025-03-20T00:50:56.498691" elapsed="0.027793"/>
</kw>
<kw name="Append To List" owner="Collections">
<arg>${actualList}</arg>
<arg>${element.text}</arg>
<doc>Adds ``values`` to the end of ``list``.</doc>
<status status="PASS" start="2025-03-20T00:50:56.526920" elapsed="0.034316"/>
</kw>
<var name="${element}">&lt;selenium.webdriver.remote.webelement.WebElement (session="9560fea4faa30f03e0c38304b50cbb04", element="f.02E006AFEEC4F6E67FB96AA7C4E5DCBA.d.36543569030E19E83F632CFDB9231ECE.e.35")&gt;</var>
<status status="PASS" start="2025-03-20T00:50:56.498145" elapsed="0.063415"/>
</iter>
<iter>
<kw name="Log" owner="BuiltIn">
<msg time="2025-03-20T00:50:56.588509" level="INFO">Sauce Labs Fleece Jacket
It's not every day that you come across a midweight quarter-zip fleece jacket capable of handling everything from a relaxing day outdoors to a busy day at the office.
$49.99
Add to cart</msg>
<arg>${element.text}</arg>
<doc>Logs the given message with the given level.</doc>
<status status="PASS" start="2025-03-20T00:50:56.563137" elapsed="0.025565"/>
</kw>
<kw name="Append To List" owner="Collections">
<arg>${actualList}</arg>
<arg>${element.text}</arg>
<doc>Adds ``values`` to the end of ``list``.</doc>
<status status="PASS" start="2025-03-20T00:50:56.589271" elapsed="0.021175"/>
</kw>
<var name="${element}">&lt;selenium.webdriver.remote.webelement.WebElement (session="9560fea4faa30f03e0c38304b50cbb04", element="f.02E006AFEEC4F6E67FB96AA7C4E5DCBA.d.36543569030E19E83F632CFDB9231ECE.e.36")&gt;</var>
<status status="PASS" start="2025-03-20T00:50:56.562041" elapsed="0.048626"/>
</iter>
<iter>
<kw name="Log" owner="BuiltIn">
<msg time="2025-03-20T00:50:56.639625" level="INFO">Sauce Labs Onesie
Rib snap infant onesie for the junior automation engineer in development. Reinforced 3-snap bottom closure, two-needle hemmed sleeved and bottom won't unravel.
$7.99
Add to cart</msg>
<arg>${element.text}</arg>
<doc>Logs the given message with the given level.</doc>
<status status="PASS" start="2025-03-20T00:50:56.611591" elapsed="0.028198"/>
</kw>
<kw name="Append To List" owner="Collections">
<arg>${actualList}</arg>
<arg>${element.text}</arg>
<doc>Adds ``values`` to the end of ``list``.</doc>
<status status="PASS" start="2025-03-20T00:50:56.640187" elapsed="0.021904"/>
</kw>
<var name="${element}">&lt;selenium.webdriver.remote.webelement.WebElement (session="9560fea4faa30f03e0c38304b50cbb04", element="f.02E006AFEEC4F6E67FB96AA7C4E5DCBA.d.36543569030E19E83F632CFDB9231ECE.e.37")&gt;</var>
<status status="PASS" start="2025-03-20T00:50:56.611009" elapsed="0.051372"/>
</iter>
<iter>
<kw name="Log" owner="BuiltIn">
<msg time="2025-03-20T00:50:56.687825" level="INFO">Test.allTheThings() T-Shirt (Red)
This classic Sauce Labs t-shirt is perfect to wear when cozying up to your keyboard to automate a few tests. Super-soft and comfy ringspun combed cotton.
$15.99
Add to cart</msg>
<arg>${element.text}</arg>
<doc>Logs the given message with the given level.</doc>
<status status="PASS" start="2025-03-20T00:50:56.663437" elapsed="0.024574"/>
</kw>
<kw name="Append To List" owner="Collections">
<arg>${actualList}</arg>
<arg>${element.text}</arg>
<doc>Adds ``values`` to the end of ``list``.</doc>
<status status="PASS" start="2025-03-20T00:50:56.688482" elapsed="0.020632"/>
</kw>
<var name="${element}">&lt;selenium.webdriver.remote.webelement.WebElement (session="9560fea4faa30f03e0c38304b50cbb04", element="f.02E006AFEEC4F6E67FB96AA7C4E5DCBA.d.36543569030E19E83F632CFDB9231ECE.e.38")&gt;</var>
<status status="PASS" start="2025-03-20T00:50:56.662746" elapsed="0.046734"/>
</iter>
<var>${element}</var>
<value>@{elements}</value>
<status status="PASS" start="2025-03-20T00:50:56.266853" elapsed="0.442795"/>
</for>
<status status="PASS" start="2025-03-20T00:50:56.227301" elapsed="0.482619"/>
</kw>
<kw name="Close Browser" owner="SeleniumLibrary" type="TEARDOWN">
<doc>Closes the current browser.</doc>
<status status="PASS" start="2025-03-20T00:50:56.710354" elapsed="2.993140"/>
</kw>
<status status="PASS" start="2025-03-20T00:50:50.748011" elapsed="8.955683"/>
</test>
<test id="s1-s1-t3" name="Validate SortProduct Dropdown" line="22">
<kw name="Open Browser To Sauce Demo" owner="keywords">
<kw name="Open Browser" owner="SeleniumLibrary">
<msg time="2025-03-20T00:50:59.706068" level="INFO">Opening browser 'Chrome' to base url 'https://www.saucedemo.com'.</msg>
<arg>${URL}</arg>
<arg>${BROWSER}</arg>
<doc>Opens a new browser instance to the optional ``url``.</doc>
<status status="PASS" start="2025-03-20T00:50:59.705805" elapsed="2.176111"/>
</kw>
<kw name="Maximize Browser Window" owner="SeleniumLibrary">
<doc>Maximizes current browser window.</doc>
<status status="PASS" start="2025-03-20T00:51:01.882316" elapsed="0.486613"/>
</kw>
<status status="PASS" start="2025-03-20T00:50:59.705424" elapsed="2.663841"/>
</kw>
<kw name="Fill the login Form" owner="keywords">
<kw name="Input Text" owner="SeleniumLibrary">
<msg time="2025-03-20T00:51:02.372477" level="INFO">Typing text 'standard_user' into text field 'id=user-name'.</msg>
<arg>id=user-name</arg>
<arg>${USERNAME}</arg>
<doc>Types the given ``text`` into the text field identified by ``locator``.</doc>
<status status="PASS" start="2025-03-20T00:51:02.371315" elapsed="1.477456"/>
</kw>
<kw name="Input Text" owner="SeleniumLibrary">
<msg time="2025-03-20T00:51:03.850649" level="INFO">Typing text 'secret_sauce' into text field 'id=password'.</msg>
<arg>id=password</arg>
<arg>${PASSWORD}</arg>
<doc>Types the given ``text`` into the text field identified by ``locator``.</doc>
<status status="PASS" start="2025-03-20T00:51:03.849333" elapsed="0.621828"/>
</kw>
<kw name="Click Button" owner="SeleniumLibrary">
<msg time="2025-03-20T00:51:04.472832" level="INFO">Clicking button 'id=login-button'.</msg>
<arg>id=login-button</arg>
<doc>Clicks the button identified by ``locator``.</doc>
<status status="PASS" start="2025-03-20T00:51:04.471652" elapsed="0.376090"/>
</kw>
<arg>${USERNAME}</arg>
<arg>${PASSWORD}</arg>
<status status="PASS" start="2025-03-20T00:51:02.369825" elapsed="2.478148"/>
</kw>
<kw name="Click Element" owner="SeleniumLibrary">
<msg time="2025-03-20T00:51:04.848960" level="INFO">Clicking element 'css:.product_sort_container'.</msg>
<arg>css:.product_sort_container</arg>
<doc>Click the element identified by ``locator``.</doc>
<status status="PASS" start="2025-03-20T00:51:04.848277" elapsed="0.239227"/>
</kw>
<kw name="Test SortProduct Option" owner="keywords">
<kw name="Log" owner="BuiltIn">
<msg time="2025-03-20T00:51:05.089972" level="INFO">กำลังเลือกตัวเลือก: Price (high to low)</msg>
<arg>กำลังเลือกตัวเลือก: ${expectedOption}</arg>
<doc>Logs the given message with the given level.</doc>
<status status="PASS" start="2025-03-20T00:51:05.089351" elapsed="0.000742"/>
</kw>
<kw name="Select From List By Label" owner="SeleniumLibrary">
<msg time="2025-03-20T00:51:05.091192" level="INFO">Selecting options from selection list 'css=.product_sort_container' by label Price (high to low).</msg>
<arg>css=.product_sort_container</arg>
<arg>${expectedOption}</arg>
<doc>Selects options from selection list ``locator`` by ``labels``.</doc>
<status status="PASS" start="2025-03-20T00:51:05.090379" elapsed="0.188422"/>
</kw>
<kw name="Get Selected List Label" owner="SeleniumLibrary">
<msg time="2025-03-20T00:51:05.388894" level="INFO">${selectedOption} = Price (high to low)</msg>
<var>${selectedOption}</var>
<arg>css=.product_sort_container</arg>
<doc>Returns the label of selected option from selection list ``locator``.</doc>
<status status="PASS" start="2025-03-20T00:51:05.279694" elapsed="0.109275"/>
</kw>
<kw name="Should Be Equal As Strings" owner="BuiltIn">
<arg>${selectedOption}</arg>
<arg>${expectedOption}</arg>
<doc>Fails if objects are unequal after converting them to strings.</doc>
<status status="PASS" start="2025-03-20T00:51:05.389268" elapsed="0.000834"/>
</kw>
<kw name="Log" owner="BuiltIn">
<msg time="2025-03-20T00:51:05.391302" level="INFO">เลือกตัวเลือกสำเร็จ: Price (high to low)</msg>
<arg>เลือกตัวเลือกสำเร็จ: ${selectedOption}</arg>
<doc>Logs the given message with the given level.</doc>
<status status="PASS" start="2025-03-20T00:51:05.390533" elapsed="0.000930"/>
</kw>
<kw name="Run Keyword If" owner="BuiltIn">
<arg>'${expectedOption}' == 'Price (low to high)'</arg>
<arg>Validate Price Sorting</arg>
<arg>asc</arg>
<doc>Runs the given keyword with the given arguments, if ``condition`` is true.</doc>
<status status="PASS" start="2025-03-20T00:51:05.391792" elapsed="0.000609"/>
</kw>
<kw name="Run Keyword If" owner="BuiltIn">
<kw name="Validate Price Sorting" owner="keywords">
<kw name="Get WebElements" owner="SeleniumLibrary">
<msg time="2025-03-20T00:51:05.411174" level="INFO">@{price_elements} = [ &lt;selenium.webdriver.remote.webelement.WebElement (session="867e9540782dcc85d7f7bee2e3a1b695", element="f.9B6B2FF6E20E124C2C18C03537C89F5D.d.280210BF03FCBF604CCFF50B104408CE.e.59")&gt; | &lt;selenium.webdr...</msg>
<var>@{price_elements}</var>
<arg>css=.inventory_item_price</arg>
<doc>Returns a list of WebElement objects matching the ``locator``.</doc>
<status status="PASS" start="2025-03-20T00:51:05.394635" elapsed="0.016618"/>
</kw>
<kw name="Create List" owner="BuiltIn">
<msg time="2025-03-20T00:51:05.412434" level="INFO">@{actual_prices} = [ ]</msg>
<var>@{actual_prices}</var>
<doc>Returns a list containing given items.</doc>
<status status="PASS" start="2025-03-20T00:51:05.411534" elapsed="0.000966"/>
</kw>
<kw name="Log" owner="BuiltIn">
<msg time="2025-03-20T00:51:05.413290" level="INFO">กำลังตรวจสอบการเรียงลำดับตามราคา (desc)</msg>
<arg>กำลังตรวจสอบการเรียงลำดับตามราคา (${order})</arg>
<doc>Logs the given message with the given level.</doc>
<status status="PASS" start="2025-03-20T00:51:05.412754" elapsed="0.000634"/>
</kw>
<for flavor="IN ENUMERATE">
<iter>
<kw name="Get Text" owner="SeleniumLibrary">
<msg time="2025-03-20T00:51:05.428859" level="INFO">${price_text} = $49.99</msg>
<var>${price_text}</var>
<arg>${element}</arg>
<doc>Returns the text value of the element identified by ``locator``.</doc>
<status status="PASS" start="2025-03-20T00:51:05.415568" elapsed="0.013373"/>
</kw>
<kw name="Set Variable" owner="BuiltIn">
<msg time="2025-03-20T00:51:05.430520" level="INFO">${price} = 49.99</msg>
<var>${price}</var>
<arg>${price_text.replace('$', '')}</arg>
<doc>Returns the given values which can then be assigned to a variables.</doc>
<status status="PASS" start="2025-03-20T00:51:05.429222" elapsed="0.001362"/>
</kw>
<kw name="Convert To Number" owner="BuiltIn">
<msg time="2025-03-20T00:51:05.431462" level="INFO">${price} = 49.99</msg>
<var>${price}</var>
<arg>${price}</arg>
<doc>Converts the given item to a floating point number.</doc>
<status status="PASS" start="2025-03-20T00:51:05.430839" elapsed="0.000685"/>
</kw>
<kw name="Append To List" owner="Collections">
<arg>${actual_prices}</arg>
<arg>${price}</arg>
<doc>Adds ``values`` to the end of ``list``.</doc>
<status status="PASS" start="2025-03-20T00:51:05.431790" elapsed="0.000556"/>
</kw>
<kw name="Log" owner="BuiltIn">
<msg time="2025-03-20T00:51:05.434400" level="INFO">สินค้าลำดับที่ 1: $49.99 -&gt; 49.99</msg>
<arg>สินค้าลำดับที่ ${index+1}: ${price_text} -&gt; ${price}</arg>
<doc>Logs the given message with the given level.</doc>
<status status="PASS" start="2025-03-20T00:51:05.432694" elapsed="0.001849"/>
</kw>
<var name="${index}">0</var>
<var name="${element}">&lt;selenium.webdriver.remote.webelement.WebElement (session="867e9540782dcc85d7f7bee2e3a1b695", element="f.9B6B2FF6E20E124C2C18C03537C89F5D.d.280210BF03FCBF604CCFF50B104408CE.e.59")&gt;</var>
<status status="PASS" start="2025-03-20T00:51:05.414480" elapsed="0.020198"/>
</iter>
<iter>
<kw name="Get Text" owner="SeleniumLibrary">
<msg time="2025-03-20T00:51:05.445433" level="INFO">${price_text} = $29.99</msg>
<var>${price_text}</var>
<arg>${element}</arg>
<doc>Returns the text value of the element identified by ``locator``.</doc>
<status status="PASS" start="2025-03-20T00:51:05.435387" elapsed="0.010135"/>
</kw>
<kw name="Set Variable" owner="BuiltIn">
<msg time="2025-03-20T00:51:05.446889" level="INFO">${price} = 29.99</msg>
<var>${price}</var>
<arg>${price_text.replace('$', '')}</arg>
<doc>Returns the given values which can then be assigned to a variables.</doc>
<status status="PASS" start="2025-03-20T00:51:05.445795" elapsed="0.001156"/>
</kw>
<kw name="Convert To Number" owner="BuiltIn">
<msg time="2025-03-20T00:51:05.447716" level="INFO">${price} = 29.99</msg>
<var>${price}</var>
<arg>${price}</arg>
<doc>Converts the given item to a floating point number.</doc>
<status status="PASS" start="2025-03-20T00:51:05.447227" elapsed="0.000540"/>
</kw>
<kw name="Append To List" owner="Collections">
<arg>${actual_prices}</arg>
<arg>${price}</arg>
<doc>Adds ``values`` to the end of ``list``.</doc>
<status status="PASS" start="2025-03-20T00:51:05.447963" elapsed="0.000485"/>
</kw>
<kw name="Log" owner="BuiltIn">
<msg time="2025-03-20T00:51:05.449909" level="INFO">สินค้าลำดับที่ 2: $29.99 -&gt; 29.99</msg>
<arg>สินค้าลำดับที่ ${index+1}: ${price_text} -&gt; ${price}</arg>
<doc>Logs the given message with the given level.</doc>
<status status="PASS" start="2025-03-20T00:51:05.448673" elapsed="0.001344"/>
</kw>
<var name="${index}">1</var>
<var name="${element}">&lt;selenium.webdriver.remote.webelement.WebElement (session="867e9540782dcc85d7f7bee2e3a1b695", element="f.9B6B2FF6E20E124C2C18C03537C89F5D.d.280210BF03FCBF604CCFF50B104408CE.e.60")&gt;</var>
<status status="PASS" start="2025-03-20T00:51:05.434952" elapsed="0.015155"/>
</iter>
<iter>
<kw name="Get Text" owner="SeleniumLibrary">
<msg time="2025-03-20T00:51:05.459908" level="INFO">${price_text} = $15.99</msg>
<var>${price_text}</var>
<arg>${element}</arg>
<doc>Returns the text value of the element identified by ``locator``.</doc>
<status status="PASS" start="2025-03-20T00:51:05.450656" elapsed="0.009313"/>
</kw>
<kw name="Set Variable" owner="BuiltIn">
<msg time="2025-03-20T00:51:05.461340" level="INFO">${price} = 15.99</msg>
<var>${price}</var>
<arg>${price_text.replace('$', '')}</arg>
<doc>Returns the given values which can then be assigned to a variables.</doc>
<status status="PASS" start="2025-03-20T00:51:05.460243" elapsed="0.001151"/>
</kw>
<kw name="Convert To Number" owner="BuiltIn">
<msg time="2025-03-20T00:51:05.462084" level="INFO">${price} = 15.99</msg>
<var>${price}</var>
<arg>${price}</arg>
<doc>Converts the given item to a floating point number.</doc>
<status status="PASS" start="2025-03-20T00:51:05.461619" elapsed="0.000507"/>
</kw>
<kw name="Append To List" owner="Collections">
<arg>${actual_prices}</arg>
<arg>${price}</arg>
<doc>Adds ``values`` to the end of ``list``.</doc>
<status status="PASS" start="2025-03-20T00:51:05.462313" elapsed="0.000513"/>
</kw>
<kw name="Log" owner="BuiltIn">
<msg time="2025-03-20T00:51:05.464350" level="INFO">สินค้าลำดับที่ 3: $15.99 -&gt; 15.99</msg>
<arg>สินค้าลำดับที่ ${index+1}: ${price_text} -&gt; ${price}</arg>
<doc>Logs the given message with the given level.</doc>
<status status="PASS" start="2025-03-20T00:51:05.463159" elapsed="0.001393"/>
</kw>
<var name="${index}">2</var>
<var name="${element}">&lt;selenium.webdriver.remote.webelement.WebElement (session="867e9540782dcc85d7f7bee2e3a1b695", element="f.9B6B2FF6E20E124C2C18C03537C89F5D.d.280210BF03FCBF604CCFF50B104408CE.e.61")&gt;</var>
<status status="PASS" start="2025-03-20T00:51:05.450318" elapsed="0.014320"/>
</iter>
<iter>
<kw name="Get Text" owner="SeleniumLibrary">
<msg time="2025-03-20T00:51:05.472630" level="INFO">${price_text} = $15.99</msg>
<var>${price_text}</var>
<arg>${element}</arg>
<doc>Returns the text value of the element identified by ``locator``.</doc>
<status status="PASS" start="2025-03-20T00:51:05.465177" elapsed="0.007511"/>
</kw>
<kw name="Set Variable" owner="BuiltIn">
<msg time="2025-03-20T00:51:05.474331" level="INFO">${price} = 15.99</msg>
<var>${price}</var>
<arg>${price_text.replace('$', '')}</arg>
<doc>Returns the given values which can then be assigned to a variables.</doc>
<status status="PASS" start="2025-03-20T00:51:05.472914" elapsed="0.001527"/>
</kw>
<kw name="Convert To Number" owner="BuiltIn">
<msg time="2025-03-20T00:51:05.475853" level="INFO">${price} = 15.99</msg>
<var>${price}</var>
<arg>${price}</arg>
<doc>Converts the given item to a floating point number.</doc>
<status status="PASS" start="2025-03-20T00:51:05.474868" elapsed="0.001084"/>
</kw>
<kw name="Append To List" owner="Collections">
<arg>${actual_prices}</arg>
<arg>${price}</arg>
<doc>Adds ``values`` to the end of ``list``.</doc>
<status status="PASS" start="2025-03-20T00:51:05.476258" elapsed="0.000533"/>
</kw>
<kw name="Log" owner="BuiltIn">
<msg time="2025-03-20T00:51:05.478196" level="INFO">สินค้าลำดับที่ 4: $15.99 -&gt; 15.99</msg>
<arg>สินค้าลำดับที่ ${index+1}: ${price_text} -&gt; ${price}</arg>
<doc>Logs the given message with the given level.</doc>
<status status="PASS" start="2025-03-20T00:51:05.477042" elapsed="0.001269"/>
</kw>
<var name="${index}">3</var>
<var name="${element}">&lt;selenium.webdriver.remote.webelement.WebElement (session="867e9540782dcc85d7f7bee2e3a1b695", element="f.9B6B2FF6E20E124C2C18C03537C89F5D.d.280210BF03FCBF604CCFF50B104408CE.e.62")&gt;</var>
<status status="PASS" start="2025-03-20T00:51:05.464838" elapsed="0.013576"/>
</iter>
<iter>
<kw name="Get Text" owner="SeleniumLibrary">
<msg time="2025-03-20T00:51:05.487277" level="INFO">${price_text} = $9.99</msg>
<var>${price_text}</var>
<arg>${element}</arg>
<doc>Returns the text value of the element identified by ``locator``.</doc>
<status status="PASS" start="2025-03-20T00:51:05.479033" elapsed="0.008301"/>
</kw>
<kw name="Set Variable" owner="BuiltIn">
<msg time="2025-03-20T00:51:05.488404" level="INFO">${price} = 9.99</msg>
<var>${price}</var>
<arg>${price_text.replace('$', '')}</arg>
<doc>Returns the given values which can then be assigned to a variables.</doc>
<status status="PASS" start="2025-03-20T00:51:05.487551" elapsed="0.000922"/>
</kw>
<kw name="Convert To Number" owner="BuiltIn">
<msg time="2025-03-20T00:51:05.489344" level="INFO">${price} = 9.99</msg>
<var>${price}</var>
<arg>${price}</arg>
<doc>Converts the given item to a floating point number.</doc>
<status status="PASS" start="2025-03-20T00:51:05.488713" elapsed="0.000682"/>
</kw>
<kw name="Append To List" owner="Collections">
<arg>${actual_prices}</arg>
<arg>${price}</arg>
<doc>Adds ``values`` to the end of ``list``.</doc>
<status status="PASS" start="2025-03-20T00:51:05.489793" elapsed="0.000697"/>
</kw>
<kw name="Log" owner="BuiltIn">
<msg time="2025-03-20T00:51:05.492135" level="INFO">สินค้าลำดับที่ 5: $9.99 -&gt; 9.99</msg>
<arg>สินค้าลำดับที่ ${index+1}: ${price_text} -&gt; ${price}</arg>
<doc>Logs the given message with the given level.</doc>
<status status="PASS" start="2025-03-20T00:51:05.490759" elapsed="0.001519"/>
</kw>
<var name="${index}">4</var>
<var name="${element}">&lt;selenium.webdriver.remote.webelement.WebElement (session="867e9540782dcc85d7f7bee2e3a1b695", element="f.9B6B2FF6E20E124C2C18C03537C89F5D.d.280210BF03FCBF604CCFF50B104408CE.e.63")&gt;</var>
<status status="PASS" start="2025-03-20T00:51:05.478639" elapsed="0.013786"/>
</iter>
<iter>
<kw name="Get Text" owner="SeleniumLibrary">
<msg time="2025-03-20T00:51:05.503270" level="INFO">${price_text} = $7.99</msg>
<var>${price_text}</var>
<arg>${element}</arg>
<doc>Returns the text value of the element identified by ``locator``.</doc>
<status status="PASS" start="2025-03-20T00:51:05.493176" elapsed="0.010168"/>
</kw>
<kw name="Set Variable" owner="BuiltIn">
<msg time="2025-03-20T00:51:05.504405" level="INFO">${price} = 7.99</msg>
<var>${price}</var>
<arg>${price_text.replace('$', '')}</arg>
<doc>Returns the given values which can then be assigned to a variables.</doc>
<status status="PASS" start="2025-03-20T00:51:05.503626" elapsed="0.000838"/>
</kw>
<kw name="Convert To Number" owner="BuiltIn">
<msg time="2025-03-20T00:51:05.505468" level="INFO">${price} = 7.99</msg>
<var>${price}</var>
<arg>${price}</arg>
<doc>Converts the given item to a floating point number.</doc>
<status status="PASS" start="2025-03-20T00:51:05.504782" elapsed="0.000741"/>
</kw>
<kw name="Append To List" owner="Collections">
<arg>${actual_prices}</arg>
<arg>${price}</arg>
<doc>Adds ``values`` to the end of ``list``.</doc>
<status status="PASS" start="2025-03-20T00:51:05.505731" elapsed="0.001207"/>
</kw>
<kw name="Log" owner="BuiltIn">
<msg time="2025-03-20T00:51:05.508388" level="INFO">สินค้าลำดับที่ 6: $7.99 -&gt; 7.99</msg>
<arg>สินค้าลำดับที่ ${index+1}: ${price_text} -&gt; ${price}</arg>
<doc>Logs the given message with the given level.</doc>
<status status="PASS" start="2025-03-20T00:51:05.507194" elapsed="0.001298"/>
</kw>
<var name="${index}">5</var>
<var name="${element}">&lt;selenium.webdriver.remote.webelement.WebElement (session="867e9540782dcc85d7f7bee2e3a1b695", element="f.9B6B2FF6E20E124C2C18C03537C89F5D.d.280210BF03FCBF604CCFF50B104408CE.e.64")&gt;</var>
<status status="PASS" start="2025-03-20T00:51:05.492720" elapsed="0.015899"/>
</iter>
<var>${index}</var>
<var>${element}</var>
<value>@{price_elements}</value>
<status status="PASS" start="2025-03-20T00:51:05.413570" elapsed="0.095158"/>
</for>
<kw name="Copy List" owner="Collections">
<msg time="2025-03-20T00:51:05.509814" level="INFO">${expected_prices} = [49.99, 29.99, 15.99, 15.99, 9.99, 7.99]</msg>
<var>${expected_prices}</var>
<arg>${actual_prices}</arg>
<doc>Returns a copy of the given list.</doc>
<status status="PASS" start="2025-03-20T00:51:05.509125" elapsed="0.000738"/>
</kw>
<kw name="Copy List" owner="Collections">
<msg time="2025-03-20T00:51:05.510579" level="INFO">${sorted_expected} = [49.99, 29.99, 15.99, 15.99, 9.99, 7.99]</msg>
<var>${sorted_expected}</var>
<arg>${expected_prices}</arg>
<doc>Returns a copy of the given list.</doc>
<status status="PASS" start="2025-03-20T00:51:05.510082" elapsed="0.000543"/>
</kw>
<kw name="Run Keyword If" owner="BuiltIn">
<arg>'${order}' == 'asc'</arg>
<arg>Sort List</arg>
<arg>${sorted_expected}</arg>
<doc>Runs the given keyword with the given arguments, if ``condition`` is true.</doc>
<status status="PASS" start="2025-03-20T00:51:05.510820" elapsed="0.000475"/>
</kw>
<kw name="Copy List" owner="Collections">
<msg time="2025-03-20T00:51:05.512248" level="INFO">${desc_list} = [49.99, 29.99, 15.99, 15.99, 9.99, 7.99]</msg>
<var>${desc_list}</var>
<arg>${sorted_expected}</arg>
<doc>Returns a copy of the given list.</doc>
<status status="PASS" start="2025-03-20T00:51:05.511543" elapsed="0.000788"/>
</kw>
<kw name="Run Keyword If" owner="BuiltIn">
<kw name="Sort List" owner="Collections">
<arg>${desc_list}</arg>
<doc>Sorts the given list in place.</doc>
<status status="PASS" start="2025-03-20T00:51:05.513448" elapsed="0.000562"/>
</kw>
<arg>'${order}' == 'desc'</arg>
<arg>Sort List</arg>
<arg>${desc_list}</arg>
<doc>Runs the given keyword with the given arguments, if ``condition`` is true.</doc>
<status status="PASS" start="2025-03-20T00:51:05.512639" elapsed="0.001815"/>
</kw>
<kw name="Run Keyword If" owner="BuiltIn">
<kw name="Reverse List" owner="Collections">
<arg>${desc_list}</arg>
<doc>Reverses the given list in place.</doc>
<status status="PASS" start="2025-03-20T00:51:05.515637" elapsed="0.000462"/>
</kw>
<arg>'${order}' == 'desc'</arg>
<arg>Reverse List</arg>
<arg>${desc_list}</arg>
<doc>Runs the given keyword with the given arguments, if ``condition`` is true.</doc>
<status status="PASS" start="2025-03-20T00:51:05.514782" elapsed="0.001494"/>
</kw>
<kw name="Run Keyword If" owner="BuiltIn">
<kw name="Set Variable" owner="BuiltIn">
<arg>${sorted_expected}</arg>
<arg>${desc_list}</arg>
<doc>Returns the given values which can then be assigned to a variables.</doc>
<status status="PASS" start="2025-03-20T00:51:05.517085" elapsed="0.000302"/>
</kw>
<arg>'${order}' == 'desc'</arg>
<arg>Set Variable</arg>
<arg>${sorted_expected}</arg>
<arg>${desc_list}</arg>
<doc>Runs the given keyword with the given arguments, if ``condition`` is true.</doc>
<status status="PASS" start="2025-03-20T00:51:05.516527" elapsed="0.000964"/>
</kw>
<kw name="Log" owner="BuiltIn">
<msg time="2025-03-20T00:51:05.518067" level="INFO">ราคาที่ควรเป็น: [49.99, 29.99, 15.99, 15.99, 9.99, 7.99]</msg>
<arg>ราคาที่ควรเป็น: ${sorted_expected}</arg>
<doc>Logs the given message with the given level.</doc>
<status status="PASS" start="2025-03-20T00:51:05.517654" elapsed="0.000488"/>
</kw>
<kw name="Log" owner="BuiltIn">
<msg time="2025-03-20T00:51:05.518666" level="INFO">ราคาจริงบนเว็บ: [49.99, 29.99, 15.99, 15.99, 9.99, 7.99]</msg>
<arg>ราคาจริงบนเว็บ: ${actual_prices}</arg>
<doc>Logs the given message with the given level.</doc>
<status status="PASS" start="2025-03-20T00:51:05.518318" elapsed="0.000418"/>
</kw>
<kw name="Run Keyword And Return Status" owner="BuiltIn">
<kw name="Lists Should Be Equal" owner="Collections">
<arg>${actual_prices}</arg>
<arg>${sorted_expected}</arg>
<doc>Fails if given lists are unequal.</doc>
<status status="PASS" start="2025-03-20T00:51:05.519229" elapsed="0.000498"/>
</kw>
<msg time="2025-03-20T00:51:05.519883" level="INFO">${is_equal} = True</msg>
<var>${is_equal}</var>
<arg>Lists Should Be Equal</arg>
<arg>${actual_prices}</arg>
<arg>${sorted_expected}</arg>
<doc>Runs the given keyword with given arguments and returns the status as a Boolean value.</doc>
<status status="PASS" start="2025-03-20T00:51:05.518922" elapsed="0.000993"/>
</kw>
<kw name="Run Keyword If" owner="BuiltIn">
<kw name="Log" owner="BuiltIn">
<msg time="2025-03-20T00:51:05.520651" level="INFO">การเรียงลำดับราคาถูกต้อง</msg>
<arg>การเรียงลำดับราคาถูกต้อง</arg>
<doc>Logs the given message with the given level.</doc>
<status status="PASS" start="2025-03-20T00:51:05.520461" elapsed="0.000257"/>
</kw>
<arg>${is_equal}</arg>
<arg>Log</arg>
<arg>การเรียงลำดับราคาถูกต้อง</arg>
<doc>Runs the given keyword with the given arguments, if ``condition`` is true.</doc>
<status status="PASS" start="2025-03-20T00:51:05.520098" elapsed="0.000702"/>
</kw>
<kw name="Run Keyword If" owner="BuiltIn">
<arg>not ${is_equal}</arg>
<arg>Log</arg>
<arg>การเรียงลำดับราคาไม่ถูกต้อง</arg>
<doc>Runs the given keyword with the given arguments, if ``condition`` is true.</doc>
<status status="PASS" start="2025-03-20T00:51:05.520937" elapsed="0.000303"/>
</kw>
<for flavor="IN RANGE">
<iter>
<kw name="Get From List" owner="Collections">
<msg time="2025-03-20T00:51:05.522525" level="INFO">${actual} = 49.99</msg>
<var>${actual}</var>
<arg>${actual_prices}</arg>
<arg>${index}</arg>
<doc>Returns the value specified with an ``index`` from ``list``.</doc>
<status status="PASS" start="2025-03-20T00:51:05.522252" elapsed="0.000310"/>
</kw>
<kw name="Get From List" owner="Collections">
<msg time="2025-03-20T00:51:05.522984" level="INFO">${expected} = 49.99</msg>
<var>${expected}</var>
<arg>${sorted_expected}</arg>
<arg>${index}</arg>
<doc>Returns the value specified with an ``index`` from ``list``.</doc>
<status status="PASS" start="2025-03-20T00:51:05.522706" elapsed="0.000310"/>
</kw>
<kw name="Run Keyword And Return Status" owner="BuiltIn">
<kw name="Should Be Equal" owner="BuiltIn">
<arg>${actual}</arg>
<arg>${expected}</arg>
<doc>Fails if the given objects are unequal.</doc>
<status status="PASS" start="2025-03-20T00:51:05.523606" elapsed="0.000413"/>
</kw>
<msg time="2025-03-20T00:51:05.524143" level="INFO">${status} = True</msg>
<var>${status}</var>
<arg>Should Be Equal</arg>
<arg>${actual}</arg>
<arg>${expected}</arg>
<doc>Runs the given keyword with given arguments and returns the status as a Boolean value.</doc>
<status status="PASS" start="2025-03-20T00:51:05.523181" elapsed="0.000993"/>
</kw>
<kw name="Set Variable If" owner="BuiltIn">
<msg time="2025-03-20T00:51:05.524607" level="INFO">${result} = ถูกต้อง</msg>
<var>${result}</var>
<arg>${status}</arg>
<arg>ถูกต้อง</arg>
<arg>ไม่ถูกต้อง</arg>
<doc>Sets variable based on the given condition.</doc>
<status status="PASS" start="2025-03-20T00:51:05.524333" elapsed="0.000312"/>
</kw>
<kw name="Log" owner="BuiltIn">
<msg time="2025-03-20T00:51:05.526374" level="INFO">ตำแหน่งที่ 1: 49.99 == 49.99 : ถูกต้อง</msg>
<arg>ตำแหน่งที่ ${index+1}: ${actual} == ${expected} : ${result}</arg>
<doc>Logs the given message with the given level.</doc>
<status status="PASS" start="2025-03-20T00:51:05.524789" elapsed="0.001662"/>
</kw>
<var name="${index}">0</var>
<status status="PASS" start="2025-03-20T00:51:05.522055" elapsed="0.004476"/>
</iter>
<iter>
<kw name="Get From List" owner="Collections">
<msg time="2025-03-20T00:51:05.527296" level="INFO">${actual} = 29.99</msg>
<var>${actual}</var>
<arg>${actual_prices}</arg>
<arg>${index}</arg>
<doc>Returns the value specified with an ``index`` from ``list``.</doc>
<status status="PASS" start="2025-03-20T00:51:05.527007" elapsed="0.000324"/>
</kw>
<kw name="Get From List" owner="Collections">
<msg time="2025-03-20T00:51:05.527712" level="INFO">${expected} = 29.99</msg>
<var>${expected}</var>
<arg>${sorted_expected}</arg>
<arg>${index}</arg>
<doc>Returns the value specified with an ``index`` from ``list``.</doc>
<status status="PASS" start="2025-03-20T00:51:05.527458" elapsed="0.000286"/>
</kw>
<kw name="Run Keyword And Return Status" owner="BuiltIn">
<kw name="Should Be Equal" owner="BuiltIn">
<arg>${actual}</arg>
<arg>${expected}</arg>
<doc>Fails if the given objects are unequal.</doc>
<status status="PASS" start="2025-03-20T00:51:05.528084" elapsed="0.000239"/>
</kw>
<msg time="2025-03-20T00:51:05.528433" level="INFO">${status} = True</msg>
<var>${status}</var>
<arg>Should Be Equal</arg>
<arg>${actual}</arg>
<arg>${expected}</arg>
<doc>Runs the given keyword with given arguments and returns the status as a Boolean value.</doc>
<status status="PASS" start="2025-03-20T00:51:05.527873" elapsed="0.000591"/>
</kw>
<kw name="Set Variable If" owner="BuiltIn">
<msg time="2025-03-20T00:51:05.528885" level="INFO">${result} = ถูกต้อง</msg>
<var>${result}</var>
<arg>${status}</arg>
<arg>ถูกต้อง</arg>
<arg>ไม่ถูกต้อง</arg>
<doc>Sets variable based on the given condition.</doc>
<status status="PASS" start="2025-03-20T00:51:05.528606" elapsed="0.000315"/>
</kw>
<kw name="Log" owner="BuiltIn">
<msg time="2025-03-20T00:51:05.530459" level="INFO">ตำแหน่งที่ 2: 29.99 == 29.99 : ถูกต้อง</msg>
<arg>ตำแหน่งที่ ${index+1}: ${actual} == ${expected} : ${result}</arg>
<doc>Logs the given message with the given level.</doc>
<status status="PASS" start="2025-03-20T00:51:05.529071" elapsed="0.001461"/>
</kw>
<var name="${index}">1</var>
<status status="PASS" start="2025-03-20T00:51:05.526693" elapsed="0.004000"/>
</iter>
<iter>
<kw name="Get From List" owner="Collections">
<msg time="2025-03-20T00:51:05.531448" level="INFO">${actual} = 15.99</msg>
<var>${actual}</var>
<arg>${actual_prices}</arg>
<arg>${index}</arg>
<doc>Returns the value specified with an ``index`` from ``list``.</doc>
<status status="PASS" start="2025-03-20T00:51:05.531105" elapsed="0.000384"/>
</kw>
<kw name="Get From List" owner="Collections">
<msg time="2025-03-20T00:51:05.531977" level="INFO">${expected} = 15.99</msg>
<var>${expected}</var>
<arg>${sorted_expected}</arg>
<arg>${index}</arg>
<doc>Returns the value specified with an ``index`` from ``list``.</doc>
<status status="PASS" start="2025-03-20T00:51:05.531641" elapsed="0.000375"/>
</kw>
<kw name="Run Keyword And Return Status" owner="BuiltIn">
<kw name="Should Be Equal" owner="BuiltIn">
<arg>${actual}</arg>
<arg>${expected}</arg>
<doc>Fails if the given objects are unequal.</doc>
<status status="PASS" start="2025-03-20T00:51:05.532610" elapsed="0.000356"/>
</kw>
<msg time="2025-03-20T00:51:05.533094" level="INFO">${status} = True</msg>
<var>${status}</var>
<arg>Should Be Equal</arg>
<arg>${actual}</arg>
<arg>${expected}</arg>
<doc>Runs the given keyword with given arguments and returns the status as a Boolean value.</doc>
<status status="PASS" start="2025-03-20T00:51:05.532195" elapsed="0.000931"/>
</kw>
<kw name="Set Variable If" owner="BuiltIn">
<msg time="2025-03-20T00:51:05.533579" level="INFO">${result} = ถูกต้อง</msg>
<var>${result}</var>
<arg>${status}</arg>
<arg>ถูกต้อง</arg>
<arg>ไม่ถูกต้อง</arg>
<doc>Sets variable based on the given condition.</doc>
<status status="PASS" start="2025-03-20T00:51:05.533289" elapsed="0.000328"/>
</kw>
<kw name="Log" owner="BuiltIn">
<msg time="2025-03-20T00:51:05.535209" level="INFO">ตำแหน่งที่ 3: 15.99 == 15.99 : ถูกต้อง</msg>
<arg>ตำแหน่งที่ ${index+1}: ${actual} == ${expected} : ${result}</arg>
<doc>Logs the given message with the given level.</doc>
<status status="PASS" start="2025-03-20T00:51:05.533766" elapsed="0.001524"/>
</kw>
<var name="${index}">2</var>
<status status="PASS" start="2025-03-20T00:51:05.530854" elapsed="0.004512"/>
</iter>
<iter>
<kw name="Get From List" owner="Collections">
<msg time="2025-03-20T00:51:05.536368" level="INFO">${actual} = 15.99</msg>
<var>${actual}</var>
<arg>${actual_prices}</arg>
<arg>${index}</arg>
<doc>Returns the value specified with an ``index`` from ``list``.</doc>
<status status="PASS" start="2025-03-20T00:51:05.535912" elapsed="0.000519"/>
</kw>
<kw name="Get From List" owner="Collections">
<msg time="2025-03-20T00:51:05.537220" level="INFO">${expected} = 15.99</msg>
<var>${expected}</var>
<arg>${sorted_expected}</arg>
<arg>${index}</arg>
<doc>Returns the value specified with an ``index`` from ``list``.</doc>
<status status="PASS" start="2025-03-20T00:51:05.536692" elapsed="0.000597"/>
</kw>
<kw name="Run Keyword And Return Status" owner="BuiltIn">
<kw name="Should Be Equal" owner="BuiltIn">
<arg>${actual}</arg>
<arg>${expected}</arg>
<doc>Fails if the given objects are unequal.</doc>
<status status="PASS" start="2025-03-20T00:51:05.538025" elapsed="0.000665"/>
</kw>
<msg time="2025-03-20T00:51:05.538923" level="INFO">${status} = True</msg>
<var>${status}</var>
<arg>Should Be Equal</arg>
<arg>${actual}</arg>
<arg>${expected}</arg>
<doc>Runs the given keyword with given arguments and returns the status as a Boolean value.</doc>
<status status="PASS" start="2025-03-20T00:51:05.537555" elapsed="0.001405"/>
</kw>
<kw name="Set Variable If" owner="BuiltIn">
<msg time="2025-03-20T00:51:05.540274" level="INFO">${result} = ถูกต้อง</msg>
<var>${result}</var>
<arg>${status}</arg>
<arg>ถูกต้อง</arg>
<arg>ไม่ถูกต้อง</arg>
<doc>Sets variable based on the given condition.</doc>
<status status="PASS" start="2025-03-20T00:51:05.539355" elapsed="0.001023"/>
</kw>
<kw name="Log" owner="BuiltIn">
<msg time="2025-03-20T00:51:05.542852" level="INFO">ตำแหน่งที่ 4: 15.99 == 15.99 : ถูกต้อง</msg>
<arg>ตำแหน่งที่ ${index+1}: ${actual} == ${expected} : ${result}</arg>
<doc>Logs the given message with the given level.</doc>
<status status="PASS" start="2025-03-20T00:51:05.540688" elapsed="0.002291"/>
</kw>
<var name="${index}">3</var>
<status status="PASS" start="2025-03-20T00:51:05.535525" elapsed="0.007577"/>
</iter>
<iter>
<kw name="Get From List" owner="Collections">
<msg time="2025-03-20T00:51:05.544140" level="INFO">${actual} = 9.99</msg>
<var>${actual}</var>
<arg>${actual_prices}</arg>
<arg>${index}</arg>
<doc>Returns the value specified with an ``index`` from ``list``.</doc>
<status status="PASS" start="2025-03-20T00:51:05.543776" elapsed="0.000421"/>
</kw>
<kw name="Get From List" owner="Collections">
<msg time="2025-03-20T00:51:05.544913" level="INFO">${expected} = 9.99</msg>
<var>${expected}</var>
<arg>${sorted_expected}</arg>
<arg>${index}</arg>
<doc>Returns the value specified with an ``index`` from ``list``.</doc>
<status status="PASS" start="2025-03-20T00:51:05.544416" elapsed="0.000558"/>
</kw>
<kw name="Run Keyword And Return Status" owner="BuiltIn">
<kw name="Should Be Equal" owner="BuiltIn">
<arg>${actual}</arg>
<arg>${expected}</arg>
<doc>Fails if the given objects are unequal.</doc>
<status status="PASS" start="2025-03-20T00:51:05.545714" elapsed="0.000561"/>
</kw>
<msg time="2025-03-20T00:51:05.546482" level="INFO">${status} = True</msg>
<var>${status}</var>
<arg>Should Be Equal</arg>
<arg>${actual}</arg>
<arg>${expected}</arg>
<doc>Runs the given keyword with given arguments and returns the status as a Boolean value.</doc>
<status status="PASS" start="2025-03-20T00:51:05.545209" elapsed="0.001322"/>
</kw>
<kw name="Set Variable If" owner="BuiltIn">
<msg time="2025-03-20T00:51:05.547236" level="INFO">${result} = ถูกต้อง</msg>
<var>${result}</var>
<arg>${status}</arg>
<arg>ถูกต้อง</arg>
<arg>ไม่ถูกต้อง</arg>
<doc>Sets variable based on the given condition.</doc>
<status status="PASS" start="2025-03-20T00:51:05.546737" elapsed="0.000553"/>
</kw>
<kw name="Log" owner="BuiltIn">
<msg time="2025-03-20T00:51:05.549718" level="INFO">ตำแหน่งที่ 5: 9.99 == 9.99 : ถูกต้อง</msg>
<arg>ตำแหน่งที่ ${index+1}: ${actual} == ${expected} : ${result}</arg>
<doc>Logs the given message with the given level.</doc>
<status status="PASS" start="2025-03-20T00:51:05.547566" elapsed="0.002253"/>
</kw>
<var name="${index}">4</var>
<status status="PASS" start="2025-03-20T00:51:05.543363" elapsed="0.006554"/>
</iter>
<iter>
<kw name="Get From List" owner="Collections">
<msg time="2025-03-20T00:51:05.551700" level="INFO">${actual} = 7.99</msg>
<var>${actual}</var>
<arg>${actual_prices}</arg>
<arg>${index}</arg>
<doc>Returns the value specified with an ``index`` from ``list``.</doc>
<status status="PASS" start="2025-03-20T00:51:05.550835" elapsed="0.000933"/>
</kw>
<kw name="Get From List" owner="Collections">
<msg time="2025-03-20T00:51:05.552848" level="INFO">${expected} = 7.99</msg>
<var>${expected}</var>
<arg>${sorted_expected}</arg>
<arg>${index}</arg>
<doc>Returns the value specified with an ``index`` from ``list``.</doc>
<status status="PASS" start="2025-03-20T00:51:05.552068" elapsed="0.000856"/>
</kw>
<kw name="Run Keyword And Return Status" owner="BuiltIn">
<kw name="Should Be Equal" owner="BuiltIn">
<arg>${actual}</arg>
<arg>${expected}</arg>
<doc>Fails if the given objects are unequal.</doc>
<status status="PASS" start="2025-03-20T00:51:05.553942" elapsed="0.000580"/>
</kw>
<msg time="2025-03-20T00:51:05.554683" level="INFO">${status} = True</msg>
<var>${status}</var>
<arg>Should Be Equal</arg>
<arg>${actual}</arg>
<arg>${expected}</arg>
<doc>Runs the given keyword with given arguments and returns the status as a Boolean value.</doc>
<status status="PASS" start="2025-03-20T00:51:05.553185" elapsed="0.001768"/>
</kw>
<kw name="Set Variable If" owner="BuiltIn">
<msg time="2025-03-20T00:51:05.555795" level="INFO">${result} = ถูกต้อง</msg>
<var>${result}</var>
<arg>${status}</arg>
<arg>ถูกต้อง</arg>
<arg>ไม่ถูกต้อง</arg>
<doc>Sets variable based on the given condition.</doc>
<status status="PASS" start="2025-03-20T00:51:05.555209" elapsed="0.000639"/>
</kw>
<kw name="Log" owner="BuiltIn">
<msg time="2025-03-20T00:51:05.558304" level="INFO">ตำแหน่งที่ 6: 7.99 == 7.99 : ถูกต้อง</msg>
<arg>ตำแหน่งที่ ${index+1}: ${actual} == ${expected} : ${result}</arg>
<doc>Logs the given message with the given level.</doc>
<status status="PASS" start="2025-03-20T00:51:05.556065" elapsed="0.002326"/>
</kw>
<var name="${index}">5</var>
<status status="PASS" start="2025-03-20T00:51:05.550160" elapsed="0.008316"/>
</iter>
<var>${index}</var>
<value>0</value>
<value>${actual_prices.__len__()}</value>
<status status="PASS" start="2025-03-20T00:51:05.521339" elapsed="0.037207"/>
</for>
<kw name="Lists Should Be Equal" owner="Collections">
<arg>${actual_prices}</arg>
<arg>${sorted_expected}</arg>
<doc>Fails if given lists are unequal.</doc>
<status status="PASS" start="2025-03-20T00:51:05.558721" elapsed="0.000522"/>
</kw>
<arg>desc</arg>
<status status="PASS" start="2025-03-20T00:51:05.393784" elapsed="0.165600"/>
</kw>
<arg>'${expectedOption}' == 'Price (high to low)'</arg>
<arg>Validate Price Sorting</arg>
<arg>desc</arg>
<doc>Runs the given keyword with the given arguments, if ``condition`` is true.</doc>
<status status="PASS" start="2025-03-20T00:51:05.392751" elapsed="0.166705"/>
</kw>
<kw name="Run Keyword If" owner="BuiltIn">
<arg>'${expectedOption}' == 'Name (A to Z)'</arg>
<arg>Validate Name Sorting</arg>
<arg>asc</arg>
<doc>Runs the given keyword with the given arguments, if ``condition`` is true.</doc>
<status status="PASS" start="2025-03-20T00:51:05.559704" elapsed="0.000587"/>
</kw>
<kw name="Run Keyword If" owner="BuiltIn">
<arg>'${expectedOption}' == 'Name (Z to A)'</arg>
<arg>Validate Name Sorting</arg>
<arg>desc</arg>
<doc>Runs the given keyword with the given arguments, if ``condition`` is true.</doc>
<status status="PASS" start="2025-03-20T00:51:05.560645" elapsed="0.000575"/>
</kw>
<arg>Price (high to low)</arg>
<status status="PASS" start="2025-03-20T00:51:05.088252" elapsed="0.473163"/>
</kw>
<kw name="Test SortProduct Option" owner="keywords">
<kw name="Log" owner="BuiltIn">
<msg time="2025-03-20T00:51:05.563183" level="INFO">กำลังเลือกตัวเลือก: Price (low to high)</msg>
<arg>กำลังเลือกตัวเลือก: ${expectedOption}</arg>
<doc>Logs the given message with the given level.</doc>
<status status="PASS" start="2025-03-20T00:51:05.562535" elapsed="0.000766"/>
</kw>
<kw name="Select From List By Label" owner="SeleniumLibrary">
<msg time="2025-03-20T00:51:05.564363" level="INFO">Selecting options from selection list 'css=.product_sort_container' by label Price (low to high).</msg>
<arg>css=.product_sort_container</arg>
<arg>${expectedOption}</arg>
<doc>Selects options from selection list ``locator`` by ``labels``.</doc>
<status status="PASS" start="2025-03-20T00:51:05.563549" elapsed="0.126175"/>
</kw>
<kw name="Get Selected List Label" owner="SeleniumLibrary">
<msg time="2025-03-20T00:51:05.773199" level="INFO">${selectedOption} = Price (low to high)</msg>
<var>${selectedOption}</var>
<arg>css=.product_sort_container</arg>
<doc>Returns the label of selected option from selection list ``locator``.</doc>
<status status="PASS" start="2025-03-20T00:51:05.690309" elapsed="0.082978"/>
</kw>
<kw name="Should Be Equal As Strings" owner="BuiltIn">
<arg>${selectedOption}</arg>
<arg>${expectedOption}</arg>
<doc>Fails if objects are unequal after converting them to strings.</doc>
<status status="PASS" start="2025-03-20T00:51:05.773625" elapsed="0.000706"/>
</kw>
<kw name="Log" owner="BuiltIn">
<msg time="2025-03-20T00:51:05.775461" level="INFO">เลือกตัวเลือกสำเร็จ: Price (low to high)</msg>
<arg>เลือกตัวเลือกสำเร็จ: ${selectedOption}</arg>
<doc>Logs the given message with the given level.</doc>
<status status="PASS" start="2025-03-20T00:51:05.774670" elapsed="0.000902"/>
</kw>
<kw name="Run Keyword If" owner="BuiltIn">
<kw name="Validate Price Sorting" owner="keywords">
<kw name="Get WebElements" owner="SeleniumLibrary">
<msg time="2025-03-20T00:51:05.789510" level="INFO">@{price_elements} = [ &lt;selenium.webdriver.remote.webelement.WebElement (session="867e9540782dcc85d7f7bee2e3a1b695", element="f.9B6B2FF6E20E124C2C18C03537C89F5D.d.280210BF03FCBF604CCFF50B104408CE.e.64")&gt; | &lt;selenium.webdr...</msg>
<var>@{price_elements}</var>
<arg>css=.inventory_item_price</arg>
<doc>Returns a list of WebElement objects matching the ``locator``.</doc>
<status status="PASS" start="2025-03-20T00:51:05.777968" elapsed="0.011631"/>
</kw>
<kw name="Create List" owner="BuiltIn">
<msg time="2025-03-20T00:51:05.790371" level="INFO">@{actual_prices} = [ ]</msg>
<var>@{actual_prices}</var>
<doc>Returns a list containing given items.</doc>
<status status="PASS" start="2025-03-20T00:51:05.789871" elapsed="0.000548"/>
</kw>
<kw name="Log" owner="BuiltIn">
<msg time="2025-03-20T00:51:05.791012" level="INFO">กำลังตรวจสอบการเรียงลำดับตามราคา (asc)</msg>
<arg>กำลังตรวจสอบการเรียงลำดับตามราคา (${order})</arg>
<doc>Logs the given message with the given level.</doc>
<status status="PASS" start="2025-03-20T00:51:05.790637" elapsed="0.000445"/>
</kw>
<for flavor="IN ENUMERATE">
<iter>
<kw name="Get Text" owner="SeleniumLibrary">
<msg time="2025-03-20T00:51:05.803135" level="INFO">${price_text} = $7.99</msg>
<var>${price_text}</var>
<arg>${element}</arg>
<doc>Returns the text value of the element identified by ``locator``.</doc>
<status status="PASS" start="2025-03-20T00:51:05.791909" elapsed="0.011320"/>
</kw>
<kw name="Set Variable" owner="BuiltIn">
<msg time="2025-03-20T00:51:05.804618" level="INFO">${price} = 7.99</msg>
<var>${price}</var>
<arg>${price_text.replace('$', '')}</arg>
<doc>Returns the given values which can then be assigned to a variables.</doc>
<status status="PASS" start="2025-03-20T00:51:05.803538" elapsed="0.001153"/>
</kw>
<kw name="Convert To Number" owner="BuiltIn">
<msg time="2025-03-20T00:51:05.805461" level="INFO">${price} = 7.99</msg>
<var>${price}</var>
<arg>${price}</arg>
<doc>Converts the given item to a floating point number.</doc>
<status status="PASS" start="2025-03-20T00:51:05.804938" elapsed="0.000581"/>
</kw>
<kw name="Append To List" owner="Collections">
<arg>${actual_prices}</arg>
<arg>${price}</arg>
<doc>Adds ``values`` to the end of ``list``.</doc>
<status status="PASS" start="2025-03-20T00:51:05.805751" elapsed="0.000448"/>
</kw>
<kw name="Log" owner="BuiltIn">
<msg time="2025-03-20T00:51:05.807372" level="INFO">สินค้าลำดับที่ 1: $7.99 -&gt; 7.99</msg>
<arg>สินค้าลำดับที่ ${index+1}: ${price_text} -&gt; ${price}</arg>
<doc>Logs the given message with the given level.</doc>
<status status="PASS" start="2025-03-20T00:51:05.806464" elapsed="0.001014"/>
</kw>
<var name="${index}">0</var>
<var name="${element}">&lt;selenium.webdriver.remote.webelement.WebElement (session="867e9540782dcc85d7f7bee2e3a1b695", element="f.9B6B2FF6E20E124C2C18C03537C89F5D.d.280210BF03FCBF604CCFF50B104408CE.e.64")&gt;</var>
<status status="PASS" start="2025-03-20T00:51:05.791533" elapsed="0.016032"/>
</iter>
<iter>
<kw name="Get Text" owner="SeleniumLibrary">
<msg time="2025-03-20T00:51:05.820835" level="INFO">${price_text} = $9.99</msg>
<var>${price_text}</var>
<arg>${element}</arg>
<doc>Returns the text value of the element identified by ``locator``.</doc>
<status status="PASS" start="2025-03-20T00:51:05.808099" elapsed="0.012825"/>
</kw>
<kw name="Set Variable" owner="BuiltIn">
<msg time="2025-03-20T00:51:05.822172" level="INFO">${price} = 9.99</msg>
<var>${price}</var>
<arg>${price_text.replace('$', '')}</arg>
<doc>Returns the given values which can then be assigned to a variables.</doc>
<status status="PASS" start="2025-03-20T00:51:05.821202" elapsed="0.001015"/>
</kw>
<kw name="Convert To Number" owner="BuiltIn">
<msg time="2025-03-20T00:51:05.822768" level="INFO">${price} = 9.99</msg>
<var>${price}</var>
<arg>${price}</arg>
<doc>Converts the given item to a floating point number.</doc>
<status status="PASS" start="2025-03-20T00:51:05.822391" elapsed="0.000421"/>
</kw>
<kw name="Append To List" owner="Collections">
<arg>${actual_prices}</arg>
<arg>${price}</arg>
<doc>Adds ``values`` to the end of ``list``.</doc>
<status status="PASS" start="2025-03-20T00:51:05.823046" elapsed="0.000425"/>
</kw>
<kw name="Log" owner="BuiltIn">
<msg time="2025-03-20T00:51:05.824478" level="INFO">สินค้าลำดับที่ 2: $9.99 -&gt; 9.99</msg>
<arg>สินค้าลำดับที่ ${index+1}: ${price_text} -&gt; ${price}</arg>
<doc>Logs the given message with the given level.</doc>
<status status="PASS" start="2025-03-20T00:51:05.823641" elapsed="0.000914"/>
</kw>
<var name="${index}">1</var>
<var name="${element}">&lt;selenium.webdriver.remote.webelement.WebElement (session="867e9540782dcc85d7f7bee2e3a1b695", element="f.9B6B2FF6E20E124C2C18C03537C89F5D.d.280210BF03FCBF604CCFF50B104408CE.e.63")&gt;</var>
<status status="PASS" start="2025-03-20T00:51:05.807765" elapsed="0.016874"/>
</iter>
<iter>
<kw name="Get Text" owner="SeleniumLibrary">
<msg time="2025-03-20T00:51:05.837190" level="INFO">${price_text} = $15.99</msg>
<var>${price_text}</var>
<arg>${element}</arg>
<doc>Returns the text value of the element identified by ``locator``.</doc>
<status status="PASS" start="2025-03-20T00:51:05.825233" elapsed="0.012034"/>
</kw>
<kw name="Set Variable" owner="BuiltIn">
<msg time="2025-03-20T00:51:05.839016" level="INFO">${price} = 15.99</msg>
<var>${price}</var>
<arg>${price_text.replace('$', '')}</arg>
<doc>Returns the given values which can then be assigned to a variables.</doc>
<status status="PASS" start="2025-03-20T00:51:05.837585" elapsed="0.001495"/>
</kw>
<kw name="Convert To Number" owner="BuiltIn">
<msg time="2025-03-20T00:51:05.839913" level="INFO">${price} = 15.99</msg>
<var>${price}</var>
<arg>${price}</arg>
<doc>Converts the given item to a floating point number.</doc>
<status status="PASS" start="2025-03-20T00:51:05.839337" elapsed="0.000621"/>
</kw>
<kw name="Append To List" owner="Collections">
<arg>${actual_prices}</arg>
<arg>${price}</arg>
<doc>Adds ``values`` to the end of ``list``.</doc>
<status status="PASS" start="2025-03-20T00:51:05.840186" elapsed="0.000501"/>
</kw>
<kw name="Log" owner="BuiltIn">
<msg time="2025-03-20T00:51:05.842343" level="INFO">สินค้าลำดับที่ 3: $15.99 -&gt; 15.99</msg>
<arg>สินค้าลำดับที่ ${index+1}: ${price_text} -&gt; ${price}</arg>
<doc>Logs the given message with the given level.</doc>
<status status="PASS" start="2025-03-20T00:51:05.840923" elapsed="0.001575"/>
</kw>
<var name="${index}">2</var>
<var name="${element}">&lt;selenium.webdriver.remote.webelement.WebElement (session="867e9540782dcc85d7f7bee2e3a1b695", element="f.9B6B2FF6E20E124C2C18C03537C89F5D.d.280210BF03FCBF604CCFF50B104408CE.e.61")&gt;</var>
<status status="PASS" start="2025-03-20T00:51:05.824844" elapsed="0.017809"/>
</iter>
<iter>
<kw name="Get Text" owner="SeleniumLibrary">
<msg time="2025-03-20T00:51:05.856090" level="INFO">${price_text} = $15.99</msg>
<var>${price_text}</var>
<arg>${element}</arg>
<doc>Returns the text value of the element identified by ``locator``.</doc>
<status status="PASS" start="2025-03-20T00:51:05.844107" elapsed="0.012119"/>
</kw>
<kw name="Set Variable" owner="BuiltIn">
<msg time="2025-03-20T00:51:05.857389" level="INFO">${price} = 15.99</msg>
<var>${price}</var>
<arg>${price_text.replace('$', '')}</arg>
<doc>Returns the given values which can then be assigned to a variables.</doc>
<status status="PASS" start="2025-03-20T00:51:05.856450" elapsed="0.001029"/>
</kw>
<kw name="Convert To Number" owner="BuiltIn">
<msg time="2025-03-20T00:51:05.858150" level="INFO">${price} = 15.99</msg>
<var>${price}</var>
<arg>${price}</arg>
<doc>Converts the given item to a floating point number.</doc>
<status status="PASS" start="2025-03-20T00:51:05.857690" elapsed="0.000506"/>
</kw>
<kw name="Append To List" owner="Collections">
<arg>${actual_prices}</arg>
<arg>${price}</arg>
<doc>Adds ``values`` to the end of ``list``.</doc>
<status status="PASS" start="2025-03-20T00:51:05.858367" elapsed="0.000577"/>
</kw>
<kw name="Log" owner="BuiltIn">
<msg time="2025-03-20T00:51:05.860609" level="INFO">สินค้าลำดับที่ 4: $15.99 -&gt; 15.99</msg>
<arg>สินค้าลำดับที่ ${index+1}: ${price_text} -&gt; ${price}</arg>
<doc>Logs the given message with the given level.</doc>
<status status="PASS" start="2025-03-20T00:51:05.859190" elapsed="0.001575"/>
</kw>
<var name="${index}">3</var>
<var name="${element}">&lt;selenium.webdriver.remote.webelement.WebElement (session="867e9540782dcc85d7f7bee2e3a1b695", element="f.9B6B2FF6E20E124C2C18C03537C89F5D.d.280210BF03FCBF604CCFF50B104408CE.e.62")&gt;</var>
<status status="PASS" start="2025-03-20T00:51:05.843116" elapsed="0.017774"/>
</iter>
<iter>
<kw name="Get Text" owner="SeleniumLibrary">
<msg time="2025-03-20T00:51:05.871957" level="INFO">${price_text} = $29.99</msg>
<var>${price_text}</var>
<arg>${element}</arg>
<doc>Returns the text value of the element identified by ``locator``.</doc>
<status status="PASS" start="2025-03-20T00:51:05.861577" elapsed="0.010450"/>
</kw>
<kw name="Set Variable" owner="BuiltIn">
<msg time="2025-03-20T00:51:05.873784" level="INFO">${price} = 29.99</msg>
<var>${price}</var>
<arg>${price_text.replace('$', '')}</arg>
<doc>Returns the given values which can then be assigned to a variables.</doc>
<status status="PASS" start="2025-03-20T00:51:05.872296" elapsed="0.001635"/>
</kw>
<kw name="Convert To Number" owner="BuiltIn">
<msg time="2025-03-20T00:51:05.875074" level="INFO">${price} = 29.99</msg>
<var>${price}</var>
<arg>${price}</arg>
<doc>Converts the given item to a floating point number.</doc>
<status status="PASS" start="2025-03-20T00:51:05.874329" elapsed="0.000824"/>
</kw>
<kw name="Append To List" owner="Collections">
<arg>${actual_prices}</arg>
<arg>${price}</arg>
<doc>Adds ``values`` to the end of ``list``.</doc>
<status status="PASS" start="2025-03-20T00:51:05.875448" elapsed="0.000663"/>
</kw>
<kw name="Log" owner="BuiltIn">
<msg time="2025-03-20T00:51:05.878348" level="INFO">สินค้าลำดับที่ 5: $29.99 -&gt; 29.99</msg>
<arg>สินค้าลำดับที่ ${index+1}: ${price_text} -&gt; ${price}</arg>
<doc>Logs the given message with the given level.</doc>
<status status="PASS" start="2025-03-20T00:51:05.876642" elapsed="0.001875"/>
</kw>
<var name="${index}">4</var>
<var name="${element}">&lt;selenium.webdriver.remote.webelement.WebElement (session="867e9540782dcc85d7f7bee2e3a1b695", element="f.9B6B2FF6E20E124C2C18C03537C89F5D.d.280210BF03FCBF604CCFF50B104408CE.e.60")&gt;</var>
<status status="PASS" start="2025-03-20T00:51:05.861096" elapsed="0.017576"/>
</iter>
<iter>
<kw name="Get Text" owner="SeleniumLibrary">
<msg time="2025-03-20T00:51:05.892943" level="INFO">${price_text} = $49.99</msg>
<var>${price_text}</var>
<arg>${element}</arg>
<doc>Returns the text value of the element identified by ``locator``.</doc>
<status status="PASS" start="2025-03-20T00:51:05.879621" elapsed="0.013384"/>
</kw>
<kw name="Set Variable" owner="BuiltIn">
<msg time="2025-03-20T00:51:05.895219" level="INFO">${price} = 49.99</msg>
<var>${price}</var>
<arg>${price_text.replace('$', '')}</arg>
<doc>Returns the given values which can then be assigned to a variables.</doc>
<status status="PASS" start="2025-03-20T00:51:05.893492" elapsed="0.001811"/>
</kw>
<kw name="Convert To Number" owner="BuiltIn">
<msg time="2025-03-20T00:51:05.896317" level="INFO">${price} = 49.99</msg>
<var>${price}</var>
<arg>${price}</arg>
<doc>Converts the given item to a floating point number.</doc>
<status status="PASS" start="2025-03-20T00:51:05.895633" elapsed="0.000758"/>
</kw>
<kw name="Append To List" owner="Collections">
<arg>${actual_prices}</arg>
<arg>${price}</arg>
<doc>Adds ``values`` to the end of ``list``.</doc>
<status status="PASS" start="2025-03-20T00:51:05.896680" elapsed="0.000762"/>
</kw>
<kw name="Log" owner="BuiltIn">
<msg time="2025-03-20T00:51:05.899643" level="INFO">สินค้าลำดับที่ 6: $49.99 -&gt; 49.99</msg>
<arg>สินค้าลำดับที่ ${index+1}: ${price_text} -&gt; ${price}</arg>
<doc>Logs the given message with the given level.</doc>
<status status="PASS" start="2025-03-20T00:51:05.897852" elapsed="0.001917"/>
</kw>
<var name="${index}">5</var>
<var name="${element}">&lt;selenium.webdriver.remote.webelement.WebElement (session="867e9540782dcc85d7f7bee2e3a1b695", element="f.9B6B2FF6E20E124C2C18C03537C89F5D.d.280210BF03FCBF604CCFF50B104408CE.e.59")&gt;</var>
<status status="PASS" start="2025-03-20T00:51:05.878995" elapsed="0.020886"/>
</iter>
<var>${index}</var>
<var>${element}</var>
<value>@{price_elements}</value>
<status status="PASS" start="2025-03-20T00:51:05.791179" elapsed="0.108836"/>
</for>
<kw name="Copy List" owner="Collections">
<msg time="2025-03-20T00:51:05.900656" level="INFO">${expected_prices} = [7.99, 9.99, 15.99, 15.99, 29.99, 49.99]</msg>
<var>${expected_prices}</var>
<arg>${actual_prices}</arg>
<doc>Returns a copy of the given list.</doc>
<status status="PASS" start="2025-03-20T00:51:05.900230" elapsed="0.000464"/>
</kw>
<kw name="Copy List" owner="Collections">
<msg time="2025-03-20T00:51:05.901684" level="INFO">${sorted_expected} = [7.99, 9.99, 15.99, 15.99, 29.99, 49.99]</msg>
<var>${sorted_expected}</var>
<arg>${expected_prices}</arg>
<doc>Returns a copy of the given list.</doc>
<status status="PASS" start="2025-03-20T00:51:05.901166" elapsed="0.000564"/>
</kw>
<kw name="Run Keyword If" owner="BuiltIn">
<kw name="Sort List" owner="Collections">
<arg>${sorted_expected}</arg>
<doc>Sorts the given list in place.</doc>
<status status="PASS" start="2025-03-20T00:51:05.902513" elapsed="0.000647"/>
</kw>
<arg>'${order}' == 'asc'</arg>
<arg>Sort List</arg>
<arg>${sorted_expected}</arg>
<doc>Runs the given keyword with the given arguments, if ``condition`` is true.</doc>
<status status="PASS" start="2025-03-20T00:51:05.901963" elapsed="0.001374"/>
</kw>
<kw name="Copy List" owner="Collections">
<msg time="2025-03-20T00:51:05.904122" level="INFO">${desc_list} = [7.99, 9.99, 15.99, 15.99, 29.99, 49.99]</msg>
<var>${desc_list}</var>
<arg>${sorted_expected}</arg>
<doc>Returns a copy of the given list.</doc>
<status status="PASS" start="2025-03-20T00:51:05.903538" elapsed="0.000638"/>
</kw>
<kw name="Run Keyword If" owner="BuiltIn">
<arg>'${order}' == 'desc'</arg>
<arg>Sort List</arg>
<arg>${desc_list}</arg>
<doc>Runs the given keyword with the given arguments, if ``condition`` is true.</doc>
<status status="PASS" start="2025-03-20T00:51:05.904424" elapsed="0.001977"/>
</kw>
<kw name="Run Keyword If" owner="BuiltIn">
<arg>'${order}' == 'desc'</arg>
<arg>Reverse List</arg>
<arg>${desc_list}</arg>
<doc>Runs the given keyword with the given arguments, if ``condition`` is true.</doc>
<status status="PASS" start="2025-03-20T00:51:05.906942" elapsed="0.000949"/>
</kw>
<kw name="Run Keyword If" owner="BuiltIn">
<arg>'${order}' == 'desc'</arg>
<arg>Set Variable</arg>
<arg>${sorted_expected}</arg>
<arg>${desc_list}</arg>
<doc>Runs the given keyword with the given arguments, if ``condition`` is true.</doc>
<status status="PASS" start="2025-03-20T00:51:05.908131" elapsed="0.000500"/>
</kw>
<kw name="Log" owner="BuiltIn">
<msg time="2025-03-20T00:51:05.909367" level="INFO">ราคาที่ควรเป็น: [7.99, 9.99, 15.99, 15.99, 29.99, 49.99]</msg>
<arg>ราคาที่ควรเป็น: ${sorted_expected}</arg>
<doc>Logs the given message with the given level.</doc>
<status status="PASS" start="2025-03-20T00:51:05.908848" elapsed="0.000624"/>
</kw>
<kw name="Log" owner="BuiltIn">
<msg time="2025-03-20T00:51:05.910218" level="INFO">ราคาจริงบนเว็บ: [7.99, 9.99, 15.99, 15.99, 29.99, 49.99]</msg>
<arg>ราคาจริงบนเว็บ: ${actual_prices}</arg>
<doc>Logs the given message with the given level.</doc>
<status status="PASS" start="2025-03-20T00:51:05.909701" elapsed="0.000634"/>
</kw>
<kw name="Run Keyword And Return Status" owner="BuiltIn">
<kw name="Lists Should Be Equal" owner="Collections">
<arg>${actual_prices}</arg>
<arg>${sorted_expected}</arg>
<doc>Fails if given lists are unequal.</doc>
<status status="PASS" start="2025-03-20T00:51:05.911241" elapsed="0.000493"/>
</kw>
<msg time="2025-03-20T00:51:05.911919" level="INFO">${is_equal} = True</msg>
<var>${is_equal}</var>
<arg>Lists Should Be Equal</arg>
<arg>${actual_prices}</arg>
<arg>${sorted_expected}</arg>
<doc>Runs the given keyword with given arguments and returns the status as a Boolean value.</doc>
<status status="PASS" start="2025-03-20T00:51:05.910635" elapsed="0.001327"/>
</kw>
<kw name="Run Keyword If" owner="BuiltIn">
<kw name="Log" owner="BuiltIn">
<msg time="2025-03-20T00:51:05.913130" level="INFO">การเรียงลำดับราคาถูกต้อง</msg>
<arg>การเรียงลำดับราคาถูกต้อง</arg>
<doc>Logs the given message with the given level.</doc>
<status status="PASS" start="2025-03-20T00:51:05.912737" elapsed="0.000495"/>
</kw>
<arg>${is_equal}</arg>
<arg>Log</arg>
<arg>การเรียงลำดับราคาถูกต้อง</arg>
<doc>Runs the given keyword with the given arguments, if ``condition`` is true.</doc>
<status status="PASS" start="2025-03-20T00:51:05.912204" elapsed="0.001154"/>
</kw>
<kw name="Run Keyword If" owner="BuiltIn">
<arg>not ${is_equal}</arg>
<arg>Log</arg>
<arg>การเรียงลำดับราคาไม่ถูกต้อง</arg>
<doc>Runs the given keyword with the given arguments, if ``condition`` is true.</doc>
<status status="PASS" start="2025-03-20T00:51:05.913588" elapsed="0.000562"/>
</kw>
<for flavor="IN RANGE">
<iter>
<kw name="Get From List" owner="Collections">
<msg time="2025-03-20T00:51:05.916989" level="INFO">${actual} = 7.99</msg>
<var>${actual}</var>
<arg>${actual_prices}</arg>
<arg>${index}</arg>
<doc>Returns the value specified with an ``index`` from ``list``.</doc>
<status status="PASS" start="2025-03-20T00:51:05.916198" elapsed="0.000892"/>
</kw>
<kw name="Get From List" owner="Collections">
<msg time="2025-03-20T00:51:05.918220" level="INFO">${expected} = 7.99</msg>
<var>${expected}</var>
<arg>${sorted_expected}</arg>
<arg>${index}</arg>
<doc>Returns the value specified with an ``index`` from ``list``.</doc>
<status status="PASS" start="2025-03-20T00:51:05.917507" elapsed="0.000779"/>
</kw>
<kw name="Run Keyword And Return Status" owner="BuiltIn">
<kw name="Should Be Equal" owner="BuiltIn">
<arg>${actual}</arg>
<arg>${expected}</arg>
<doc>Fails if the given objects are unequal.</doc>
<status status="PASS" start="2025-03-20T00:51:05.919516" elapsed="0.000980"/>
</kw>
<msg time="2025-03-20T00:51:05.920817" level="INFO">${status} = True</msg>
<var>${status}</var>
<arg>Should Be Equal</arg>
<arg>${actual}</arg>
<arg>${expected}</arg>
<doc>Runs the given keyword with given arguments and returns the status as a Boolean value.</doc>
<status status="PASS" start="2025-03-20T00:51:05.918596" elapsed="0.002350"/>
</kw>
<kw name="Set Variable If" owner="BuiltIn">
<msg time="2025-03-20T00:51:05.921961" level="INFO">${result} = ถูกต้อง</msg>
<var>${result}</var>
<arg>${status}</arg>
<arg>ถูกต้อง</arg>
<arg>ไม่ถูกต้อง</arg>
<doc>Sets variable based on the given condition.</doc>
<status status="PASS" start="2025-03-20T00:51:05.921449" elapsed="0.000570"/>
</kw>
<kw name="Log" owner="BuiltIn">
<msg time="2025-03-20T00:51:05.925826" level="INFO">ตำแหน่งที่ 1: 7.99 == 7.99 : ถูกต้อง</msg>
<arg>ตำแหน่งที่ ${index+1}: ${actual} == ${expected} : ${result}</arg>
<doc>Logs the given message with the given level.</doc>
<status status="PASS" start="2025-03-20T00:51:05.922283" elapsed="0.003693"/>
</kw>
<var name="${index}">0</var>
<status status="PASS" start="2025-03-20T00:51:05.915681" elapsed="0.010405"/>
</iter>
<iter>
<kw name="Get From List" owner="Collections">
<msg time="2025-03-20T00:51:05.927080" level="INFO">${actual} = 9.99</msg>
<var>${actual}</var>
<arg>${actual_prices}</arg>
<arg>${index}</arg>
<doc>Returns the value specified with an ``index`` from ``list``.</doc>
<status status="PASS" start="2025-03-20T00:51:05.926667" elapsed="0.000480"/>
</kw>
<kw name="Get From List" owner="Collections">
<msg time="2025-03-20T00:51:05.928444" level="INFO">${expected} = 9.99</msg>
<var>${expected}</var>
<arg>${sorted_expected}</arg>
<arg>${index}</arg>
<doc>Returns the value specified with an ``index`` from ``list``.</doc>
<status status="PASS" start="2025-03-20T00:51:05.927614" elapsed="0.000904"/>
</kw>
<kw name="Run Keyword And Return Status" owner="BuiltIn">
<kw name="Should Be Equal" owner="BuiltIn">
<arg>${actual}</arg>
<arg>${expected}</arg>
<doc>Fails if the given objects are unequal.</doc>
<status status="PASS" start="2025-03-20T00:51:05.929866" elapsed="0.000728"/>
</kw>
<msg time="2025-03-20T00:51:05.930882" level="INFO">${status} = True</msg>
<var>${status}</var>
<arg>Should Be Equal</arg>
<arg>${actual}</arg>
<arg>${expected}</arg>
<doc>Runs the given keyword with given arguments and returns the status as a Boolean value.</doc>
<status status="PASS" start="2025-03-20T00:51:05.928912" elapsed="0.002018"/>
</kw>
<kw name="Set Variable If" owner="BuiltIn">
<msg time="2025-03-20T00:51:05.931896" level="INFO">${result} = ถูกต้อง</msg>
<var>${result}</var>
<arg>${status}</arg>
<arg>ถูกต้อง</arg>
<arg>ไม่ถูกต้อง</arg>
<doc>Sets variable based on the given condition.</doc>
<status status="PASS" start="2025-03-20T00:51:05.931219" elapsed="0.000779"/>
</kw>
<kw name="Log" owner="BuiltIn">
<msg time="2025-03-20T00:51:05.935172" level="INFO">ตำแหน่งที่ 2: 9.99 == 9.99 : ถูกต้อง</msg>
<arg>ตำแหน่งที่ ${index+1}: ${actual} == ${expected} : ${result}</arg>
<doc>Logs the given message with the given level.</doc>
<status status="PASS" start="2025-03-20T00:51:05.932353" elapsed="0.003005"/>
</kw>
<var name="${index}">1</var>
<status status="PASS" start="2025-03-20T00:51:05.926299" elapsed="0.009269"/>
</iter>
<iter>
<kw name="Get From List" owner="Collections">
<msg time="2025-03-20T00:51:05.937180" level="INFO">${actual} = 15.99</msg>
<var>${actual}</var>
<arg>${actual_prices}</arg>
<arg>${index}</arg>
<doc>Returns the value specified with an ``index`` from ``list``.</doc>
<status status="PASS" start="2025-03-20T00:51:05.936541" elapsed="0.000727"/>
</kw>
<kw name="Get From List" owner="Collections">
<msg time="2025-03-20T00:51:05.938610" level="INFO">${expected} = 15.99</msg>
<var>${expected}</var>
<arg>${sorted_expected}</arg>
<arg>${index}</arg>
<doc>Returns the value specified with an ``index`` from ``list``.</doc>
<status status="PASS" start="2025-03-20T00:51:05.937648" elapsed="0.001072"/>
</kw>
<kw name="Run Keyword And Return Status" owner="BuiltIn">
<kw name="Should Be Equal" owner="BuiltIn">
<arg>${actual}</arg>
<arg>${expected}</arg>
<doc>Fails if the given objects are unequal.</doc>
<status status="PASS" start="2025-03-20T00:51:05.939670" elapsed="0.000793"/>
</kw>
<msg time="2025-03-20T00:51:05.940750" level="INFO">${status} = True</msg>
<var>${status}</var>
<arg>Should Be Equal</arg>
<arg>${actual}</arg>
<arg>${expected}</arg>
<doc>Runs the given keyword with given arguments and returns the status as a Boolean value.</doc>
<status status="PASS" start="2025-03-20T00:51:05.939100" elapsed="0.001688"/>
</kw>
<kw name="Set Variable If" owner="BuiltIn">
<msg time="2025-03-20T00:51:05.941548" level="INFO">${result} = ถูกต้อง</msg>
<var>${result}</var>
<arg>${status}</arg>
<arg>ถูกต้อง</arg>
<arg>ไม่ถูกต้อง</arg>
<doc>Sets variable based on the given condition.</doc>
<status status="PASS" start="2025-03-20T00:51:05.941087" elapsed="0.000500"/>
</kw>
<kw name="Log" owner="BuiltIn">
<msg time="2025-03-20T00:51:05.944077" level="INFO">ตำแหน่งที่ 3: 15.99 == 15.99 : ถูกต้อง</msg>
<arg>ตำแหน่งที่ ${index+1}: ${actual} == ${expected} : ${result}</arg>
<doc>Logs the given message with the given level.</doc>
<status status="PASS" start="2025-03-20T00:51:05.941783" elapsed="0.002386"/>
</kw>
<var name="${index}">2</var>
<status status="PASS" start="2025-03-20T00:51:05.935950" elapsed="0.008313"/>
</iter>
<iter>
<kw name="Get From List" owner="Collections">
<msg time="2025-03-20T00:51:05.945171" level="INFO">${actual} = 15.99</msg>
<var>${actual}</var>
<arg>${actual_prices}</arg>
<arg>${index}</arg>
<doc>Returns the value specified with an ``index`` from ``list``.</doc>
<status status="PASS" start="2025-03-20T00:51:05.944818" elapsed="0.000393"/>
</kw>
<kw name="Get From List" owner="Collections">
<msg time="2025-03-20T00:51:05.945714" level="INFO">${expected} = 15.99</msg>
<var>${expected}</var>
<arg>${sorted_expected}</arg>
<arg>${index}</arg>
<doc>Returns the value specified with an ``index`` from ``list``.</doc>
<status status="PASS" start="2025-03-20T00:51:05.945377" elapsed="0.000374"/>
</kw>
<kw name="Run Keyword And Return Status" owner="BuiltIn">
<kw name="Should Be Equal" owner="BuiltIn">
<arg>${actual}</arg>
<arg>${expected}</arg>
<doc>Fails if the given objects are unequal.</doc>
<status status="PASS" start="2025-03-20T00:51:05.946302" elapsed="0.000539"/>
</kw>
<msg time="2025-03-20T00:51:05.946977" level="INFO">${status} = True</msg>
<var>${status}</var>
<arg>Should Be Equal</arg>
<arg>${actual}</arg>
<arg>${expected}</arg>
<doc>Runs the given keyword with given arguments and returns the status as a Boolean value.</doc>
<status status="PASS" start="2025-03-20T00:51:05.945941" elapsed="0.001068"/>
</kw>
<kw name="Set Variable If" owner="BuiltIn">
<msg time="2025-03-20T00:51:05.948034" level="INFO">${result} = ถูกต้อง</msg>
<var>${result}</var>
<arg>${status}</arg>
<arg>ถูกต้อง</arg>
<arg>ไม่ถูกต้อง</arg>
<doc>Sets variable based on the given condition.</doc>
<status status="PASS" start="2025-03-20T00:51:05.947233" elapsed="0.000855"/>
</kw>
<kw name="Log" owner="BuiltIn">
<msg time="2025-03-20T00:51:05.950156" level="INFO">ตำแหน่งที่ 4: 15.99 == 15.99 : ถูกต้อง</msg>
<arg>ตำแหน่งที่ ${index+1}: ${actual} == ${expected} : ${result}</arg>
<doc>Logs the given message with the given level.</doc>
<status status="PASS" start="2025-03-20T00:51:05.948307" elapsed="0.001948"/>
</kw>
<var name="${index}">3</var>
<status status="PASS" start="2025-03-20T00:51:05.944454" elapsed="0.005942"/>
</iter>
<iter>
<kw name="Get From List" owner="Collections">
<msg time="2025-03-20T00:51:05.952754" level="INFO">${actual} = 29.99</msg>
<var>${actual}</var>
<arg>${actual_prices}</arg>
<arg>${index}</arg>
<doc>Returns the value specified with an ``index`` from ``list``.</doc>
<status status="PASS" start="2025-03-20T00:51:05.951331" elapsed="0.001478"/>
</kw>
<kw name="Get From List" owner="Collections">
<msg time="2025-03-20T00:51:05.954803" level="INFO">${expected} = 29.99</msg>
<var>${expected}</var>
<arg>${sorted_expected}</arg>
<arg>${index}</arg>
<doc>Returns the value specified with an ``index`` from ``list``.</doc>
<status status="PASS" start="2025-03-20T00:51:05.953211" elapsed="0.001775"/>
</kw>
<kw name="Run Keyword And Return Status" owner="BuiltIn">
<kw name="Should Be Equal" owner="BuiltIn">
<arg>${actual}</arg>
<arg>${expected}</arg>
<doc>Fails if the given objects are unequal.</doc>
<status status="PASS" start="2025-03-20T00:51:05.956083" elapsed="0.001063"/>
</kw>
<msg time="2025-03-20T00:51:05.957435" level="INFO">${status} = True</msg>
<var>${status}</var>
<arg>Should Be Equal</arg>
<arg>${actual}</arg>
<arg>${expected}</arg>
<doc>Runs the given keyword with given arguments and returns the status as a Boolean value.</doc>
<status status="PASS" start="2025-03-20T00:51:05.955370" elapsed="0.002120"/>
</kw>
<kw name="Set Variable If" owner="BuiltIn">
<msg time="2025-03-20T00:51:05.958364" level="INFO">${result} = ถูกต้อง</msg>
<var>${result}</var>
<arg>${status}</arg>
<arg>ถูกต้อง</arg>
<arg>ไม่ถูกต้อง</arg>
<doc>Sets variable based on the given condition.</doc>
<status status="PASS" start="2025-03-20T00:51:05.957754" elapsed="0.000676"/>
</kw>
<kw name="Log" owner="BuiltIn">
<msg time="2025-03-20T00:51:05.961020" level="INFO">ตำแหน่งที่ 5: 29.99 == 29.99 : ถูกต้อง</msg>
<arg>ตำแหน่งที่ ${index+1}: ${actual} == ${expected} : ${result}</arg>
<doc>Logs the given message with the given level.</doc>
<status status="PASS" start="2025-03-20T00:51:05.958708" elapsed="0.002463"/>
</kw>
<var name="${index}">4</var>
<status status="PASS" start="2025-03-20T00:51:05.950666" elapsed="0.010637"/>
</iter>
<iter>
<kw name="Get From List" owner="Collections">
<msg time="2025-03-20T00:51:05.962790" level="INFO">${actual} = 49.99</msg>
<var>${actual}</var>
<arg>${actual_prices}</arg>
<arg>${index}</arg>
<doc>Returns the value specified with an ``index`` from ``list``.</doc>
<status status="PASS" start="2025-03-20T00:51:05.962259" elapsed="0.000591"/>
</kw>
<kw name="Get From List" owner="Collections">
<msg time="2025-03-20T00:51:05.964131" level="INFO">${expected} = 49.99</msg>
<var>${expected}</var>
<arg>${sorted_expected}</arg>
[...]
</kw>
<kw name="Run Keyword If" owner="BuiltIn">
<arg>not ${is_equal}</arg>
<arg>Log</arg>
<arg>การเรียงลำดับชื่อไม่ถูกต้อง</arg>
<doc>Runs the given keyword with the given arguments, if ``condition`` is true.</doc>
<status status="PASS" start="2025-03-20T00:51:06.676652" elapsed="0.000281"/>
</kw>
<for flavor="IN RANGE">
<iter>
<kw name="Get From List" owner="Collections">
<msg time="2025-03-20T00:51:06.679487" level="INFO">${actual} = Test.allTheThings() T-Shirt (Red)</msg>
<var>${actual}</var>
<arg>${actual_names}</arg>
<arg>${index}</arg>
<doc>Returns the value specified with an ``index`` from ``list``.</doc>
<status status="PASS" start="2025-03-20T00:51:06.678394" elapsed="0.001145"/>
</kw>
<kw name="Get From List" owner="Collections">
<msg time="2025-03-20T00:51:06.680124" level="INFO">${expected} = Test.allTheThings() T-Shirt (Red)</msg>
<var>${expected}</var>
<arg>${sorted_names}</arg>
<arg>${index}</arg>
<doc>Returns the value specified with an ``index`` from ``list``.</doc>
<status status="PASS" start="2025-03-20T00:51:06.679738" elapsed="0.000423"/>
</kw>
<kw name="Run Keyword And Return Status" owner="BuiltIn">
<kw name="Should Be Equal" owner="BuiltIn">
<arg>${actual}</arg>
<arg>${expected}</arg>
<doc>Fails if the given objects are unequal.</doc>
<status status="PASS" start="2025-03-20T00:51:06.680779" elapsed="0.000628"/>
</kw>
<msg time="2025-03-20T00:51:06.681576" level="INFO">${status} = True</msg>
<var>${status}</var>
<arg>Should Be Equal</arg>
<arg>${actual}</arg>
<arg>${expected}</arg>
<doc>Runs the given keyword with given arguments and returns the status as a Boolean value.</doc>
<status status="PASS" start="2025-03-20T00:51:06.680437" elapsed="0.001170"/>
</kw>
<kw name="Set Variable If" owner="BuiltIn">
<msg time="2025-03-20T00:51:06.682104" level="INFO">${result} = ถูกต้อง</msg>
<var>${result}</var>
<arg>${status}</arg>
<arg>ถูกต้อง</arg>
<arg>ไม่ถูกต้อง</arg>
<doc>Sets variable based on the given condition.</doc>
<status status="PASS" start="2025-03-20T00:51:06.681784" elapsed="0.000355"/>
</kw>
<kw name="Log" owner="BuiltIn">
<msg time="2025-03-20T00:51:06.683557" level="INFO">ตำแหน่งที่ 1: "Test.allTheThings() T-Shirt (Red)" == "Test.allTheThings() T-Shirt (Red)" : ถูกต้อง</msg>
<arg>ตำแหน่งที่ ${index+1}: "${actual}" == "${expected}" : ${result}</arg>
<doc>Logs the given message with the given level.</doc>
<status status="PASS" start="2025-03-20T00:51:06.682264" elapsed="0.001366"/>
</kw>
<var name="${index}">0</var>
<status status="PASS" start="2025-03-20T00:51:06.677851" elapsed="0.005859"/>
</iter>
<iter>
<kw name="Get From List" owner="Collections">
<msg time="2025-03-20T00:51:06.684429" level="INFO">${actual} = Sauce Labs Onesie</msg>
<var>${actual}</var>
<arg>${actual_names}</arg>
<arg>${index}</arg>
<doc>Returns the value specified with an ``index`` from ``list``.</doc>
<status status="PASS" start="2025-03-20T00:51:06.684158" elapsed="0.000305"/>
</kw>
<kw name="Get From List" owner="Collections">
<msg time="2025-03-20T00:51:06.684791" level="INFO">${expected} = Sauce Labs Onesie</msg>
<var>${expected}</var>
<arg>${sorted_names}</arg>
<arg>${index}</arg>
<doc>Returns the value specified with an ``index`` from ``list``.</doc>
<status status="PASS" start="2025-03-20T00:51:06.684583" elapsed="0.000238"/>
</kw>
<kw name="Run Keyword And Return Status" owner="BuiltIn">
<kw name="Should Be Equal" owner="BuiltIn">
<arg>${actual}</arg>
<arg>${expected}</arg>
<doc>Fails if the given objects are unequal.</doc>
<status status="PASS" start="2025-03-20T00:51:06.685133" elapsed="0.000234"/>
</kw>
<msg time="2025-03-20T00:51:06.685731" level="INFO">${status} = True</msg>
<var>${status}</var>
<arg>Should Be Equal</arg>
<arg>${actual}</arg>
<arg>${expected}</arg>
<doc>Runs the given keyword with given arguments and returns the status as a Boolean value.</doc>
<status status="PASS" start="2025-03-20T00:51:06.684946" elapsed="0.000824"/>
</kw>
<kw name="Set Variable If" owner="BuiltIn">
<msg time="2025-03-20T00:51:06.686227" level="INFO">${result} = ถูกต้อง</msg>
<var>${result}</var>
<arg>${status}</arg>
<arg>ถูกต้อง</arg>
<arg>ไม่ถูกต้อง</arg>
<doc>Sets variable based on the given condition.</doc>
<status status="PASS" start="2025-03-20T00:51:06.685932" elapsed="0.000329"/>
</kw>
<kw name="Log" owner="BuiltIn">
<msg time="2025-03-20T00:51:06.687796" level="INFO">ตำแหน่งที่ 2: "Sauce Labs Onesie" == "Sauce Labs Onesie" : ถูกต้อง</msg>
<arg>ตำแหน่งที่ ${index+1}: "${actual}" == "${expected}" : ${result}</arg>
<doc>Logs the given message with the given level.</doc>
<status status="PASS" start="2025-03-20T00:51:06.686399" elapsed="0.001469"/>
</kw>
<var name="${index}">1</var>
<status status="PASS" start="2025-03-20T00:51:06.683860" elapsed="0.004085"/>
</iter>
<iter>
<kw name="Get From List" owner="Collections">
<msg time="2025-03-20T00:51:06.688591" level="INFO">${actual} = Sauce Labs Fleece Jacket</msg>
<var>${actual}</var>
<arg>${actual_names}</arg>
<arg>${index}</arg>
<doc>Returns the value specified with an ``index`` from ``list``.</doc>
<status status="PASS" start="2025-03-20T00:51:06.688330" elapsed="0.000304"/>
</kw>
<kw name="Get From List" owner="Collections">
<msg time="2025-03-20T00:51:06.689091" level="INFO">${expected} = Sauce Labs Fleece Jacket</msg>
<var>${expected}</var>
<arg>${sorted_names}</arg>
<arg>${index}</arg>
<doc>Returns the value specified with an ``index`` from ``list``.</doc>
<status status="PASS" start="2025-03-20T00:51:06.688801" elapsed="0.000321"/>
</kw>
<kw name="Run Keyword And Return Status" owner="BuiltIn">
<kw name="Should Be Equal" owner="BuiltIn">
<arg>${actual}</arg>
<arg>${expected}</arg>
<doc>Fails if the given objects are unequal.</doc>
<status status="PASS" start="2025-03-20T00:51:06.689446" elapsed="0.000238"/>
</kw>
<msg time="2025-03-20T00:51:06.689932" level="INFO">${status} = True</msg>
<var>${status}</var>
<arg>Should Be Equal</arg>
<arg>${actual}</arg>
<arg>${expected}</arg>
<doc>Runs the given keyword with given arguments and returns the status as a Boolean value.</doc>
<status status="PASS" start="2025-03-20T00:51:06.689253" elapsed="0.000711"/>
</kw>
<kw name="Set Variable If" owner="BuiltIn">
<msg time="2025-03-20T00:51:06.690462" level="INFO">${result} = ถูกต้อง</msg>
<var>${result}</var>
<arg>${status}</arg>
<arg>ถูกต้อง</arg>
<arg>ไม่ถูกต้อง</arg>
<doc>Sets variable based on the given condition.</doc>
<status status="PASS" start="2025-03-20T00:51:06.690145" elapsed="0.000357"/>
</kw>
<kw name="Log" owner="BuiltIn">
<msg time="2025-03-20T00:51:06.693158" level="INFO">ตำแหน่งที่ 3: "Sauce Labs Fleece Jacket" == "Sauce Labs Fleece Jacket" : ถูกต้อง</msg>
<arg>ตำแหน่งที่ ${index+1}: "${actual}" == "${expected}" : ${result}</arg>
<doc>Logs the given message with the given level.</doc>
<status status="PASS" start="2025-03-20T00:51:06.690671" elapsed="0.002569"/>
</kw>
<var name="${index}">2</var>
<status status="PASS" start="2025-03-20T00:51:06.688090" elapsed="0.005233"/>
</iter>
<iter>
<kw name="Get From List" owner="Collections">
<msg time="2025-03-20T00:51:06.694075" level="INFO">${actual} = Sauce Labs Bolt T-Shirt</msg>
<var>${actual}</var>
<arg>${actual_names}</arg>
<arg>${index}</arg>
<doc>Returns the value specified with an ``index`` from ``list``.</doc>
<status status="PASS" start="2025-03-20T00:51:06.693776" elapsed="0.000335"/>
</kw>
<kw name="Get From List" owner="Collections">
<msg time="2025-03-20T00:51:06.694775" level="INFO">${expected} = Sauce Labs Bolt T-Shirt</msg>
<var>${expected}</var>
<arg>${sorted_names}</arg>
<arg>${index}</arg>
<doc>Returns the value specified with an ``index`` from ``list``.</doc>
<status status="PASS" start="2025-03-20T00:51:06.694259" elapsed="0.000562"/>
</kw>
<kw name="Run Keyword And Return Status" owner="BuiltIn">
<kw name="Should Be Equal" owner="BuiltIn">
<arg>${actual}</arg>
<arg>${expected}</arg>
<doc>Fails if the given objects are unequal.</doc>
<status status="PASS" start="2025-03-20T00:51:06.695445" elapsed="0.000343"/>
</kw>
<msg time="2025-03-20T00:51:06.695918" level="INFO">${status} = True</msg>
<var>${status}</var>
<arg>Should Be Equal</arg>
<arg>${actual}</arg>
<arg>${expected}</arg>
<doc>Runs the given keyword with given arguments and returns the status as a Boolean value.</doc>
<status status="PASS" start="2025-03-20T00:51:06.694991" elapsed="0.001003"/>
</kw>
<kw name="Set Variable If" owner="BuiltIn">
<msg time="2025-03-20T00:51:06.696513" level="INFO">${result} = ถูกต้อง</msg>
<var>${result}</var>
<arg>${status}</arg>
<arg>ถูกต้อง</arg>
<arg>ไม่ถูกต้อง</arg>
<doc>Sets variable based on the given condition.</doc>
<status status="PASS" start="2025-03-20T00:51:06.696186" elapsed="0.000384"/>
</kw>
<kw name="Log" owner="BuiltIn">
<msg time="2025-03-20T00:51:06.698919" level="INFO">ตำแหน่งที่ 4: "Sauce Labs Bolt T-Shirt" == "Sauce Labs Bolt T-Shirt" : ถูกต้อง</msg>
<arg>ตำแหน่งที่ ${index+1}: "${actual}" == "${expected}" : ${result}</arg>
<doc>Logs the given message with the given level.</doc>
<status status="PASS" start="2025-03-20T00:51:06.696855" elapsed="0.002367"/>
</kw>
<var name="${index}">3</var>
<status status="PASS" start="2025-03-20T00:51:06.693486" elapsed="0.006445"/>
</iter>
<iter>
<kw name="Get From List" owner="Collections">
<msg time="2025-03-20T00:51:06.701018" level="INFO">${actual} = Sauce Labs Bike Light</msg>
<var>${actual}</var>
<arg>${actual_names}</arg>
<arg>${index}</arg>
<doc>Returns the value specified with an ``index`` from ``list``.</doc>
<status status="PASS" start="2025-03-20T00:51:06.700622" elapsed="0.000441"/>
</kw>
<kw name="Get From List" owner="Collections">
<msg time="2025-03-20T00:51:06.701718" level="INFO">${expected} = Sauce Labs Bike Light</msg>
<var>${expected}</var>
<arg>${sorted_names}</arg>
<arg>${index}</arg>
<doc>Returns the value specified with an ``index`` from ``list``.</doc>
<status status="PASS" start="2025-03-20T00:51:06.701240" elapsed="0.000512"/>
</kw>
<kw name="Run Keyword And Return Status" owner="BuiltIn">
<kw name="Should Be Equal" owner="BuiltIn">
<arg>${actual}</arg>
<arg>${expected}</arg>
<doc>Fails if the given objects are unequal.</doc>
<status status="PASS" start="2025-03-20T00:51:06.702114" elapsed="0.000316"/>
</kw>
<msg time="2025-03-20T00:51:06.702560" level="INFO">${status} = True</msg>
<var>${status}</var>
<arg>Should Be Equal</arg>
<arg>${actual}</arg>
<arg>${expected}</arg>
<doc>Runs the given keyword with given arguments and returns the status as a Boolean value.</doc>
<status status="PASS" start="2025-03-20T00:51:06.701898" elapsed="0.000693"/>
</kw>
<kw name="Set Variable If" owner="BuiltIn">
<msg time="2025-03-20T00:51:06.702915" level="INFO">${result} = ถูกต้อง</msg>
<var>${result}</var>
<arg>${status}</arg>
<arg>ถูกต้อง</arg>
<arg>ไม่ถูกต้อง</arg>
<doc>Sets variable based on the given condition.</doc>
<status status="PASS" start="2025-03-20T00:51:06.702723" elapsed="0.000227"/>
</kw>
<kw name="Log" owner="BuiltIn">
<msg time="2025-03-20T00:51:06.704767" level="INFO">ตำแหน่งที่ 5: "Sauce Labs Bike Light" == "Sauce Labs Bike Light" : ถูกต้อง</msg>
<arg>ตำแหน่งที่ ${index+1}: "${actual}" == "${expected}" : ${result}</arg>
<doc>Logs the given message with the given level.</doc>
<status status="PASS" start="2025-03-20T00:51:06.703067" elapsed="0.001825"/>
</kw>
<var name="${index}">4</var>
<status status="PASS" start="2025-03-20T00:51:06.700253" elapsed="0.004755"/>
</iter>
<iter>
<kw name="Get From List" owner="Collections">
<msg time="2025-03-20T00:51:06.706042" level="INFO">${actual} = Sauce Labs Backpack</msg>
<var>${actual}</var>
<arg>${actual_names}</arg>
<arg>${index}</arg>
<doc>Returns the value specified with an ``index`` from ``list``.</doc>
<status status="PASS" start="2025-03-20T00:51:06.705750" elapsed="0.000326"/>
</kw>
<kw name="Get From List" owner="Collections">
<msg time="2025-03-20T00:51:06.706909" level="INFO">${expected} = Sauce Labs Backpack</msg>
<var>${expected}</var>
<arg>${sorted_names}</arg>
<arg>${index}</arg>
<doc>Returns the value specified with an ``index`` from ``list``.</doc>
<status status="PASS" start="2025-03-20T00:51:06.706205" elapsed="0.000750"/>
</kw>
<kw name="Run Keyword And Return Status" owner="BuiltIn">
<kw name="Should Be Equal" owner="BuiltIn">
<arg>${actual}</arg>
<arg>${expected}</arg>
<doc>Fails if the given objects are unequal.</doc>
<status status="PASS" start="2025-03-20T00:51:06.707635" elapsed="0.000350"/>
</kw>
<msg time="2025-03-20T00:51:06.708105" level="INFO">${status} = True</msg>
<var>${status}</var>
<arg>Should Be Equal</arg>
<arg>${actual}</arg>
<arg>${expected}</arg>
<doc>Runs the given keyword with given arguments and returns the status as a Boolean value.</doc>
<status status="PASS" start="2025-03-20T00:51:06.707147" elapsed="0.000989"/>
</kw>
<kw name="Set Variable If" owner="BuiltIn">
<msg time="2025-03-20T00:51:06.708464" level="INFO">${result} = ถูกต้อง</msg>
<var>${result}</var>
<arg>${status}</arg>
<arg>ถูกต้อง</arg>
<arg>ไม่ถูกต้อง</arg>
<doc>Sets variable based on the given condition.</doc>
<status status="PASS" start="2025-03-20T00:51:06.708274" elapsed="0.000224"/>
</kw>
<kw name="Log" owner="BuiltIn">
<msg time="2025-03-20T00:51:06.709933" level="INFO">ตำแหน่งที่ 6: "Sauce Labs Backpack" == "Sauce Labs Backpack" : ถูกต้อง</msg>
<arg>ตำแหน่งที่ ${index+1}: "${actual}" == "${expected}" : ${result}</arg>
<doc>Logs the given message with the given level.</doc>
<status status="PASS" start="2025-03-20T00:51:06.708613" elapsed="0.001394"/>
</kw>
<var name="${index}">5</var>
<status status="PASS" start="2025-03-20T00:51:06.705228" elapsed="0.004854"/>
</iter>
<var>${index}</var>
<value>0</value>
<value>${actual_names.__len__()}</value>
<status status="PASS" start="2025-03-20T00:51:06.677021" elapsed="0.033133"/>
</for>
<kw name="Lists Should Be Equal" owner="Collections">
<arg>${actual_names}</arg>
<arg>${sorted_names}</arg>
<doc>Fails if given lists are unequal.</doc>
<status status="PASS" start="2025-03-20T00:51:06.710347" elapsed="0.000376"/>
</kw>
<arg>desc</arg>
<status status="PASS" start="2025-03-20T00:51:06.584548" elapsed="0.126272"/>
</kw>
<arg>'${expectedOption}' == 'Name (Z to A)'</arg>
<arg>Validate Name Sorting</arg>
<arg>desc</arg>
<doc>Runs the given keyword with the given arguments, if ``condition`` is true.</doc>
<status status="PASS" start="2025-03-20T00:51:06.582479" elapsed="0.128419"/>
</kw>
<arg>Name (Z to A)</arg>
<status status="PASS" start="2025-03-20T00:51:06.370555" elapsed="0.340439"/>
</kw>
<kw name="Close Browser" owner="SeleniumLibrary" type="TEARDOWN">
<doc>Closes the current browser.</doc>
<status status="PASS" start="2025-03-20T00:51:06.711304" elapsed="2.514153"/>
</kw>
<status status="PASS" start="2025-03-20T00:50:59.704697" elapsed="9.521087"/>
</test>
<test id="s1-s1-t4" name="Validate sidebar" line="32">
<kw name="Open Browser To Sauce Demo" owner="keywords">
<kw name="Open Browser" owner="SeleniumLibrary">
<msg time="2025-03-20T00:51:09.228866" level="INFO">Opening browser 'Chrome' to base url 'https://www.saucedemo.com'.</msg>
<arg>${URL}</arg>
<arg>${BROWSER}</arg>
<doc>Opens a new browser instance to the optional ``url``.</doc>
<status status="PASS" start="2025-03-20T00:51:09.228202" elapsed="3.002051"/>
</kw>
<kw name="Maximize Browser Window" owner="SeleniumLibrary">
<doc>Maximizes current browser window.</doc>
<status status="PASS" start="2025-03-20T00:51:12.230734" elapsed="0.701501"/>
</kw>
<status status="PASS" start="2025-03-20T00:51:09.227299" elapsed="3.705281"/>
</kw>
<kw name="Fill the login Form" owner="keywords">
<kw name="Input Text" owner="SeleniumLibrary">
<msg time="2025-03-20T00:51:12.935849" level="INFO">Typing text 'standard_user' into text field 'id=user-name'.</msg>
<arg>id=user-name</arg>
<arg>${USERNAME}</arg>
<doc>Types the given ``text`` into the text field identified by ``locator``.</doc>
<status status="PASS" start="2025-03-20T00:51:12.934731" elapsed="0.354341"/>
</kw>
<kw name="Input Text" owner="SeleniumLibrary">
<msg time="2025-03-20T00:51:13.290775" level="INFO">Typing text 'secret_sauce' into text field 'id=password'.</msg>
<arg>id=password</arg>
<arg>${PASSWORD}</arg>
<doc>Types the given ``text`` into the text field identified by ``locator``.</doc>
<status status="PASS" start="2025-03-20T00:51:13.289722" elapsed="0.268815"/>
</kw>
<kw name="Click Button" owner="SeleniumLibrary">
<msg time="2025-03-20T00:51:13.560014" level="INFO">Clicking button 'id=login-button'.</msg>
<arg>id=login-button</arg>
<doc>Clicks the button identified by ``locator``.</doc>
<status status="PASS" start="2025-03-20T00:51:13.559181" elapsed="0.199661"/>
</kw>
<arg>${USERNAME}</arg>
<arg>${PASSWORD}</arg>
<status status="PASS" start="2025-03-20T00:51:12.933394" elapsed="0.825881"/>
</kw>
<kw name="Validate Sidebar" owner="keywords">
<kw name="Click Element" owner="SeleniumLibrary">
<msg time="2025-03-20T00:51:13.760888" level="INFO">Clicking element 'css=.bm-burger-button'.</msg>
<arg>css=.bm-burger-button</arg>
<doc>Click the element identified by ``locator``.</doc>
<status status="PASS" start="2025-03-20T00:51:13.760339" elapsed="0.114105"/>
</kw>
<kw name="Wait Until Element Is Visible" owner="SeleniumLibrary">
<arg>css=.bm-menu</arg>
<arg>timeout=10s</arg>
<doc>Waits until the element ``locator`` is visible.</doc>
<status status="PASS" start="2025-03-20T00:51:13.874730" elapsed="0.027309"/>
</kw>
<kw name="Run Keyword And Return Status" owner="BuiltIn">
<kw name="Element Should Be Visible" owner="SeleniumLibrary">
<msg time="2025-03-20T00:51:13.922079" level="INFO">Element 'css=.bm-menu' is displayed.</msg>
<arg>css=.bm-menu</arg>
<doc>Verifies that the element identified by ``locator`` is visible.</doc>
<status status="PASS" start="2025-03-20T00:51:13.902887" elapsed="0.019330"/>
</kw>
<msg time="2025-03-20T00:51:13.922397" level="INFO">${is_visible} = True</msg>
<var>${is_visible}</var>
<arg>Element Should Be Visible</arg>
<arg>css=.bm-menu</arg>
<doc>Runs the given keyword with given arguments and returns the status as a Boolean value.</doc>
<status status="PASS" start="2025-03-20T00:51:13.902380" elapsed="0.020049"/>
</kw>
<kw name="Run Keyword If" owner="BuiltIn">
<arg>not ${is_visible}</arg>
<arg>Log</arg>
<arg>ไม่สามารถเปิด sidebar ได้</arg>
<doc>Runs the given keyword with the given arguments, if ``condition`` is true.</doc>
<status status="PASS" start="2025-03-20T00:51:13.922662" elapsed="0.000482"/>
</kw>
<kw name="Run Keyword If" owner="BuiltIn">
<kw name="Log" owner="BuiltIn">
<msg time="2025-03-20T00:51:13.924070" level="INFO">เปิด sidebar สำเร็จ</msg>
<arg>เปิด sidebar สำเร็จ</arg>
<doc>Logs the given message with the given level.</doc>
<status status="PASS" start="2025-03-20T00:51:13.923784" elapsed="0.000358"/>
</kw>
<arg>${is_visible}</arg>
<arg>Log</arg>
<arg>เปิด sidebar สำเร็จ</arg>
<doc>Runs the given keyword with the given arguments, if ``condition`` is true.</doc>
<status status="PASS" start="2025-03-20T00:51:13.923367" elapsed="0.000866"/>
</kw>
<status status="PASS" start="2025-03-20T00:51:13.759701" elapsed="0.164629"/>
</kw>
<kw name="Close Browser" owner="SeleniumLibrary" type="TEARDOWN">
<doc>Closes the current browser.</doc>
<status status="PASS" start="2025-03-20T00:51:13.924568" elapsed="2.529132"/>
</kw>
<status status="PASS" start="2025-03-20T00:51:09.226498" elapsed="7.227467"/>
</test>
<kw name="Close Browser" owner="SeleniumLibrary" type="TEARDOWN">
<doc>Closes the current browser.</doc>
<status status="PASS" start="2025-03-20T00:51:16.454987" elapsed="0.000325"/>
</kw>
<status status="PASS" start="2025-03-20T00:50:40.535696" elapsed="35.919704"/>
</suite>
<status status="PASS" start="2025-03-20T00:50:40.513971" elapsed="35.942316"/>
</suite>
<statistics>
<total>
<stat pass="4" fail="0" skip="0">All Tests</stat>
</total>
<tag>
</tag>
<suite>
<stat pass="4" fail="0" skip="0" id="s1" name="Test">Test</stat>
<stat pass="4" fail="0" skip="0" id="s1-s1" name="Inventory">Test.Inventory</stat>
</suite>
</statistics>
<errors>
</errors>
</robot>
