<?xml version="1.0" encoding="UTF-8"?>
<robot generator="Robot 7.1.1 (Python 3.13.1 on win32)" generated="2025-03-20T17:42:45.427413" rpa="false" schemaversion="5">
<suite id="s1" name="Test" source="C:\Users\Nutta\Desktop\Learn Robot freamwork\SwagLab\test">
<suite id="s1-s1" name="Productcart" source="C:\Users\Nutta\Desktop\Learn Robot freamwork\SwagLab\test\productcart.robot">
<test id="s1-s1-t1" name="Testing adding and deleting products" line="10">
<kw name="Open Browser To Sauce Demo" owner="keywords">
<kw name="Open Browser" owner="SeleniumLibrary">
<msg time="2025-03-20T17:42:46.030310" level="INFO">Opening browser 'Chrome' to base url 'https://www.saucedemo.com'.</msg>
<arg>${URL}</arg>
<arg>${BROWSER}</arg>
<doc>Opens a new browser instance to the optional ``url``.</doc>
<status status="PASS" start="2025-03-20T17:42:46.029746" elapsed="3.735523"/>
</kw>
<kw name="Maximize Browser Window" owner="SeleniumLibrary">
<doc>Maximizes current browser window.</doc>
<status status="PASS" start="2025-03-20T17:42:49.765852" elapsed="0.573743"/>
</kw>
<status status="PASS" start="2025-03-20T17:42:46.028504" elapsed="4.311879"/>
</kw>
<kw name="Fill the login Form" owner="keywords">
<kw name="Input Text" owner="SeleniumLibrary">
<msg time="2025-03-20T17:42:50.344438" level="INFO">Typing text 'standard_user' into text field 'id=user-name'.</msg>
<arg>id=user-name</arg>
<arg>${USERNAME}</arg>
<doc>Types the given ``text`` into the text field identified by ``locator``.</doc>
<status status="PASS" start="2025-03-20T17:42:50.342844" elapsed="0.417515"/>
</kw>
<kw name="Input Text" owner="SeleniumLibrary">
<msg time="2025-03-20T17:42:50.762006" level="INFO">Typing text 'secret_sauce' into text field 'id=password'.</msg>
<arg>id=password</arg>
<arg>${PASSWORD}</arg>
<doc>Types the given ``text`` into the text field identified by ``locator``.</doc>
<status status="PASS" start="2025-03-20T17:42:50.760795" elapsed="0.174885"/>
</kw>
<kw name="Click Button" owner="SeleniumLibrary">
<msg time="2025-03-20T17:42:50.937118" level="INFO">Clicking button 'id=login-button'.</msg>
<arg>id=login-button</arg>
<doc>Clicks the button identified by ``locator``.</doc>
<status status="PASS" start="2025-03-20T17:42:50.936144" elapsed="0.266770"/>
</kw>
<arg>${USERNAME}</arg>
<arg>${PASSWORD}</arg>
<status status="PASS" start="2025-03-20T17:42:50.340876" elapsed="0.862308"/>
</kw>
<kw name="Wait Until Element Is Visible" owner="SeleniumLibrary">
<arg>id=inventory_container</arg>
<arg>timeout=10s</arg>
<doc>Waits until the element ``locator`` is visible.</doc>
<status status="PASS" start="2025-03-20T17:42:51.203446" elapsed="0.052072"/>
</kw>
<kw name="Select Product to Cart" owner="keywords">
<kw name="Wait Until Element Is Visible" owner="SeleniumLibrary">
<arg>xpath=//div[contains(@class,'inventory_item_name') and normalize-space(text())='${product_name}']</arg>
<arg>timeout=5s</arg>
<doc>Waits until the element ``locator`` is visible.</doc>
<status status="PASS" start="2025-03-20T17:42:51.258249" elapsed="0.039522"/>
</kw>
<kw name="Click Button" owner="SeleniumLibrary">
<msg time="2025-03-20T17:42:51.299056" level="INFO">Clicking button 'xpath=//div[contains(@class,'inventory_item')][.//div[contains(@class,'inventory_item_name') and normalize-space(text())='Sauce Labs Bike Light']]//button[contains(@data-test, 'add-to-cart')]'.</msg>
<arg>xpath=//div[contains(@class,'inventory_item')][.//div[contains(@class,'inventory_item_name') and normalize-space(text())='${product_name}']]//button[contains(@data-test, 'add-to-cart')]</arg>
<doc>Clicks the button identified by ``locator``.</doc>
<status status="PASS" start="2025-03-20T17:42:51.298234" elapsed="0.279357"/>
</kw>
<arg>Sauce Labs Bike Light</arg>
<status status="PASS" start="2025-03-20T17:42:51.256359" elapsed="0.321519"/>
</kw>
<kw name="Select Product to Cart" owner="keywords">
<kw name="Wait Until Element Is Visible" owner="SeleniumLibrary">
<arg>xpath=//div[contains(@class,'inventory_item_name') and normalize-space(text())='${product_name}']</arg>
<arg>timeout=5s</arg>
<doc>Waits until the element ``locator`` is visible.</doc>
<status status="PASS" start="2025-03-20T17:42:51.579280" elapsed="0.040126"/>
</kw>
<kw name="Click Button" owner="SeleniumLibrary">
<msg time="2025-03-20T17:42:51.621261" level="INFO">Clicking button 'xpath=//div[contains(@class,'inventory_item')][.//div[contains(@class,'inventory_item_name') and normalize-space(text())='Sauce Labs Bolt T-Shirt']]//button[contains(@data-test, 'add-to-cart')]'.</msg>
<arg>xpath=//div[contains(@class,'inventory_item')][.//div[contains(@class,'inventory_item_name') and normalize-space(text())='${product_name}']]//button[contains(@data-test, 'add-to-cart')]</arg>
<doc>Clicks the button identified by ``locator``.</doc>
<status status="PASS" start="2025-03-20T17:42:51.620263" elapsed="0.234311"/>
</kw>
<arg>Sauce Labs Bolt T-Shirt</arg>
<status status="PASS" start="2025-03-20T17:42:51.578189" elapsed="0.277049"/>
</kw>
<kw name="Select Product to Cart" owner="keywords">
<kw name="Wait Until Element Is Visible" owner="SeleniumLibrary">
<arg>xpath=//div[contains(@class,'inventory_item_name') and normalize-space(text())='${product_name}']</arg>
<arg>timeout=5s</arg>
<doc>Waits until the element ``locator`` is visible.</doc>
<status status="PASS" start="2025-03-20T17:42:51.856740" elapsed="0.038730"/>
</kw>
<kw name="Click Button" owner="SeleniumLibrary">
<msg time="2025-03-20T17:42:51.897161" level="INFO">Clicking button 'xpath=//div[contains(@class,'inventory_item')][.//div[contains(@class,'inventory_item_name') and normalize-space(text())='Sauce Labs Fleece Jacket']]//button[contains(@data-test, 'add-to-cart')]'.</msg>
<arg>xpath=//div[contains(@class,'inventory_item')][.//div[contains(@class,'inventory_item_name') and normalize-space(text())='${product_name}']]//button[contains(@data-test, 'add-to-cart')]</arg>
<doc>Clicks the button identified by ``locator``.</doc>
<status status="PASS" start="2025-03-20T17:42:51.895889" elapsed="0.211089"/>
</kw>
<arg>Sauce Labs Fleece Jacket</arg>
<status status="PASS" start="2025-03-20T17:42:51.855550" elapsed="0.251947"/>
</kw>
<status status="PASS" start="2025-03-20T17:42:46.027637" elapsed="6.080273"/>
</test>
<test id="s1-s1-t2" name="Validate count of products in the cart and delete one" line="18">
<kw name="Validate the display quantity in the basket" owner="keywords">
<kw name="Get WebElements" owner="SeleniumLibrary">
<msg time="2025-03-20T17:42:52.128928" level="INFO">${remove_buttons} = [&lt;selenium.webdriver.remote.webelement.WebElement (session="3070680ba311f728e68c6187e358796c", element="f.E99B4F56A0CCF08917CBD22CBC77546C.d.20062181D8FEA81D18DC1A5B8F2F1901.e.27")&gt;, &lt;selenium.webdriv...</msg>
<var>${remove_buttons}</var>
<arg>xpath=//button[contains(@data-test, 'remove')]</arg>
<doc>Returns a list of WebElement objects matching the ``locator``.</doc>
<status status="PASS" start="2025-03-20T17:42:52.110727" elapsed="0.018315"/>
</kw>
<kw name="Get Text" owner="SeleniumLibrary">
<msg time="2025-03-20T17:42:52.176998" level="INFO">${actual_quantity} = 3</msg>
<var>${actual_quantity}</var>
<arg>css=.shopping_cart_badge</arg>
<doc>Returns the text value of the element identified by ``locator``.</doc>
<status status="PASS" start="2025-03-20T17:42:52.129441" elapsed="0.047679"/>
</kw>
<kw name="Get Length" owner="BuiltIn">
<msg time="2025-03-20T17:42:52.178748" level="INFO">Length is 3.</msg>
<msg time="2025-03-20T17:42:52.179100" level="INFO">${remove_button_count} = 3</msg>
<var>${remove_button_count}</var>
<arg>${remove_buttons}</arg>
<doc>Returns and logs the length of the given item as an integer.</doc>
<status status="PASS" start="2025-03-20T17:42:52.177628" elapsed="0.001552"/>
</kw>
<kw name="Should Be Equal As Strings" owner="BuiltIn">
<msg time="2025-03-20T17:42:52.181452" level="INFO">Argument types are:
&lt;class 'str'&gt;
&lt;class 'int'&gt;</msg>
<arg>${actual_quantity}</arg>
<arg>${remove_button_count}</arg>
<doc>Fails if objects are unequal after converting them to strings.</doc>
<status status="PASS" start="2025-03-20T17:42:52.179609" elapsed="0.002099"/>
</kw>
<kw name="Log" owner="BuiltIn">
<msg time="2025-03-20T17:42:52.192200" level="INFO">จำนวนสินค้า: 3, เลขจำนวนสินค้า: 3</msg>
<arg>จำนวนสินค้า: ${remove_button_count}, เลขจำนวนสินค้า: ${actual_quantity}</arg>
<doc>Logs the given message with the given level.</doc>
<status status="PASS" start="2025-03-20T17:42:52.183739" elapsed="0.008819"/>
</kw>
<status status="PASS" start="2025-03-20T17:42:52.109831" elapsed="0.082994"/>
</kw>
<kw name="Remove Product" owner="keywords">
<kw name="Click Button" owner="SeleniumLibrary">
<msg time="2025-03-20T17:42:52.195982" level="INFO">Clicking button 'xpath=//div[contains(@class,'inventory_item')]//div[contains(@class,'inventory_item_name') and normalize-space(text())='Sauce Labs Fleece Jacket']//ancestor::div[contains(@class,'inventory_item_description')]//button[contains(@data-test, 'remove')]'.</msg>
<arg>xpath=//div[contains(@class,'inventory_item')]//div[contains(@class,'inventory_item_name') and normalize-space(text())='${product_name}']//ancestor::div[contains(@class,'inventory_item_description')]//button[contains(@data-test, 'remove')]</arg>
<doc>Clicks the button identified by ``locator``.</doc>
<status status="PASS" start="2025-03-20T17:42:52.195089" elapsed="0.235419"/>
</kw>
<arg>Sauce Labs Fleece Jacket</arg>
<status status="PASS" start="2025-03-20T17:42:52.193289" elapsed="0.237591"/>
</kw>
<kw name="Sleep" owner="BuiltIn">
<msg time="2025-03-20T17:42:54.432337" level="INFO">Slept 2 seconds.</msg>
<arg>2s</arg>
<doc>Pauses the test executed for the given time.</doc>
<status status="PASS" start="2025-03-20T17:42:52.431273" elapsed="2.001295"/>
</kw>
<kw name="Validate the display quantity in the basket" owner="keywords">
<kw name="Get WebElements" owner="SeleniumLibrary">
<msg time="2025-03-20T17:42:54.461141" level="INFO">${remove_buttons} = [&lt;selenium.webdriver.remote.webelement.WebElement (session="3070680ba311f728e68c6187e358796c", element="f.E99B4F56A0CCF08917CBD22CBC77546C.d.20062181D8FEA81D18DC1A5B8F2F1901.e.27")&gt;, &lt;selenium.webdriv...</msg>
<var>${remove_buttons}</var>
<arg>xpath=//button[contains(@data-test, 'remove')]</arg>
<doc>Returns a list of WebElement objects matching the ``locator``.</doc>
<status status="PASS" start="2025-03-20T17:42:54.433650" elapsed="0.027608"/>
</kw>
<kw name="Get Text" owner="SeleniumLibrary">
<msg time="2025-03-20T17:42:54.497176" level="INFO">${actual_quantity} = 2</msg>
<var>${actual_quantity}</var>
<arg>css=.shopping_cart_badge</arg>
<doc>Returns the text value of the element identified by ``locator``.</doc>
<status status="PASS" start="2025-03-20T17:42:54.461692" elapsed="0.035550"/>
</kw>
<kw name="Get Length" owner="BuiltIn">
<msg time="2025-03-20T17:42:54.498437" level="INFO">Length is 2.</msg>
<msg time="2025-03-20T17:42:54.498636" level="INFO">${remove_button_count} = 2</msg>
<var>${remove_button_count}</var>
<arg>${remove_buttons}</arg>
<doc>Returns and logs the length of the given item as an integer.</doc>
<status status="PASS" start="2025-03-20T17:42:54.497515" elapsed="0.001181"/>
</kw>
<kw name="Should Be Equal As Strings" owner="BuiltIn">
<msg time="2025-03-20T17:42:54.499919" level="INFO">Argument types are:
&lt;class 'str'&gt;
&lt;class 'int'&gt;</msg>
<arg>${actual_quantity}</arg>
<arg>${remove_button_count}</arg>
<doc>Fails if objects are unequal after converting them to strings.</doc>
<status status="PASS" start="2025-03-20T17:42:54.499049" elapsed="0.001232"/>
</kw>
<kw name="Log" owner="BuiltIn">
<msg time="2025-03-20T17:42:54.501928" level="INFO">จำนวนสินค้า: 2, เลขจำนวนสินค้า: 2</msg>
<arg>จำนวนสินค้า: ${remove_button_count}, เลขจำนวนสินค้า: ${actual_quantity}</arg>
<doc>Logs the given message with the given level.</doc>
<status status="PASS" start="2025-03-20T17:42:54.500807" elapsed="0.001289"/>
</kw>
<status status="PASS" start="2025-03-20T17:42:54.432972" elapsed="0.069321"/>
</kw>
<status status="PASS" start="2025-03-20T17:42:52.108843" elapsed="2.393682"/>
</test>
<test id="s1-s1-t3" name="Check Quantity in Basket and Test Deletion" line="24">
<kw name="Click Element" owner="SeleniumLibrary">
<msg time="2025-03-20T17:42:54.504968" level="INFO">Clicking element 'css=.shopping_cart_link'.</msg>
<arg>css=.shopping_cart_link</arg>
<doc>Click the element identified by ``locator``.</doc>
<status status="PASS" start="2025-03-20T17:42:54.504411" elapsed="0.114401"/>
</kw>
<kw name="Wait Until Element Is Visible" owner="SeleniumLibrary">
<arg>id=cart_contents_container</arg>
<arg>timeout=10s</arg>
<doc>Waits until the element ``locator`` is visible.</doc>
<status status="PASS" start="2025-03-20T17:42:54.619258" elapsed="0.019399"/>
</kw>
<kw name="Validate Quantity Products in Cart and count Product icon" owner="keywords">
<kw name="Get Text" owner="SeleniumLibrary">
<msg time="2025-03-20T17:42:54.659050" level="INFO">${quantity_icon} = 2</msg>
<var>${quantity_icon}</var>
<arg>css=.shopping_cart_badge</arg>
<doc>Returns the text value of the element identified by ``locator``.</doc>
<status status="PASS" start="2025-03-20T17:42:54.639705" elapsed="0.019499"/>
</kw>
<kw name="Get WebElements" owner="SeleniumLibrary">
<msg time="2025-03-20T17:42:54.672132" level="INFO">${cart_quantity} = [&lt;selenium.webdriver.remote.webelement.WebElement (session="3070680ba311f728e68c6187e358796c", element="f.E99B4F56A0CCF08917CBD22CBC77546C.d.20062181D8FEA81D18DC1A5B8F2F1901.e.61")&gt;, &lt;selenium.webdriv...</msg>
<var>${cart_quantity}</var>
<arg>css=.cart_quantity</arg>
<doc>Returns a list of WebElement objects matching the ``locator``.</doc>
<status status="PASS" start="2025-03-20T17:42:54.659556" elapsed="0.012656"/>
</kw>
<kw name="Get Length" owner="BuiltIn">
<msg time="2025-03-20T17:42:54.672973" level="INFO">Length is 2.</msg>
<msg time="2025-03-20T17:42:54.673113" level="INFO">${cart_quantity_count} = 2</msg>
<var>${cart_quantity_count}</var>
<arg>${cart_quantity}</arg>
<doc>Returns and logs the length of the given item as an integer.</doc>
<status status="PASS" start="2025-03-20T17:42:54.672459" elapsed="0.000699"/>
</kw>
<kw name="Should Be Equal As Strings" owner="BuiltIn">
<msg time="2025-03-20T17:42:54.673915" level="INFO">Argument types are:
&lt;class 'int'&gt;
&lt;class 'str'&gt;</msg>
<arg>${cart_quantity_count}</arg>
<arg>${quantity_icon}</arg>
<doc>Fails if objects are unequal after converting them to strings.</doc>
<status status="PASS" start="2025-03-20T17:42:54.673408" elapsed="0.000635"/>
</kw>
<kw name="Log" owner="BuiltIn">
<msg time="2025-03-20T17:42:54.675306" level="INFO">จำนวนสินค้า: 2</msg>
<arg>จำนวนสินค้า: ${cart_quantity_count}</arg>
<doc>Logs the given message with the given level.</doc>
<status status="PASS" start="2025-03-20T17:42:54.674402" elapsed="0.001036"/>
</kw>
<status status="PASS" start="2025-03-20T17:42:54.638995" elapsed="0.036594"/>
</kw>
<kw name="Remove Product from Cart" owner="keywords">
<kw name="Click Button" owner="SeleniumLibrary">
<msg time="2025-03-20T17:42:54.677456" level="INFO">Clicking button 'xpath=//div[contains(@class,'cart_item')][.//div[contains(@class,'inventory_item_name') and normalize-space(text())='Sauce Labs Bike Light']]//button[contains(@data-test, 'remove')]'.</msg>
<arg>xpath=//div[contains(@class,'cart_item')][.//div[contains(@class,'inventory_item_name') and normalize-space(text())='${product_name}']]//button[contains(@data-test, 'remove')]</arg>
<doc>Clicks the button identified by ``locator``.</doc>
<status status="PASS" start="2025-03-20T17:42:54.676963" elapsed="0.077629"/>
</kw>
<arg>Sauce Labs Bike Light</arg>
<status status="PASS" start="2025-03-20T17:42:54.675882" elapsed="0.078888"/>
</kw>
<kw name="Wait Until Element Contains" owner="SeleniumLibrary">
<arg>css=.shopping_cart_badge</arg>
<arg>text=1</arg>
<arg>timeout=10s</arg>
<doc>Waits until the element ``locator`` contains ``text``.</doc>
<status status="PASS" start="2025-03-20T17:42:54.754941" elapsed="0.022529"/>
</kw>
<kw name="Validate Quantity Products in Cart and count Product icon" owner="keywords">
<kw name="Get Text" owner="SeleniumLibrary">
<msg time="2025-03-20T17:42:54.796708" level="INFO">${quantity_icon} = 1</msg>
<var>${quantity_icon}</var>
<arg>css=.shopping_cart_badge</arg>
<doc>Returns the text value of the element identified by ``locator``.</doc>
<status status="PASS" start="2025-03-20T17:42:54.778576" elapsed="0.018263"/>
</kw>
<kw name="Get WebElements" owner="SeleniumLibrary">
<msg time="2025-03-20T17:42:54.812353" level="INFO">${cart_quantity} = [&lt;selenium.webdriver.remote.webelement.WebElement (session="3070680ba311f728e68c6187e358796c", element="f.E99B4F56A0CCF08917CBD22CBC77546C.d.20062181D8FEA81D18DC1A5B8F2F1901.e.62")&gt;]</msg>
<var>${cart_quantity}</var>
<arg>css=.cart_quantity</arg>
<doc>Returns a list of WebElement objects matching the ``locator``.</doc>
<status status="PASS" start="2025-03-20T17:42:54.797268" elapsed="0.015210"/>
</kw>
<kw name="Get Length" owner="BuiltIn">
<msg time="2025-03-20T17:42:54.813590" level="INFO">Length is 1.</msg>
<msg time="2025-03-20T17:42:54.813749" level="INFO">${cart_quantity_count} = 1</msg>
<var>${cart_quantity_count}</var>
<arg>${cart_quantity}</arg>
<doc>Returns and logs the length of the given item as an integer.</doc>
<status status="PASS" start="2025-03-20T17:42:54.812943" elapsed="0.000841"/>
</kw>
<kw name="Should Be Equal As Strings" owner="BuiltIn">
<msg time="2025-03-20T17:42:54.814495" level="INFO">Argument types are:
&lt;class 'int'&gt;
&lt;class 'str'&gt;</msg>
<arg>${cart_quantity_count}</arg>
<arg>${quantity_icon}</arg>
<doc>Fails if objects are unequal after converting them to strings.</doc>
<status status="PASS" start="2025-03-20T17:42:54.814012" elapsed="0.000616"/>
</kw>
<kw name="Log" owner="BuiltIn">
<msg time="2025-03-20T17:42:54.815638" level="INFO">จำนวนสินค้า: 1</msg>
<arg>จำนวนสินค้า: ${cart_quantity_count}</arg>
<doc>Logs the given message with the given level.</doc>
<status status="PASS" start="2025-03-20T17:42:54.814991" elapsed="0.000810"/>
</kw>
<status status="PASS" start="2025-03-20T17:42:54.778137" elapsed="0.037870"/>
</kw>
<status status="PASS" start="2025-03-20T17:42:54.503665" elapsed="0.312576"/>
</test>
<test id="s1-s1-t4" name="Checks button to continue shopping" line="32">
<kw name="Click Button" owner="SeleniumLibrary">
<msg time="2025-03-20T17:42:54.817850" level="INFO">Clicking button 'id=continue-shopping'.</msg>
<arg>id=continue-shopping</arg>
<doc>Clicks the button identified by ``locator``.</doc>
<status status="PASS" start="2025-03-20T17:42:54.817381" elapsed="0.120977"/>
</kw>
<kw name="Wait Until Element Is Visible" owner="SeleniumLibrary">
<arg>id=inventory_container</arg>
<arg>timeout=10s</arg>
<doc>Waits until the element ``locator`` is visible.</doc>
<status status="PASS" start="2025-03-20T17:42:54.938821" elapsed="0.025631"/>
</kw>
<status status="PASS" start="2025-03-20T17:42:54.816683" elapsed="0.148045"/>
</test>
<kw name="Close Browser" owner="SeleniumLibrary" type="TEARDOWN">
<doc>Closes the current browser.</doc>
<status status="PASS" start="2025-03-20T17:42:54.965624" elapsed="2.496269"/>
</kw>
<status status="PASS" start="2025-03-20T17:42:45.474245" elapsed="11.987876"/>
</suite>
<status status="PASS" start="2025-03-20T17:42:45.458226" elapsed="12.005380"/>
</suite>
<statistics>
<total>
<stat pass="4" fail="0" skip="0">All Tests</stat>
</total>
<tag>
</tag>
<suite>
<stat pass="4" fail="0" skip="0" id="s1" name="Test">Test</stat>
<stat pass="4" fail="0" skip="0" id="s1-s1" name="Productcart">Test.Productcart</stat>
</suite>
</statistics>
<errors>
</errors>
</robot>
