<?xml version="1.0" encoding="UTF-8"?>
<robot generator="Robot 7.2.2 (Python 3.13.2 on win32)" generated="2025-03-25T12:52:41.290424" rpa="false" schemaversion="5">
<suite id="s1" name="Suites">
<suite id="s1-s1" name="Productcart" source="C:\Users\Nutta\Desktop\Learn Robot freamwork\SwagLab\test\productcart.robot">
<test id="s1-s1-t1" name="Testing adding and deleting products" line="10">
<kw name="Open Browser To Sauce Demo" owner="keywords">
<kw name="Open Browser" owner="SeleniumLibrary">
<msg time="2025-03-25T12:52:41.842481" level="INFO">Opening browser 'chrome' to base url 'https://www.saucedemo.com'.</msg>
<arg>${URL}</arg>
<arg>${BROWSER}</arg>
<doc>Opens a new browser instance to the optional ``url``.</doc>
<status status="PASS" start="2025-03-25T12:52:41.841980" elapsed="5.545942"/>
</kw>
<kw name="Maximize Browser Window" owner="SeleniumLibrary">
<doc>Maximizes current browser window.</doc>
<status status="PASS" start="2025-03-25T12:52:47.388511" elapsed="0.164961"/>
</kw>
<status status="PASS" start="2025-03-25T12:52:41.841042" elapsed="5.712727"/>
</kw>
<kw name="Fill the login Form" owner="keywords">
<kw name="Input Text" owner="SeleniumLibrary">
<msg time="2025-03-25T12:52:47.556753" level="INFO">Typing text 'standard_user' into text field 'id=user-name'.</msg>
<arg>id=user-name</arg>
<arg>${USERNAME}</arg>
<doc>Types the given ``text`` into the text field identified by ``locator``.</doc>
<status status="PASS" start="2025-03-25T12:52:47.555308" elapsed="0.396851"/>
</kw>
<kw name="Input Text" owner="SeleniumLibrary">
<msg time="2025-03-25T12:52:47.953861" level="INFO">Typing text 'secret_sauce' into text field 'id=password'.</msg>
<arg>id=password</arg>
<arg>${PASSWORD}</arg>
<doc>Types the given ``text`` into the text field identified by ``locator``.</doc>
<status status="PASS" start="2025-03-25T12:52:47.952714" elapsed="0.216704"/>
</kw>
<kw name="Click Button" owner="SeleniumLibrary">
<msg time="2025-03-25T12:52:48.170999" level="INFO">Clicking button 'id=login-button'.</msg>
<arg>id=login-button</arg>
<doc>Clicks the button identified by ``locator``.</doc>
<status status="PASS" start="2025-03-25T12:52:48.169921" elapsed="0.265487"/>
</kw>
<arg>${USERNAME}</arg>
<arg>${PASSWORD}</arg>
<status status="PASS" start="2025-03-25T12:52:47.554161" elapsed="0.881534"/>
</kw>
<kw name="Wait Until Element Is Visible" owner="SeleniumLibrary">
<arg>id=inventory_container</arg>
<arg>timeout=10s</arg>
<doc>Waits until the element ``locator`` is visible.</doc>
<status status="PASS" start="2025-03-25T12:52:48.436134" elapsed="0.077280"/>
</kw>
<kw name="Select Product to Cart" owner="keywords">
<kw name="Wait Until Element Is Visible" owner="SeleniumLibrary">
<arg>xpath=//div[contains(@class,'inventory_item_name') and normalize-space(text())='${product_name}']</arg>
<arg>timeout=5s</arg>
<doc>Waits until the element ``locator`` is visible.</doc>
<status status="PASS" start="2025-03-25T12:52:48.514681" elapsed="0.046168"/>
</kw>
<kw name="Click Button" owner="SeleniumLibrary">
<msg time="2025-03-25T12:52:48.562391" level="INFO">Clicking button 'xpath=//div[contains(@class,'inventory_item')][.//div[contains(@class,'inventory_item_name') and normalize-space(text())='Sauce Labs Bike Light']]//button[contains(@data-test, 'add-to-cart')]'.</msg>
<arg>xpath=//div[contains(@class,'inventory_item')][.//div[contains(@class,'inventory_item_name') and normalize-space(text())='${product_name}']]//button[contains(@data-test, 'add-to-cart')]</arg>
<doc>Clicks the button identified by ``locator``.</doc>
<status status="PASS" start="2025-03-25T12:52:48.561363" elapsed="0.152370"/>
</kw>
<arg>Sauce Labs Bike Light</arg>
<status status="PASS" start="2025-03-25T12:52:48.513828" elapsed="0.200085"/>
</kw>
<kw name="Select Product to Cart" owner="keywords">
<kw name="Wait Until Element Is Visible" owner="SeleniumLibrary">
<arg>xpath=//div[contains(@class,'inventory_item_name') and normalize-space(text())='${product_name}']</arg>
<arg>timeout=5s</arg>
<doc>Waits until the element ``locator`` is visible.</doc>
<status status="PASS" start="2025-03-25T12:52:48.714856" elapsed="0.041425"/>
</kw>
<kw name="Click Button" owner="SeleniumLibrary">
<msg time="2025-03-25T12:52:48.757587" level="INFO">Clicking button 'xpath=//div[contains(@class,'inventory_item')][.//div[contains(@class,'inventory_item_name') and normalize-space(text())='Sauce Labs Bolt T-Shirt']]//button[contains(@data-test, 'add-to-cart')]'.</msg>
<arg>xpath=//div[contains(@class,'inventory_item')][.//div[contains(@class,'inventory_item_name') and normalize-space(text())='${product_name}']]//button[contains(@data-test, 'add-to-cart')]</arg>
<doc>Clicks the button identified by ``locator``.</doc>
<status status="PASS" start="2025-03-25T12:52:48.756864" elapsed="0.166305"/>
</kw>
<arg>Sauce Labs Bolt T-Shirt</arg>
<status status="PASS" start="2025-03-25T12:52:48.714221" elapsed="0.209241"/>
</kw>
<kw name="Select Product to Cart" owner="keywords">
<kw name="Wait Until Element Is Visible" owner="SeleniumLibrary">
<arg>xpath=//div[contains(@class,'inventory_item_name') and normalize-space(text())='${product_name}']</arg>
<arg>timeout=5s</arg>
<doc>Waits until the element ``locator`` is visible.</doc>
<status status="PASS" start="2025-03-25T12:52:48.925002" elapsed="0.034942"/>
</kw>
<kw name="Click Button" owner="SeleniumLibrary">
<msg time="2025-03-25T12:52:48.961300" level="INFO">Clicking button 'xpath=//div[contains(@class,'inventory_item')][.//div[contains(@class,'inventory_item_name') and normalize-space(text())='Sauce Labs Fleece Jacket']]//button[contains(@data-test, 'add-to-cart')]'.</msg>
<arg>xpath=//div[contains(@class,'inventory_item')][.//div[contains(@class,'inventory_item_name') and normalize-space(text())='${product_name}']]//button[contains(@data-test, 'add-to-cart')]</arg>
<doc>Clicks the button identified by ``locator``.</doc>
<status status="PASS" start="2025-03-25T12:52:48.960373" elapsed="0.135641"/>
</kw>
<arg>Sauce Labs Fleece Jacket</arg>
<status status="PASS" start="2025-03-25T12:52:48.923839" elapsed="0.172422"/>
</kw>
<status status="PASS" start="2025-03-25T12:52:41.840302" elapsed="7.256205"/>
</test>
<test id="s1-s1-t2" name="Validate count of products in the cart and delete one" line="18">
<kw name="Validate the display quantity in the basket" owner="keywords">
<kw name="Get WebElements" owner="SeleniumLibrary">
<msg time="2025-03-25T12:52:49.116238" level="INFO">${remove_buttons} = [&lt;selenium.webdriver.remote.webelement.WebElement (session="f9882d76aab6fca8106f594cc0b18340", element="f.B8A4075843A08A5611FAFA3E7EB24B43.d.E091A0A575899A87C27F52F7407619AF.e.41")&gt;, &lt;selenium.webdriv...</msg>
<var>${remove_buttons}</var>
<arg>xpath=//button[contains(@data-test, 'remove')]</arg>
<doc>Returns a list of WebElement objects matching the ``locator``.</doc>
<status status="PASS" start="2025-03-25T12:52:49.098796" elapsed="0.017574"/>
</kw>
<kw name="Get Text" owner="SeleniumLibrary">
<msg time="2025-03-25T12:52:49.146976" level="INFO">${actual_quantity} = 3</msg>
<var>${actual_quantity}</var>
<arg>css=.shopping_cart_badge</arg>
<doc>Returns the text value of the element identified by ``locator``.</doc>
<status status="PASS" start="2025-03-25T12:52:49.116796" elapsed="0.030270"/>
</kw>
<kw name="Get Length" owner="BuiltIn">
<msg time="2025-03-25T12:52:49.147860" level="INFO">Length is 3.</msg>
<msg time="2025-03-25T12:52:49.148011" level="INFO">${remove_button_count} = 3</msg>
<var>${remove_button_count}</var>
<arg>${remove_buttons}</arg>
<doc>Returns and logs the length of the given item as an integer.</doc>
<status status="PASS" start="2025-03-25T12:52:49.147359" elapsed="0.000702"/>
</kw>
<kw name="Should Be Equal As Strings" owner="BuiltIn">
<msg time="2025-03-25T12:52:49.149382" level="INFO">Argument types are:
&lt;class 'str'&gt;
&lt;class 'int'&gt;</msg>
<arg>${actual_quantity}</arg>
<arg>${remove_button_count}</arg>
<doc>Fails if objects are unequal after converting them to strings.</doc>
<status status="PASS" start="2025-03-25T12:52:49.148374" elapsed="0.001140"/>
</kw>
<kw name="Log" owner="BuiltIn">
<msg time="2025-03-25T12:52:49.150934" level="INFO">จำนวนสินค้า: 3, เลขจำนวนสินค้า: 3</msg>
<arg>จำนวนสินค้า: ${remove_button_count}, เลขจำนวนสินค้า: ${actual_quantity}</arg>
<doc>Logs the given message with the given level.</doc>
<status status="PASS" start="2025-03-25T12:52:49.150282" elapsed="0.000776"/>
</kw>
<status status="PASS" start="2025-03-25T12:52:49.097982" elapsed="0.053223"/>
</kw>
<kw name="Remove Product" owner="keywords">
<kw name="Click Button" owner="SeleniumLibrary">
<msg time="2025-03-25T12:52:49.153017" level="INFO">Clicking button 'xpath=//div[contains(@class,'inventory_item')]//div[contains(@class,'inventory_item_name') and normalize-space(text())='Sauce Labs Fleece Jacket']//ancestor::div[contains(@class,'inventory_item_description')]//button[contains(@data-test, 'remove')]'.</msg>
<arg>xpath=//div[contains(@class,'inventory_item')]//div[contains(@class,'inventory_item_name') and normalize-space(text())='${product_name}']//ancestor::div[contains(@class,'inventory_item_description')]//button[contains(@data-test, 'remove')]</arg>
<doc>Clicks the button identified by ``locator``.</doc>
<status status="PASS" start="2025-03-25T12:52:49.152285" elapsed="0.109001"/>
</kw>
<arg>Sauce Labs Fleece Jacket</arg>
<status status="PASS" start="2025-03-25T12:52:49.151459" elapsed="0.109998"/>
</kw>
<kw name="Sleep" owner="BuiltIn">
<msg time="2025-03-25T12:52:51.262136" level="INFO">Slept 2 seconds.</msg>
<arg>2s</arg>
<doc>Pauses the test executed for the given time.</doc>
<status status="PASS" start="2025-03-25T12:52:49.261630" elapsed="2.000723"/>
</kw>
<kw name="Validate the display quantity in the basket" owner="keywords">
<kw name="Get WebElements" owner="SeleniumLibrary">
<msg time="2025-03-25T12:52:51.271201" level="INFO">${remove_buttons} = [&lt;selenium.webdriver.remote.webelement.WebElement (session="f9882d76aab6fca8106f594cc0b18340", element="f.B8A4075843A08A5611FAFA3E7EB24B43.d.E091A0A575899A87C27F52F7407619AF.e.41")&gt;, &lt;selenium.webdriv...</msg>
<var>${remove_buttons}</var>
<arg>xpath=//button[contains(@data-test, 'remove')]</arg>
<doc>Returns a list of WebElement objects matching the ``locator``.</doc>
<status status="PASS" start="2025-03-25T12:52:51.263065" elapsed="0.008194"/>
</kw>
<kw name="Get Text" owner="SeleniumLibrary">
<msg time="2025-03-25T12:52:51.288032" level="INFO">${actual_quantity} = 2</msg>
<var>${actual_quantity}</var>
<arg>css=.shopping_cart_badge</arg>
<doc>Returns the text value of the element identified by ``locator``.</doc>
<status status="PASS" start="2025-03-25T12:52:51.271431" elapsed="0.016662"/>
</kw>
<kw name="Get Length" owner="BuiltIn">
<msg time="2025-03-25T12:52:51.288694" level="INFO">Length is 2.</msg>
<msg time="2025-03-25T12:52:51.288806" level="INFO">${remove_button_count} = 2</msg>
<var>${remove_button_count}</var>
<arg>${remove_buttons}</arg>
<doc>Returns and logs the length of the given item as an integer.</doc>
<status status="PASS" start="2025-03-25T12:52:51.288301" elapsed="0.000537"/>
</kw>
<kw name="Should Be Equal As Strings" owner="BuiltIn">
<msg time="2025-03-25T12:52:51.289467" level="INFO">Argument types are:
&lt;class 'str'&gt;
&lt;class 'int'&gt;</msg>
<arg>${actual_quantity}</arg>
<arg>${remove_button_count}</arg>
<doc>Fails if objects are unequal after converting them to strings.</doc>
<status status="PASS" start="2025-03-25T12:52:51.289036" elapsed="0.000522"/>
</kw>
<kw name="Log" owner="BuiltIn">
<msg time="2025-03-25T12:52:51.290196" level="INFO">จำนวนสินค้า: 2, เลขจำนวนสินค้า: 2</msg>
<arg>จำนวนสินค้า: ${remove_button_count}, เลขจำนวนสินค้า: ${actual_quantity}</arg>
<doc>Logs the given message with the given level.</doc>
<status status="PASS" start="2025-03-25T12:52:51.289749" elapsed="0.000537"/>
</kw>
<status status="PASS" start="2025-03-25T12:52:51.262668" elapsed="0.027742"/>
</kw>
<status status="PASS" start="2025-03-25T12:52:49.097144" elapsed="2.193421"/>
</test>
<test id="s1-s1-t3" name="Check Quantity in Basket and Test Deletion" line="24">
<kw name="Click Element" owner="SeleniumLibrary">
<msg time="2025-03-25T12:52:51.292270" level="INFO">Clicking element 'css=.shopping_cart_link'.</msg>
<arg>css=.shopping_cart_link</arg>
<doc>Click the element identified by ``locator``.</doc>
<status status="PASS" start="2025-03-25T12:52:51.291798" elapsed="0.064420"/>
</kw>
<kw name="Wait Until Element Is Visible" owner="SeleniumLibrary">
<arg>id=cart_contents_container</arg>
<arg>timeout=10s</arg>
<doc>Waits until the element ``locator`` is visible.</doc>
<status status="PASS" start="2025-03-25T12:52:51.356416" elapsed="0.017567"/>
</kw>
<kw name="Validate Quantity Products in Cart and count Product icon" owner="keywords">
<kw name="Get Text" owner="SeleniumLibrary">
<msg time="2025-03-25T12:52:51.392375" level="INFO">${quantity_icon} = 2</msg>
<var>${quantity_icon}</var>
<arg>css=.shopping_cart_badge</arg>
<doc>Returns the text value of the element identified by ``locator``.</doc>
<status status="PASS" start="2025-03-25T12:52:51.374765" elapsed="0.017678"/>
</kw>
<kw name="Get WebElements" owner="SeleniumLibrary">
<msg time="2025-03-25T12:52:51.401669" level="INFO">${cart_quantity} = [&lt;selenium.webdriver.remote.webelement.WebElement (session="f9882d76aab6fca8106f594cc0b18340", element="f.B8A4075843A08A5611FAFA3E7EB24B43.d.E091A0A575899A87C27F52F7407619AF.e.64")&gt;, &lt;selenium.webdriv...</msg>
<var>${cart_quantity}</var>
<arg>css=.cart_quantity</arg>
<doc>Returns a list of WebElement objects matching the ``locator``.</doc>
<status status="PASS" start="2025-03-25T12:52:51.392664" elapsed="0.009058"/>
</kw>
<kw name="Get Length" owner="BuiltIn">
<msg time="2025-03-25T12:52:51.402107" level="INFO">Length is 2.</msg>
<msg time="2025-03-25T12:52:51.402171" level="INFO">${cart_quantity_count} = 2</msg>
<var>${cart_quantity_count}</var>
<arg>${cart_quantity}</arg>
<doc>Returns and logs the length of the given item as an integer.</doc>
<status status="PASS" start="2025-03-25T12:52:51.401882" elapsed="0.000312"/>
</kw>
<kw name="Should Be Equal As Strings" owner="BuiltIn">
<msg time="2025-03-25T12:52:51.402454" level="INFO">Argument types are:
&lt;class 'int'&gt;
&lt;class 'str'&gt;</msg>
<arg>${cart_quantity_count}</arg>
<arg>${quantity_icon}</arg>
<doc>Fails if objects are unequal after converting them to strings.</doc>
<status status="PASS" start="2025-03-25T12:52:51.402288" elapsed="0.000211"/>
</kw>
<kw name="Log" owner="BuiltIn">
<msg time="2025-03-25T12:52:51.402851" level="INFO">จำนวนสินค้า: 2</msg>
<arg>จำนวนสินค้า: ${cart_quantity_count}</arg>
<doc>Logs the given message with the given level.</doc>
<status status="PASS" start="2025-03-25T12:52:51.402587" elapsed="0.000354"/>
</kw>
<status status="PASS" start="2025-03-25T12:52:51.374219" elapsed="0.028902"/>
</kw>
<kw name="Remove Product from Cart" owner="keywords">
<kw name="Click Button" owner="SeleniumLibrary">
<msg time="2025-03-25T12:52:51.404048" level="INFO">Clicking button 'xpath=//div[contains(@class,'cart_item')][.//div[contains(@class,'inventory_item_name') and normalize-space(text())='Sauce Labs Bike Light']]//button[contains(@data-test, 'remove')]'.</msg>
<arg>xpath=//div[contains(@class,'cart_item')][.//div[contains(@class,'inventory_item_name') and normalize-space(text())='${product_name}']]//button[contains(@data-test, 'remove')]</arg>
<doc>Clicks the button identified by ``locator``.</doc>
<status status="PASS" start="2025-03-25T12:52:51.403793" elapsed="0.063286"/>
</kw>
<arg>Sauce Labs Bike Light</arg>
<status status="PASS" start="2025-03-25T12:52:51.403371" elapsed="0.063829"/>
</kw>
<kw name="Wait Until Element Contains" owner="SeleniumLibrary">
<arg>css=.shopping_cart_badge</arg>
<arg>text=1</arg>
<arg>timeout=10s</arg>
<doc>Waits until the element ``locator`` contains ``text``.</doc>
<status status="PASS" start="2025-03-25T12:52:51.467333" elapsed="0.012807"/>
</kw>
<kw name="Validate Quantity Products in Cart and count Product icon" owner="keywords">
<kw name="Get Text" owner="SeleniumLibrary">
<msg time="2025-03-25T12:52:51.493283" level="INFO">${quantity_icon} = 1</msg>
<var>${quantity_icon}</var>
<arg>css=.shopping_cart_badge</arg>
<doc>Returns the text value of the element identified by ``locator``.</doc>
<status status="PASS" start="2025-03-25T12:52:51.480841" elapsed="0.012502"/>
</kw>
<kw name="Get WebElements" owner="SeleniumLibrary">
<msg time="2025-03-25T12:52:51.499671" level="INFO">${cart_quantity} = [&lt;selenium.webdriver.remote.webelement.WebElement (session="f9882d76aab6fca8106f594cc0b18340", element="f.B8A4075843A08A5611FAFA3E7EB24B43.d.E091A0A575899A87C27F52F7407619AF.e.65")&gt;]</msg>
<var>${cart_quantity}</var>
<arg>css=.cart_quantity</arg>
<doc>Returns a list of WebElement objects matching the ``locator``.</doc>
<status status="PASS" start="2025-03-25T12:52:51.493546" elapsed="0.006168"/>
</kw>
<kw name="Get Length" owner="BuiltIn">
<msg time="2025-03-25T12:52:51.500104" level="INFO">Length is 1.</msg>
<msg time="2025-03-25T12:52:51.500173" level="INFO">${cart_quantity_count} = 1</msg>
<var>${cart_quantity_count}</var>
<arg>${cart_quantity}</arg>
<doc>Returns and logs the length of the given item as an integer.</doc>
<status status="PASS" start="2025-03-25T12:52:51.499866" elapsed="0.000330"/>
</kw>
<kw name="Should Be Equal As Strings" owner="BuiltIn">
<msg time="2025-03-25T12:52:51.500517" level="INFO">Argument types are:
&lt;class 'int'&gt;
&lt;class 'str'&gt;</msg>
<arg>${cart_quantity_count}</arg>
<arg>${quantity_icon}</arg>
<doc>Fails if objects are unequal after converting them to strings.</doc>
<status status="PASS" start="2025-03-25T12:52:51.500313" elapsed="0.000261"/>
</kw>
<kw name="Log" owner="BuiltIn">
<msg time="2025-03-25T12:52:51.500959" level="INFO">จำนวนสินค้า: 1</msg>
<arg>จำนวนสินค้า: ${cart_quantity_count}</arg>
<doc>Logs the given message with the given level.</doc>
<status status="PASS" start="2025-03-25T12:52:51.500717" elapsed="0.000292"/>
</kw>
<status status="PASS" start="2025-03-25T12:52:51.480520" elapsed="0.020562"/>
</kw>
<status status="PASS" start="2025-03-25T12:52:51.291279" elapsed="0.209893"/>
</test>
<test id="s1-s1-t4" name="Checks button to continue shopping" line="32">
<kw name="Click Button" owner="SeleniumLibrary">
<msg time="2025-03-25T12:52:51.501923" level="INFO">Clicking button 'id=continue-shopping'.</msg>
<arg>id=continue-shopping</arg>
<doc>Clicks the button identified by ``locator``.</doc>
<status status="PASS" start="2025-03-25T12:52:51.501674" elapsed="0.085267"/>
</kw>
<kw name="Wait Until Element Is Visible" owner="SeleniumLibrary">
<arg>id=inventory_container</arg>
<arg>timeout=10s</arg>
<doc>Waits until the element ``locator`` is visible.</doc>
<status status="PASS" start="2025-03-25T12:52:51.587246" elapsed="0.014684"/>
</kw>
<status status="PASS" start="2025-03-25T12:52:51.501368" elapsed="0.100732"/>
</test>
<kw name="Close Browser" owner="SeleniumLibrary" type="TEARDOWN">
<doc>Closes the current browser.</doc>
<status status="PASS" start="2025-03-25T12:52:51.602565" elapsed="2.405188"/>
</kw>
<status status="PASS" start="2025-03-25T12:52:41.356458" elapsed="12.651518"/>
</suite>
<status status="PASS" start="2025-03-25T12:52:41.342023" elapsed="12.667494"/>
</suite>
<statistics>
<total>
<stat pass="4" fail="0" skip="0">All Tests</stat>
</total>
<tag>
</tag>
<suite>
<stat name="Suites" id="s1" pass="4" fail="0" skip="0">Suites</stat>
<stat name="Productcart" id="s1-s1" pass="4" fail="0" skip="0">Suites.Productcart</stat>
</suite>
</statistics>
<errors>
</errors>
</robot>
