<?xml version="1.0" encoding="UTF-8"?>
<robot generator="Rebot 7.1.1 (Python 3.13.1 on win32)" generated="2025-03-20T00:51:42.822589" rpa="false" schemaversion="5">
<suite id="s1" name="Test" source="C:\Users\Nutta\Desktop\Learn Robot freamwork\SwagLab\test">
<suite id="s1-s1" name="Checkout Overview" source="C:\Users\Nutta\Desktop\Learn Robot freamwork\SwagLab\test\checkout_overview.robot">
<test id="s1-s1-t1" name="Chackout overview product Complete" line="9">
<kw name="Open Browser To Sauce Demo" owner="keywords">
<kw name="Open Browser" owner="SeleniumLibrary">
<msg time="2025-03-20T00:50:40.998494" level="INFO">Opening browser 'Chrome' to base url 'https://www.saucedemo.com'.</msg>
<arg>${URL}</arg>
<arg>${BROWSER}</arg>
<doc>Opens a new browser instance to the optional ``url``.</doc>
<status status="PASS" start="2025-03-20T00:50:40.997986" elapsed="2.456117"/>
</kw>
<kw name="Maximize Browser Window" owner="SeleniumLibrary">
<doc>Maximizes current browser window.</doc>
<status status="PASS" start="2025-03-20T00:50:43.455123" elapsed="1.357086"/>
</kw>
<status status="PASS" start="2025-03-20T00:50:40.996892" elapsed="3.815688"/>
</kw>
<kw name="Fill the login Form" owner="keywords">
<kw name="Input Text" owner="SeleniumLibrary">
<msg time="2025-03-20T00:50:44.816459" level="INFO">Typing text 'standard_user' into text field 'id=user-name'.</msg>
<arg>id=user-name</arg>
<arg>${USERNAME}</arg>
<doc>Types the given ``text`` into the text field identified by ``locator``.</doc>
<status status="PASS" start="2025-03-20T00:50:44.814773" elapsed="1.642829"/>
</kw>
<kw name="Input Text" owner="SeleniumLibrary">
<msg time="2025-03-20T00:50:46.459252" level="INFO">Typing text 'secret_sauce' into text field 'id=password'.</msg>
<arg>id=password</arg>
<arg>${PASSWORD}</arg>
<doc>Types the given ``text`` into the text field identified by ``locator``.</doc>
<status status="PASS" start="2025-03-20T00:50:46.458148" elapsed="0.941170"/>
</kw>
<kw name="Click Button" owner="SeleniumLibrary">
<msg time="2025-03-20T00:50:47.400856" level="INFO">Clicking button 'id=login-button'.</msg>
<arg>id=login-button</arg>
<doc>Clicks the button identified by ``locator``.</doc>
<status status="PASS" start="2025-03-20T00:50:47.399923" elapsed="0.552925"/>
</kw>
<arg>${USERNAME}</arg>
<arg>${PASSWORD}</arg>
<status status="PASS" start="2025-03-20T00:50:44.813312" elapsed="3.140054"/>
</kw>
<kw name="Go to Chackout page" owner="keywords">
<kw name="Select Product to Cart" owner="keywords">
<kw name="Wait Until Element Is Visible" owner="SeleniumLibrary">
<arg>xpath=//div[contains(@class,'inventory_item_name') and normalize-space(text())='${product_name}']</arg>
<arg>timeout=5s</arg>
<doc>Waits until the element ``locator`` is visible.</doc>
<status status="PASS" start="2025-03-20T00:50:47.957614" elapsed="0.100766"/>
</kw>
<kw name="Click Button" owner="SeleniumLibrary">
<msg time="2025-03-20T00:50:48.059842" level="INFO">Clicking button 'xpath=//div[contains(@class,'inventory_item')][.//div[contains(@class,'inventory_item_name') and normalize-space(text())='Sauce Labs Bike Light']]//button[contains(@data-test, 'add-to-cart')]'.</msg>
<arg>xpath=//div[contains(@class,'inventory_item')][.//div[contains(@class,'inventory_item_name') and normalize-space(text())='${product_name}']]//button[contains(@data-test, 'add-to-cart')]</arg>
<doc>Clicks the button identified by ``locator``.</doc>
<status status="PASS" start="2025-03-20T00:50:48.058846" elapsed="0.182717"/>
</kw>
<arg>Sauce Labs Bike Light</arg>
<status status="PASS" start="2025-03-20T00:50:47.955009" elapsed="0.286875"/>
</kw>
<kw name="Click Element" owner="SeleniumLibrary">
<msg time="2025-03-20T00:50:48.242882" level="INFO">Clicking element 'css=.shopping_cart_link'.</msg>
<arg>css=.shopping_cart_link</arg>
<doc>Click the element identified by ``locator``.</doc>
<status status="PASS" start="2025-03-20T00:50:48.242186" elapsed="0.128764"/>
</kw>
<kw name="Click Button" owner="SeleniumLibrary">
<msg time="2025-03-20T00:50:48.372969" level="INFO">Clicking button 'id=checkout'.</msg>
<arg>id=checkout</arg>
<doc>Clicks the button identified by ``locator``.</doc>
<status status="PASS" start="2025-03-20T00:50:48.371788" elapsed="0.156934"/>
</kw>
<status status="PASS" start="2025-03-20T00:50:47.953967" elapsed="0.575005"/>
</kw>
<kw name="Fill the checkout Form" owner="keywords">
<kw name="Input Text" owner="SeleniumLibrary">
<msg time="2025-03-20T00:50:48.531019" level="INFO">Typing text 'Test' into text field 'id=first-name'.</msg>
<arg>id=first-name</arg>
<arg>${first_name}</arg>
<doc>Types the given ``text`` into the text field identified by ``locator``.</doc>
<status status="PASS" start="2025-03-20T00:50:48.530317" elapsed="0.168911"/>
</kw>
<kw name="Input Text" owner="SeleniumLibrary">
<msg time="2025-03-20T00:50:48.700129" level="INFO">Typing text 'Test' into text field 'id=last-name'.</msg>
<arg>id=last-name</arg>
<arg>${last_name}</arg>
<doc>Types the given ``text`` into the text field identified by ``locator``.</doc>
<status status="PASS" start="2025-03-20T00:50:48.699564" elapsed="0.168893"/>
</kw>
<kw name="Input Text" owner="SeleniumLibrary">
<msg time="2025-03-20T00:50:48.869569" level="INFO">Typing text '12345' into text field 'id=postal-code'.</msg>
<arg>id=postal-code</arg>
<arg>${zip_code}</arg>
<doc>Types the given ``text`` into the text field identified by ``locator``.</doc>
<status status="PASS" start="2025-03-20T00:50:48.868889" elapsed="0.128069"/>
</kw>
<kw name="Click Button" owner="SeleniumLibrary">
<msg time="2025-03-20T00:50:48.997726" level="INFO">Clicking button 'id=continue'.</msg>
<arg>id=continue</arg>
<doc>Clicks the button identified by ``locator``.</doc>
<status status="PASS" start="2025-03-20T00:50:48.997299" elapsed="0.106809"/>
</kw>
<arg>${FIRST_NAME}</arg>
<arg>${LAST_NAME}</arg>
<arg>${ZIP_CODE}</arg>
<status status="PASS" start="2025-03-20T00:50:48.529346" elapsed="0.575066"/>
</kw>
<kw name="Click Element" owner="SeleniumLibrary">
<msg time="2025-03-20T00:50:49.105277" level="INFO">Clicking element 'xpath=//button[@id='finish']'.</msg>
<arg>xpath=//button[@id='finish']</arg>
<doc>Click the element identified by ``locator``.</doc>
<status status="PASS" start="2025-03-20T00:50:49.104769" elapsed="0.085854"/>
</kw>
<kw name="Page Should Contain Element" owner="SeleniumLibrary">
<msg time="2025-03-20T00:50:49.206713" level="INFO">Current page contains element 'xpath=//h2[normalize-space()='Thank you for your order!']'.</msg>
<arg>xpath=//h2[normalize-space()='Thank you for your order!']</arg>
<doc>Verifies that element ``locator`` is found on the current page.</doc>
<status status="PASS" start="2025-03-20T00:50:49.190953" elapsed="0.016338"/>
</kw>
<kw name="Close Browser" owner="SeleniumLibrary" type="TEARDOWN">
<doc>Closes the current browser.</doc>
<status status="PASS" start="2025-03-20T00:50:49.207842" elapsed="2.515352"/>
</kw>
<status status="PASS" start="2025-03-20T00:50:40.995984" elapsed="10.727351"/>
</test>
<test id="s1-s1-t2" name="Validate price total and tax" line="19">
<kw name="Open Browser To Sauce Demo" owner="keywords">
<kw name="Open Browser" owner="SeleniumLibrary">
<msg time="2025-03-20T00:50:51.725744" level="INFO">Opening browser 'Chrome' to base url 'https://www.saucedemo.com'.</msg>
<arg>${URL}</arg>
<arg>${BROWSER}</arg>
<doc>Opens a new browser instance to the optional ``url``.</doc>
<status status="PASS" start="2025-03-20T00:50:51.725218" elapsed="3.616237"/>
</kw>
<kw name="Maximize Browser Window" owner="SeleniumLibrary">
<doc>Maximizes current browser window.</doc>
<status status="PASS" start="2025-03-20T00:50:55.341884" elapsed="0.115268"/>
</kw>
<status status="PASS" start="2025-03-20T00:50:51.724565" elapsed="3.732871"/>
</kw>
<kw name="Fill the login Form" owner="keywords">
<kw name="Input Text" owner="SeleniumLibrary">
<msg time="2025-03-20T00:50:55.461119" level="INFO">Typing text 'standard_user' into text field 'id=user-name'.</msg>
<arg>id=user-name</arg>
<arg>${USERNAME}</arg>
<doc>Types the given ``text`` into the text field identified by ``locator``.</doc>
<status status="PASS" start="2025-03-20T00:50:55.459826" elapsed="0.395802"/>
</kw>
<kw name="Input Text" owner="SeleniumLibrary">
<msg time="2025-03-20T00:50:55.857884" level="INFO">Typing text 'secret_sauce' into text field 'id=password'.</msg>
<arg>id=password</arg>
<arg>${PASSWORD}</arg>
<doc>Types the given ``text`` into the text field identified by ``locator``.</doc>
<status status="PASS" start="2025-03-20T00:50:55.856716" elapsed="0.285465"/>
</kw>
<kw name="Click Button" owner="SeleniumLibrary">
<msg time="2025-03-20T00:50:56.143136" level="INFO">Clicking button 'id=login-button'.</msg>
<arg>id=login-button</arg>
<doc>Clicks the button identified by ``locator``.</doc>
<status status="PASS" start="2025-03-20T00:50:56.142553" elapsed="0.281985"/>
</kw>
<arg>${USERNAME}</arg>
<arg>${PASSWORD}</arg>
<status status="PASS" start="2025-03-20T00:50:55.457789" elapsed="0.967122"/>
</kw>
<kw name="Go to Chackout page" owner="keywords">
<kw name="Select Product to Cart" owner="keywords">
<kw name="Wait Until Element Is Visible" owner="SeleniumLibrary">
<arg>xpath=//div[contains(@class,'inventory_item_name') and normalize-space(text())='${product_name}']</arg>
<arg>timeout=5s</arg>
<doc>Waits until the element ``locator`` is visible.</doc>
<status status="PASS" start="2025-03-20T00:50:56.427661" elapsed="0.093853"/>
</kw>
<kw name="Click Button" owner="SeleniumLibrary">
<msg time="2025-03-20T00:50:56.523077" level="INFO">Clicking button 'xpath=//div[contains(@class,'inventory_item')][.//div[contains(@class,'inventory_item_name') and normalize-space(text())='Sauce Labs Bike Light']]//button[contains(@data-test, 'add-to-cart')]'.</msg>
<arg>xpath=//div[contains(@class,'inventory_item')][.//div[contains(@class,'inventory_item_name') and normalize-space(text())='${product_name}']]//button[contains(@data-test, 'add-to-cart')]</arg>
<doc>Clicks the button identified by ``locator``.</doc>
<status status="PASS" start="2025-03-20T00:50:56.521940" elapsed="0.234026"/>
</kw>
<arg>Sauce Labs Bike Light</arg>
<status status="PASS" start="2025-03-20T00:50:56.426386" elapsed="0.329828"/>
</kw>
<kw name="Click Element" owner="SeleniumLibrary">
<msg time="2025-03-20T00:50:56.757809" level="INFO">Clicking element 'css=.shopping_cart_link'.</msg>
<arg>css=.shopping_cart_link</arg>
<doc>Click the element identified by ``locator``.</doc>
<status status="PASS" start="2025-03-20T00:50:56.756466" elapsed="0.217478"/>
</kw>
<kw name="Click Button" owner="SeleniumLibrary">
<msg time="2025-03-20T00:50:56.975261" level="INFO">Clicking button 'id=checkout'.</msg>
<arg>id=checkout</arg>
<doc>Clicks the button identified by ``locator``.</doc>
<status status="PASS" start="2025-03-20T00:50:56.974407" elapsed="0.195563"/>
</kw>
<status status="PASS" start="2025-03-20T00:50:56.425397" elapsed="0.745025"/>
</kw>
<kw name="Fill the checkout Form" owner="keywords">
<kw name="Input Text" owner="SeleniumLibrary">
<msg time="2025-03-20T00:50:57.173269" level="INFO">Typing text 'Test' into text field 'id=first-name'.</msg>
<arg>id=first-name</arg>
<arg>${first_name}</arg>
<doc>Types the given ``text`` into the text field identified by ``locator``.</doc>
<status status="PASS" start="2025-03-20T00:50:57.172381" elapsed="0.162576"/>
</kw>
<kw name="Input Text" owner="SeleniumLibrary">
<msg time="2025-03-20T00:50:57.336145" level="INFO">Typing text 'Test' into text field 'id=last-name'.</msg>
<arg>id=last-name</arg>
<arg>${last_name}</arg>
<doc>Types the given ``text`` into the text field identified by ``locator``.</doc>
<status status="PASS" start="2025-03-20T00:50:57.335367" elapsed="0.139470"/>
</kw>
<kw name="Input Text" owner="SeleniumLibrary">
<msg time="2025-03-20T00:50:57.475654" level="INFO">Typing text '12345' into text field 'id=postal-code'.</msg>
<arg>id=postal-code</arg>
<arg>${zip_code}</arg>
<doc>Types the given ``text`` into the text field identified by ``locator``.</doc>
<status status="PASS" start="2025-03-20T00:50:57.475148" elapsed="0.132686"/>
</kw>
<kw name="Click Button" owner="SeleniumLibrary">
<msg time="2025-03-20T00:50:57.609018" level="INFO">Clicking button 'id=continue'.</msg>
<arg>id=continue</arg>
<doc>Clicks the button identified by ``locator``.</doc>
<status status="PASS" start="2025-03-20T00:50:57.608272" elapsed="0.109523"/>
</kw>
<arg>${FIRST_NAME}</arg>
<arg>${LAST_NAME}</arg>
<arg>${ZIP_CODE}</arg>
<status status="PASS" start="2025-03-20T00:50:57.171039" elapsed="0.547010"/>
</kw>
<kw name="Check Price total and tex" owner="keywords">
<kw name="Get WebElements" owner="SeleniumLibrary">
<msg time="2025-03-20T00:50:57.731875" level="INFO">${ItemPrices} = [&lt;selenium.webdriver.remote.webelement.WebElement (session="757bce8af1ca49784e7222f66d39ab17", element="f.BC22ED78177BAB04AA6EC602BA4903B0.d.3BD39DD8FBCDC6C77D946D34C651AD1E.e.74")&gt;]</msg>
<var>${ItemPrices}</var>
<arg>xpath=//div[@class="inventory_item_price"]</arg>
<doc>Returns a list of WebElement objects matching the ``locator``.</doc>
<status status="PASS" start="2025-03-20T00:50:57.719472" elapsed="0.012464"/>
</kw>
<kw name="Set Variable" owner="BuiltIn">
<msg time="2025-03-20T00:50:57.732591" level="INFO">${total_item_price} = 0</msg>
<var>${total_item_price}</var>
<arg>0</arg>
<doc>Returns the given values which can then be assigned to a variables.</doc>
<status status="PASS" start="2025-03-20T00:50:57.732166" elapsed="0.000470"/>
</kw>
<for flavor="IN">
<iter>
<kw name="Get Text" owner="SeleniumLibrary">
<msg time="2025-03-20T00:50:57.746580" level="INFO">${item_price} = $9.99</msg>
<var>${item_price}</var>
<arg>${item_price_element}</arg>
<doc>Returns the text value of the element identified by ``locator``.</doc>
<status status="PASS" start="2025-03-20T00:50:57.733486" elapsed="0.013161"/>
</kw>
<kw name="Evaluate" owner="BuiltIn">
<msg time="2025-03-20T00:50:57.747689" level="INFO">${item_price} = 9.99</msg>
<var>${item_price}</var>
<arg>float('${item_price}'.replace('$', '').replace(',', ''))</arg>
<doc>Evaluates the given expression in Python and returns the result.</doc>
<status status="PASS" start="2025-03-20T00:50:57.746862" elapsed="0.000901"/>
</kw>
<kw name="Evaluate" owner="BuiltIn">
<msg time="2025-03-20T00:50:57.748469" level="INFO">${total_item_price} = 9.99</msg>
<var>${total_item_price}</var>
<arg>${total_item_price} + ${item_price}</arg>
<doc>Evaluates the given expression in Python and returns the result.</doc>
<status status="PASS" start="2025-03-20T00:50:57.747956" elapsed="0.000563"/>
</kw>
<var name="${item_price_element}">&lt;selenium.webdriver.remote.webelement.WebElement (session="757bce8af1ca49784e7222f66d39ab17", element="f.BC22ED78177BAB04AA6EC602BA4903B0.d.3BD39DD8FBCDC6C77D946D34C651AD1E.e.74")&gt;</var>
<status status="PASS" start="2025-03-20T00:50:57.733196" elapsed="0.015415"/>
</iter>
<var>${item_price_element}</var>
<value>@{ItemPrices}</value>
<status status="PASS" start="2025-03-20T00:50:57.732767" elapsed="0.015949"/>
</for>
<kw name="Log" owner="BuiltIn">
<msg time="2025-03-20T00:50:57.749267" level="INFO">Total Item Price (calculated): 9.99</msg>
<arg>Total Item Price (calculated): ${total_item_price}</arg>
<doc>Logs the given message with the given level.</doc>
<status status="PASS" start="2025-03-20T00:50:57.748912" elapsed="0.000429"/>
</kw>
<kw name="Get Text" owner="SeleniumLibrary">
<msg time="2025-03-20T00:50:57.768500" level="INFO">${ItemTotal} = Item total: $9.99</msg>
<var>${ItemTotal}</var>
<arg>xpath=//div[@class='summary_subtotal_label']</arg>
<doc>Returns the text value of the element identified by ``locator``.</doc>
<status status="PASS" start="2025-03-20T00:50:57.749513" elapsed="0.019050"/>
</kw>
<kw name="Log" owner="BuiltIn">
<msg time="2025-03-20T00:50:57.769357" level="INFO">Item Total (raw): Item total: $9.99</msg>
<arg>Item Total (raw): ${ItemTotal}</arg>
<doc>Logs the given message with the given level.</doc>
<status status="PASS" start="2025-03-20T00:50:57.768814" elapsed="0.000621"/>
</kw>
<kw name="Evaluate" owner="BuiltIn">
<msg time="2025-03-20T00:50:57.770029" level="INFO">${ItemTotal} = 9.99</msg>
<var>${ItemTotal}</var>
<arg>float('${ItemTotal}'.replace('Item total: $', '').replace(',', ''))</arg>
<doc>Evaluates the given expression in Python and returns the result.</doc>
<status status="PASS" start="2025-03-20T00:50:57.769612" elapsed="0.000601"/>
</kw>
<kw name="Log" owner="BuiltIn">
<msg time="2025-03-20T00:50:57.770754" level="INFO">Item Total (converted to float): 9.99</msg>
<arg>Item Total (converted to float): ${ItemTotal}</arg>
<doc>Logs the given message with the given level.</doc>
<status status="PASS" start="2025-03-20T00:50:57.770412" elapsed="0.000404"/>
</kw>
<kw name="Should Be Equal As Numbers" owner="BuiltIn">
<arg>${total_item_price}</arg>
<arg>${ItemTotal}</arg>
<doc>Fails if objects are unequal after converting them to real numbers.</doc>
<status status="PASS" start="2025-03-20T00:50:57.770962" elapsed="0.000283"/>
</kw>
<kw name="Get Text" owner="SeleniumLibrary">
<msg time="2025-03-20T00:50:57.788639" level="INFO">${Tax} = Tax: $0.80</msg>
<var>${Tax}</var>
<arg>xpath=//div[@class='summary_tax_label']</arg>
<doc>Returns the text value of the element identified by ``locator``.</doc>
<status status="PASS" start="2025-03-20T00:50:57.771381" elapsed="0.017334"/>
</kw>
<kw name="Log" owner="BuiltIn">
<msg time="2025-03-20T00:50:57.789477" level="INFO">Tax (raw): Tax: $0.80</msg>
<arg>Tax (raw): ${Tax}</arg>
<doc>Logs the given message with the given level.</doc>
<status status="PASS" start="2025-03-20T00:50:57.788992" elapsed="0.000571"/>
</kw>
<kw name="Evaluate" owner="BuiltIn">
<msg time="2025-03-20T00:50:57.790361" level="INFO">${Tax} = 0.8</msg>
<var>${Tax}</var>
<arg>float('${Tax}'.replace('Tax: $', '').replace(',', ''))</arg>
<doc>Evaluates the given expression in Python and returns the result.</doc>
<status status="PASS" start="2025-03-20T00:50:57.789786" elapsed="0.000639"/>
</kw>
<kw name="Log" owner="BuiltIn">
<msg time="2025-03-20T00:50:57.791006" level="INFO">Tax (converted to float): 0.8</msg>
<arg>Tax (converted to float): ${Tax}</arg>
<doc>Logs the given message with the given level.</doc>
<status status="PASS" start="2025-03-20T00:50:57.790618" elapsed="0.000455"/>
</kw>
<kw name="Evaluate" owner="BuiltIn">
<msg time="2025-03-20T00:50:57.791675" level="INFO">${calculated_tax} = 0.8</msg>
<var>${calculated_tax}</var>
<arg>round(${total_item_price} * 0.08, 2)</arg>
<doc>Evaluates the given expression in Python and returns the result.</doc>
<status status="PASS" start="2025-03-20T00:50:57.791248" elapsed="0.000467"/>
</kw>
<kw name="Should Be Equal As Numbers" owner="BuiltIn">
<arg>${calculated_tax}</arg>
<arg>${Tax}</arg>
<doc>Fails if objects are unequal after converting them to real numbers.</doc>
<status status="PASS" start="2025-03-20T00:50:57.791882" elapsed="0.000440"/>
</kw>
<kw name="Log" owner="BuiltIn">
<msg time="2025-03-20T00:50:57.792797" level="INFO">Calculated Tax: 0.8</msg>
<arg>Calculated Tax: ${calculated_tax}</arg>
<doc>Logs the given message with the given level.</doc>
<status status="PASS" start="2025-03-20T00:50:57.792510" elapsed="0.000345"/>
</kw>
<kw name="Evaluate" owner="BuiltIn">
<msg time="2025-03-20T00:50:57.793456" level="INFO">${Total} = 10.79</msg>
<var>${Total}</var>
<arg>round(${total_item_price} + ${Tax}, 2)</arg>
<doc>Evaluates the given expression in Python and returns the result.</doc>
<status status="PASS" start="2025-03-20T00:50:57.793020" elapsed="0.000487"/>
</kw>
<kw name="Log" owner="BuiltIn">
<msg time="2025-03-20T00:50:57.794052" level="INFO">Total: 10.79</msg>
<arg>Total: ${Total}</arg>
<doc>Logs the given message with the given level.</doc>
<status status="PASS" start="2025-03-20T00:50:57.793683" elapsed="0.000449"/>
</kw>
<kw name="Get Text" owner="SeleniumLibrary">
<msg time="2025-03-20T00:50:57.812889" level="INFO">${TotalSummary} = Total: $10.79</msg>
<var>${TotalSummary}</var>
<arg>xpath=//div[@class='summary_total_label']</arg>
<doc>Returns the text value of the element identified by ``locator``.</doc>
<status status="PASS" start="2025-03-20T00:50:57.794308" elapsed="0.018650"/>
</kw>
<kw name="Log" owner="BuiltIn">
<msg time="2025-03-20T00:50:57.813542" level="INFO">Total Summary (raw): Total: $10.79</msg>
<arg>Total Summary (raw): ${TotalSummary}</arg>
<doc>Logs the given message with the given level.</doc>
<status status="PASS" start="2025-03-20T00:50:57.813188" elapsed="0.000428"/>
</kw>
<kw name="Evaluate" owner="BuiltIn">
<msg time="2025-03-20T00:50:57.814323" level="INFO">${TotalSummary} = 10.79</msg>
<var>${TotalSummary}</var>
<arg>float('${TotalSummary}'.replace('Total: $', '').replace(',', ''))</arg>
<doc>Evaluates the given expression in Python and returns the result.</doc>
<status status="PASS" start="2025-03-20T00:50:57.813807" elapsed="0.000560"/>
</kw>
<kw name="Log" owner="BuiltIn">
<msg time="2025-03-20T00:50:57.815009" level="INFO">Total Summary (converted to float): 10.79</msg>
<arg>Total Summary (converted to float): ${TotalSummary}</arg>
<doc>Logs the given message with the given level.</doc>
<status status="PASS" start="2025-03-20T00:50:57.814563" elapsed="0.000566"/>
</kw>
<kw name="Should Be Equal As Numbers" owner="BuiltIn">
<arg>${Total}</arg>
<arg>${TotalSummary}</arg>
<doc>Fails if objects are unequal after converting them to real numbers.</doc>
<status status="PASS" start="2025-03-20T00:50:57.815447" elapsed="0.001045"/>
</kw>
<status status="PASS" start="2025-03-20T00:50:57.718678" elapsed="0.098045"/>
</kw>
<kw name="Close Browser" owner="SeleniumLibrary" type="TEARDOWN">
<doc>Closes the current browser.</doc>
<status status="PASS" start="2025-03-20T00:50:57.817165" elapsed="2.600015"/>
</kw>
<status status="PASS" start="2025-03-20T00:50:51.723889" elapsed="8.693644"/>
</test>
<test id="s1-s1-t3" name="Validate button cancel overview" line="27">
<kw name="Open Browser To Sauce Demo" owner="keywords">
<kw name="Open Browser" owner="SeleniumLibrary">
<msg time="2025-03-20T00:51:00.419512" level="INFO">Opening browser 'Chrome' to base url 'https://www.saucedemo.com'.</msg>
<arg>${URL}</arg>
<arg>${BROWSER}</arg>
<doc>Opens a new browser instance to the optional ``url``.</doc>
<status status="PASS" start="2025-03-20T00:51:00.419236" elapsed="1.959033"/>
</kw>
<kw name="Maximize Browser Window" owner="SeleniumLibrary">
<doc>Maximizes current browser window.</doc>
<status status="PASS" start="2025-03-20T00:51:02.378740" elapsed="0.976519"/>
</kw>
<status status="PASS" start="2025-03-20T00:51:00.418875" elapsed="2.936830"/>
</kw>
<kw name="Fill the login Form" owner="keywords">
<kw name="Input Text" owner="SeleniumLibrary">
<msg time="2025-03-20T00:51:03.358752" level="INFO">Typing text 'standard_user' into text field 'id=user-name'.</msg>
<arg>id=user-name</arg>
<arg>${USERNAME}</arg>
<doc>Types the given ``text`` into the text field identified by ``locator``.</doc>
<status status="PASS" start="2025-03-20T00:51:03.357752" elapsed="0.887124"/>
</kw>
<kw name="Input Text" owner="SeleniumLibrary">
<msg time="2025-03-20T00:51:04.246007" level="INFO">Typing text 'secret_sauce' into text field 'id=password'.</msg>
<arg>id=password</arg>
<arg>${PASSWORD}</arg>
<doc>Types the given ``text`` into the text field identified by ``locator``.</doc>
<status status="PASS" start="2025-03-20T00:51:04.245329" elapsed="0.278273"/>
</kw>
<kw name="Click Button" owner="SeleniumLibrary">
<msg time="2025-03-20T00:51:04.524841" level="INFO">Clicking button 'id=login-button'.</msg>
<arg>id=login-button</arg>
<doc>Clicks the button identified by ``locator``.</doc>
<status status="PASS" start="2025-03-20T00:51:04.524067" elapsed="0.319092"/>
</kw>
<arg>${USERNAME}</arg>
<arg>${PASSWORD}</arg>
<status status="PASS" start="2025-03-20T00:51:03.356291" elapsed="1.487674"/>
</kw>
<kw name="Go to Chackout page" owner="keywords">
<kw name="Select Product to Cart" owner="keywords">
<kw name="Wait Until Element Is Visible" owner="SeleniumLibrary">
<arg>xpath=//div[contains(@class,'inventory_item_name') and normalize-space(text())='${product_name}']</arg>
<arg>timeout=5s</arg>
<doc>Waits until the element ``locator`` is visible.</doc>
<status status="PASS" start="2025-03-20T00:51:04.847570" elapsed="0.123587"/>
</kw>
<kw name="Click Button" owner="SeleniumLibrary">
<msg time="2025-03-20T00:51:04.972966" level="INFO">Clicking button 'xpath=//div[contains(@class,'inventory_item')][.//div[contains(@class,'inventory_item_name') and normalize-space(text())='Sauce Labs Bike Light']]//button[contains(@data-test, 'add-to-cart')]'.</msg>
<arg>xpath=//div[contains(@class,'inventory_item')][.//div[contains(@class,'inventory_item_name') and normalize-space(text())='${product_name}']]//button[contains(@data-test, 'add-to-cart')]</arg>
<doc>Clicks the button identified by ``locator``.</doc>
<status status="PASS" start="2025-03-20T00:51:04.972095" elapsed="0.194869"/>
</kw>
<arg>Sauce Labs Bike Light</arg>
<status status="PASS" start="2025-03-20T00:51:04.846587" elapsed="0.320635"/>
</kw>
<kw name="Click Element" owner="SeleniumLibrary">
<msg time="2025-03-20T00:51:05.168229" level="INFO">Clicking element 'css=.shopping_cart_link'.</msg>
<arg>css=.shopping_cart_link</arg>
<doc>Click the element identified by ``locator``.</doc>
<status status="PASS" start="2025-03-20T00:51:05.167478" elapsed="0.120924"/>
</kw>
<kw name="Click Button" owner="SeleniumLibrary">
<msg time="2025-03-20T00:51:05.289710" level="INFO">Clicking button 'id=checkout'.</msg>
<arg>id=checkout</arg>
<doc>Clicks the button identified by ``locator``.</doc>
<status status="PASS" start="2025-03-20T00:51:05.288783" elapsed="0.121088"/>
</kw>
<status status="PASS" start="2025-03-20T00:51:04.844823" elapsed="0.565401"/>
</kw>
<kw name="Fill the checkout Form" owner="keywords">
<kw name="Input Text" owner="SeleniumLibrary">
<msg time="2025-03-20T00:51:05.412473" level="INFO">Typing text 'Test' into text field 'id=first-name'.</msg>
<arg>id=first-name</arg>
<arg>${first_name}</arg>
<doc>Types the given ``text`` into the text field identified by ``locator``.</doc>
<status status="PASS" start="2025-03-20T00:51:05.411597" elapsed="0.104376"/>
</kw>
<kw name="Input Text" owner="SeleniumLibrary">
<msg time="2025-03-20T00:51:05.517037" level="INFO">Typing text 'Test' into text field 'id=last-name'.</msg>
<arg>id=last-name</arg>
<arg>${last_name}</arg>
<doc>Types the given ``text`` into the text field identified by ``locator``.</doc>
<status status="PASS" start="2025-03-20T00:51:05.516554" elapsed="0.193439"/>
</kw>
<kw name="Input Text" owner="SeleniumLibrary">
<msg time="2025-03-20T00:51:05.711091" level="INFO">Typing text '12345' into text field 'id=postal-code'.</msg>
<arg>id=postal-code</arg>
<arg>${zip_code}</arg>
<doc>Types the given ``text`` into the text field identified by ``locator``.</doc>
<status status="PASS" start="2025-03-20T00:51:05.710364" elapsed="0.113146"/>
</kw>
<kw name="Click Button" owner="SeleniumLibrary">
<msg time="2025-03-20T00:51:05.824118" level="INFO">Clicking button 'id=continue'.</msg>
<arg>id=continue</arg>
<doc>Clicks the button identified by ``locator``.</doc>
<status status="PASS" start="2025-03-20T00:51:05.823762" elapsed="0.111295"/>
</kw>
<arg>${FIRST_NAME}</arg>
<arg>${LAST_NAME}</arg>
<arg>${ZIP_CODE}</arg>
<status status="PASS" start="2025-03-20T00:51:05.410605" elapsed="0.524925"/>
</kw>
<kw name="Click Element" owner="SeleniumLibrary">
<msg time="2025-03-20T00:51:05.936551" level="INFO">Clicking element 'id=cancel'.</msg>
<arg>id=cancel</arg>
<doc>Click the element identified by ``locator``.</doc>
<status status="PASS" start="2025-03-20T00:51:05.935822" elapsed="0.122926"/>
</kw>
<kw name="Page Should Contain Element" owner="SeleniumLibrary">
<msg time="2025-03-20T00:51:06.076061" level="INFO">Current page contains element 'xpath=//div[@id='inventory_container']//div//div[@id='inventory_container']'.</msg>
<arg>xpath=//div[@id='inventory_container']//div//div[@id='inventory_container']</arg>
<doc>Verifies that element ``locator`` is found on the current page.</doc>
<status status="PASS" start="2025-03-20T00:51:06.059103" elapsed="0.017124"/>
</kw>
<kw name="Close Browser" owner="SeleniumLibrary" type="TEARDOWN">
<doc>Closes the current browser.</doc>
<status status="PASS" start="2025-03-20T00:51:06.076728" elapsed="2.587867"/>
</kw>
<status status="PASS" start="2025-03-20T00:51:00.418503" elapsed="8.246378"/>
</test>
<test id="s1-s1-t4" name="Validate Chackout complete and go to homepage" line="36">
<kw name="Open Browser To Sauce Demo" owner="keywords">
<kw name="Open Browser" owner="SeleniumLibrary">
<msg time="2025-03-20T00:51:08.667266" level="INFO">Opening browser 'Chrome' to base url 'https://www.saucedemo.com'.</msg>
<arg>${URL}</arg>
<arg>${BROWSER}</arg>
<doc>Opens a new browser instance to the optional ``url``.</doc>
<status status="PASS" start="2025-03-20T00:51:08.666870" elapsed="2.819963"/>
</kw>
<kw name="Maximize Browser Window" owner="SeleniumLibrary">
<doc>Maximizes current browser window.</doc>
<status status="PASS" start="2025-03-20T00:51:11.487411" elapsed="0.362968"/>
</kw>
<status status="PASS" start="2025-03-20T00:51:08.666251" elapsed="3.184649"/>
</kw>
<kw name="Fill the login Form" owner="keywords">
<kw name="Input Text" owner="SeleniumLibrary">
<msg time="2025-03-20T00:51:11.855906" level="INFO">Typing text 'standard_user' into text field 'id=user-name'.</msg>
<arg>id=user-name</arg>
<arg>${USERNAME}</arg>
<doc>Types the given ``text`` into the text field identified by ``locator``.</doc>
<status status="PASS" start="2025-03-20T00:51:11.854286" elapsed="0.858904"/>
</kw>
<kw name="Input Text" owner="SeleniumLibrary">
<msg time="2025-03-20T00:51:12.714957" level="INFO">Typing text 'secret_sauce' into text field 'id=password'.</msg>
<arg>id=password</arg>
<arg>${PASSWORD}</arg>
<doc>Types the given ``text`` into the text field identified by ``locator``.</doc>
<status status="PASS" start="2025-03-20T00:51:12.713627" elapsed="0.318350"/>
</kw>
<kw name="Click Button" owner="SeleniumLibrary">
<msg time="2025-03-20T00:51:13.033123" level="INFO">Clicking button 'id=login-button'.</msg>
<arg>id=login-button</arg>
<doc>Clicks the button identified by ``locator``.</doc>
<status status="PASS" start="2025-03-20T00:51:13.032432" elapsed="0.366496"/>
</kw>
<arg>${USERNAME}</arg>
<arg>${PASSWORD}</arg>
<status status="PASS" start="2025-03-20T00:51:11.851292" elapsed="1.547942"/>
</kw>
<kw name="Go to Chackout page" owner="keywords">
<kw name="Select Product to Cart" owner="keywords">
<kw name="Wait Until Element Is Visible" owner="SeleniumLibrary">
<arg>xpath=//div[contains(@class,'inventory_item_name') and normalize-space(text())='${product_name}']</arg>
<arg>timeout=5s</arg>
<doc>Waits until the element ``locator`` is visible.</doc>
<status status="PASS" start="2025-03-20T00:51:13.402844" elapsed="0.058543"/>
</kw>
<kw name="Click Button" owner="SeleniumLibrary">
<msg time="2025-03-20T00:51:13.462640" level="INFO">Clicking button 'xpath=//div[contains(@class,'inventory_item')][.//div[contains(@class,'inventory_item_name') and normalize-space(text())='Sauce Labs Bike Light']]//button[contains(@data-test, 'add-to-cart')]'.</msg>
<arg>xpath=//div[contains(@class,'inventory_item')][.//div[contains(@class,'inventory_item_name') and normalize-space(text())='${product_name}']]//button[contains(@data-test, 'add-to-cart')]</arg>
<doc>Clicks the button identified by ``locator``.</doc>
<status status="PASS" start="2025-03-20T00:51:13.461834" elapsed="0.200000"/>
</kw>
<arg>Sauce Labs Bike Light</arg>
<status status="PASS" start="2025-03-20T00:51:13.400866" elapsed="0.261260"/>
</kw>
<kw name="Click Element" owner="SeleniumLibrary">
<msg time="2025-03-20T00:51:13.663132" level="INFO">Clicking element 'css=.shopping_cart_link'.</msg>
<arg>css=.shopping_cart_link</arg>
<doc>Click the element identified by ``locator``.</doc>
<status status="PASS" start="2025-03-20T00:51:13.662433" elapsed="0.128518"/>
</kw>
<kw name="Click Button" owner="SeleniumLibrary">
<msg time="2025-03-20T00:51:13.792017" level="INFO">Clicking button 'id=checkout'.</msg>
<arg>id=checkout</arg>
<doc>Clicks the button identified by ``locator``.</doc>
<status status="PASS" start="2025-03-20T00:51:13.791377" elapsed="0.108072"/>
</kw>
<status status="PASS" start="2025-03-20T00:51:13.399590" elapsed="0.500232"/>
</kw>
<kw name="Fill the checkout Form" owner="keywords">
<kw name="Input Text" owner="SeleniumLibrary">
<msg time="2025-03-20T00:51:13.901602" level="INFO">Typing text 'Test' into text field 'id=first-name'.</msg>
<arg>id=first-name</arg>
<arg>${first_name}</arg>
<doc>Types the given ``text`` into the text field identified by ``locator``.</doc>
<status status="PASS" start="2025-03-20T00:51:13.900837" elapsed="0.173588"/>
</kw>
<kw name="Input Text" owner="SeleniumLibrary">
<msg time="2025-03-20T00:51:14.076006" level="INFO">Typing text 'Test' into text field 'id=last-name'.</msg>
<arg>id=last-name</arg>
<arg>${last_name}</arg>
<doc>Types the given ``text`` into the text field identified by ``locator``.</doc>
<status status="PASS" start="2025-03-20T00:51:14.074958" elapsed="0.100973"/>
</kw>
<kw name="Input Text" owner="SeleniumLibrary">
<msg time="2025-03-20T00:51:14.176543" level="INFO">Typing text '12345' into text field 'id=postal-code'.</msg>
<arg>id=postal-code</arg>
<arg>${zip_code}</arg>
<doc>Types the given ``text`` into the text field identified by ``locator``.</doc>
<status status="PASS" start="2025-03-20T00:51:14.176141" elapsed="0.106102"/>
</kw>
<kw name="Click Button" owner="SeleniumLibrary">
<msg time="2025-03-20T00:51:14.283338" level="INFO">Clicking button 'id=continue'.</msg>
<arg>id=continue</arg>
<doc>Clicks the button identified by ``locator``.</doc>
<status status="PASS" start="2025-03-20T00:51:14.282667" elapsed="0.102517"/>
</kw>
<arg>${FIRST_NAME}</arg>
<arg>${LAST_NAME}</arg>
<arg>${ZIP_CODE}</arg>
<status status="PASS" start="2025-03-20T00:51:13.900059" elapsed="0.485415"/>
</kw>
<kw name="Click Element" owner="SeleniumLibrary">
<msg time="2025-03-20T00:51:14.386427" level="INFO">Clicking element 'xpath=//button[@id='finish']'.</msg>
<arg>xpath=//button[@id='finish']</arg>
<doc>Click the element identified by ``locator``.</doc>
<status status="PASS" start="2025-03-20T00:51:14.385778" elapsed="0.079762"/>
</kw>
<kw name="Page Should Contain Element" owner="SeleniumLibrary">
<msg time="2025-03-20T00:51:14.476389" level="INFO">Current page contains element 'xpath=//h2[normalize-space()='Thank you for your order!']'.</msg>
<arg>xpath=//h2[normalize-space()='Thank you for your order!']</arg>
<doc>Verifies that element ``locator`` is found on the current page.</doc>
<status status="PASS" start="2025-03-20T00:51:14.465776" elapsed="0.010796"/>
</kw>
<kw name="Click Element" owner="SeleniumLibrary">
<msg time="2025-03-20T00:51:14.477160" level="INFO">Clicking element 'xpath=//button[normalize-space()='Back Home']'.</msg>
<arg>xpath=//button[normalize-space()='Back Home']</arg>
<doc>Click the element identified by ``locator``.</doc>
<status status="PASS" start="2025-03-20T00:51:14.476802" elapsed="0.140263"/>
</kw>
<kw name="Page Should Contain Element" owner="SeleniumLibrary">
<msg time="2025-03-20T00:51:14.638359" level="INFO">Current page contains element 'xpath=//div[@id='inventory_container']'.</msg>
<arg>xpath=//div[@id='inventory_container']</arg>
<doc>Verifies that element ``locator`` is found on the current page.</doc>
<status status="PASS" start="2025-03-20T00:51:14.617730" elapsed="0.020743"/>
</kw>
<kw name="Close Browser" owner="SeleniumLibrary" type="TEARDOWN">
<doc>Closes the current browser.</doc>
<status status="PASS" start="2025-03-20T00:51:14.638743" elapsed="2.439847"/>
</kw>
<status status="PASS" start="2025-03-20T00:51:08.665622" elapsed="8.413123"/>
</test>
<status status="PASS" start="2025-03-20T00:50:40.395000" elapsed="36.080000"/>
</suite>
<suite id="s1-s2" name="Inventory" source="C:\Users\Nutta\Desktop\Learn Robot freamwork\SwagLab\test\inventory.robot">
<test id="s1-s2-t1" name="Check login to page Products" line="10">
<kw name="Open Browser To Sauce Demo" owner="keywords">
<kw name="Open Browser" owner="SeleniumLibrary">
<msg time="2025-03-20T00:50:41.191030" level="INFO">Opening browser 'Chrome' to base url 'https://www.saucedemo.com'.</msg>
<arg>${URL}</arg>
<arg>${BROWSER}</arg>
<doc>Opens a new browser instance to the optional ``url``.</doc>
<status status="PASS" start="2025-03-20T00:50:41.189486" elapsed="4.564907"/>
</kw>
<kw name="Maximize Browser Window" owner="SeleniumLibrary">
<doc>Maximizes current browser window.</doc>
<status status="PASS" start="2025-03-20T00:50:45.754905" elapsed="0.280187"/>
</kw>
<status status="PASS" start="2025-03-20T00:50:41.187254" elapsed="4.848199"/>
</kw>
<kw name="Fill the login Form" owner="keywords">
<kw name="Input Text" owner="SeleniumLibrary">
<msg time="2025-03-20T00:50:46.038998" level="INFO">Typing text 'standard_user' into text field 'id=user-name'.</msg>
<arg>id=user-name</arg>
<arg>${USERNAME}</arg>
<doc>Types the given ``text`` into the text field identified by ``locator``.</doc>
<status status="PASS" start="2025-03-20T00:50:46.037664" elapsed="0.382131"/>
</kw>
<kw name="Input Text" owner="SeleniumLibrary">
<msg time="2025-03-20T00:50:46.421418" level="INFO">Typing text 'secret_sauce' into text field 'id=password'.</msg>
<arg>id=password</arg>
<arg>${PASSWORD}</arg>
<doc>Types the given ``text`` into the text field identified by ``locator``.</doc>
<status status="PASS" start="2025-03-20T00:50:46.420273" elapsed="0.439436"/>
</kw>
<kw name="Click Button" owner="SeleniumLibrary">
<msg time="2025-03-20T00:50:46.861020" level="INFO">Clicking button 'id=login-button'.</msg>
<arg>id=login-button</arg>
<doc>Clicks the button identified by ``locator``.</doc>
<status status="PASS" start="2025-03-20T00:50:46.860119" elapsed="0.757070"/>
</kw>
<arg>${USERNAME}</arg>
<arg>${PASSWORD}</arg>
<status status="PASS" start="2025-03-20T00:50:46.035847" elapsed="1.581818"/>
</kw>
<kw name="Close Browser" owner="SeleniumLibrary" type="TEARDOWN">
<doc>Closes the current browser.</doc>
<status status="PASS" start="2025-03-20T00:50:47.618178" elapsed="3.128891"/>
</kw>
<status status="PASS" start="2025-03-20T00:50:41.185623" elapsed="9.561605"/>
</test>
<test id="s1-s2-t2" name="Validate Cards display in the Shopping Page" line="15">
<kw name="Open Browser To Sauce Demo" owner="keywords">
<kw name="Open Browser" owner="SeleniumLibrary">
<msg time="2025-03-20T00:50:50.750228" level="INFO">Opening browser 'Chrome' to base url 'https://www.saucedemo.com'.</msg>
<arg>${URL}</arg>
<arg>${BROWSER}</arg>
<doc>Opens a new browser instance to the optional ``url``.</doc>
<status status="PASS" start="2025-03-20T00:50:50.749601" elapsed="1.891004"/>
</kw>
<kw name="Maximize Browser Window" owner="SeleniumLibrary">
<doc>Maximizes current browser window.</doc>
<status status="PASS" start="2025-03-20T00:50:52.641254" elapsed="1.300886"/>
</kw>
<status status="PASS" start="2025-03-20T00:50:50.748913" elapsed="3.193725"/>
</kw>
<kw name="Fill the login Form" owner="keywords">
<kw name="Input Text" owner="SeleniumLibrary">
<msg time="2025-03-20T00:50:53.950678" level="INFO">Typing text 'standard_user' into text field 'id=user-name'.</msg>
<arg>id=user-name</arg>
<arg>${USERNAME}</arg>
<doc>Types the given ``text`` into the text field identified by ``locator``.</doc>
<status status="PASS" start="2025-03-20T00:50:53.945813" elapsed="1.295508"/>
</kw>
<kw name="Input Text" owner="SeleniumLibrary">
<msg time="2025-03-20T00:50:55.243641" level="INFO">Typing text 'secret_sauce' into text field 'id=password'.</msg>
<arg>id=password</arg>
<arg>${PASSWORD}</arg>
<doc>Types the given ``text`` into the text field identified by ``locator``.</doc>
<status status="PASS" start="2025-03-20T00:50:55.242191" elapsed="0.568341"/>
</kw>
<kw name="Click Button" owner="SeleniumLibrary">
<msg time="2025-03-20T00:50:55.811616" level="INFO">Clicking button 'id=login-button'.</msg>
<arg>id=login-button</arg>
<doc>Clicks the button identified by ``locator``.</doc>
<status status="PASS" start="2025-03-20T00:50:55.810928" elapsed="0.343272"/>
</kw>
<arg>${USERNAME}</arg>
<arg>${PASSWORD}</arg>
<status status="PASS" start="2025-03-20T00:50:53.943212" elapsed="2.211285"/>
</kw>
<kw name="Wait Until Element Is Visible" owner="SeleniumLibrary">
<arg>id=inventory_container</arg>
<arg>timeout=10s</arg>
<doc>Waits until the element ``locator`` is visible.</doc>
<status status="PASS" start="2025-03-20T00:50:56.154846" elapsed="0.071857"/>
</kw>
<kw name="Verify Card titles in the Shop page" owner="keywords">
<kw name="Create List" owner="BuiltIn">
<msg time="2025-03-20T00:50:56.229015" level="INFO">@{expectedList} = [ Sauce Labs Bike Light | Sauce Labs Bolt T-Shirt | Sauce Labs Fleece Jacket | Sauce Labs Onesie | Test.allTheThings() T-Shirt (Red) ]</msg>
<var>@{expectedList}</var>
<arg>Sauce Labs Bike Light</arg>
<arg>Sauce Labs Bolt T-Shirt</arg>
<arg>Sauce Labs Fleece Jacket</arg>
<arg>Sauce Labs Onesie</arg>
<arg>Test.allTheThings() T-Shirt (Red)</arg>
<doc>Returns a list containing given items.</doc>
<status status="PASS" start="2025-03-20T00:50:56.228355" elapsed="0.000749"/>
</kw>
<kw name="Get WebElements" owner="SeleniumLibrary">
<msg time="2025-03-20T00:50:56.265372" level="INFO">${elements} = [&lt;selenium.webdriver.remote.webelement.WebElement (session="9560fea4faa30f03e0c38304b50cbb04", element="f.02E006AFEEC4F6E67FB96AA7C4E5DCBA.d.36543569030E19E83F632CFDB9231ECE.e.33")&gt;, &lt;selenium.webdriv...</msg>
<var>${elements}</var>
<arg>xpath= (//div[@class='inventory_item'])</arg>
<doc>Returns a list of WebElement objects matching the ``locator``.</doc>
<status status="PASS" start="2025-03-20T00:50:56.229476" elapsed="0.036014"/>
</kw>
<kw name="Create List" owner="BuiltIn">
<msg time="2025-03-20T00:50:56.266545" level="INFO">@{actualList} = [ ]</msg>
<var>@{actualList}</var>
<doc>Returns a list containing given items.</doc>
<status status="PASS" start="2025-03-20T00:50:56.265896" elapsed="0.000743"/>
</kw>
<for flavor="IN">
<iter>
<kw name="Log" owner="BuiltIn">
<msg time="2025-03-20T00:50:56.318329" level="INFO">Sauce Labs Backpack
carry.allTheThings() with the sleek, streamlined Sly Pack that melds uncompromising style with unequaled laptop and tablet protection.
$29.99
Add to cart</msg>
<arg>${element.text}</arg>
<doc>Logs the given message with the given level.</doc>
<status status="PASS" start="2025-03-20T00:50:56.268192" elapsed="0.050305"/>
</kw>
<kw name="Append To List" owner="Collections">
<arg>${actualList}</arg>
<arg>${element.text}</arg>
<doc>Adds ``values`` to the end of ``list``.</doc>
<status status="PASS" start="2025-03-20T00:50:56.318891" elapsed="0.037305"/>
</kw>
<var name="${element}">&lt;selenium.webdriver.remote.webelement.WebElement (session="9560fea4faa30f03e0c38304b50cbb04", element="f.02E006AFEEC4F6E67FB96AA7C4E5DCBA.d.36543569030E19E83F632CFDB9231ECE.e.33")&gt;</var>
<status status="PASS" start="2025-03-20T00:50:56.267577" elapsed="0.088948"/>
</iter>
<iter>
<kw name="Log" owner="BuiltIn">
<msg time="2025-03-20T00:50:56.417032" level="INFO">Sauce Labs Bike Light
A red light isn't the desired state in testing but it sure helps when riding your bike at night. Water-resistant with 3 lighting modes, 1 AAA battery included.
$9.99
Add to cart</msg>
<arg>${element.text}</arg>
<doc>Logs the given message with the given level.</doc>
<status status="PASS" start="2025-03-20T00:50:56.357625" elapsed="0.059594"/>
</kw>
<kw name="Append To List" owner="Collections">
<arg>${actualList}</arg>
<arg>${element.text}</arg>
<doc>Adds ``values`` to the end of ``list``.</doc>
<status status="PASS" start="2025-03-20T00:50:56.417591" elapsed="0.079536"/>
</kw>
<var name="${element}">&lt;selenium.webdriver.remote.webelement.WebElement (session="9560fea4faa30f03e0c38304b50cbb04", element="f.02E006AFEEC4F6E67FB96AA7C4E5DCBA.d.36543569030E19E83F632CFDB9231ECE.e.34")&gt;</var>
<status status="PASS" start="2025-03-20T00:50:56.357030" elapsed="0.140727"/>
</iter>
<iter>
<kw name="Log" owner="BuiltIn">
<msg time="2025-03-20T00:50:56.526008" level="INFO">Sauce Labs Bolt T-Shirt
Get your testing superhero on with the Sauce Labs bolt T-shirt. From American Apparel, 100% ringspun combed cotton, heather gray with red bolt.
$15.99
Add to cart</msg>
<arg>${element.text}</arg>
<doc>Logs the given message with the given level.</doc>
<status status="PASS" start="2025-03-20T00:50:56.498691" elapsed="0.027793"/>
</kw>
<kw name="Append To List" owner="Collections">
<arg>${actualList}</arg>
<arg>${element.text}</arg>
<doc>Adds ``values`` to the end of ``list``.</doc>
<status status="PASS" start="2025-03-20T00:50:56.526920" elapsed="0.034316"/>
</kw>
<var name="${element}">&lt;selenium.webdriver.remote.webelement.WebElement (session="9560fea4faa30f03e0c38304b50cbb04", element="f.02E006AFEEC4F6E67FB96AA7C4E5DCBA.d.36543569030E19E83F632CFDB9231ECE.e.35")&gt;</var>
<status status="PASS" start="2025-03-20T00:50:56.498145" elapsed="0.063415"/>
</iter>
<iter>
<kw name="Log" owner="BuiltIn">
<msg time="2025-03-20T00:50:56.588509" level="INFO">Sauce Labs Fleece Jacket
It's not every day that you come across a midweight quarter-zip fleece jacket capable of handling everything from a relaxing day outdoors to a busy day at the office.
$49.99
Add to cart</msg>
<arg>${element.text}</arg>
<doc>Logs the given message with the given level.</doc>
<status status="PASS" start="2025-03-20T00:50:56.563137" elapsed="0.025565"/>
</kw>
<kw name="Append To List" owner="Collections">
<arg>${actualList}</arg>
<arg>${element.text}</arg>
<doc>Adds ``values`` to the end of ``list``.</doc>
<status status="PASS" start="2025-03-20T00:50:56.589271" elapsed="0.021175"/>
</kw>
<var name="${element}">&lt;selenium.webdriver.remote.webelement.WebElement (session="9560fea4faa30f03e0c38304b50cbb04", element="f.02E006AFEEC4F6E67FB96AA7C4E5DCBA.d.36543569030E19E83F632CFDB9231ECE.e.36")&gt;</var>
<status status="PASS" start="2025-03-20T00:50:56.562041" elapsed="0.048626"/>
</iter>
<iter>
<kw name="Log" owner="BuiltIn">
<msg time="2025-03-20T00:50:56.639625" level="INFO">Sauce Labs Onesie
Rib snap infant onesie for the junior automation engineer in development. Reinforced 3-snap bottom closure, two-needle hemmed sleeved and bottom won't unravel.
$7.99
Add to cart</msg>
<arg>${element.text}</arg>
<doc>Logs the given message with the given level.</doc>
<status status="PASS" start="2025-03-20T00:50:56.611591" elapsed="0.028198"/>
</kw>
<kw name="Append To List" owner="Collections">
<arg>${actualList}</arg>
<arg>${element.text}</arg>
<doc>Adds ``values`` to the end of ``list``.</doc>
<status status="PASS" start="2025-03-20T00:50:56.640187" elapsed="0.021904"/>
</kw>
<var name="${element}">&lt;selenium.webdriver.remote.webelement.WebElement (session="9560fea4faa30f03e0c38304b50cbb04", element="f.02E006AFEEC4F6E67FB96AA7C4E5DCBA.d.36543569030E19E83F632CFDB9231ECE.e.37")&gt;</var>
<status status="PASS" start="2025-03-20T00:50:56.611009" elapsed="0.051372"/>
</iter>
<iter>
<kw name="Log" owner="BuiltIn">
<msg time="2025-03-20T00:50:56.687825" level="INFO">Test.allTheThings() T-Shirt (Red)
This classic Sauce Labs t-shirt is perfect to wear when cozying up to your keyboard to automate a few tests. Super-soft and comfy ringspun combed cotton.
$15.99
Add to cart</msg>
<arg>${element.text}</arg>
<doc>Logs the given message with the given level.</doc>
<status status="PASS" start="2025-03-20T00:50:56.663437" elapsed="0.024574"/>
</kw>
<kw name="Append To List" owner="Collections">
<arg>${actualList}</arg>
<arg>${element.text}</arg>
<doc>Adds ``values`` to the end of ``list``.</doc>
<status status="PASS" start="2025-03-20T00:50:56.688482" elapsed="0.020632"/>
</kw>
<var name="${element}">&lt;selenium.webdriver.remote.webelement.WebElement (session="9560fea4faa30f03e0c38304b50cbb04", element="f.02E006AFEEC4F6E67FB96AA7C4E5DCBA.d.36543569030E19E83F632CFDB9231ECE.e.38")&gt;</var>
<status status="PASS" start="2025-03-20T00:50:56.662746" elapsed="0.046734"/>
</iter>
<var>${element}</var>
<value>@{elements}</value>
<status status="PASS" start="2025-03-20T00:50:56.266853" elapsed="0.442795"/>
</for>
<status status="PASS" start="2025-03-20T00:50:56.227301" elapsed="0.482619"/>
</kw>
<kw name="Close Browser" owner="SeleniumLibrary" type="TEARDOWN">
<doc>Closes the current browser.</doc>
<status status="PASS" start="2025-03-20T00:50:56.710354" elapsed="2.993140"/>
</kw>
<status status="PASS" start="2025-03-20T00:50:50.748011" elapsed="8.955683"/>
</test>
<test id="s1-s2-t3" name="Validate SortProduct Dropdown" line="22">
<kw name="Open Browser To Sauce Demo" owner="keywords">
<kw name="Open Browser" owner="SeleniumLibrary">
<msg time="2025-03-20T00:50:59.706068" level="INFO">Opening browser 'Chrome' to base url 'https://www.saucedemo.com'.</msg>
<arg>${URL}</arg>
<arg>${BROWSER}</arg>
<doc>Opens a new browser instance to the optional ``url``.</doc>
<status status="PASS" start="2025-03-20T00:50:59.705805" elapsed="2.176111"/>
</kw>
<kw name="Maximize Browser Window" owner="SeleniumLibrary">
<doc>Maximizes current browser window.</doc>
<status status="PASS" start="2025-03-20T00:51:01.882316" elapsed="0.486613"/>
</kw>
<status status="PASS" start="2025-03-20T00:50:59.705424" elapsed="2.663841"/>
</kw>
<kw name="Fill the login Form" owner="keywords">
<kw name="Input Text" owner="SeleniumLibrary">
<msg time="2025-03-20T00:51:02.372477" level="INFO">Typing text 'standard_user' into text field 'id=user-name'.</msg>
<arg>id=user-name</arg>
<arg>${USERNAME}</arg>
<doc>Types the given ``text`` into the text field identified by ``locator``.</doc>
<status status="PASS" start="2025-03-20T00:51:02.371315" elapsed="1.477456"/>
</kw>
<kw name="Input Text" owner="SeleniumLibrary">
<msg time="2025-03-20T00:51:03.850649" level="INFO">Typing text 'secret_sauce' into text field 'id=password'.</msg>
<arg>id=password</arg>
<arg>${PASSWORD}</arg>
<doc>Types the given ``text`` into the text field identified by ``locator``.</doc>
<status status="PASS" start="2025-03-20T00:51:03.849333" elapsed="0.621828"/>
</kw>
<kw name="Click Button" owner="SeleniumLibrary">
<msg time="2025-03-20T00:51:04.472832" level="INFO">Clicking button 'id=login-button'.</msg>
<arg>id=login-button</arg>
<doc>Clicks the button identified by ``locator``.</doc>
<status status="PASS" start="2025-03-20T00:51:04.471652" elapsed="0.376090"/>
</kw>
<arg>${USERNAME}</arg>
<arg>${PASSWORD}</arg>
<status status="PASS" start="2025-03-20T00:51:02.369825" elapsed="2.478148"/>
</kw>
<kw name="Click Element" owner="SeleniumLibrary">
<msg time="2025-03-20T00:51:04.848960" level="INFO">Clicking element 'css:.product_sort_container'.</msg>
<arg>css:.product_sort_container</arg>
<doc>Click the element identified by ``locator``.</doc>
<status status="PASS" start="2025-03-20T00:51:04.848277" elapsed="0.239227"/>
</kw>
<kw name="Test SortProduct Option" owner="keywords">
<kw name="Log" owner="BuiltIn">
<msg time="2025-03-20T00:51:05.089972" level="INFO">กำลังเลือกตัวเลือก: Price (high to low)</msg>
<arg>กำลังเลือกตัวเลือก: ${expectedOption}</arg>
<doc>Logs the given message with the given level.</doc>
<status status="PASS" start="2025-03-20T00:51:05.089351" elapsed="0.000742"/>
</kw>
<kw name="Select From List By Label" owner="SeleniumLibrary">
<msg time="2025-03-20T00:51:05.091192" level="INFO">Selecting options from selection list 'css=.product_sort_container' by label Price (high to low).</msg>
<arg>css=.product_sort_container</arg>
<arg>${expectedOption}</arg>
<doc>Selects options from selection list ``locator`` by ``labels``.</doc>
<status status="PASS" start="2025-03-20T00:51:05.090379" elapsed="0.188422"/>
</kw>
<kw name="Get Selected List Label" owner="SeleniumLibrary">
<msg time="2025-03-20T00:51:05.388894" level="INFO">${selectedOption} = Price (high to low)</msg>
<var>${selectedOption}</var>
<arg>css=.product_sort_container</arg>
<doc>Returns the label of selected option from selection list ``locator``.</doc>
<status status="PASS" start="2025-03-20T00:51:05.279694" elapsed="0.109275"/>
</kw>
<kw name="Should Be Equal As Strings" owner="BuiltIn">
<arg>${selectedOption}</arg>
<arg>${expectedOption}</arg>
<doc>Fails if objects are unequal after converting them to strings.</doc>
<status status="PASS" start="2025-03-20T00:51:05.389268" elapsed="0.000834"/>
</kw>
<kw name="Log" owner="BuiltIn">
<msg time="2025-03-20T00:51:05.391302" level="INFO">เลือกตัวเลือกสำเร็จ: Price (high to low)</msg>
<arg>เลือกตัวเลือกสำเร็จ: ${selectedOption}</arg>
<doc>Logs the given message with the given level.</doc>
<status status="PASS" start="2025-03-20T00:51:05.390533" elapsed="0.000930"/>
</kw>
<kw name="Run Keyword If" owner="BuiltIn">
<arg>'${expectedOption}' == 'Price (low to high)'</arg>
<arg>Validate Price Sorting</arg>
<arg>asc</arg>
<doc>Runs the given keyword with the given arguments, if ``condition`` is true.</doc>
<status status="PASS" start="2025-03-20T00:51:05.391792" elapsed="0.000609"/>
</kw>
<kw name="Run Keyword If" owner="BuiltIn">
<kw name="Validate Price Sorting" owner="keywords">
<kw name="Get WebElements" owner="SeleniumLibrary">
<msg time="2025-03-20T00:51:05.411174" level="INFO">@{price_elements} = [ &lt;selenium.webdriver.remote.webelement.WebElement (session="867e9540782dcc85d7f7bee2e3a1b695", element="f.9B6B2FF6E20E124C2C18C03537C89F5D.d.280210BF03FCBF604CCFF50B104408CE.e.59")&gt; | &lt;selenium.webdr...</msg>
<var>@{price_elements}</var>
<arg>css=.inventory_item_price</arg>
<doc>Returns a list of WebElement objects matching the ``locator``.</doc>
<status status="PASS" start="2025-03-20T00:51:05.394635" elapsed="0.016618"/>
</kw>
<kw name="Create List" owner="BuiltIn">
<msg time="2025-03-20T00:51:05.412434" level="INFO">@{actual_prices} = [ ]</msg>
<var>@{actual_prices}</var>
<doc>Returns a list containing given items.</doc>
<status status="PASS" start="2025-03-20T00:51:05.411534" elapsed="0.000966"/>
</kw>
<kw name="Log" owner="BuiltIn">
<msg time="2025-03-20T00:51:05.413290" level="INFO">กำลังตรวจสอบการเรียงลำดับตามราคา (desc)</msg>
<arg>กำลังตรวจสอบการเรียงลำดับตามราคา (${order})</arg>
<doc>Logs the given message with the given level.</doc>
<status status="PASS" start="2025-03-20T00:51:05.412754" elapsed="0.000634"/>
</kw>
<for flavor="IN ENUMERATE">
<iter>
<kw name="Get Text" owner="SeleniumLibrary">
<msg time="2025-03-20T00:51:05.428859" level="INFO">${price_text} = $49.99</msg>
<var>${price_text}</var>
<arg>${element}</arg>
<doc>Returns the text value of the element identified by ``locator``.</doc>
<status status="PASS" start="2025-03-20T00:51:05.415568" elapsed="0.013373"/>
</kw>
<kw name="Set Variable" owner="BuiltIn">
<msg time="2025-03-20T00:51:05.430520" level="INFO">${price} = 49.99</msg>
<var>${price}</var>
<arg>${price_text.replace('$', '')}</arg>
<doc>Returns the given values which can then be assigned to a variables.</doc>
<status status="PASS" start="2025-03-20T00:51:05.429222" elapsed="0.001362"/>
</kw>
<kw name="Convert To Number" owner="BuiltIn">
<msg time="2025-03-20T00:51:05.431462" level="INFO">${price} = 49.99</msg>
<var>${price}</var>
<arg>${price}</arg>
<doc>Converts the given item to a floating point number.</doc>
<status status="PASS" start="2025-03-20T00:51:05.430839" elapsed="0.000685"/>
</kw>
<kw name="Append To List" owner="Collections">
<arg>${actual_prices}</arg>
<arg>${price}</arg>
<doc>Adds ``values`` to the end of ``list``.</doc>
<status status="PASS" start="2025-03-20T00:51:05.431790" elapsed="0.000556"/>
</kw>
<kw name="Log" owner="BuiltIn">
<msg time="2025-03-20T00:51:05.434400" level="INFO">สินค้าลำดับที่ 1: $49.99 -&gt; 49.99</msg>
<arg>สินค้าลำดับที่ ${index+1}: ${price_text} -&gt; ${price}</arg>
<doc>Logs the given message with the given level.</doc>
<status status="PASS" start="2025-03-20T00:51:05.432694" elapsed="0.001849"/>
</kw>
<var name="${index}">0</var>
<var name="${element}">&lt;selenium.webdriver.remote.webelement.WebElement (session="867e9540782dcc85d7f7bee2e3a1b695", element="f.9B6B2FF6E20E124C2C18C03537C89F5D.d.280210BF03FCBF604CCFF50B104408CE.e.59")&gt;</var>
<status status="PASS" start="2025-03-20T00:51:05.414480" elapsed="0.020198"/>
</iter>
<iter>
<kw name="Get Text" owner="SeleniumLibrary">
<msg time="2025-03-20T00:51:05.445433" level="INFO">${price_text} = $29.99</msg>
<var>${price_text}</var>
<arg>${element}</arg>
<doc>Returns the text value of the element identified by ``locator``.</doc>
<status status="PASS" start="2025-03-20T00:51:05.435387" elapsed="0.010135"/>
</kw>
<kw name="Set Variable" owner="BuiltIn">
<msg time="2025-03-20T00:51:05.446889" level="INFO">${price} = 29.99</msg>
<var>${price}</var>
<arg>${price_text.replace('$', '')}</arg>
<doc>Returns the given values which can then be assigned to a variables.</doc>
<status status="PASS" start="2025-03-20T00:51:05.445795" elapsed="0.001156"/>
</kw>
<kw name="Convert To Number" owner="BuiltIn">
<msg time="2025-03-20T00:51:05.447716" level="INFO">${price} = 29.99</msg>
<var>${price}</var>
<arg>${price}</arg>
<doc>Converts the given item to a floating point number.</doc>
<status status="PASS" start="2025-03-20T00:51:05.447227" elapsed="0.000540"/>
</kw>
<kw name="Append To List" owner="Collections">
<arg>${actual_prices}</arg>
<arg>${price}</arg>
<doc>Adds ``values`` to the end of ``list``.</doc>
<status status="PASS" start="2025-03-20T00:51:05.447963" elapsed="0.000485"/>
</kw>
<kw name="Log" owner="BuiltIn">
<msg time="2025-03-20T00:51:05.449909" level="INFO">สินค้าลำดับที่ 2: $29.99 -&gt; 29.99</msg>
<arg>สินค้าลำดับที่ ${index+1}: ${price_text} -&gt; ${price}</arg>
<doc>Logs the given message with the given level.</doc>
<status status="PASS" start="2025-03-20T00:51:05.448673" elapsed="0.001344"/>
</kw>
<var name="${index}">1</var>
<var name="${element}">&lt;selenium.webdriver.remote.webelement.WebElement (session="867e9540782dcc85d7f7bee2e3a1b695", element="f.9B6B2FF6E20E124C2C18C03537C89F5D.d.280210BF03FCBF604CCFF50B104408CE.e.60")&gt;</var>
<status status="PASS" start="2025-03-20T00:51:05.434952" elapsed="0.015155"/>
</iter>
<iter>
<kw name="Get Text" owner="SeleniumLibrary">
<msg time="2025-03-20T00:51:05.459908" level="INFO">${price_text} = $15.99</msg>
<var>${price_text}</var>
<arg>${element}</arg>
<doc>Returns the text value of the element identified by ``locator``.</doc>
<status status="PASS" start="2025-03-20T00:51:05.450656" elapsed="0.009313"/>
</kw>
<kw name="Set Variable" owner="BuiltIn">
<msg time="2025-03-20T00:51:05.461340" level="INFO">${price} = 15.99</msg>
<var>${price}</var>
<arg>${price_text.replace('$', '')}</arg>
<doc>Returns the given values which can then be assigned to a variables.</doc>
<status status="PASS" start="2025-03-20T00:51:05.460243" elapsed="0.001151"/>
</kw>
<kw name="Convert To Number" owner="BuiltIn">
<msg time="2025-03-20T00:51:05.462084" level="INFO">${price} = 15.99</msg>
<var>${price}</var>
<arg>${price}</arg>
<doc>Converts the given item to a floating point number.</doc>
<status status="PASS" start="2025-03-20T00:51:05.461619" elapsed="0.000507"/>
</kw>
<kw name="Append To List" owner="Collections">
<arg>${actual_prices}</arg>
<arg>${price}</arg>
<doc>Adds ``values`` to the end of ``list``.</doc>
<status status="PASS" start="2025-03-20T00:51:05.462313" elapsed="0.000513"/>
</kw>
<kw name="Log" owner="BuiltIn">
<msg time="2025-03-20T00:51:05.464350" level="INFO">สินค้าลำดับที่ 3: $15.99 -&gt; 15.99</msg>
<arg>สินค้าลำดับที่ ${index+1}: ${price_text} -&gt; ${price}</arg>
<doc>Logs the given message with the given level.</doc>
<status status="PASS" start="2025-03-20T00:51:05.463159" elapsed="0.001393"/>
</kw>
<var name="${index}">2</var>
<var name="${element}">&lt;selenium.webdriver.remote.webelement.WebElement (session="867e9540782dcc85d7f7bee2e3a1b695", element="f.9B6B2FF6E20E124C2C18C03537C89F5D.d.280210BF03FCBF604CCFF50B104408CE.e.61")&gt;</var>
<status status="PASS" start="2025-03-20T00:51:05.450318" elapsed="0.014320"/>
</iter>
<iter>
<kw name="Get Text" owner="SeleniumLibrary">
<msg time="2025-03-20T00:51:05.472630" level="INFO">${price_text} = $15.99</msg>
<var>${price_text}</var>
<arg>${element}</arg>
<doc>Returns the text value of the element identified by ``locator``.</doc>
<status status="PASS" start="2025-03-20T00:51:05.465177" elapsed="0.007511"/>
</kw>
<kw name="Set Variable" owner="BuiltIn">
<msg time="2025-03-20T00:51:05.474331" level="INFO">${price} = 15.99</msg>
<var>${price}</var>
<arg>${price_text.replace('$', '')}</arg>
<doc>Returns the given values which can then be assigned to a variables.</doc>
<status status="PASS" start="2025-03-20T00:51:05.472914" elapsed="0.001527"/>
</kw>
<kw name="Convert To Number" owner="BuiltIn">
<msg time="2025-03-20T00:51:05.475853" level="INFO">${price} = 15.99</msg>
<var>${price}</var>
<arg>${price}</arg>
<doc>Converts the given item to a floating point number.</doc>
<status status="PASS" start="2025-03-20T00:51:05.474868" elapsed="0.001084"/>
</kw>
<kw name="Append To List" owner="Collections">
<arg>${actual_prices}</arg>
<arg>${price}</arg>
<doc>Adds ``values`` to the end of ``list``.</doc>
<status status="PASS" start="2025-03-20T00:51:05.476258" elapsed="0.000533"/>
</kw>
<kw name="Log" owner="BuiltIn">
<msg time="2025-03-20T00:51:05.478196" level="INFO">สินค้าลำดับที่ 4: $15.99 -&gt; 15.99</msg>
<arg>สินค้าลำดับที่ ${index+1}: ${price_text} -&gt; ${price}</arg>
<doc>Logs the given message with the given level.</doc>
<status status="PASS" start="2025-03-20T00:51:05.477042" elapsed="0.001269"/>
</kw>
<var name="${index}">3</var>
<var name="${element}">&lt;selenium.webdriver.remote.webelement.WebElement (session="867e9540782dcc85d7f7bee2e3a1b695", element="f.9B6B2FF6E20E124C2C18C03537C89F5D.d.280210BF03FCBF604CCFF50B104408CE.e.62")&gt;</var>
<status status="PASS" start="2025-03-20T00:51:05.464838" elapsed="0.013576"/>
</iter>
<iter>
<kw name="Get Text" owner="SeleniumLibrary">
<msg time="2025-03-20T00:51:05.487277" level="INFO">${price_text} = $9.99</msg>
<var>${price_text}</var>
<arg>${element}</arg>
<doc>Returns the text value of the element identified by ``locator``.</doc>
<status status="PASS" start="2025-03-20T00:51:05.479033" elapsed="0.008301"/>
</kw>
<kw name="Set Variable" owner="BuiltIn">
<msg time="2025-03-20T00:51:05.488404" level="INFO">${price} = 9.99</msg>
<var>${price}</var>
<arg>${price_text.replace('$', '')}</arg>
<doc>Returns the given values which can then be assigned to a variables.</doc>
<status status="PASS" start="2025-03-20T00:51:05.487551" elapsed="0.000922"/>
</kw>
<kw name="Convert To Number" owner="BuiltIn">
<msg time="2025-03-20T00:51:05.489344" level="INFO">${price} = 9.99</msg>
<var>${price}</var>
<arg>${price}</arg>
<doc>Converts the given item to a floating point number.</doc>
<status status="PASS" start="2025-03-20T00:51:05.488713" elapsed="0.000682"/>
</kw>
<kw name="Append To List" owner="Collections">
<arg>${actual_prices}</arg>
<arg>${price}</arg>
<doc>Adds ``values`` to the end of ``list``.</doc>
<status status="PASS" start="2025-03-20T00:51:05.489793" elapsed="0.000697"/>
</kw>
<kw name="Log" owner="BuiltIn">
<msg time="2025-03-20T00:51:05.492135" level="INFO">สินค้าลำดับที่ 5: $9.99 -&gt; 9.99</msg>
<arg>สินค้าลำดับที่ ${index+1}: ${price_text} -&gt; ${price}</arg>
<doc>Logs the given message with the given level.</doc>
<status status="PASS" start="2025-03-20T00:51:05.490759" elapsed="0.001519"/>
</kw>
<var name="${index}">4</var>
<var name="${element}">&lt;selenium.webdriver.remote.webelement.WebElement (session="867e9540782dcc85d7f7bee2e3a1b695", element="f.9B6B2FF6E20E124C2C18C03537C89F5D.d.280210BF03FCBF604CCFF50B104408CE.e.63")&gt;</var>
<status status="PASS" start="2025-03-20T00:51:05.478639" elapsed="0.013786"/>
</iter>
<iter>
<kw name="Get Text" owner="SeleniumLibrary">
<msg time="2025-03-20T00:51:05.503270" level="INFO">${price_text} = $7.99</msg>
<var>${price_text}</var>
<arg>${element}</arg>
<doc>Returns the text value of the element identified by ``locator``.</doc>
<status status="PASS" start="2025-03-20T00:51:05.493176" elapsed="0.010168"/>
</kw>
<kw name="Set Variable" owner="BuiltIn">
<msg time="2025-03-20T00:51:05.504405" level="INFO">${price} = 7.99</msg>
<var>${price}</var>
<arg>${price_text.replace('$', '')}</arg>
<doc>Returns the given values which can then be assigned to a variables.</doc>
<status status="PASS" start="2025-03-20T00:51:05.503626" elapsed="0.000838"/>
</kw>
<kw name="Convert To Number" owner="BuiltIn">
<msg time="2025-03-20T00:51:05.505468" level="INFO">${price} = 7.99</msg>
<var>${price}</var>
<arg>${price}</arg>
<doc>Converts the given item to a floating point number.</doc>
<status status="PASS" start="2025-03-20T00:51:05.504782" elapsed="0.000741"/>
</kw>
<kw name="Append To List" owner="Collections">
<arg>${actual_prices}</arg>
<arg>${price}</arg>
<doc>Adds ``values`` to the end of ``list``.</doc>
<status status="PASS" start="2025-03-20T00:51:05.505731" elapsed="0.001207"/>
</kw>
<kw name="Log" owner="BuiltIn">
<msg time="2025-03-20T00:51:05.508388" level="INFO">สินค้าลำดับที่ 6: $7.99 -&gt; 7.99</msg>
<arg>สินค้าลำดับที่ ${index+1}: ${price_text} -&gt; ${price}</arg>
<doc>Logs the given message with the given level.</doc>
<status status="PASS" start="2025-03-20T00:51:05.507194" elapsed="0.001298"/>
</kw>
<var name="${index}">5</var>
<var name="${element}">&lt;selenium.webdriver.remote.webelement.WebElement (session="867e9540782dcc85d7f7bee2e3a1b695", element="f.9B6B2FF6E20E124C2C18C03537C89F5D.d.280210BF03FCBF604CCFF50B104408CE.e.64")&gt;</var>
<status status="PASS" start="2025-03-20T00:51:05.492720" elapsed="0.015899"/>
</iter>
<var>${index}</var>
<var>${element}</var>
<value>@{price_elements}</value>
<status status="PASS" start="2025-03-20T00:51:05.413570" elapsed="0.095158"/>
</for>
<kw name="Copy List" owner="Collections">
<msg time="2025-03-20T00:51:05.509814" level="INFO">${expected_prices} = [49.99, 29.99, 15.99, 15.99, 9.99, 7.99]</msg>
<var>${expected_prices}</var>
<arg>${actual_prices}</arg>
<doc>Returns a copy of the given list.</doc>
<status status="PASS" start="2025-03-20T00:51:05.509125" elapsed="0.000738"/>
</kw>
<kw name="Copy List" owner="Collections">
<msg time="2025-03-20T00:51:05.510579" level="INFO">${sorted_expected} = [49.99, 29.99, 15.99, 15.99, 9.99, 7.99]</msg>
<var>${sorted_expected}</var>
<arg>${expected_prices}</arg>
<doc>Returns a copy of the given list.</doc>
<status status="PASS" start="2025-03-20T00:51:05.510082" elapsed="0.000543"/>
</kw>
<kw name="Run Keyword If" owner="BuiltIn">
<arg>'${order}' == 'asc'</arg>
<arg>Sort List</arg>
<arg>${sorted_expected}</arg>
<doc>Runs the given keyword with the given arguments, if ``condition`` is true.</doc>
<status status="PASS" start="2025-03-20T00:51:05.510820" elapsed="0.000475"/>
</kw>
<kw name="Copy List" owner="Collections">
<msg time="2025-03-20T00:51:05.512248" level="INFO">${desc_list} = [49.99, 29.99, 15.99, 15.99, 9.99, 7.99]</msg>
<var>${desc_list}</var>
<arg>${sorted_expected}</arg>
<doc>Returns a copy of the given list.</doc>
<status status="PASS" start="2025-03-20T00:51:05.511543" elapsed="0.000788"/>
</kw>
<kw name="Run Keyword If" owner="BuiltIn">
<kw name="Sort List" owner="Collections">
<arg>${desc_list}</arg>
<doc>Sorts the given list in place.</doc>
<status status="PASS" start="2025-03-20T00:51:05.513448" elapsed="0.000562"/>
</kw>
<arg>'${order}' == 'desc'</arg>
<arg>Sort List</arg>
<arg>${desc_list}</arg>
<doc>Runs the given keyword with the given arguments, if ``condition`` is true.</doc>
<status status="PASS" start="2025-03-20T00:51:05.512639" elapsed="0.001815"/>
</kw>
<kw name="Run Keyword If" owner="BuiltIn">
<kw name="Reverse List" owner="Collections">
<arg>${desc_list}</arg>
<doc>Reverses the given list in place.</doc>
<status status="PASS" start="2025-03-20T00:51:05.515637" elapsed="0.000462"/>
</kw>
<arg>'${order}' == 'desc'</arg>
<arg>Reverse List</arg>
<arg>${desc_list}</arg>
<doc>Runs the given keyword with the given arguments, if ``condition`` is true.</doc>
<status status="PASS" start="2025-03-20T00:51:05.514782" elapsed="0.001494"/>
</kw>
<kw name="Run Keyword If" owner="BuiltIn">
<kw name="Set Variable" owner="BuiltIn">
<arg>${sorted_expected}</arg>
<arg>${desc_list}</arg>
<doc>Returns the given values which can then be assigned to a variables.</doc>
<status status="PASS" start="2025-03-20T00:51:05.517085" elapsed="0.000302"/>
</kw>
<arg>'${order}' == 'desc'</arg>
<arg>Set Variable</arg>
<arg>${sorted_expected}</arg>
<arg>${desc_list}</arg>
<doc>Runs the given keyword with the given arguments, if ``condition`` is true.</doc>
<status status="PASS" start="2025-03-20T00:51:05.516527" elapsed="0.000964"/>
</kw>
<kw name="Log" owner="BuiltIn">
<msg time="2025-03-20T00:51:05.518067" level="INFO">ราคาที่ควรเป็น: [49.99, 29.99, 15.99, 15.99, 9.99, 7.99]</msg>
<arg>ราคาที่ควรเป็น: ${sorted_expected}</arg>
<doc>Logs the given message with the given level.</doc>
<status status="PASS" start="2025-03-20T00:51:05.517654" elapsed="0.000488"/>
</kw>
<kw name="Log" owner="BuiltIn">
<msg time="2025-03-20T00:51:05.518666" level="INFO">ราคาจริงบนเว็บ: [49.99, 29.99, 15.99, 15.99, 9.99, 7.99]</msg>
<arg>ราคาจริงบนเว็บ: ${actual_prices}</arg>
<doc>Logs the given message with the given level.</doc>
<status status="PASS" start="2025-03-20T00:51:05.518318" elapsed="0.000418"/>
</kw>
<kw name="Run Keyword And Return Status" owner="BuiltIn">
<kw name="Lists Should Be Equal" owner="Collections">
<arg>${actual_prices}</arg>
<arg>${sorted_expected}</arg>
<doc>Fails if given lists are unequal.</doc>
<status status="PASS" start="2025-03-20T00:51:05.519229" elapsed="0.000498"/>
</kw>
<msg time="2025-03-20T00:51:05.519883" level="INFO">${is_equal} = True</msg>
<var>${is_equal}</var>
<arg>Lists Should Be Equal</arg>
<arg>${actual_prices}</arg>
<arg>${sorted_expected}</arg>
<doc>Runs the given keyword with given arguments and returns the status as a Boolean value.</doc>
<status status="PASS" start="2025-03-20T00:51:05.518922" elapsed="0.000993"/>
</kw>
<kw name="Run Keyword If" owner="BuiltIn">
<kw name="Log" owner="BuiltIn">
<msg time="2025-03-20T00:51:05.520651" level="INFO">การเรียงลำดับราคาถูกต้อง</msg>
<arg>การเรียงลำดับราคาถูกต้อง</arg>
<doc>Logs the given message with the given level.</doc>
<status status="PASS" start="2025-03-20T00:51:05.520461" elapsed="0.000257"/>
</kw>
<arg>${is_equal}</arg>
<arg>Log</arg>
<arg>การเรียงลำดับราคาถูกต้อง</arg>
<doc>Runs the given keyword with the given arguments, if ``condition`` is true.</doc>
<status status="PASS" start="2025-03-20T00:51:05.520098" elapsed="0.000702"/>
</kw>
<kw name="Run Keyword If" owner="BuiltIn">
<arg>not ${is_equal}</arg>
<arg>Log</arg>
<arg>การเรียงลำดับราคาไม่ถูกต้อง</arg>
<doc>Runs the given keyword with the given arguments, if ``condition`` is true.</doc>
<status status="PASS" start="2025-03-20T00:51:05.520937" elapsed="0.000303"/>
</kw>
<for flavor="IN RANGE">
<iter>
<kw name="Get From List" owner="Collections">
<msg time="2025-03-20T00:51:05.522525" level="INFO">${actual} = 49.99</msg>
<var>${actual}</var>
<arg>${actual_prices}</arg>
<arg>${index}</arg>
<doc>Returns the value specified with an ``index`` from ``list``.</doc>
<status status="PASS" start="2025-03-20T00:51:05.522252" elapsed="0.000310"/>
</kw>
<kw name="Get From List" owner="Collections">
<msg time="2025-03-20T00:51:05.522984" level="INFO">${expected} = 49.99</msg>
<var>${expected}</var>
<arg>${sorted_expected}</arg>
<arg>${index}</arg>
<doc>Returns the value specified with an ``index`` from ``list``.</doc>
<status status="PASS" start="2025-03-20T00:51:05.522706" elapsed="0.000310"/>
</kw>
<kw name="Run Keyword And Return Status" owner="BuiltIn">
<kw name="Should Be Equal" owner="BuiltIn">
<arg>${actual}</arg>
<arg>${expected}</arg>
<doc>Fails if the given objects are unequal.</doc>
<status status="PASS" start="2025-03-20T00:51:05.523606" elapsed="0.000413"/>
</kw>
<msg time="2025-03-20T00:51:05.524143" level="INFO">${status} = True</msg>
<var>${status}</var>
<arg>Should Be Equal</arg>
<arg>${actual}</arg>
<arg>${expected}</arg>
<doc>Runs the given keyword with given arguments and returns the status as a Boolean value.</doc>
<status status="PASS" start="2025-03-20T00:51:05.523181" elapsed="0.000993"/>
</kw>
<kw name="Set Variable If" owner="BuiltIn">
<msg time="2025-03-20T00:51:05.524607" level="INFO">${result} = ถูกต้อง</msg>
<var>${result}</var>
<arg>${status}</arg>
<arg>ถูกต้อง</arg>
<arg>ไม่ถูกต้อง</arg>
<doc>Sets variable based on the given condition.</doc>
<status status="PASS" start="2025-03-20T00:51:05.524333" elapsed="0.000312"/>
</kw>
<kw name="Log" owner="BuiltIn">
<msg time="2025-03-20T00:51:05.526374" level="INFO">ตำแหน่งที่ 1: 49.99 == 49.99 : ถูกต้อง</msg>
<arg>ตำแหน่งที่ ${index+1}: ${actual} == ${expected} : ${result}</arg>
<doc>Logs the given message with the given level.</doc>
<status status="PASS" start="2025-03-20T00:51:05.524789" elapsed="0.001662"/>
</kw>
<var name="${index}">0</var>
<status status="PASS" start="2025-03-20T00:51:05.522055" elapsed="0.004476"/>
</iter>
<iter>
<kw name="Get From List" owner="Collections">
<msg time="2025-03-20T00:51:05.527296" level="INFO">${actual} = 29.99</msg>
<var>${actual}</var>
<arg>${actual_prices}</arg>
<arg>${index}</arg>
<doc>Returns the value specified with an ``index`` from ``list``.</doc>
<status status="PASS" start="2025-03-20T00:51:05.527007" elapsed="0.000324"/>
</kw>
<kw name="Get From List" owner="Collections">
<msg time="2025-03-20T00:51:05.527712" level="INFO">${expected} = 29.99</msg>
<var>${expected}</var>
<arg>${sorted_expected}</arg>
<arg>${index}</arg>
<doc>Returns the value specified with an ``index`` from ``list``.</doc>
<status status="PASS" start="2025-03-20T00:51:05.527458" elapsed="0.000286"/>
</kw>
<kw name="Run Keyword And Return Status" owner="BuiltIn">
<kw name="Should Be Equal" owner="BuiltIn">
<arg>${actual}</arg>
<arg>${expected}</arg>
<doc>Fails if the given objects are unequal.</doc>
<status status="PASS" start="2025-03-20T00:51:05.528084" elapsed="0.000239"/>
</kw>
<msg time="2025-03-20T00:51:05.528433" level="INFO">${status} = True</msg>
<var>${status}</var>
<arg>Should Be Equal</arg>
<arg>${actual}</arg>
<arg>${expected}</arg>
<doc>Runs the given keyword with given arguments and returns the status as a Boolean value.</doc>
<status status="PASS" start="2025-03-20T00:51:05.527873" elapsed="0.000591"/>
</kw>
<kw name="Set Variable If" owner="BuiltIn">
<msg time="2025-03-20T00:51:05.528885" level="INFO">${result} = ถูกต้อง</msg>
<var>${result}</var>
<arg>${status}</arg>
<arg>ถูกต้อง</arg>
<arg>ไม่ถูกต้อง</arg>
<doc>Sets variable based on the given condition.</doc>
<status status="PASS" start="2025-03-20T00:51:05.528606" elapsed="0.000315"/>
</kw>
<kw name="Log" owner="BuiltIn">
<msg time="2025-03-20T00:51:05.530459" level="INFO">ตำแหน่งที่ 2: 29.99 == 29.99 : ถูกต้อง</msg>
<arg>ตำแหน่งที่ ${index+1}: ${actual} == ${expected} : ${result}</arg>
<doc>Logs the given message with the given level.</doc>
<status status="PASS" start="2025-03-20T00:51:05.529071" elapsed="0.001461"/>
</kw>
<var name="${index}">1</var>
<status status="PASS" start="2025-03-20T00:51:05.526693" elapsed="0.004000"/>
</iter>
<iter>
<kw name="Get From List" owner="Collections">
<msg time="2025-03-20T00:51:05.531448" level="INFO">${actual} = 15.99</msg>
<var>${actual}</var>
<arg>${actual_prices}</arg>
<arg>${index}</arg>
<doc>Returns the value specified with an ``index`` from ``list``.</doc>
<status status="PASS" start="2025-03-20T00:51:05.531105" elapsed="0.000384"/>
</kw>
<kw name="Get From List" owner="Collections">
<msg time="2025-03-20T00:51:05.531977" level="INFO">${expected} = 15.99</msg>
<var>${expected}</var>
<arg>${sorted_expected}</arg>
<arg>${index}</arg>
<doc>Returns the value specified with an ``index`` from ``list``.</doc>
<status status="PASS" start="2025-03-20T00:51:05.531641" elapsed="0.000375"/>
</kw>
<kw name="Run Keyword And Return Status" owner="BuiltIn">
<kw name="Should Be Equal" owner="BuiltIn">
<arg>${actual}</arg>
<arg>${expected}</arg>
<doc>Fails if the given objects are unequal.</doc>
<status status="PASS" start="2025-03-20T00:51:05.532610" elapsed="0.000356"/>
</kw>
<msg time="2025-03-20T00:51:05.533094" level="INFO">${status} = True</msg>
<var>${status}</var>
<arg>Should Be Equal</arg>
<arg>${actual}</arg>
<arg>${expected}</arg>
<doc>Runs the given keyword with given arguments and returns the status as a Boolean value.</doc>
<status status="PASS" start="2025-03-20T00:51:05.532195" elapsed="0.000931"/>
</kw>
<kw name="Set Variable If" owner="BuiltIn">
<msg time="2025-03-20T00:51:05.533579" level="INFO">${result} = ถูกต้อง</msg>
<var>${result}</var>
<arg>${status}</arg>
<arg>ถูกต้อง</arg>
<arg>ไม่ถูกต้อง</arg>
<doc>Sets variable based on the given condition.</doc>
<status status="PASS" start="2025-03-20T00:51:05.533289" elapsed="0.000328"/>
</kw>
<kw name="Log" owner="BuiltIn">
<msg time="2025-03-20T00:51:05.535209" level="INFO">ตำแหน่งที่ 3: 15.99 == 15.99 : ถูกต้อง</msg>
<arg>ตำแหน่งที่ ${index+1}: ${actual} == ${expected} : ${result}</arg>
<doc>Logs the given message with the given level.</doc>
<status status="PASS" start="2025-03-20T00:51:05.533766" elapsed="0.001524"/>
</kw>
<var name="${index}">2</var>
<status status="PASS" start="2025-03-20T00:51:05.530854" elapsed="0.004512"/>
</iter>
<iter>
<kw name="Get From List" owner="Collections">
<msg time="2025-03-20T00:51:05.536368" level="INFO">${actual} = 15.99</msg>
<var>${actual}</var>
<arg>${actual_prices}</arg>
<arg>${index}</arg>
<doc>Returns the value specified with an ``index`` from ``list``.</doc>
<status status="PASS" start="2025-03-20T00:51:05.535912" elapsed="0.000519"/>
</kw>
<kw name="Get From List" owner="Collections">
<msg time="2025-03-20T00:51:05.537220" level="INFO">${expected} = 15.99</msg>
<var>${expected}</var>
<arg>${sorted_expected}</arg>
<arg>${index}</arg>
<doc>Returns the value specified with an ``index`` from ``list``.</doc>
<status status="PASS" start="2025-03-20T00:51:05.536692" elapsed="0.000597"/>
</kw>
<kw name="Run Keyword And Return Status" owner="BuiltIn">
<kw name="Should Be Equal" owner="BuiltIn">
<arg>${actual}</arg>
<arg>${expected}</arg>
<doc>Fails if the given objects are unequal.</doc>
<status status="PASS" start="2025-03-20T00:51:05.538025" elapsed="0.000665"/>
</kw>
<msg time="2025-03-20T00:51:05.538923" level="INFO">${status} = True</msg>
<var>${status}</var>
<arg>Should Be Equal</arg>
<arg>${actual}</arg>
<arg>${expected}</arg>
<doc>Runs the given keyword with given arguments and returns the status as a Boolean value.</doc>
<status status="PASS" start="2025-03-20T00:51:05.537555" elapsed="0.001405"/>
</kw>
<kw name="Set Variable If" owner="BuiltIn">
<msg time="2025-03-20T00:51:05.540274" level="INFO">${result} = ถูกต้อง</msg>
<var>${result}</var>
<arg>${status}</arg>
<arg>ถูกต้อง</arg>
<arg>ไม่ถูกต้อง</arg>
<doc>Sets variable based on the given condition.</doc>
<status status="PASS" start="2025-03-20T00:51:05.539355" elapsed="0.001023"/>
</kw>
<kw name="Log" owner="BuiltIn">
<msg time="2025-03-20T00:51:05.542852" level="INFO">ตำแหน่งที่ 4: 15.99 == 15.99 : ถูกต้อง</msg>
<arg>ตำแหน่งที่ ${index+1}: ${actual} == ${expected} : ${result}</arg>
<doc>Logs the given message with the given level.</doc>
<status status="PASS" start="2025-03-20T00:51:05.540688" elapsed="0.002291"/>
</kw>
<var name="${index}">3</var>
<status status="PASS" start="2025-03-20T00:51:05.535525" elapsed="0.007577"/>
</iter>
<iter>
<kw name="Get From List" owner="Collections">
<msg time="2025-03-20T00:51:05.544140" level="INFO">${actual} = 9.99</msg>
<var>${actual}</var>
<arg>${actual_prices}</arg>
<arg>${index}</arg>
<doc>Returns the value specified with an ``index`` from ``list``.</doc>
<status status="PASS" start="2025-03-20T00:51:05.543776" elapsed="0.000421"/>
</kw>
<kw name="Get From List" owner="Collections">
<msg time="2025-03-20T00:51:05.544913" level="INFO">${expected} = 9.99</msg>
[...]
<arg>id=continue</arg>
<doc>Clicks the button identified by ``locator``.</doc>
<status status="PASS" start="2025-03-20T00:50:57.747605" elapsed="0.113009"/>
</kw>
<arg>${empty}</arg>
<arg>${LAST_NAME}</arg>
<arg>${ZIP_CODE}</arg>
<status status="PASS" start="2025-03-20T00:50:57.396242" elapsed="0.464659"/>
</kw>
<kw name="verify error messageInformation is correct" owner="keywords">
<kw name="Element Text Should Be" owner="SeleniumLibrary">
<msg time="2025-03-20T00:50:57.863020" level="INFO">Verifying element 'css:h3[data-test='error']' contains exact text 'Error: First Name is required'.</msg>
<arg>${element_Information}</arg>
<arg>${expected_messageInformation}</arg>
<doc>Verifies that element ``locator`` contains exact the text ``expected``.</doc>
<status status="PASS" start="2025-03-20T00:50:57.862204" elapsed="0.069007"/>
</kw>
<arg>${Error_Message_Information}</arg>
<arg>Error: First Name is required</arg>
<status status="PASS" start="2025-03-20T00:50:57.861245" elapsed="0.070183"/>
</kw>
<kw name="Close Browser" owner="SeleniumLibrary" type="TEARDOWN">
<doc>Closes the current browser.</doc>
<status status="PASS" start="2025-03-20T00:50:57.931766" elapsed="2.595406"/>
</kw>
<status status="PASS" start="2025-03-20T00:50:51.382817" elapsed="9.144564"/>
</test>
<test id="s1-s5-t3" name="Validate Chackout For Non-Fill lastname" line="27">
<kw name="Open Browser To Sauce Demo" owner="keywords">
<kw name="Open Browser" owner="SeleniumLibrary">
<msg time="2025-03-20T00:51:00.529378" level="INFO">Opening browser 'Chrome' to base url 'https://www.saucedemo.com'.</msg>
<arg>${URL}</arg>
<arg>${BROWSER}</arg>
<doc>Opens a new browser instance to the optional ``url``.</doc>
<status status="PASS" start="2025-03-20T00:51:00.529089" elapsed="2.922462"/>
</kw>
<kw name="Maximize Browser Window" owner="SeleniumLibrary">
<doc>Maximizes current browser window.</doc>
<status status="PASS" start="2025-03-20T00:51:03.452133" elapsed="0.911109"/>
</kw>
<status status="PASS" start="2025-03-20T00:51:00.528678" elapsed="3.834900"/>
</kw>
<kw name="Fill the login Form" owner="keywords">
<kw name="Input Text" owner="SeleniumLibrary">
<msg time="2025-03-20T00:51:04.366333" level="INFO">Typing text 'standard_user' into text field 'id=user-name'.</msg>
<arg>id=user-name</arg>
<arg>${USERNAME}</arg>
<doc>Types the given ``text`` into the text field identified by ``locator``.</doc>
<status status="PASS" start="2025-03-20T00:51:04.365491" elapsed="0.580610"/>
</kw>
<kw name="Input Text" owner="SeleniumLibrary">
<msg time="2025-03-20T00:51:04.947759" level="INFO">Typing text 'secret_sauce' into text field 'id=password'.</msg>
<arg>id=password</arg>
<arg>${PASSWORD}</arg>
<doc>Types the given ``text`` into the text field identified by ``locator``.</doc>
<status status="PASS" start="2025-03-20T00:51:04.946601" elapsed="0.201148"/>
</kw>
<kw name="Click Button" owner="SeleniumLibrary">
<msg time="2025-03-20T00:51:05.149178" level="INFO">Clicking button 'id=login-button'.</msg>
<arg>id=login-button</arg>
<doc>Clicks the button identified by ``locator``.</doc>
<status status="PASS" start="2025-03-20T00:51:05.148118" elapsed="0.200128"/>
</kw>
<arg>${USERNAME}</arg>
<arg>${PASSWORD}</arg>
<status status="PASS" start="2025-03-20T00:51:04.363968" elapsed="0.984518"/>
</kw>
<kw name="Go to Chackout page" owner="keywords">
<kw name="Select Product to Cart" owner="keywords">
<kw name="Wait Until Element Is Visible" owner="SeleniumLibrary">
<arg>xpath=//div[contains(@class,'inventory_item_name') and normalize-space(text())='${product_name}']</arg>
<arg>timeout=5s</arg>
<doc>Waits until the element ``locator`` is visible.</doc>
<status status="PASS" start="2025-03-20T00:51:05.350886" elapsed="0.032303"/>
</kw>
<kw name="Click Button" owner="SeleniumLibrary">
<msg time="2025-03-20T00:51:05.384274" level="INFO">Clicking button 'xpath=//div[contains(@class,'inventory_item')][.//div[contains(@class,'inventory_item_name') and normalize-space(text())='Sauce Labs Bike Light']]//button[contains(@data-test, 'add-to-cart')]'.</msg>
<arg>xpath=//div[contains(@class,'inventory_item')][.//div[contains(@class,'inventory_item_name') and normalize-space(text())='${product_name}']]//button[contains(@data-test, 'add-to-cart')]</arg>
<doc>Clicks the button identified by ``locator``.</doc>
<status status="PASS" start="2025-03-20T00:51:05.383548" elapsed="0.103160"/>
</kw>
<arg>Sauce Labs Bike Light</arg>
<status status="PASS" start="2025-03-20T00:51:05.350212" elapsed="0.136694"/>
</kw>
<kw name="Click Element" owner="SeleniumLibrary">
<msg time="2025-03-20T00:51:05.487583" level="INFO">Clicking element 'css=.shopping_cart_link'.</msg>
<arg>css=.shopping_cart_link</arg>
<doc>Click the element identified by ``locator``.</doc>
<status status="PASS" start="2025-03-20T00:51:05.487115" elapsed="0.132265"/>
</kw>
<kw name="Click Button" owner="SeleniumLibrary">
<msg time="2025-03-20T00:51:05.620532" level="INFO">Clicking button 'id=checkout'.</msg>
<arg>id=checkout</arg>
<doc>Clicks the button identified by ``locator``.</doc>
<status status="PASS" start="2025-03-20T00:51:05.619974" elapsed="0.132589"/>
</kw>
<status status="PASS" start="2025-03-20T00:51:05.348821" elapsed="0.403980"/>
</kw>
<kw name="Fill the checkout Form" owner="keywords">
<kw name="Input Text" owner="SeleniumLibrary">
<msg time="2025-03-20T00:51:05.756648" level="INFO">Typing text 'Test' into text field 'id=first-name'.</msg>
<arg>id=first-name</arg>
<arg>${first_name}</arg>
<doc>Types the given ``text`` into the text field identified by ``locator``.</doc>
<status status="PASS" start="2025-03-20T00:51:05.755331" elapsed="0.144925"/>
</kw>
<kw name="Input Text" owner="SeleniumLibrary">
<msg time="2025-03-20T00:51:05.900853" level="INFO">Typing text '' into text field 'id=last-name'.</msg>
<arg>id=last-name</arg>
<arg>${last_name}</arg>
<doc>Types the given ``text`` into the text field identified by ``locator``.</doc>
<status status="PASS" start="2025-03-20T00:51:05.900480" elapsed="0.121020"/>
</kw>
<kw name="Input Text" owner="SeleniumLibrary">
<msg time="2025-03-20T00:51:06.022648" level="INFO">Typing text '12345' into text field 'id=postal-code'.</msg>
<arg>id=postal-code</arg>
<arg>${zip_code}</arg>
<doc>Types the given ``text`` into the text field identified by ``locator``.</doc>
<status status="PASS" start="2025-03-20T00:51:06.021869" elapsed="0.189125"/>
</kw>
<kw name="Click Button" owner="SeleniumLibrary">
<msg time="2025-03-20T00:51:06.211906" level="INFO">Clicking button 'id=continue'.</msg>
<arg>id=continue</arg>
<doc>Clicks the button identified by ``locator``.</doc>
<status status="PASS" start="2025-03-20T00:51:06.211314" elapsed="0.105753"/>
</kw>
<arg>${FIRST_NAME}</arg>
<arg>${empty}</arg>
<arg>${ZIP_CODE}</arg>
<status status="PASS" start="2025-03-20T00:51:05.753164" elapsed="0.564234"/>
</kw>
<kw name="verify error messageInformation is correct" owner="keywords">
<kw name="Element Text Should Be" owner="SeleniumLibrary">
<msg time="2025-03-20T00:51:06.319481" level="INFO">Verifying element 'css:h3[data-test='error']' contains exact text 'Error: Last Name is required'.</msg>
<arg>${element_Information}</arg>
<arg>${expected_messageInformation}</arg>
<doc>Verifies that element ``locator`` contains exact the text ``expected``.</doc>
<status status="PASS" start="2025-03-20T00:51:06.318889" elapsed="0.023022"/>
</kw>
<arg>${Error_Message_Information}</arg>
<arg>Error: Last Name is required</arg>
<status status="PASS" start="2025-03-20T00:51:06.317883" elapsed="0.024162"/>
</kw>
<kw name="Close Browser" owner="SeleniumLibrary" type="TEARDOWN">
<doc>Closes the current browser.</doc>
<status status="PASS" start="2025-03-20T00:51:06.342272" elapsed="2.586205"/>
</kw>
<status status="PASS" start="2025-03-20T00:51:00.528209" elapsed="8.400488"/>
</test>
<test id="s1-s5-t4" name="Validate Chackout For Non-Fill zipcode" line="35">
<kw name="Open Browser To Sauce Demo" owner="keywords">
<kw name="Open Browser" owner="SeleniumLibrary">
<msg time="2025-03-20T00:51:08.930561" level="INFO">Opening browser 'Chrome' to base url 'https://www.saucedemo.com'.</msg>
<arg>${URL}</arg>
<arg>${BROWSER}</arg>
<doc>Opens a new browser instance to the optional ``url``.</doc>
<status status="PASS" start="2025-03-20T00:51:08.930317" elapsed="3.338326"/>
</kw>
<kw name="Maximize Browser Window" owner="SeleniumLibrary">
<doc>Maximizes current browser window.</doc>
<status status="PASS" start="2025-03-20T00:51:12.269700" elapsed="0.263858"/>
</kw>
<status status="PASS" start="2025-03-20T00:51:08.929927" elapsed="3.604198"/>
</kw>
<kw name="Fill the login Form" owner="keywords">
<kw name="Input Text" owner="SeleniumLibrary">
<msg time="2025-03-20T00:51:12.537617" level="INFO">Typing text 'standard_user' into text field 'id=user-name'.</msg>
<arg>id=user-name</arg>
<arg>${USERNAME}</arg>
<doc>Types the given ``text`` into the text field identified by ``locator``.</doc>
<status status="PASS" start="2025-03-20T00:51:12.536350" elapsed="0.394038"/>
</kw>
<kw name="Input Text" owner="SeleniumLibrary">
<msg time="2025-03-20T00:51:12.932430" level="INFO">Typing text 'secret_sauce' into text field 'id=password'.</msg>
<arg>id=password</arg>
<arg>${PASSWORD}</arg>
<doc>Types the given ``text`` into the text field identified by ``locator``.</doc>
<status status="PASS" start="2025-03-20T00:51:12.931290" elapsed="0.269717"/>
</kw>
<kw name="Click Button" owner="SeleniumLibrary">
<msg time="2025-03-20T00:51:13.203702" level="INFO">Clicking button 'id=login-button'.</msg>
<arg>id=login-button</arg>
<doc>Clicks the button identified by ``locator``.</doc>
<status status="PASS" start="2025-03-20T00:51:13.202297" elapsed="0.354599"/>
</kw>
<arg>${USERNAME}</arg>
<arg>${PASSWORD}</arg>
<status status="PASS" start="2025-03-20T00:51:12.534731" elapsed="1.022631"/>
</kw>
<kw name="Go to Chackout page" owner="keywords">
<kw name="Select Product to Cart" owner="keywords">
<kw name="Wait Until Element Is Visible" owner="SeleniumLibrary">
<arg>xpath=//div[contains(@class,'inventory_item_name') and normalize-space(text())='${product_name}']</arg>
<arg>timeout=5s</arg>
<doc>Waits until the element ``locator`` is visible.</doc>
<status status="PASS" start="2025-03-20T00:51:13.560246" elapsed="0.034984"/>
</kw>
<kw name="Click Button" owner="SeleniumLibrary">
<msg time="2025-03-20T00:51:13.596245" level="INFO">Clicking button 'xpath=//div[contains(@class,'inventory_item')][.//div[contains(@class,'inventory_item_name') and normalize-space(text())='Sauce Labs Bike Light']]//button[contains(@data-test, 'add-to-cart')]'.</msg>
<arg>xpath=//div[contains(@class,'inventory_item')][.//div[contains(@class,'inventory_item_name') and normalize-space(text())='${product_name}']]//button[contains(@data-test, 'add-to-cart')]</arg>
<doc>Clicks the button identified by ``locator``.</doc>
<status status="PASS" start="2025-03-20T00:51:13.595563" elapsed="0.165697"/>
</kw>
<arg>Sauce Labs Bike Light</arg>
<status status="PASS" start="2025-03-20T00:51:13.559112" elapsed="0.202385"/>
</kw>
<kw name="Click Element" owner="SeleniumLibrary">
<msg time="2025-03-20T00:51:13.762615" level="INFO">Clicking element 'css=.shopping_cart_link'.</msg>
<arg>css=.shopping_cart_link</arg>
<doc>Click the element identified by ``locator``.</doc>
<status status="PASS" start="2025-03-20T00:51:13.761799" elapsed="0.103470"/>
</kw>
<kw name="Click Button" owner="SeleniumLibrary">
<msg time="2025-03-20T00:51:13.866148" level="INFO">Clicking button 'id=checkout'.</msg>
<arg>id=checkout</arg>
<doc>Clicks the button identified by ``locator``.</doc>
<status status="PASS" start="2025-03-20T00:51:13.865529" elapsed="0.156170"/>
</kw>
<status status="PASS" start="2025-03-20T00:51:13.557978" elapsed="0.463936"/>
</kw>
<kw name="Fill the checkout Form" owner="keywords">
<kw name="Input Text" owner="SeleniumLibrary">
<msg time="2025-03-20T00:51:14.024164" level="INFO">Typing text 'Test' into text field 'id=first-name'.</msg>
<arg>id=first-name</arg>
<arg>${first_name}</arg>
<doc>Types the given ``text`` into the text field identified by ``locator``.</doc>
<status status="PASS" start="2025-03-20T00:51:14.023471" elapsed="0.128538"/>
</kw>
<kw name="Input Text" owner="SeleniumLibrary">
<msg time="2025-03-20T00:51:14.152996" level="INFO">Typing text 'Test' into text field 'id=last-name'.</msg>
<arg>id=last-name</arg>
<arg>${last_name}</arg>
<doc>Types the given ``text`` into the text field identified by ``locator``.</doc>
<status status="PASS" start="2025-03-20T00:51:14.152354" elapsed="0.111303"/>
</kw>
<kw name="Input Text" owner="SeleniumLibrary">
<msg time="2025-03-20T00:51:14.264602" level="INFO">Typing text '' into text field 'id=postal-code'.</msg>
<arg>id=postal-code</arg>
<arg>${zip_code}</arg>
<doc>Types the given ``text`` into the text field identified by ``locator``.</doc>
<status status="PASS" start="2025-03-20T00:51:14.263949" elapsed="0.081524"/>
</kw>
<kw name="Click Button" owner="SeleniumLibrary">
<msg time="2025-03-20T00:51:14.346332" level="INFO">Clicking button 'id=continue'.</msg>
<arg>id=continue</arg>
<doc>Clicks the button identified by ``locator``.</doc>
<status status="PASS" start="2025-03-20T00:51:14.345885" elapsed="0.106253"/>
</kw>
<arg>${FIRST_NAME}</arg>
<arg>${LAST_NAME}</arg>
<arg>${empty}</arg>
<status status="PASS" start="2025-03-20T00:51:14.022179" elapsed="0.430121"/>
</kw>
<kw name="verify error messageInformation is correct" owner="keywords">
<kw name="Element Text Should Be" owner="SeleniumLibrary">
<msg time="2025-03-20T00:51:14.453587" level="INFO">Verifying element 'css:h3[data-test='error']' contains exact text 'Error: Postal Code is required'.</msg>
<arg>${element_Information}</arg>
<arg>${expected_messageInformation}</arg>
<doc>Verifies that element ``locator`` contains exact the text ``expected``.</doc>
<status status="PASS" start="2025-03-20T00:51:14.453177" elapsed="0.025807"/>
</kw>
<arg>${Error_Message_Information}</arg>
<arg>Error: Postal Code is required</arg>
<status status="PASS" start="2025-03-20T00:51:14.452504" elapsed="0.026637"/>
</kw>
<kw name="Close Browser" owner="SeleniumLibrary" type="TEARDOWN">
<doc>Closes the current browser.</doc>
<status status="PASS" start="2025-03-20T00:51:14.479415" elapsed="2.520135"/>
</kw>
<status status="PASS" start="2025-03-20T00:51:08.929224" elapsed="8.070474"/>
</test>
<test id="s1-s5-t5" name="Validate button cancel" line="43">
<kw name="Open Browser To Sauce Demo" owner="keywords">
<kw name="Open Browser" owner="SeleniumLibrary">
<msg time="2025-03-20T00:51:17.001344" level="INFO">Opening browser 'Chrome' to base url 'https://www.saucedemo.com'.</msg>
<arg>${URL}</arg>
<arg>${BROWSER}</arg>
<doc>Opens a new browser instance to the optional ``url``.</doc>
<status status="PASS" start="2025-03-20T00:51:17.001011" elapsed="2.040859"/>
</kw>
<kw name="Maximize Browser Window" owner="SeleniumLibrary">
<doc>Maximizes current browser window.</doc>
<status status="PASS" start="2025-03-20T00:51:19.042119" elapsed="0.032074"/>
</kw>
<status status="PASS" start="2025-03-20T00:51:17.000544" elapsed="2.073784"/>
</kw>
<kw name="Fill the login Form" owner="keywords">
<kw name="Input Text" owner="SeleniumLibrary">
<msg time="2025-03-20T00:51:19.075387" level="INFO">Typing text 'standard_user' into text field 'id=user-name'.</msg>
<arg>id=user-name</arg>
<arg>${USERNAME}</arg>
<doc>Types the given ``text`` into the text field identified by ``locator``.</doc>
<status status="PASS" start="2025-03-20T00:51:19.075032" elapsed="0.191133"/>
</kw>
<kw name="Input Text" owner="SeleniumLibrary">
<msg time="2025-03-20T00:51:19.267447" level="INFO">Typing text 'secret_sauce' into text field 'id=password'.</msg>
<arg>id=password</arg>
<arg>${PASSWORD}</arg>
<doc>Types the given ``text`` into the text field identified by ``locator``.</doc>
<status status="PASS" start="2025-03-20T00:51:19.266582" elapsed="0.144438"/>
</kw>
<kw name="Click Button" owner="SeleniumLibrary">
<msg time="2025-03-20T00:51:19.411635" level="INFO">Clicking button 'id=login-button'.</msg>
<arg>id=login-button</arg>
<doc>Clicks the button identified by ``locator``.</doc>
<status status="PASS" start="2025-03-20T00:51:19.411236" elapsed="0.099552"/>
</kw>
<arg>${USERNAME}</arg>
<arg>${PASSWORD}</arg>
<status status="PASS" start="2025-03-20T00:51:19.074514" elapsed="0.436435"/>
</kw>
<kw name="Go to Chackout page" owner="keywords">
<kw name="Select Product to Cart" owner="keywords">
<kw name="Wait Until Element Is Visible" owner="SeleniumLibrary">
<arg>xpath=//div[contains(@class,'inventory_item_name') and normalize-space(text())='${product_name}']</arg>
<arg>timeout=5s</arg>
<doc>Waits until the element ``locator`` is visible.</doc>
<status status="PASS" start="2025-03-20T00:51:19.512354" elapsed="0.023234"/>
</kw>
<kw name="Click Button" owner="SeleniumLibrary">
<msg time="2025-03-20T00:51:19.536187" level="INFO">Clicking button 'xpath=//div[contains(@class,'inventory_item')][.//div[contains(@class,'inventory_item_name') and normalize-space(text())='Sauce Labs Bike Light']]//button[contains(@data-test, 'add-to-cart')]'.</msg>
<arg>xpath=//div[contains(@class,'inventory_item')][.//div[contains(@class,'inventory_item_name') and normalize-space(text())='${product_name}']]//button[contains(@data-test, 'add-to-cart')]</arg>
<doc>Clicks the button identified by ``locator``.</doc>
<status status="PASS" start="2025-03-20T00:51:19.535793" elapsed="0.071505"/>
</kw>
<arg>Sauce Labs Bike Light</arg>
<status status="PASS" start="2025-03-20T00:51:19.511804" elapsed="0.095630"/>
</kw>
<kw name="Click Element" owner="SeleniumLibrary">
<msg time="2025-03-20T00:51:19.607929" level="INFO">Clicking element 'css=.shopping_cart_link'.</msg>
<arg>css=.shopping_cart_link</arg>
<doc>Click the element identified by ``locator``.</doc>
<status status="PASS" start="2025-03-20T00:51:19.607611" elapsed="0.050645"/>
</kw>
<kw name="Click Button" owner="SeleniumLibrary">
<msg time="2025-03-20T00:51:19.658818" level="INFO">Clicking button 'id=checkout'.</msg>
<arg>id=checkout</arg>
<doc>Clicks the button identified by ``locator``.</doc>
<status status="PASS" start="2025-03-20T00:51:19.658444" elapsed="0.054187"/>
</kw>
<status status="PASS" start="2025-03-20T00:51:19.511203" elapsed="0.201571"/>
</kw>
<kw name="Click Element" owner="SeleniumLibrary">
<msg time="2025-03-20T00:51:19.713240" level="INFO">Clicking element 'css:.cart_cancel_link'.</msg>
<arg>css:.cart_cancel_link</arg>
<doc>Click the element identified by ``locator``.</doc>
<status status="PASS" start="2025-03-20T00:51:19.712930" elapsed="0.045256"/>
</kw>
<kw name="Close Browser" owner="SeleniumLibrary" type="TEARDOWN">
<doc>Closes the current browser.</doc>
<status status="PASS" start="2025-03-20T00:51:19.758429" elapsed="2.331805"/>
</kw>
<status status="PASS" start="2025-03-20T00:51:17.000088" elapsed="5.090303"/>
</test>
<kw name="Close Browser" owner="SeleniumLibrary" type="TEARDOWN">
<doc>Closes the current browser.</doc>
<status status="PASS" start="2025-03-20T00:51:22.091138" elapsed="0.000365"/>
</kw>
<status status="PASS" start="2025-03-20T00:50:40.394932" elapsed="41.696672"/>
</suite>
<doc>[https://pabot.org/?ref=log|Pabot] result from 5 executions.</doc>
<status status="PASS" start="2025-03-20T00:50:40.377000" elapsed="41.715000"/>
</suite>
<statistics>
<total>
<stat pass="21" fail="0" skip="0">All Tests</stat>
</total>
<tag>
</tag>
<suite>
<stat pass="21" fail="0" skip="0" id="s1" name="Test">Test</stat>
<stat pass="4" fail="0" skip="0" id="s1-s1" name="Checkout Overview">Test.Checkout Overview</stat>
<stat pass="4" fail="0" skip="0" id="s1-s2" name="Inventory">Test.Inventory</stat>
<stat pass="4" fail="0" skip="0" id="s1-s3" name="Login">Test.Login</stat>
<stat pass="4" fail="0" skip="0" id="s1-s4" name="Productcart">Test.Productcart</stat>
<stat pass="5" fail="0" skip="0" id="s1-s5" name="checkout Information">Test.checkout Information</stat>
</suite>
</statistics>
<errors>
</errors>
</robot>
