<?xml version="1.0" encoding="UTF-8"?>
<robot generator="Rebot 7.2.2 (Python 3.13.2 on win32)" generated="2025-03-25T12:53:41.814681" rpa="false" schemaversion="5">
<suite id="s1" name="Suites">
<suite id="s1-s1" name="Checkout Overview" source="C:\Users\Nutta\Desktop\Learn Robot freamwork\SwagLab\test\checkout_overview.robot">
<test id="s1-s1-t1" name="Chackout overview product Complete" line="9">
<kw name="Open Browser To Sauce Demo" owner="keywords">
<kw name="Open Browser" owner="SeleniumLibrary">
<msg time="2025-03-25T12:52:41.836877" level="INFO">Opening browser 'chrome' to base url 'https://www.saucedemo.com'.</msg>
<arg>${URL}</arg>
<arg>${BROWSER}</arg>
<doc>Opens a new browser instance to the optional ``url``.</doc>
<status status="PASS" start="2025-03-25T12:52:41.835999" elapsed="2.663306"/>
</kw>
<kw name="Maximize Browser Window" owner="SeleniumLibrary">
<doc>Maximizes current browser window.</doc>
<status status="PASS" start="2025-03-25T12:52:44.500053" elapsed="1.528962"/>
</kw>
<status status="PASS" start="2025-03-25T12:52:41.834466" elapsed="4.194696"/>
</kw>
<kw name="Fill the login Form" owner="keywords">
<kw name="Input Text" owner="SeleniumLibrary">
<msg time="2025-03-25T12:52:46.030649" level="INFO">Typing text 'standard_user' into text field 'id=user-name'.</msg>
<arg>id=user-name</arg>
<arg>${USERNAME}</arg>
<doc>Types the given ``text`` into the text field identified by ``locator``.</doc>
<status status="PASS" start="2025-03-25T12:52:46.030198" elapsed="0.166064"/>
</kw>
<kw name="Input Text" owner="SeleniumLibrary">
<msg time="2025-03-25T12:52:46.197555" level="INFO">Typing text 'secret_sauce' into text field 'id=password'.</msg>
<arg>id=password</arg>
<arg>${PASSWORD}</arg>
<doc>Types the given ``text`` into the text field identified by ``locator``.</doc>
<status status="PASS" start="2025-03-25T12:52:46.196633" elapsed="0.221101"/>
</kw>
<kw name="Click Button" owner="SeleniumLibrary">
<msg time="2025-03-25T12:52:46.418896" level="INFO">Clicking button 'id=login-button'.</msg>
<arg>id=login-button</arg>
<doc>Clicks the button identified by ``locator``.</doc>
<status status="PASS" start="2025-03-25T12:52:46.418214" elapsed="0.356798"/>
</kw>
<arg>${USERNAME}</arg>
<arg>${PASSWORD}</arg>
<status status="PASS" start="2025-03-25T12:52:46.029386" elapsed="0.746104"/>
</kw>
<kw name="Go to Chackout page" owner="keywords">
<kw name="Select Product to Cart" owner="keywords">
<kw name="Wait Until Element Is Visible" owner="SeleniumLibrary">
<arg>xpath=//div[contains(@class,'inventory_item_name') and normalize-space(text())='${product_name}']</arg>
<arg>timeout=5s</arg>
<doc>Waits until the element ``locator`` is visible.</doc>
<status status="PASS" start="2025-03-25T12:52:46.778816" elapsed="0.124615"/>
</kw>
<kw name="Click Button" owner="SeleniumLibrary">
<msg time="2025-03-25T12:52:46.904814" level="INFO">Clicking button 'xpath=//div[contains(@class,'inventory_item')][.//div[contains(@class,'inventory_item_name') and normalize-space(text())='Sauce Labs Backpack']]//button[contains(@data-test, 'add-to-cart')]'.</msg>
<arg>xpath=//div[contains(@class,'inventory_item')][.//div[contains(@class,'inventory_item_name') and normalize-space(text())='${product_name}']]//button[contains(@data-test, 'add-to-cart')]</arg>
<doc>Clicks the button identified by ``locator``.</doc>
<status status="PASS" start="2025-03-25T12:52:46.903887" elapsed="0.433086"/>
</kw>
<arg>Sauce Labs Backpack</arg>
<status status="PASS" start="2025-03-25T12:52:46.776934" elapsed="0.560257"/>
</kw>
<kw name="Click Element" owner="SeleniumLibrary">
<msg time="2025-03-25T12:52:47.338107" level="INFO">Clicking element 'css=.shopping_cart_link'.</msg>
<arg>css=.shopping_cart_link</arg>
<doc>Click the element identified by ``locator``.</doc>
<status status="PASS" start="2025-03-25T12:52:47.337446" elapsed="0.330019"/>
</kw>
<kw name="Wait Until Element Is Visible" owner="SeleniumLibrary">
<arg>xpath=//*[@id="checkout"]</arg>
<arg>timeout=10s</arg>
<doc>Waits until the element ``locator`` is visible.</doc>
<status status="PASS" start="2025-03-25T12:52:47.667969" elapsed="0.064474"/>
</kw>
<kw name="Execute Javascript" owner="SeleniumLibrary">
<msg time="2025-03-25T12:52:47.735644" level="INFO">Executing JavaScript:
document.querySelector('#checkout').click();
Without any arguments.</msg>
<arg>document.querySelector('#checkout').click();</arg>
<doc>Executes the given JavaScript code with possible arguments.</doc>
<status status="PASS" start="2025-03-25T12:52:47.732921" elapsed="0.032478"/>
</kw>
<status status="PASS" start="2025-03-25T12:52:46.775912" elapsed="0.989818"/>
</kw>
<kw name="Fill the checkout Form" owner="keywords">
<kw name="Input Text" owner="SeleniumLibrary">
<msg time="2025-03-25T12:52:47.768555" level="INFO">Typing text 'Test' into text field 'xpath=//input[@id='first-name']'.</msg>
<arg>xpath=//input[@id='first-name']</arg>
<arg>${first_name}</arg>
<doc>Types the given ``text`` into the text field identified by ``locator``.</doc>
<status status="PASS" start="2025-03-25T12:52:47.767423" elapsed="0.193095"/>
</kw>
<kw name="Input Text" owner="SeleniumLibrary">
<msg time="2025-03-25T12:52:47.962043" level="INFO">Typing text 'Test' into text field 'id=last-name'.</msg>
<arg>id=last-name</arg>
<arg>${last_name}</arg>
<doc>Types the given ``text`` into the text field identified by ``locator``.</doc>
<status status="PASS" start="2025-03-25T12:52:47.960907" elapsed="0.196347"/>
</kw>
<kw name="Input Text" owner="SeleniumLibrary">
<msg time="2025-03-25T12:52:48.158606" level="INFO">Typing text '12345' into text field 'id=postal-code'.</msg>
<arg>id=postal-code</arg>
<arg>${zip_code}</arg>
<doc>Types the given ``text`` into the text field identified by ``locator``.</doc>
<status status="PASS" start="2025-03-25T12:52:48.157769" elapsed="0.223369"/>
</kw>
<kw name="Click Button" owner="SeleniumLibrary">
<msg time="2025-03-25T12:52:48.382704" level="INFO">Clicking button 'id=continue'.</msg>
<arg>id=continue</arg>
<doc>Clicks the button identified by ``locator``.</doc>
<status status="PASS" start="2025-03-25T12:52:48.381571" elapsed="0.196629"/>
</kw>
<arg>${FIRST_NAME}</arg>
<arg>${LAST_NAME}</arg>
<arg>${ZIP_CODE}</arg>
<status status="PASS" start="2025-03-25T12:52:47.766143" elapsed="0.812350"/>
</kw>
<kw name="Click Element" owner="SeleniumLibrary">
<msg time="2025-03-25T12:52:48.579575" level="INFO">Clicking element 'xpath=//button[@id='finish']'.</msg>
<arg>xpath=//button[@id='finish']</arg>
<doc>Click the element identified by ``locator``.</doc>
<status status="PASS" start="2025-03-25T12:52:48.578841" elapsed="0.116968"/>
</kw>
<kw name="Page Should Contain Element" owner="SeleniumLibrary">
<msg time="2025-03-25T12:52:48.713182" level="INFO">Current page contains element 'xpath=//h2[normalize-space()='Thank you for your order!']'.</msg>
<arg>xpath=//h2[normalize-space()='Thank you for your order!']</arg>
<doc>Verifies that element ``locator`` is found on the current page.</doc>
<status status="PASS" start="2025-03-25T12:52:48.696260" elapsed="0.017159"/>
</kw>
<kw name="Close Browser" owner="SeleniumLibrary" type="TEARDOWN">
<doc>Closes the current browser.</doc>
<status status="PASS" start="2025-03-25T12:52:48.713893" elapsed="2.655688"/>
</kw>
<status status="PASS" start="2025-03-25T12:52:41.833206" elapsed="9.536579"/>
</test>
<test id="s1-s1-t2" name="Validate price total and tax" line="19">
<kw name="Open Browser To Sauce Demo" owner="keywords">
<kw name="Open Browser" owner="SeleniumLibrary">
<msg time="2025-03-25T12:52:51.372825" level="INFO">Opening browser 'chrome' to base url 'https://www.saucedemo.com'.</msg>
<arg>${URL}</arg>
<arg>${BROWSER}</arg>
<doc>Opens a new browser instance to the optional ``url``.</doc>
<status status="PASS" start="2025-03-25T12:52:51.372146" elapsed="2.249319"/>
</kw>
<kw name="Maximize Browser Window" owner="SeleniumLibrary">
<doc>Maximizes current browser window.</doc>
<status status="PASS" start="2025-03-25T12:52:53.621916" elapsed="1.361786"/>
</kw>
<status status="PASS" start="2025-03-25T12:52:51.371352" elapsed="3.612579"/>
</kw>
<kw name="Fill the login Form" owner="keywords">
<kw name="Input Text" owner="SeleniumLibrary">
<msg time="2025-03-25T12:52:54.986899" level="INFO">Typing text 'standard_user' into text field 'id=user-name'.</msg>
<arg>id=user-name</arg>
<arg>${USERNAME}</arg>
<doc>Types the given ``text`` into the text field identified by ``locator``.</doc>
<status status="PASS" start="2025-03-25T12:52:54.986088" elapsed="0.465295"/>
</kw>
<kw name="Input Text" owner="SeleniumLibrary">
<msg time="2025-03-25T12:52:55.452689" level="INFO">Typing text 'secret_sauce' into text field 'id=password'.</msg>
<arg>id=password</arg>
<arg>${PASSWORD}</arg>
<doc>Types the given ``text`` into the text field identified by ``locator``.</doc>
<status status="PASS" start="2025-03-25T12:52:55.451859" elapsed="0.386868"/>
</kw>
<kw name="Click Button" owner="SeleniumLibrary">
<msg time="2025-03-25T12:52:55.839934" level="INFO">Clicking button 'id=login-button'.</msg>
<arg>id=login-button</arg>
<doc>Clicks the button identified by ``locator``.</doc>
<status status="PASS" start="2025-03-25T12:52:55.839158" elapsed="0.340121"/>
</kw>
<arg>${USERNAME}</arg>
<arg>${PASSWORD}</arg>
<status status="PASS" start="2025-03-25T12:52:54.984895" elapsed="1.194661"/>
</kw>
<kw name="Go to Chackout page" owner="keywords">
<kw name="Select Product to Cart" owner="keywords">
<kw name="Wait Until Element Is Visible" owner="SeleniumLibrary">
<arg>xpath=//div[contains(@class,'inventory_item_name') and normalize-space(text())='${product_name}']</arg>
<arg>timeout=5s</arg>
<doc>Waits until the element ``locator`` is visible.</doc>
<status status="PASS" start="2025-03-25T12:52:56.182246" elapsed="0.114105"/>
</kw>
<kw name="Click Button" owner="SeleniumLibrary">
<msg time="2025-03-25T12:52:56.297813" level="INFO">Clicking button 'xpath=//div[contains(@class,'inventory_item')][.//div[contains(@class,'inventory_item_name') and normalize-space(text())='Sauce Labs Backpack']]//button[contains(@data-test, 'add-to-cart')]'.</msg>
<arg>xpath=//div[contains(@class,'inventory_item')][.//div[contains(@class,'inventory_item_name') and normalize-space(text())='${product_name}']]//button[contains(@data-test, 'add-to-cart')]</arg>
<doc>Clicks the button identified by ``locator``.</doc>
<status status="PASS" start="2025-03-25T12:52:56.296992" elapsed="0.226387"/>
</kw>
<arg>Sauce Labs Backpack</arg>
<status status="PASS" start="2025-03-25T12:52:56.181175" elapsed="0.342525"/>
</kw>
<kw name="Click Element" owner="SeleniumLibrary">
<msg time="2025-03-25T12:52:56.524611" level="INFO">Clicking element 'css=.shopping_cart_link'.</msg>
<arg>css=.shopping_cart_link</arg>
<doc>Click the element identified by ``locator``.</doc>
<status status="PASS" start="2025-03-25T12:52:56.523988" elapsed="0.134473"/>
</kw>
<kw name="Wait Until Element Is Visible" owner="SeleniumLibrary">
<arg>xpath=//*[@id="checkout"]</arg>
<arg>timeout=10s</arg>
<doc>Waits until the element ``locator`` is visible.</doc>
<status status="PASS" start="2025-03-25T12:52:56.658953" elapsed="0.033996"/>
</kw>
<kw name="Execute Javascript" owner="SeleniumLibrary">
<msg time="2025-03-25T12:52:56.694154" level="INFO">Executing JavaScript:
document.querySelector('#checkout').click();
Without any arguments.</msg>
<arg>document.querySelector('#checkout').click();</arg>
<doc>Executes the given JavaScript code with possible arguments.</doc>
<status status="PASS" start="2025-03-25T12:52:56.693263" elapsed="0.021838"/>
</kw>
<status status="PASS" start="2025-03-25T12:52:56.179974" elapsed="0.535340"/>
</kw>
<kw name="Fill the checkout Form" owner="keywords">
<kw name="Input Text" owner="SeleniumLibrary">
<msg time="2025-03-25T12:52:56.717776" level="INFO">Typing text 'Test' into text field 'xpath=//input[@id='first-name']'.</msg>
<arg>xpath=//input[@id='first-name']</arg>
<arg>${first_name}</arg>
<doc>Types the given ``text`` into the text field identified by ``locator``.</doc>
<status status="PASS" start="2025-03-25T12:52:56.716845" elapsed="0.762423"/>
</kw>
<kw name="Input Text" owner="SeleniumLibrary">
<msg time="2025-03-25T12:52:57.480508" level="INFO">Typing text 'Test' into text field 'id=last-name'.</msg>
<arg>id=last-name</arg>
<arg>${last_name}</arg>
<doc>Types the given ``text`` into the text field identified by ``locator``.</doc>
<status status="PASS" start="2025-03-25T12:52:57.479708" elapsed="0.561933"/>
</kw>
<kw name="Input Text" owner="SeleniumLibrary">
<msg time="2025-03-25T12:52:58.042373" level="INFO">Typing text '12345' into text field 'id=postal-code'.</msg>
<arg>id=postal-code</arg>
<arg>${zip_code}</arg>
<doc>Types the given ``text`` into the text field identified by ``locator``.</doc>
<status status="PASS" start="2025-03-25T12:52:58.041876" elapsed="0.418691"/>
</kw>
<kw name="Click Button" owner="SeleniumLibrary">
<msg time="2025-03-25T12:52:58.461575" level="INFO">Clicking button 'id=continue'.</msg>
<arg>id=continue</arg>
<doc>Clicks the button identified by ``locator``.</doc>
<status status="PASS" start="2025-03-25T12:52:58.460985" elapsed="0.302857"/>
</kw>
<arg>${FIRST_NAME}</arg>
<arg>${LAST_NAME}</arg>
<arg>${ZIP_CODE}</arg>
<status status="PASS" start="2025-03-25T12:52:56.715637" elapsed="2.048461"/>
</kw>
<kw name="Check Price total and tex" owner="keywords">
<kw name="Get WebElements" owner="SeleniumLibrary">
<msg time="2025-03-25T12:52:58.783332" level="INFO">${ItemPrices} = [&lt;selenium.webdriver.remote.webelement.WebElement (session="84d5a3f8dbeaab9562ff8e0a161e0d15", element="f.837854A6EC3C2229B561927AC3FCA989.d.0047F10AF9FE6C760055AC64F5A4B705.e.60")&gt;]</msg>
<var>${ItemPrices}</var>
<arg>xpath=//div[@class="inventory_item_price"]</arg>
<doc>Returns a list of WebElement objects matching the ``locator``.</doc>
<status status="PASS" start="2025-03-25T12:52:58.765477" elapsed="0.017953"/>
</kw>
<kw name="Set Variable" owner="BuiltIn">
<msg time="2025-03-25T12:52:58.784393" level="INFO">${total_item_price} = 0</msg>
<var>${total_item_price}</var>
<arg>0</arg>
<doc>Returns the given values which can then be assigned to a variables.</doc>
<status status="PASS" start="2025-03-25T12:52:58.783767" elapsed="0.000721"/>
</kw>
<for flavor="IN">
<iter>
<kw name="Get Text" owner="SeleniumLibrary">
<msg time="2025-03-25T12:52:58.804220" level="INFO">${item_price} = $29.99</msg>
<var>${item_price}</var>
<arg>${item_price_element}</arg>
<doc>Returns the text value of the element identified by ``locator``.</doc>
<status status="PASS" start="2025-03-25T12:52:58.786101" elapsed="0.018190"/>
</kw>
<kw name="Evaluate" owner="BuiltIn">
<msg time="2025-03-25T12:52:58.805395" level="INFO">${item_price} = 29.99</msg>
<var>${item_price}</var>
<arg>float('${item_price}'.replace('$', '').replace(',', ''))</arg>
<doc>Evaluates the given expression in Python and returns the result.</doc>
<status status="PASS" start="2025-03-25T12:52:58.804552" elapsed="0.000923"/>
</kw>
<kw name="Evaluate" owner="BuiltIn">
<msg time="2025-03-25T12:52:58.806639" level="INFO">${total_item_price} = 29.99</msg>
<var>${total_item_price}</var>
<arg>${total_item_price} + ${item_price}</arg>
<doc>Evaluates the given expression in Python and returns the result.</doc>
<status status="PASS" start="2025-03-25T12:52:58.805738" elapsed="0.000984"/>
</kw>
<var name="${item_price_element}">&lt;selenium.webdriver.remote.webelement.WebElement (session="84d5a3f8dbeaab9562ff8e0a161e0d15", element="f.837854A6EC3C2229B561927AC3FCA989.d.0047F10AF9FE6C760055AC64F5A4B705.e.60")&gt;</var>
<status status="PASS" start="2025-03-25T12:52:58.785656" elapsed="0.021187"/>
</iter>
<var>${item_price_element}</var>
<value>@{ItemPrices}</value>
<status status="PASS" start="2025-03-25T12:52:58.784801" elapsed="0.022150"/>
</for>
<kw name="Log" owner="BuiltIn">
<msg time="2025-03-25T12:52:58.807765" level="INFO">Total Item Price (calculated): 29.99</msg>
<arg>Total Item Price (calculated): ${total_item_price}</arg>
<doc>Logs the given message with the given level.</doc>
<status status="PASS" start="2025-03-25T12:52:58.807192" elapsed="0.000695"/>
</kw>
<kw name="Get Text" owner="SeleniumLibrary">
<msg time="2025-03-25T12:52:58.831839" level="INFO">${ItemTotal} = Item total: $29.99</msg>
<var>${ItemTotal}</var>
<arg>xpath=//div[@class='summary_subtotal_label']</arg>
<doc>Returns the text value of the element identified by ``locator``.</doc>
<status status="PASS" start="2025-03-25T12:52:58.808410" elapsed="0.023491"/>
</kw>
<kw name="Log" owner="BuiltIn">
<msg time="2025-03-25T12:52:58.832572" level="INFO">Item Total (raw): Item total: $29.99</msg>
<arg>Item Total (raw): ${ItemTotal}</arg>
<doc>Logs the given message with the given level.</doc>
<status status="PASS" start="2025-03-25T12:52:58.832103" elapsed="0.000549"/>
</kw>
<kw name="Evaluate" owner="BuiltIn">
<msg time="2025-03-25T12:52:58.833356" level="INFO">${ItemTotal} = 29.99</msg>
<var>${ItemTotal}</var>
<arg>float('${ItemTotal}'.replace('Item total: $', '').replace(',', ''))</arg>
<doc>Evaluates the given expression in Python and returns the result.</doc>
<status status="PASS" start="2025-03-25T12:52:58.832829" elapsed="0.000566"/>
</kw>
<kw name="Log" owner="BuiltIn">
<msg time="2025-03-25T12:52:58.833844" level="INFO">Item Total (converted to float): 29.99</msg>
<arg>Item Total (converted to float): ${ItemTotal}</arg>
<doc>Logs the given message with the given level.</doc>
<status status="PASS" start="2025-03-25T12:52:58.833565" elapsed="0.000333"/>
</kw>
<kw name="Should Be Equal As Numbers" owner="BuiltIn">
<arg>${total_item_price}</arg>
<arg>${ItemTotal}</arg>
<doc>Fails if objects are unequal after converting them to real numbers.</doc>
<status status="PASS" start="2025-03-25T12:52:58.834047" elapsed="0.000531"/>
</kw>
<kw name="Get Text" owner="SeleniumLibrary">
<msg time="2025-03-25T12:52:58.853464" level="INFO">${Tax} = Tax: $2.40</msg>
<var>${Tax}</var>
<arg>xpath=//div[@class='summary_tax_label']</arg>
<doc>Returns the text value of the element identified by ``locator``.</doc>
<status status="PASS" start="2025-03-25T12:52:58.834776" elapsed="0.018753"/>
</kw>
<kw name="Log" owner="BuiltIn">
<msg time="2025-03-25T12:52:58.854182" level="INFO">Tax (raw): Tax: $2.40</msg>
<arg>Tax (raw): ${Tax}</arg>
<doc>Logs the given message with the given level.</doc>
<status status="PASS" start="2025-03-25T12:52:58.853738" elapsed="0.000533"/>
</kw>
<kw name="Evaluate" owner="BuiltIn">
<msg time="2025-03-25T12:52:58.855117" level="INFO">${Tax} = 2.4</msg>
<var>${Tax}</var>
<arg>float('${Tax}'.replace('Tax: $', '').replace(',', ''))</arg>
<doc>Evaluates the given expression in Python and returns the result.</doc>
<status status="PASS" start="2025-03-25T12:52:58.854537" elapsed="0.000626"/>
</kw>
<kw name="Log" owner="BuiltIn">
<msg time="2025-03-25T12:52:58.855711" level="INFO">Tax (converted to float): 2.4</msg>
<arg>Tax (converted to float): ${Tax}</arg>
<doc>Logs the given message with the given level.</doc>
<status status="PASS" start="2025-03-25T12:52:58.855362" elapsed="0.000427"/>
</kw>
<kw name="Evaluate" owner="BuiltIn">
<msg time="2025-03-25T12:52:58.856722" level="INFO">${calculated_tax} = 2.4</msg>
<var>${calculated_tax}</var>
<arg>round(${total_item_price} * 0.08, 2)</arg>
<doc>Evaluates the given expression in Python and returns the result.</doc>
<status status="PASS" start="2025-03-25T12:52:58.855978" elapsed="0.000845"/>
</kw>
<kw name="Should Be Equal As Numbers" owner="BuiltIn">
<arg>${calculated_tax}</arg>
<arg>${Tax}</arg>
<doc>Fails if objects are unequal after converting them to real numbers.</doc>
<status status="PASS" start="2025-03-25T12:52:58.857105" elapsed="0.000580"/>
</kw>
<kw name="Log" owner="BuiltIn">
<msg time="2025-03-25T12:52:58.858202" level="INFO">Calculated Tax: 2.4</msg>
<arg>Calculated Tax: ${calculated_tax}</arg>
<doc>Logs the given message with the given level.</doc>
<status status="PASS" start="2025-03-25T12:52:58.857895" elapsed="0.000394"/>
</kw>
<kw name="Evaluate" owner="BuiltIn">
<msg time="2025-03-25T12:52:58.859173" level="INFO">${Total} = 32.39</msg>
<var>${Total}</var>
<arg>round(${total_item_price} + ${Tax}, 2)</arg>
<doc>Evaluates the given expression in Python and returns the result.</doc>
<status status="PASS" start="2025-03-25T12:52:58.858506" elapsed="0.000741"/>
</kw>
<kw name="Log" owner="BuiltIn">
<msg time="2025-03-25T12:52:58.859992" level="INFO">Total: 32.39</msg>
<arg>Total: ${Total}</arg>
<doc>Logs the given message with the given level.</doc>
<status status="PASS" start="2025-03-25T12:52:58.859521" elapsed="0.000597"/>
</kw>
<kw name="Get Text" owner="SeleniumLibrary">
<msg time="2025-03-25T12:52:58.879210" level="INFO">${TotalSummary} = Total: $32.39</msg>
<var>${TotalSummary}</var>
<arg>xpath=//div[@class='summary_total_label']</arg>
<doc>Returns the text value of the element identified by ``locator``.</doc>
<status status="PASS" start="2025-03-25T12:52:58.860360" elapsed="0.018945"/>
</kw>
<kw name="Log" owner="BuiltIn">
<msg time="2025-03-25T12:52:58.880088" level="INFO">Total Summary (raw): Total: $32.39</msg>
<arg>Total Summary (raw): ${TotalSummary}</arg>
<doc>Logs the given message with the given level.</doc>
<status status="PASS" start="2025-03-25T12:52:58.879594" elapsed="0.000561"/>
</kw>
<kw name="Evaluate" owner="BuiltIn">
<msg time="2025-03-25T12:52:58.880954" level="INFO">${TotalSummary} = 32.39</msg>
<var>${TotalSummary}</var>
<arg>float('${TotalSummary}'.replace('Total: $', '').replace(',', ''))</arg>
<doc>Evaluates the given expression in Python and returns the result.</doc>
<status status="PASS" start="2025-03-25T12:52:58.880378" elapsed="0.000652"/>
</kw>
<kw name="Log" owner="BuiltIn">
<msg time="2025-03-25T12:52:58.881741" level="INFO">Total Summary (converted to float): 32.39</msg>
<arg>Total Summary (converted to float): ${TotalSummary}</arg>
<doc>Logs the given message with the given level.</doc>
<status status="PASS" start="2025-03-25T12:52:58.881254" elapsed="0.000590"/>
</kw>
<kw name="Should Be Equal As Numbers" owner="BuiltIn">
<arg>${Total}</arg>
<arg>${TotalSummary}</arg>
<doc>Fails if objects are unequal after converting them to real numbers.</doc>
<status status="PASS" start="2025-03-25T12:52:58.882103" elapsed="0.000435"/>
</kw>
<status status="PASS" start="2025-03-25T12:52:58.764651" elapsed="0.118001"/>
</kw>
<kw name="Close Browser" owner="SeleniumLibrary" type="TEARDOWN">
<doc>Closes the current browser.</doc>
<status status="PASS" start="2025-03-25T12:52:58.882871" elapsed="2.518987"/>
</kw>
<status status="PASS" start="2025-03-25T12:52:51.370518" elapsed="10.031528"/>
</test>
<test id="s1-s1-t3" name="Validate button cancel overview" line="27">
<kw name="Open Browser To Sauce Demo" owner="keywords">
<kw name="Open Browser" owner="SeleniumLibrary">
<msg time="2025-03-25T12:53:01.405053" level="INFO">Opening browser 'chrome' to base url 'https://www.saucedemo.com'.</msg>
<arg>${URL}</arg>
<arg>${BROWSER}</arg>
<doc>Opens a new browser instance to the optional ``url``.</doc>
<status status="PASS" start="2025-03-25T12:53:01.404409" elapsed="2.526315"/>
</kw>
<kw name="Maximize Browser Window" owner="SeleniumLibrary">
<doc>Maximizes current browser window.</doc>
<status status="PASS" start="2025-03-25T12:53:03.931084" elapsed="0.065358"/>
</kw>
<status status="PASS" start="2025-03-25T12:53:01.403710" elapsed="2.592933"/>
</kw>
<kw name="Fill the login Form" owner="keywords">
<kw name="Input Text" owner="SeleniumLibrary">
<msg time="2025-03-25T12:53:03.998648" level="INFO">Typing text 'standard_user' into text field 'id=user-name'.</msg>
<arg>id=user-name</arg>
<arg>${USERNAME}</arg>
<doc>Types the given ``text`` into the text field identified by ``locator``.</doc>
<status status="PASS" start="2025-03-25T12:53:03.997811" elapsed="0.226035"/>
</kw>
<kw name="Input Text" owner="SeleniumLibrary">
<msg time="2025-03-25T12:53:04.225023" level="INFO">Typing text 'secret_sauce' into text field 'id=password'.</msg>
<arg>id=password</arg>
<arg>${PASSWORD}</arg>
<doc>Types the given ``text`` into the text field identified by ``locator``.</doc>
<status status="PASS" start="2025-03-25T12:53:04.224237" elapsed="0.202470"/>
</kw>
<kw name="Click Button" owner="SeleniumLibrary">
<msg time="2025-03-25T12:53:04.427754" level="INFO">Clicking button 'id=login-button'.</msg>
<arg>id=login-button</arg>
<doc>Clicks the button identified by ``locator``.</doc>
<status status="PASS" start="2025-03-25T12:53:04.427214" elapsed="0.286669"/>
</kw>
<arg>${USERNAME}</arg>
<arg>${PASSWORD}</arg>
<status status="PASS" start="2025-03-25T12:53:03.996938" elapsed="0.717236"/>
</kw>
<kw name="Go to Chackout page" owner="keywords">
<kw name="Select Product to Cart" owner="keywords">
<kw name="Wait Until Element Is Visible" owner="SeleniumLibrary">
<arg>xpath=//div[contains(@class,'inventory_item_name') and normalize-space(text())='${product_name}']</arg>
<arg>timeout=5s</arg>
<doc>Waits until the element ``locator`` is visible.</doc>
<status status="PASS" start="2025-03-25T12:53:04.720938" elapsed="0.129116"/>
</kw>
<kw name="Click Button" owner="SeleniumLibrary">
<msg time="2025-03-25T12:53:04.851268" level="INFO">Clicking button 'xpath=//div[contains(@class,'inventory_item')][.//div[contains(@class,'inventory_item_name') and normalize-space(text())='Sauce Labs Backpack']]//button[contains(@data-test, 'add-to-cart')]'.</msg>
<arg>xpath=//div[contains(@class,'inventory_item')][.//div[contains(@class,'inventory_item_name') and normalize-space(text())='${product_name}']]//button[contains(@data-test, 'add-to-cart')]</arg>
<doc>Clicks the button identified by ``locator``.</doc>
<status status="PASS" start="2025-03-25T12:53:04.850430" elapsed="0.186767"/>
</kw>
<arg>Sauce Labs Backpack</arg>
<status status="PASS" start="2025-03-25T12:53:04.716318" elapsed="0.321198"/>
</kw>
<kw name="Click Element" owner="SeleniumLibrary">
<msg time="2025-03-25T12:53:05.038524" level="INFO">Clicking element 'css=.shopping_cart_link'.</msg>
<arg>css=.shopping_cart_link</arg>
<doc>Click the element identified by ``locator``.</doc>
<status status="PASS" start="2025-03-25T12:53:05.037875" elapsed="0.152851"/>
</kw>
<kw name="Wait Until Element Is Visible" owner="SeleniumLibrary">
<arg>xpath=//*[@id="checkout"]</arg>
<arg>timeout=10s</arg>
<doc>Waits until the element ``locator`` is visible.</doc>
<status status="PASS" start="2025-03-25T12:53:05.191087" elapsed="0.072393"/>
</kw>
<kw name="Execute Javascript" owner="SeleniumLibrary">
<msg time="2025-03-25T12:53:05.265062" level="INFO">Executing JavaScript:
document.querySelector('#checkout').click();
Without any arguments.</msg>
<arg>document.querySelector('#checkout').click();</arg>
<doc>Executes the given JavaScript code with possible arguments.</doc>
<status status="PASS" start="2025-03-25T12:53:05.263873" elapsed="0.049965"/>
</kw>
<status status="PASS" start="2025-03-25T12:53:04.714566" elapsed="0.599552"/>
</kw>
<kw name="Fill the checkout Form" owner="keywords">
<kw name="Input Text" owner="SeleniumLibrary">
<msg time="2025-03-25T12:53:05.316538" level="INFO">Typing text 'Test' into text field 'xpath=//input[@id='first-name']'.</msg>
<arg>xpath=//input[@id='first-name']</arg>
<arg>${first_name}</arg>
<doc>Types the given ``text`` into the text field identified by ``locator``.</doc>
<status status="PASS" start="2025-03-25T12:53:05.315567" elapsed="0.126707"/>
</kw>
<kw name="Input Text" owner="SeleniumLibrary">
<msg time="2025-03-25T12:53:05.443214" level="INFO">Typing text 'Test' into text field 'id=last-name'.</msg>
<arg>id=last-name</arg>
<arg>${last_name}</arg>
<doc>Types the given ``text`` into the text field identified by ``locator``.</doc>
<status status="PASS" start="2025-03-25T12:53:05.442592" elapsed="0.235119"/>
</kw>
<kw name="Input Text" owner="SeleniumLibrary">
<msg time="2025-03-25T12:53:05.678656" level="INFO">Typing text '12345' into text field 'id=postal-code'.</msg>
<arg>id=postal-code</arg>
<arg>${zip_code}</arg>
<doc>Types the given ``text`` into the text field identified by ``locator``.</doc>
<status status="PASS" start="2025-03-25T12:53:05.678024" elapsed="0.269140"/>
</kw>
<kw name="Click Button" owner="SeleniumLibrary">
<msg time="2025-03-25T12:53:05.948355" level="INFO">Clicking button 'id=continue'.</msg>
<arg>id=continue</arg>
<doc>Clicks the button identified by ``locator``.</doc>
<status status="PASS" start="2025-03-25T12:53:05.947625" elapsed="0.199323"/>
</kw>
<arg>${FIRST_NAME}</arg>
<arg>${LAST_NAME}</arg>
<arg>${ZIP_CODE}</arg>
<status status="PASS" start="2025-03-25T12:53:05.314507" elapsed="0.832668"/>
</kw>
<kw name="Click Element" owner="SeleniumLibrary">
<msg time="2025-03-25T12:53:06.148305" level="INFO">Clicking element 'id=cancel'.</msg>
<arg>id=cancel</arg>
<doc>Click the element identified by ``locator``.</doc>
<status status="PASS" start="2025-03-25T12:53:06.147463" elapsed="0.127037"/>
</kw>
<kw name="Page Should Contain Element" owner="SeleniumLibrary">
<msg time="2025-03-25T12:53:06.311426" level="INFO">Current page contains element 'xpath=//div[@id='inventory_container']//div//div[@id='inventory_container']'.</msg>
<arg>xpath=//div[@id='inventory_container']//div//div[@id='inventory_container']</arg>
<doc>Verifies that element ``locator`` is found on the current page.</doc>
<status status="PASS" start="2025-03-25T12:53:06.274968" elapsed="0.036627"/>
</kw>
<kw name="Close Browser" owner="SeleniumLibrary" type="TEARDOWN">
<doc>Closes the current browser.</doc>
<status status="PASS" start="2025-03-25T12:53:06.312080" elapsed="2.649751"/>
</kw>
<status status="PASS" start="2025-03-25T12:53:01.403025" elapsed="7.558979"/>
</test>
<test id="s1-s1-t4" name="Validate Chackout complete and go to homepage" line="36">
<kw name="Open Browser To Sauce Demo" owner="keywords">
<kw name="Open Browser" owner="SeleniumLibrary">
<msg time="2025-03-25T12:53:08.964690" level="INFO">Opening browser 'chrome' to base url 'https://www.saucedemo.com'.</msg>
<arg>${URL}</arg>
<arg>${BROWSER}</arg>
<doc>Opens a new browser instance to the optional ``url``.</doc>
<status status="PASS" start="2025-03-25T12:53:08.964037" elapsed="1.739716"/>
</kw>
<kw name="Maximize Browser Window" owner="SeleniumLibrary">
<doc>Maximizes current browser window.</doc>
<status status="PASS" start="2025-03-25T12:53:10.704291" elapsed="1.363481"/>
</kw>
<status status="PASS" start="2025-03-25T12:53:08.963188" elapsed="3.104984"/>
</kw>
<kw name="Fill the login Form" owner="keywords">
<kw name="Input Text" owner="SeleniumLibrary">
<msg time="2025-03-25T12:53:12.071530" level="INFO">Typing text 'standard_user' into text field 'id=user-name'.</msg>
<arg>id=user-name</arg>
<arg>${USERNAME}</arg>
<doc>Types the given ``text`` into the text field identified by ``locator``.</doc>
<status status="PASS" start="2025-03-25T12:53:12.070105" elapsed="0.530163"/>
</kw>
<kw name="Input Text" owner="SeleniumLibrary">
<msg time="2025-03-25T12:53:12.601311" level="INFO">Typing text 'secret_sauce' into text field 'id=password'.</msg>
<arg>id=password</arg>
<arg>${PASSWORD}</arg>
<doc>Types the given ``text`` into the text field identified by ``locator``.</doc>
<status status="PASS" start="2025-03-25T12:53:12.600679" elapsed="0.312525"/>
</kw>
<kw name="Click Button" owner="SeleniumLibrary">
<msg time="2025-03-25T12:53:12.914555" level="INFO">Clicking button 'id=login-button'.</msg>
<arg>id=login-button</arg>
<doc>Clicks the button identified by ``locator``.</doc>
<status status="PASS" start="2025-03-25T12:53:12.913711" elapsed="0.257661"/>
</kw>
<arg>${USERNAME}</arg>
<arg>${PASSWORD}</arg>
<status status="PASS" start="2025-03-25T12:53:12.068906" elapsed="1.102713"/>
</kw>
<kw name="Go to Chackout page" owner="keywords">
<kw name="Select Product to Cart" owner="keywords">
<kw name="Wait Until Element Is Visible" owner="SeleniumLibrary">
<arg>xpath=//div[contains(@class,'inventory_item_name') and normalize-space(text())='${product_name}']</arg>
<arg>timeout=5s</arg>
<doc>Waits until the element ``locator`` is visible.</doc>
<status status="PASS" start="2025-03-25T12:53:13.174042" elapsed="0.038235"/>
</kw>
<kw name="Click Button" owner="SeleniumLibrary">
<msg time="2025-03-25T12:53:13.213921" level="INFO">Clicking button 'xpath=//div[contains(@class,'inventory_item')][.//div[contains(@class,'inventory_item_name') and normalize-space(text())='Sauce Labs Backpack']]//button[contains(@data-test, 'add-to-cart')]'.</msg>
<arg>xpath=//div[contains(@class,'inventory_item')][.//div[contains(@class,'inventory_item_name') and normalize-space(text())='${product_name}']]//button[contains(@data-test, 'add-to-cart')]</arg>
<doc>Clicks the button identified by ``locator``.</doc>
<status status="PASS" start="2025-03-25T12:53:13.212746" elapsed="0.148704"/>
</kw>
<arg>Sauce Labs Backpack</arg>
<status status="PASS" start="2025-03-25T12:53:13.173056" elapsed="0.188669"/>
</kw>
<kw name="Click Element" owner="SeleniumLibrary">
<msg time="2025-03-25T12:53:13.362699" level="INFO">Clicking element 'css=.shopping_cart_link'.</msg>
<arg>css=.shopping_cart_link</arg>
<doc>Click the element identified by ``locator``.</doc>
<status status="PASS" start="2025-03-25T12:53:13.361980" elapsed="0.099110"/>
</kw>
<kw name="Wait Until Element Is Visible" owner="SeleniumLibrary">
<arg>xpath=//*[@id="checkout"]</arg>
<arg>timeout=10s</arg>
<doc>Waits until the element ``locator`` is visible.</doc>
<status status="PASS" start="2025-03-25T12:53:13.461393" elapsed="0.022187"/>
</kw>
<kw name="Execute Javascript" owner="SeleniumLibrary">
<msg time="2025-03-25T12:53:13.484523" level="INFO">Executing JavaScript:
document.querySelector('#checkout').click();
Without any arguments.</msg>
<arg>document.querySelector('#checkout').click();</arg>
<doc>Executes the given JavaScript code with possible arguments.</doc>
<status status="PASS" start="2025-03-25T12:53:13.483814" elapsed="0.014681"/>
</kw>
<status status="PASS" start="2025-03-25T12:53:13.171977" elapsed="0.326734"/>
</kw>
<kw name="Fill the checkout Form" owner="keywords">
<kw name="Input Text" owner="SeleniumLibrary">
<msg time="2025-03-25T12:53:13.500787" level="INFO">Typing text 'Test' into text field 'xpath=//input[@id='first-name']'.</msg>
<arg>xpath=//input[@id='first-name']</arg>
<arg>${first_name}</arg>
<doc>Types the given ``text`` into the text field identified by ``locator``.</doc>
<status status="PASS" start="2025-03-25T12:53:13.499960" elapsed="0.081071"/>
</kw>
<kw name="Input Text" owner="SeleniumLibrary">
<msg time="2025-03-25T12:53:13.581966" level="INFO">Typing text 'Test' into text field 'id=last-name'.</msg>
<arg>id=last-name</arg>
<arg>${last_name}</arg>
<doc>Types the given ``text`` into the text field identified by ``locator``.</doc>
<status status="PASS" start="2025-03-25T12:53:13.581318" elapsed="0.087669"/>
</kw>
<kw name="Input Text" owner="SeleniumLibrary">
<msg time="2025-03-25T12:53:13.669721" level="INFO">Typing text '12345' into text field 'id=postal-code'.</msg>
<arg>id=postal-code</arg>
<arg>${zip_code}</arg>
<doc>Types the given ``text`` into the text field identified by ``locator``.</doc>
<status status="PASS" start="2025-03-25T12:53:13.669218" elapsed="0.081748"/>
</kw>
<kw name="Click Button" owner="SeleniumLibrary">
<msg time="2025-03-25T12:53:13.751879" level="INFO">Clicking button 'id=continue'.</msg>
<arg>id=continue</arg>
<doc>Clicks the button identified by ``locator``.</doc>
<status status="PASS" start="2025-03-25T12:53:13.751246" elapsed="0.070325"/>
</kw>
<arg>${FIRST_NAME}</arg>
<arg>${LAST_NAME}</arg>
<arg>${ZIP_CODE}</arg>
<status status="PASS" start="2025-03-25T12:53:13.498981" elapsed="0.322737"/>
</kw>
<kw name="Click Element" owner="SeleniumLibrary">
<msg time="2025-03-25T12:53:13.822295" level="INFO">Clicking element 'xpath=//button[@id='finish']'.</msg>
<arg>xpath=//button[@id='finish']</arg>
<doc>Click the element identified by ``locator``.</doc>
<status status="PASS" start="2025-03-25T12:53:13.821888" elapsed="0.062631"/>
</kw>
<kw name="Page Should Contain Element" owner="SeleniumLibrary">
<msg time="2025-03-25T12:53:13.895219" level="INFO">Current page contains element 'xpath=//h2[normalize-space()='Thank you for your order!']'.</msg>
<arg>xpath=//h2[normalize-space()='Thank you for your order!']</arg>
<doc>Verifies that element ``locator`` is found on the current page.</doc>
<status status="PASS" start="2025-03-25T12:53:13.884767" elapsed="0.010598"/>
</kw>
<kw name="Click Element" owner="SeleniumLibrary">
<msg time="2025-03-25T12:53:13.896284" level="INFO">Clicking element 'xpath=//button[normalize-space()='Back Home']'.</msg>
<arg>xpath=//button[normalize-space()='Back Home']</arg>
<doc>Click the element identified by ``locator``.</doc>
<status status="PASS" start="2025-03-25T12:53:13.895609" elapsed="0.101227"/>
</kw>
<kw name="Page Should Contain Element" owner="SeleniumLibrary">
<msg time="2025-03-25T12:53:14.021627" level="INFO">Current page contains element 'xpath=//div[@id='inventory_container']'.</msg>
<arg>xpath=//div[@id='inventory_container']</arg>
<doc>Verifies that element ``locator`` is found on the current page.</doc>
<status status="PASS" start="2025-03-25T12:53:13.997141" elapsed="0.024652"/>
</kw>
<kw name="Close Browser" owner="SeleniumLibrary" type="TEARDOWN">
<doc>Closes the current browser.</doc>
<status status="PASS" start="2025-03-25T12:53:14.022175" elapsed="2.343445"/>
</kw>
<status status="PASS" start="2025-03-25T12:53:08.962482" elapsed="7.403303"/>
</test>
<status status="PASS" start="2025-03-25T12:52:41.316000" elapsed="34.530000"/>
</suite>
<suite id="s1-s2" name="Inventory" source="C:\Users\Nutta\Desktop\Learn Robot freamwork\SwagLab\test\inventory.robot">
<test id="s1-s2-t1" name="Check login to page Products" line="10">
<kw name="Open Browser To Sauce Demo" owner="keywords">
<kw name="Open Browser" owner="SeleniumLibrary">
<msg time="2025-03-25T12:52:41.849163" level="INFO">Opening browser 'chrome' to base url 'https://www.saucedemo.com'.</msg>
<arg>${URL}</arg>
<arg>${BROWSER}</arg>
<doc>Opens a new browser instance to the optional ``url``.</doc>
<status status="PASS" start="2025-03-25T12:52:41.848359" elapsed="5.118905"/>
</kw>
<kw name="Maximize Browser Window" owner="SeleniumLibrary">
<doc>Maximizes current browser window.</doc>
<status status="PASS" start="2025-03-25T12:52:46.967850" elapsed="0.168428"/>
</kw>
<status status="PASS" start="2025-03-25T12:52:41.846592" elapsed="5.290040"/>
</kw>
<kw name="Fill the login Form" owner="keywords">
<kw name="Input Text" owner="SeleniumLibrary">
<msg time="2025-03-25T12:52:47.139699" level="INFO">Typing text 'standard_user' into text field 'id=user-name'.</msg>
<arg>id=user-name</arg>
<arg>${USERNAME}</arg>
<doc>Types the given ``text`` into the text field identified by ``locator``.</doc>
<status status="PASS" start="2025-03-25T12:52:47.138443" elapsed="0.661379"/>
</kw>
<kw name="Input Text" owner="SeleniumLibrary">
<msg time="2025-03-25T12:52:47.801315" level="INFO">Typing text 'secret_sauce' into text field 'id=password'.</msg>
<arg>id=password</arg>
<arg>${PASSWORD}</arg>
<doc>Types the given ``text`` into the text field identified by ``locator``.</doc>
<status status="PASS" start="2025-03-25T12:52:47.800276" elapsed="0.223771"/>
</kw>
<kw name="Click Button" owner="SeleniumLibrary">
<msg time="2025-03-25T12:52:48.025302" level="INFO">Clicking button 'id=login-button'.</msg>
<arg>id=login-button</arg>
<doc>Clicks the button identified by ``locator``.</doc>
<status status="PASS" start="2025-03-25T12:52:48.024458" elapsed="0.262163"/>
</kw>
<arg>${USERNAME}</arg>
<arg>${PASSWORD}</arg>
<status status="PASS" start="2025-03-25T12:52:47.137118" elapsed="1.149825"/>
</kw>
<kw name="Close Browser" owner="SeleniumLibrary" type="TEARDOWN">
<doc>Closes the current browser.</doc>
<status status="PASS" start="2025-03-25T12:52:48.287460" elapsed="2.849076"/>
</kw>
<status status="PASS" start="2025-03-25T12:52:41.845638" elapsed="9.291091"/>
</test>
<test id="s1-s2-t2" name="Validate Cards display in the Shopping Page" line="15">
<kw name="Open Browser To Sauce Demo" owner="keywords">
<kw name="Open Browser" owner="SeleniumLibrary">
<msg time="2025-03-25T12:52:51.138849" level="INFO">Opening browser 'chrome' to base url 'https://www.saucedemo.com'.</msg>
<arg>${URL}</arg>
<arg>${BROWSER}</arg>
<doc>Opens a new browser instance to the optional ``url``.</doc>
<status status="PASS" start="2025-03-25T12:52:51.138580" elapsed="2.997836"/>
</kw>
<kw name="Maximize Browser Window" owner="SeleniumLibrary">
<doc>Maximizes current browser window.</doc>
<status status="PASS" start="2025-03-25T12:52:54.136953" elapsed="0.196433"/>
</kw>
<status status="PASS" start="2025-03-25T12:52:51.138163" elapsed="3.195535"/>
</kw>
<kw name="Fill the login Form" owner="keywords">
<kw name="Input Text" owner="SeleniumLibrary">
<msg time="2025-03-25T12:52:54.336270" level="INFO">Typing text 'standard_user' into text field 'id=user-name'.</msg>
<arg>id=user-name</arg>
<arg>${USERNAME}</arg>
<doc>Types the given ``text`` into the text field identified by ``locator``.</doc>
<status status="PASS" start="2025-03-25T12:52:54.335260" elapsed="0.367635"/>
</kw>
<kw name="Input Text" owner="SeleniumLibrary">
<msg time="2025-03-25T12:52:54.704082" level="INFO">Typing text 'secret_sauce' into text field 'id=password'.</msg>
<arg>id=password</arg>
<arg>${PASSWORD}</arg>
<doc>Types the given ``text`` into the text field identified by ``locator``.</doc>
<status status="PASS" start="2025-03-25T12:52:54.703297" elapsed="0.226098"/>
</kw>
<kw name="Click Button" owner="SeleniumLibrary">
<msg time="2025-03-25T12:52:54.930564" level="INFO">Clicking button 'id=login-button'.</msg>
<arg>id=login-button</arg>
<doc>Clicks the button identified by ``locator``.</doc>
<status status="PASS" start="2025-03-25T12:52:54.929822" elapsed="0.396961"/>
</kw>
<arg>${USERNAME}</arg>
<arg>${PASSWORD}</arg>
<status status="PASS" start="2025-03-25T12:52:54.334051" elapsed="0.993036"/>
</kw>
<kw name="Wait Until Element Is Visible" owner="SeleniumLibrary">
<arg>id=inventory_container</arg>
<arg>timeout=10s</arg>
<doc>Waits until the element ``locator`` is visible.</doc>
<status status="PASS" start="2025-03-25T12:52:55.327395" elapsed="0.241154"/>
</kw>
<kw name="Verify Card titles in the Shop page" owner="keywords">
<kw name="Create List" owner="BuiltIn">
<msg time="2025-03-25T12:52:55.571012" level="INFO">@{expectedList} = [ Sauce Labs Bike Light | Sauce Labs Bolt T-Shirt | Sauce Labs Fleece Jacket | Sauce Labs Onesie | Test.allTheThings() T-Shirt (Red) ]</msg>
<var>@{expectedList}</var>
<arg>Sauce Labs Bike Light</arg>
<arg>Sauce Labs Bolt T-Shirt</arg>
<arg>Sauce Labs Fleece Jacket</arg>
<arg>Sauce Labs Onesie</arg>
<arg>Test.allTheThings() T-Shirt (Red)</arg>
<doc>Returns a list containing given items.</doc>
<status status="PASS" start="2025-03-25T12:52:55.570288" elapsed="0.000814"/>
</kw>
<kw name="Get WebElements" owner="SeleniumLibrary">
<msg time="2025-03-25T12:52:55.610938" level="INFO">${elements} = [&lt;selenium.webdriver.remote.webelement.WebElement (session="afb73776a635a500a548373f64e71c62", element="f.86EF11FE08C26AB8B65098220B129043.d.37B7B561BC931705D3CDAF21CBF89F57.e.40")&gt;, &lt;selenium.webdriv...</msg>
<var>${elements}</var>
<arg>xpath= (//div[@class='inventory_item'])</arg>
<doc>Returns a list of WebElement objects matching the ``locator``.</doc>
<status status="PASS" start="2025-03-25T12:52:55.571552" elapsed="0.039507"/>
</kw>
<kw name="Create List" owner="BuiltIn">
<msg time="2025-03-25T12:52:55.612581" level="INFO">@{actualList} = [ ]</msg>
<var>@{actualList}</var>
<doc>Returns a list containing given items.</doc>
<status status="PASS" start="2025-03-25T12:52:55.611429" elapsed="0.001261"/>
</kw>
<for flavor="IN">
<iter>
<kw name="Log" owner="BuiltIn">
<msg time="2025-03-25T12:52:55.682335" level="INFO">Sauce Labs Backpack
carry.allTheThings() with the sleek, streamlined Sly Pack that melds uncompromising style with unequaled laptop and tablet protection.
$29.99
Add to cart</msg>
<arg>${element.text}</arg>
<doc>Logs the given message with the given level.</doc>
<status status="PASS" start="2025-03-25T12:52:55.614121" elapsed="0.068405"/>
</kw>
<kw name="Append To List" owner="Collections">
<arg>${actualList}</arg>
<arg>${element.text}</arg>
<doc>Adds ``values`` to the end of ``list``.</doc>
<status status="PASS" start="2025-03-25T12:52:55.682882" elapsed="0.042228"/>
</kw>
<var name="${element}">&lt;selenium.webdriver.remote.webelement.WebElement (session="afb73776a635a500a548373f64e71c62", element="f.86EF11FE08C26AB8B65098220B129043.d.37B7B561BC931705D3CDAF21CBF89F57.e.40")&gt;</var>
<status status="PASS" start="2025-03-25T12:52:55.613605" elapsed="0.111682"/>
</iter>
<iter>
<kw name="Log" owner="BuiltIn">
<msg time="2025-03-25T12:52:55.767428" level="INFO">Sauce Labs Bike Light
A red light isn't the desired state in testing but it sure helps when riding your bike at night. Water-resistant with 3 lighting modes, 1 AAA battery included.
$9.99
Add to cart</msg>
<arg>${element.text}</arg>
<doc>Logs the given message with the given level.</doc>
<status status="PASS" start="2025-03-25T12:52:55.726036" elapsed="0.041572"/>
</kw>
<kw name="Append To List" owner="Collections">
<arg>${actualList}</arg>
<arg>${element.text}</arg>
<doc>Adds ``values`` to the end of ``list``.</doc>
<status status="PASS" start="2025-03-25T12:52:55.767962" elapsed="0.025166"/>
</kw>
<var name="${element}">&lt;selenium.webdriver.remote.webelement.WebElement (session="afb73776a635a500a548373f64e71c62", element="f.86EF11FE08C26AB8B65098220B129043.d.37B7B561BC931705D3CDAF21CBF89F57.e.41")&gt;</var>
<status status="PASS" start="2025-03-25T12:52:55.725597" elapsed="0.068242"/>
</iter>
<iter>
<kw name="Log" owner="BuiltIn">
<msg time="2025-03-25T12:52:55.905246" level="INFO">Sauce Labs Bolt T-Shirt
Get your testing superhero on with the Sauce Labs bolt T-shirt. From American Apparel, 100% ringspun combed cotton, heather gray with red bolt.
$15.99
Add to cart</msg>
<arg>${element.text}</arg>
<doc>Logs the given message with the given level.</doc>
<status status="PASS" start="2025-03-25T12:52:55.795021" elapsed="0.110371"/>
</kw>
<kw name="Append To List" owner="Collections">
<arg>${actualList}</arg>
<arg>${element.text}</arg>
<doc>Adds ``values`` to the end of ``list``.</doc>
<status status="PASS" start="2025-03-25T12:52:55.905742" elapsed="0.055168"/>
</kw>
<var name="${element}">&lt;selenium.webdriver.remote.webelement.WebElement (session="afb73776a635a500a548373f64e71c62", element="f.86EF11FE08C26AB8B65098220B129043.d.37B7B561BC931705D3CDAF21CBF89F57.e.42")&gt;</var>
<status status="PASS" start="2025-03-25T12:52:55.794370" elapsed="0.166741"/>
</iter>
<iter>
<kw name="Log" owner="BuiltIn">
<msg time="2025-03-25T12:52:55.999828" level="INFO">Sauce Labs Fleece Jacket
It's not every day that you come across a midweight quarter-zip fleece jacket capable of handling everything from a relaxing day outdoors to a busy day at the office.
$49.99
Add to cart</msg>
<arg>${element.text}</arg>
<doc>Logs the given message with the given level.</doc>
<status status="PASS" start="2025-03-25T12:52:55.961911" elapsed="0.038083"/>
</kw>
<kw name="Append To List" owner="Collections">
<arg>${actualList}</arg>
<arg>${element.text}</arg>
<doc>Adds ``values`` to the end of ``list``.</doc>
<status status="PASS" start="2025-03-25T12:52:56.000389" elapsed="0.049090"/>
</kw>
<var name="${element}">&lt;selenium.webdriver.remote.webelement.WebElement (session="afb73776a635a500a548373f64e71c62", element="f.86EF11FE08C26AB8B65098220B129043.d.37B7B561BC931705D3CDAF21CBF89F57.e.43")&gt;</var>
<status status="PASS" start="2025-03-25T12:52:55.961447" elapsed="0.088227"/>
</iter>
<iter>
<kw name="Log" owner="BuiltIn">
<msg time="2025-03-25T12:52:56.096704" level="INFO">Sauce Labs Onesie
Rib snap infant onesie for the junior automation engineer in development. Reinforced 3-snap bottom closure, two-needle hemmed sleeved and bottom won't unravel.
$7.99
Add to cart</msg>
<arg>${element.text}</arg>
<doc>Logs the given message with the given level.</doc>
<status status="PASS" start="2025-03-25T12:52:56.050468" elapsed="0.046434"/>
</kw>
<kw name="Append To List" owner="Collections">
<arg>${actualList}</arg>
<arg>${element.text}</arg>
<doc>Adds ``values`` to the end of ``list``.</doc>
<status status="PASS" start="2025-03-25T12:52:56.097393" elapsed="0.089973"/>
</kw>
<var name="${element}">&lt;selenium.webdriver.remote.webelement.WebElement (session="afb73776a635a500a548373f64e71c62", element="f.86EF11FE08C26AB8B65098220B129043.d.37B7B561BC931705D3CDAF21CBF89F57.e.44")&gt;</var>
<status status="PASS" start="2025-03-25T12:52:56.049944" elapsed="0.137754"/>
</iter>
<iter>
<kw name="Log" owner="BuiltIn">
<msg time="2025-03-25T12:52:56.234444" level="INFO">Test.allTheThings() T-Shirt (Red)
This classic Sauce Labs t-shirt is perfect to wear when cozying up to your keyboard to automate a few tests. Super-soft and comfy ringspun combed cotton.
$15.99
Add to cart</msg>
<arg>${element.text}</arg>
<doc>Logs the given message with the given level.</doc>
<status status="PASS" start="2025-03-25T12:52:56.188894" elapsed="0.045701"/>
</kw>
<kw name="Append To List" owner="Collections">
<arg>${actualList}</arg>
<arg>${element.text}</arg>
<doc>Adds ``values`` to the end of ``list``.</doc>
<status status="PASS" start="2025-03-25T12:52:56.234945" elapsed="0.042914"/>
</kw>
<var name="${element}">&lt;selenium.webdriver.remote.webelement.WebElement (session="afb73776a635a500a548373f64e71c62", element="f.86EF11FE08C26AB8B65098220B129043.d.37B7B561BC931705D3CDAF21CBF89F57.e.45")&gt;</var>
<status status="PASS" start="2025-03-25T12:52:56.188100" elapsed="0.089958"/>
</iter>
<var>${element}</var>
<value>@{elements}</value>
<status status="PASS" start="2025-03-25T12:52:55.612989" elapsed="0.665196"/>
</for>
<status status="PASS" start="2025-03-25T12:52:55.569222" elapsed="0.709196"/>
</kw>
<kw name="Close Browser" owner="SeleniumLibrary" type="TEARDOWN">
<doc>Closes the current browser.</doc>
<status status="PASS" start="2025-03-25T12:52:56.278923" elapsed="3.168772"/>
</kw>
<status status="PASS" start="2025-03-25T12:52:51.137377" elapsed="8.310454"/>
</test>
<test id="s1-s2-t3" name="Validate SortProduct Dropdown" line="22">
<kw name="Open Browser To Sauce Demo" owner="keywords">
<kw name="Open Browser" owner="SeleniumLibrary">
<msg time="2025-03-25T12:52:59.449847" level="INFO">Opening browser 'chrome' to base url 'https://www.saucedemo.com'.</msg>
<arg>${URL}</arg>
<arg>${BROWSER}</arg>
<doc>Opens a new browser instance to the optional ``url``.</doc>
<status status="PASS" start="2025-03-25T12:52:59.449375" elapsed="2.582581"/>
</kw>
<kw name="Maximize Browser Window" owner="SeleniumLibrary">
<doc>Maximizes current browser window.</doc>
<status status="PASS" start="2025-03-25T12:53:02.032240" elapsed="0.038026"/>
</kw>
<status status="PASS" start="2025-03-25T12:52:59.448940" elapsed="2.621583"/>
</kw>
<kw name="Fill the login Form" owner="keywords">
<kw name="Input Text" owner="SeleniumLibrary">
<msg time="2025-03-25T12:53:02.072751" level="INFO">Typing text 'standard_user' into text field 'id=user-name'.</msg>
<arg>id=user-name</arg>
<arg>${USERNAME}</arg>
<doc>Types the given ``text`` into the text field identified by ``locator``.</doc>
<status status="PASS" start="2025-03-25T12:53:02.071798" elapsed="0.155777"/>
</kw>
<kw name="Input Text" owner="SeleniumLibrary">
<msg time="2025-03-25T12:53:02.228428" level="INFO">Typing text 'secret_sauce' into text field 'id=password'.</msg>
<arg>id=password</arg>
<arg>${PASSWORD}</arg>
<doc>Types the given ``text`` into the text field identified by ``locator``.</doc>
<status status="PASS" start="2025-03-25T12:53:02.227903" elapsed="0.101746"/>
</kw>
<kw name="Click Button" owner="SeleniumLibrary">
<msg time="2025-03-25T12:53:02.330451" level="INFO">Clicking button 'id=login-button'.</msg>
<arg>id=login-button</arg>
<doc>Clicks the button identified by ``locator``.</doc>
<status status="PASS" start="2025-03-25T12:53:02.329975" elapsed="0.111257"/>
</kw>
<arg>${USERNAME}</arg>
<arg>${PASSWORD}</arg>
<status status="PASS" start="2025-03-25T12:53:02.070875" elapsed="0.370532"/>
</kw>
<kw name="Click Element" owner="SeleniumLibrary">
<msg time="2025-03-25T12:53:02.442108" level="INFO">Clicking element 'css:.product_sort_container'.</msg>
<arg>css:.product_sort_container</arg>
<doc>Click the element identified by ``locator``.</doc>
<status status="PASS" start="2025-03-25T12:53:02.441614" elapsed="0.106887"/>
</kw>
<kw name="Test SortProduct Option" owner="keywords">
<kw name="Log" owner="BuiltIn">
<msg time="2025-03-25T12:53:02.550326" level="INFO">กำลังเลือกตัวเลือก: Price (high to low)</msg>
<arg>กำลังเลือกตัวเลือก: ${expectedOption}</arg>
<doc>Logs the given message with the given level.</doc>
<status status="PASS" start="2025-03-25T12:53:02.549649" elapsed="0.000876"/>
</kw>
<kw name="Select From List By Label" owner="SeleniumLibrary">
<msg time="2025-03-25T12:53:02.551513" level="INFO">Selecting options from selection list 'css=.product_sort_container' by label Price (high to low).</msg>
<arg>css=.product_sort_container</arg>
<arg>${expectedOption}</arg>
<doc>Selects options from selection list ``locator`` by ``labels``.</doc>
<status status="PASS" start="2025-03-25T12:53:02.550895" elapsed="0.199832"/>
</kw>
<kw name="Get Selected List Label" owner="SeleniumLibrary">
<msg time="2025-03-25T12:53:03.014756" level="INFO">${selectedOption} = Price (high to low)</msg>
<var>${selectedOption}</var>
<arg>css=.product_sort_container</arg>
<doc>Returns the label of selected option from selection list ``locator``.</doc>
<status status="PASS" start="2025-03-25T12:53:02.751131" elapsed="0.263733"/>
</kw>
<kw name="Should Be Equal As Strings" owner="BuiltIn">
<arg>${selectedOption}</arg>
<arg>${expectedOption}</arg>
<doc>Fails if objects are unequal after converting them to strings.</doc>
<status status="PASS" start="2025-03-25T12:53:03.015242" elapsed="0.000857"/>
</kw>
<kw name="Log" owner="BuiltIn">
<msg time="2025-03-25T12:53:03.017134" level="INFO">เลือกตัวเลือกสำเร็จ: Price (high to low)</msg>
<arg>เลือกตัวเลือกสำเร็จ: ${selectedOption}</arg>
<doc>Logs the given message with the given level.</doc>
<status status="PASS" start="2025-03-25T12:53:03.016496" elapsed="0.001506"/>
</kw>
<kw name="Run Keyword If" owner="BuiltIn">
<arg>'${expectedOption}' == 'Price (low to high)'</arg>
<arg>Validate Price Sorting</arg>
<arg>asc</arg>
<doc>Runs the given keyword with the given arguments, if ``condition`` is true.</doc>
<status status="PASS" start="2025-03-25T12:53:03.018616" elapsed="0.001010"/>
</kw>
<kw name="Run Keyword If" owner="BuiltIn">
<kw name="Validate Price Sorting" owner="keywords">
<kw name="Get WebElements" owner="SeleniumLibrary">
<msg time="2025-03-25T12:53:03.080225" level="INFO">@{price_elements} = [ &lt;selenium.webdriver.remote.webelement.WebElement (session="e3652b11b845eb1c5d6f4bff9e455aa6", element="f.D739515E8C34575EBAE82A99BB68042E.d.32D2F2B8AD1D3459CBEC4A9EA4E8DFEA.e.56")&gt; | &lt;selenium.webdr...</msg>
<var>@{price_elements}</var>
<arg>css=.inventory_item_price</arg>
<doc>Returns a list of WebElement objects matching the ``locator``.</doc>
<status status="PASS" start="2025-03-25T12:53:03.023262" elapsed="0.057084"/>
</kw>
<kw name="Create List" owner="BuiltIn">
<msg time="2025-03-25T12:53:03.081913" level="INFO">@{actual_prices} = [ ]</msg>
<var>@{actual_prices}</var>
<doc>Returns a list containing given items.</doc>
<status status="PASS" start="2025-03-25T12:53:03.080849" elapsed="0.001175"/>
</kw>
<kw name="Log" owner="BuiltIn">
<msg time="2025-03-25T12:53:03.083272" level="INFO">กำลังตรวจสอบการเรียงลำดับตามราคา (desc)</msg>
<arg>กำลังตรวจสอบการเรียงลำดับตามราคา (${order})</arg>
<doc>Logs the given message with the given level.</doc>
<status status="PASS" start="2025-03-25T12:53:03.082397" elapsed="0.001149"/>
</kw>
<for flavor="IN ENUMERATE">
<iter>
<kw name="Get Text" owner="SeleniumLibrary">
<msg time="2025-03-25T12:53:03.120432" level="INFO">${price_text} = $49.99</msg>
<var>${price_text}</var>
<arg>${element}</arg>
<doc>Returns the text value of the element identified by ``locator``.</doc>
<status status="PASS" start="2025-03-25T12:53:03.088467" elapsed="0.032099"/>
</kw>
<kw name="Set Variable" owner="BuiltIn">
<msg time="2025-03-25T12:53:03.122751" level="INFO">${price} = 49.99</msg>
<var>${price}</var>
<arg>${price_text.replace('$', '')}</arg>
<doc>Returns the given values which can then be assigned to a variables.</doc>
<status status="PASS" start="2025-03-25T12:53:03.121070" elapsed="0.001785"/>
</kw>
<kw name="Convert To Number" owner="BuiltIn">
<msg time="2025-03-25T12:53:03.124265" level="INFO">${price} = 49.99</msg>
<var>${price}</var>
<arg>${price}</arg>
<doc>Converts the given item to a floating point number.</doc>
<status status="PASS" start="2025-03-25T12:53:03.123281" elapsed="0.001152"/>
</kw>
<kw name="Append To List" owner="Collections">
<arg>${actual_prices}</arg>
<arg>${price}</arg>
<doc>Adds ``values`` to the end of ``list``.</doc>
<status status="PASS" start="2025-03-25T12:53:03.124839" elapsed="0.000828"/>
</kw>
<kw name="Log" owner="BuiltIn">
<msg time="2025-03-25T12:53:03.128062" level="INFO">สินค้าลำดับที่ 1: $49.99 -&gt; 49.99</msg>
<arg>สินค้าลำดับที่ ${index+1}: ${price_text} -&gt; ${price}</arg>
<doc>Logs the given message with the given level.</doc>
<status status="PASS" start="2025-03-25T12:53:03.126181" elapsed="0.002046"/>
</kw>
<var name="${index}">0</var>
<var name="${element}">&lt;selenium.webdriver.remote.webelement.WebElement (session="e3652b11b845eb1c5d6f4bff9e455aa6", element="f.D739515E8C34575EBAE82A99BB68042E.d.32D2F2B8AD1D3459CBEC4A9EA4E8DFEA.e.56")&gt;</var>
<status status="PASS" start="2025-03-25T12:53:03.085162" elapsed="0.043192"/>
</iter>
<iter>
<kw name="Get Text" owner="SeleniumLibrary">
<msg time="2025-03-25T12:53:03.179313" level="INFO">${price_text} = $29.99</msg>
<var>${price_text}</var>
<arg>${element}</arg>
<doc>Returns the text value of the element identified by ``locator``.</doc>
<status status="PASS" start="2025-03-25T12:53:03.129845" elapsed="0.049643"/>
</kw>
<kw name="Set Variable" owner="BuiltIn">
<msg time="2025-03-25T12:53:03.182294" level="INFO">${price} = 29.99</msg>
<var>${price}</var>
<arg>${price_text.replace('$', '')}</arg>
<doc>Returns the given values which can then be assigned to a variables.</doc>
<status status="PASS" start="2025-03-25T12:53:03.179971" elapsed="0.002444"/>
</kw>
<kw name="Convert To Number" owner="BuiltIn">
<msg time="2025-03-25T12:53:03.188294" level="INFO">${price} = 29.99</msg>
<var>${price}</var>
<arg>${price}</arg>
<doc>Converts the given item to a floating point number.</doc>
<status status="PASS" start="2025-03-25T12:53:03.183038" elapsed="0.013300"/>
</kw>
<kw name="Append To List" owner="Collections">
<arg>${actual_prices}</arg>
<arg>${price}</arg>
<doc>Adds ``values`` to the end of ``list``.</doc>
<status status="PASS" start="2025-03-25T12:53:03.197045" elapsed="0.001863"/>
</kw>
<kw name="Log" owner="BuiltIn">
<msg time="2025-03-25T12:53:03.204658" level="INFO">สินค้าลำดับที่ 2: $29.99 -&gt; 29.99</msg>
<arg>สินค้าลำดับที่ ${index+1}: ${price_text} -&gt; ${price}</arg>
<doc>Logs the given message with the given level.</doc>
<status status="PASS" start="2025-03-25T12:53:03.202085" elapsed="0.003046"/>
</kw>
<var name="${index}">1</var>
<var name="${element}">&lt;selenium.webdriver.remote.webelement.WebElement (session="e3652b11b845eb1c5d6f4bff9e455aa6", element="f.D739515E8C34575EBAE82A99BB68042E.d.32D2F2B8AD1D3459CBEC4A9EA4E8DFEA.e.57")&gt;</var>
<status status="PASS" start="2025-03-25T12:53:03.128700" elapsed="0.077136"/>
</iter>
<iter>
<kw name="Get Text" owner="SeleniumLibrary">
<msg time="2025-03-25T12:53:03.231718" level="INFO">${price_text} = $15.99</msg>
<var>${price_text}</var>
<arg>${element}</arg>
<doc>Returns the text value of the element identified by ``locator``.</doc>
<status status="PASS" start="2025-03-25T12:53:03.206801" elapsed="0.025026"/>
</kw>
<kw name="Set Variable" owner="BuiltIn">
<msg time="2025-03-25T12:53:03.234503" level="INFO">${price} = 15.99</msg>
<var>${price}</var>
<arg>${price_text.replace('$', '')}</arg>
<doc>Returns the given values which can then be assigned to a variables.</doc>
<status status="PASS" start="2025-03-25T12:53:03.232191" elapsed="0.002464"/>
</kw>
<kw name="Convert To Number" owner="BuiltIn">
<msg time="2025-03-25T12:53:03.237492" level="INFO">${price} = 15.99</msg>
<var>${price}</var>
<arg>${price}</arg>
<doc>Converts the given item to a floating point number.</doc>
<status status="PASS" start="2025-03-25T12:53:03.235951" elapsed="0.001635"/>
</kw>
<kw name="Append To List" owner="Collections">
<arg>${actual_prices}</arg>
<arg>${price}</arg>
<doc>Adds ``values`` to the end of ``list``.</doc>
<status status="PASS" start="2025-03-25T12:53:03.238030" elapsed="0.000777"/>
</kw>
<kw name="Log" owner="BuiltIn">
<msg time="2025-03-25T12:53:03.240790" level="INFO">สินค้าลำดับที่ 3: $15.99 -&gt; 15.99</msg>
<arg>สินค้าลำดับที่ ${index+1}: ${price_text} -&gt; ${price}</arg>
<doc>Logs the given message with the given level.</doc>
<status status="PASS" start="2025-03-25T12:53:03.239146" elapsed="0.001989"/>
</kw>
<var name="${index}">2</var>
<var name="${element}">&lt;selenium.webdriver.remote.webelement.WebElement (session="e3652b11b845eb1c5d6f4bff9e455aa6", element="f.D739515E8C34575EBAE82A99BB68042E.d.32D2F2B8AD1D3459CBEC4A9EA4E8DFEA.e.58")&gt;</var>
<status status="PASS" start="2025-03-25T12:53:03.206298" elapsed="0.035573"/>
</iter>
<iter>
<kw name="Get Text" owner="SeleniumLibrary">
<msg time="2025-03-25T12:53:03.265843" level="INFO">${price_text} = $15.99</msg>
<var>${price_text}</var>
<arg>${element}</arg>
<doc>Returns the text value of the element identified by ``locator``.</doc>
<status status="PASS" start="2025-03-25T12:53:03.243286" elapsed="0.022664"/>
</kw>
<kw name="Set Variable" owner="BuiltIn">
<msg time="2025-03-25T12:53:03.267979" level="INFO">${price} = 15.99</msg>
<var>${price}</var>
<arg>${price_text.replace('$', '')}</arg>
<doc>Returns the given values which can then be assigned to a variables.</doc>
<status status="PASS" start="2025-03-25T12:53:03.266297" elapsed="0.001807"/>
</kw>
<kw name="Convert To Number" owner="BuiltIn">
<msg time="2025-03-25T12:53:03.269551" level="INFO">${price} = 15.99</msg>
<var>${price}</var>
<arg>${price}</arg>
<doc>Converts the given item to a floating point number.</doc>
<status status="PASS" start="2025-03-25T12:53:03.268593" elapsed="0.001128"/>
</kw>
<kw name="Append To List" owner="Collections">
<arg>${actual_prices}</arg>
<arg>${price}</arg>
<doc>Adds ``values`` to the end of ``list``.</doc>
<status status="PASS" start="2025-03-25T12:53:03.270399" elapsed="0.000770"/>
</kw>
<kw name="Log" owner="BuiltIn">
<msg time="2025-03-25T12:53:03.273059" level="INFO">สินค้าลำดับที่ 4: $15.99 -&gt; 15.99</msg>
<arg>สินค้าลำดับที่ ${index+1}: ${price_text} -&gt; ${price}</arg>
<doc>Logs the given message with the given level.</doc>
<status status="PASS" start="2025-03-25T12:53:03.271563" elapsed="0.001683"/>
</kw>
<var name="${index}">3</var>
<var name="${element}">&lt;selenium.webdriver.remote.webelement.WebElement (session="e3652b11b845eb1c5d6f4bff9e455aa6", element="f.D739515E8C34575EBAE82A99BB68042E.d.32D2F2B8AD1D3459CBEC4A9EA4E8DFEA.e.59")&gt;</var>
<status status="PASS" start="2025-03-25T12:53:03.242834" elapsed="0.030584"/>
</iter>
<iter>
<kw name="Get Text" owner="SeleniumLibrary">
<msg time="2025-03-25T12:53:03.304546" level="INFO">${price_text} = $9.99</msg>
<var>${price_text}</var>
<arg>${element}</arg>
<doc>Returns the text value of the element identified by ``locator``.</doc>
<status status="PASS" start="2025-03-25T12:53:03.274464" elapsed="0.030178"/>
</kw>
<kw name="Set Variable" owner="BuiltIn">
<msg time="2025-03-25T12:53:03.307479" level="INFO">${price} = 9.99</msg>
<var>${price}</var>
<arg>${price_text.replace('$', '')}</arg>
<doc>Returns the given values which can then be assigned to a variables.</doc>
<status status="PASS" start="2025-03-25T12:53:03.305059" elapsed="0.002517"/>
</kw>
<kw name="Convert To Number" owner="BuiltIn">
<msg time="2025-03-25T12:53:03.308890" level="INFO">${price} = 9.99</msg>
<var>${price}</var>
<arg>${price}</arg>
<doc>Converts the given item to a floating point number.</doc>
<status status="PASS" start="2025-03-25T12:53:03.307936" elapsed="0.001075"/>
</kw>
<kw name="Append To List" owner="Collections">
<arg>${actual_prices}</arg>
<arg>${price}</arg>
<doc>Adds ``values`` to the end of ``list``.</doc>
<status status="PASS" start="2025-03-25T12:53:03.309318" elapsed="0.001049"/>
</kw>
<kw name="Log" owner="BuiltIn">
<msg time="2025-03-25T12:53:03.313221" level="INFO">สินค้าลำดับที่ 5: $9.99 -&gt; 9.99</msg>
<arg>สินค้าลำดับที่ ${index+1}: ${price_text} -&gt; ${price}</arg>
<doc>Logs the given message with the given level.</doc>
<status status="PASS" start="2025-03-25T12:53:03.310785" elapsed="0.002645"/>
</kw>
<var name="${index}">4</var>
<var name="${element}">&lt;selenium.webdriver.remote.webelement.WebElement (session="e3652b11b845eb1c5d6f4bff9e455aa6", element="f.D739515E8C34575EBAE82A99BB68042E.d.32D2F2B8AD1D3459CBEC4A9EA4E8DFEA.e.60")&gt;</var>
<status status="PASS" start="2025-03-25T12:53:03.273847" elapsed="0.039756"/>
</iter>
<iter>
<kw name="Get Text" owner="SeleniumLibrary">
<msg time="2025-03-25T12:53:03.340430" level="INFO">${price_text} = $7.99</msg>
<var>${price_text}</var>
<arg>${element}</arg>
<doc>Returns the text value of the element identified by ``locator``.</doc>
<status status="PASS" start="2025-03-25T12:53:03.315437" elapsed="0.025138"/>
</kw>
<kw name="Set Variable" owner="BuiltIn">
<msg time="2025-03-25T12:53:03.342154" level="INFO">${price} = 7.99</msg>
<var>${price}</var>
<arg>${price_text.replace('$', '')}</arg>
<doc>Returns the given values which can then be assigned to a variables.</doc>
<status status="PASS" start="2025-03-25T12:53:03.340958" elapsed="0.001296"/>
</kw>
<kw name="Convert To Number" owner="BuiltIn">
<msg time="2025-03-25T12:53:03.343420" level="INFO">${price} = 7.99</msg>
<var>${price}</var>
<arg>${price}</arg>
<doc>Converts the given item to a floating point number.</doc>
<status status="PASS" start="2025-03-25T12:53:03.342629" elapsed="0.000884"/>
</kw>
<kw name="Append To List" owner="Collections">
<arg>${actual_prices}</arg>
<arg>${price}</arg>
<doc>Adds ``values`` to the end of ``list``.</doc>
<status status="PASS" start="2025-03-25T12:53:03.343874" elapsed="0.000763"/>
</kw>
<kw name="Log" owner="BuiltIn">
<msg time="2025-03-25T12:53:03.347254" level="INFO">สินค้าลำดับที่ 6: $7.99 -&gt; 7.99</msg>
<arg>สินค้าลำดับที่ ${index+1}: ${price_text} -&gt; ${price}</arg>
<doc>Logs the given message with the given level.</doc>
<status status="PASS" start="2025-03-25T12:53:03.345555" elapsed="0.001886"/>
</kw>
<var name="${index}">5</var>
<var name="${element}">&lt;selenium.webdriver.remote.webelement.WebElement (session="e3652b11b845eb1c5d6f4bff9e455aa6", element="f.D739515E8C34575EBAE82A99BB68042E.d.32D2F2B8AD1D3459CBEC4A9EA4E8DFEA.e.61")&gt;</var>
<status status="PASS" start="2025-03-25T12:53:03.314467" elapsed="0.033138"/>
</iter>
<var>${index}</var>
<var>${element}</var>
<value>@{price_elements}</value>
<status status="PASS" start="2025-03-25T12:53:03.083865" elapsed="0.263880"/>
</for>
<kw name="Copy List" owner="Collections">
<msg time="2025-03-25T12:53:03.349595" level="INFO">${expected_prices} = [49.99, 29.99, 15.99, 15.99, 9.99, 7.99]</msg>
<var>${expected_prices}</var>
<arg>${actual_prices}</arg>
<doc>Returns a copy of the given list.</doc>
<status status="PASS" start="2025-03-25T12:53:03.348439" elapsed="0.001251"/>
</kw>
<kw name="Copy List" owner="Collections">
<msg time="2025-03-25T12:53:03.350976" level="INFO">${sorted_expected} = [49.99, 29.99, 15.99, 15.99, 9.99, 7.99]</msg>
<var>${sorted_expected}</var>
<arg>${expected_prices}</arg>
<doc>Returns a copy of the given list.</doc>
<status status="PASS" start="2025-03-25T12:53:03.350067" elapsed="0.001026"/>
</kw>
<kw name="Run Keyword If" owner="BuiltIn">
<arg>'${order}' == 'asc'</arg>
<arg>Sort List</arg>
<arg>${sorted_expected}</arg>
<doc>Runs the given keyword with the given arguments, if ``condition`` is true.</doc>
<status status="PASS" start="2025-03-25T12:53:03.351458" elapsed="0.000714"/>
</kw>
<kw name="Copy List" owner="Collections">
<msg time="2025-03-25T12:53:03.353375" level="INFO">${desc_list} = [49.99, 29.99, 15.99, 15.99, 9.99, 7.99]</msg>
<var>${desc_list}</var>
<arg>${sorted_expected}</arg>
<doc>Returns a copy of the given list.</doc>
<status status="PASS" start="2025-03-25T12:53:03.352548" elapsed="0.000922"/>
</kw>
<kw name="Run Keyword If" owner="BuiltIn">
<kw name="Sort List" owner="Collections">
<arg>${desc_list}</arg>
<doc>Sorts the given list in place.</doc>
<status status="PASS" start="2025-03-25T12:53:03.354725" elapsed="0.000716"/>
</kw>
<arg>'${order}' == 'desc'</arg>
<arg>Sort List</arg>
<arg>${desc_list}</arg>
<doc>Runs the given keyword with the given arguments, if ``condition`` is true.</doc>
<status status="PASS" start="2025-03-25T12:53:03.353803" elapsed="0.001794"/>
</kw>
<kw name="Run Keyword If" owner="BuiltIn">
<kw name="Reverse List" owner="Collections">
<arg>${desc_list}</arg>
<doc>Reverses the given list in place.</doc>
<status status="PASS" start="2025-03-25T12:53:03.357817" elapsed="0.000688"/>
</kw>
<arg>'${order}' == 'desc'</arg>
<arg>Reverse List</arg>
<arg>${desc_list}</arg>
<doc>Runs the given keyword with the given arguments, if ``condition`` is true.</doc>
<status status="PASS" start="2025-03-25T12:53:03.356403" elapsed="0.002336"/>
</kw>
<kw name="Run Keyword If" owner="BuiltIn">
<kw name="Set Variable" owner="BuiltIn">
<arg>${sorted_expected}</arg>
<arg>${desc_list}</arg>
<doc>Returns the given values which can then be assigned to a variables.</doc>
<status status="PASS" start="2025-03-25T12:53:03.360372" elapsed="0.000926"/>
</kw>
<arg>'${order}' == 'desc'</arg>
<arg>Set Variable</arg>
<arg>${sorted_expected}</arg>
<arg>${desc_list}</arg>
<doc>Runs the given keyword with the given arguments, if ``condition`` is true.</doc>
<status status="PASS" start="2025-03-25T12:53:03.359236" elapsed="0.002248"/>
</kw>
<kw name="Log" owner="BuiltIn">
<msg time="2025-03-25T12:53:03.362509" level="INFO">ราคาที่ควรเป็น: [49.99, 29.99, 15.99, 15.99, 9.99, 7.99]</msg>
<arg>ราคาที่ควรเป็น: ${sorted_expected}</arg>
<doc>Logs the given message with the given level.</doc>
<status status="PASS" start="2025-03-25T12:53:03.361759" elapsed="0.000898"/>
</kw>
<kw name="Log" owner="BuiltIn">
<msg time="2025-03-25T12:53:03.363479" level="INFO">ราคาจริงบนเว็บ: [49.99, 29.99, 15.99, 15.99, 9.99, 7.99]</msg>
<arg>ราคาจริงบนเว็บ: ${actual_prices}</arg>
<doc>Logs the given message with the given level.</doc>
<status status="PASS" start="2025-03-25T12:53:03.362949" elapsed="0.000643"/>
</kw>
<kw name="Run Keyword And Return Status" owner="BuiltIn">
<kw name="Lists Should Be Equal" owner="Collections">
<arg>${actual_prices}</arg>
<arg>${sorted_expected}</arg>
<doc>Fails if given lists are unequal.</doc>
<status status="PASS" start="2025-03-25T12:53:03.364541" elapsed="0.000785"/>
</kw>
<msg time="2025-03-25T12:53:03.365661" level="INFO">${is_equal} = True</msg>
<var>${is_equal}</var>
<arg>Lists Should Be Equal</arg>
<arg>${actual_prices}</arg>
<arg>${sorted_expected}</arg>
<doc>Runs the given keyword with given arguments and returns the status as a Boolean value.</doc>
<status status="PASS" start="2025-03-25T12:53:03.363896" elapsed="0.001815"/>
</kw>
<kw name="Run Keyword If" owner="BuiltIn">
<kw name="Log" owner="BuiltIn">
<msg time="2025-03-25T12:53:03.368004" level="INFO">การเรียงลำดับราคาถูกต้อง</msg>
<arg>การเรียงลำดับราคาถูกต้อง</arg>
<doc>Logs the given message with the given level.</doc>
<status status="PASS" start="2025-03-25T12:53:03.367262" elapsed="0.000855"/>
</kw>
<arg>${is_equal}</arg>
<arg>Log</arg>
<arg>การเรียงลำดับราคาถูกต้อง</arg>
<doc>Runs the given keyword with the given arguments, if ``condition`` is true.</doc>
<status status="PASS" start="2025-03-25T12:53:03.366077" elapsed="0.002171"/>
</kw>
<kw name="Run Keyword If" owner="BuiltIn">
<arg>not ${is_equal}</arg>
<arg>Log</arg>
<arg>การเรียงลำดับราคาไม่ถูกต้อง</arg>
<doc>Runs the given keyword with the given arguments, if ``condition`` is true.</doc>
<status status="PASS" start="2025-03-25T12:53:03.368541" elapsed="0.000657"/>
</kw>
<for flavor="IN RANGE">
<iter>
<kw name="Get From List" owner="Collections">
<msg time="2025-03-25T12:53:03.372798" level="INFO">${actual} = 49.99</msg>
<var>${actual}</var>
<arg>${actual_prices}</arg>
<arg>${index}</arg>
<doc>Returns the value specified with an ``index`` from ``list``.</doc>
<status status="PASS" start="2025-03-25T12:53:03.371560" elapsed="0.001318"/>
</kw>
<kw name="Get From List" owner="Collections">
<msg time="2025-03-25T12:53:03.373932" level="INFO">${expected} = 49.99</msg>
<var>${expected}</var>
<arg>${sorted_expected}</arg>
<arg>${index}</arg>
<doc>Returns the value specified with an ``index`` from ``list``.</doc>
<status status="PASS" start="2025-03-25T12:53:03.373165" elapsed="0.000840"/>
</kw>
<kw name="Run Keyword And Return Status" owner="BuiltIn">
<kw name="Should Be Equal" owner="BuiltIn">
<arg>${actual}</arg>
<arg>${expected}</arg>
<doc>Fails if the given objects are unequal.</doc>
<status status="PASS" start="2025-03-25T12:53:03.375299" elapsed="0.000698"/>
</kw>
<msg time="2025-03-25T12:53:03.376280" level="INFO">${status} = True</msg>
<var>${status}</var>
<arg>Should Be Equal</arg>
<arg>${actual}</arg>
<arg>${expected}</arg>
<doc>Runs the given keyword with given arguments and returns the status as a Boolean value.</doc>
<status status="PASS" start="2025-03-25T12:53:03.374343" elapsed="0.001991"/>
</kw>
<kw name="Set Variable If" owner="BuiltIn">
<msg time="2025-03-25T12:53:03.377688" level="INFO">${result} = ถูกต้อง</msg>
<var>${result}</var>
<arg>${status}</arg>
<arg>ถูกต้อง</arg>
<arg>ไม่ถูกต้อง</arg>
<doc>Sets variable based on the given condition.</doc>
<status status="PASS" start="2025-03-25T12:53:03.376656" elapsed="0.001225"/>
</kw>
<kw name="Log" owner="BuiltIn">
<msg time="2025-03-25T12:53:03.381123" level="INFO">ตำแหน่งที่ 1: 49.99 == 49.99 : ถูกต้อง</msg>
<arg>ตำแหน่งที่ ${index+1}: ${actual} == ${expected} : ${result}</arg>
<doc>Logs the given message with the given level.</doc>
<status status="PASS" start="2025-03-25T12:53:03.378241" elapsed="0.003007"/>
</kw>
<var name="${index}">0</var>
<status status="PASS" start="2025-03-25T12:53:03.370969" elapsed="0.010400"/>
</iter>
<iter>
<kw name="Get From List" owner="Collections">
<msg time="2025-03-25T12:53:03.382954" level="INFO">${actual} = 29.99</msg>
<var>${actual}</var>
<arg>${actual_prices}</arg>
<arg>${index}</arg>
<doc>Returns the value specified with an ``index`` from ``list``.</doc>
<status status="PASS" start="2025-03-25T12:53:03.382091" elapsed="0.000940"/>
</kw>
<kw name="Get From List" owner="Collections">
<msg time="2025-03-25T12:53:03.384241" level="INFO">${expected} = 29.99</msg>
<var>${expected}</var>
<arg>${sorted_expected}</arg>
<arg>${index}</arg>
<doc>Returns the value specified with an ``index`` from ``list``.</doc>
<status status="PASS" start="2025-03-25T12:53:03.383341" elapsed="0.000982"/>
</kw>
<kw name="Run Keyword And Return Status" owner="BuiltIn">
<kw name="Should Be Equal" owner="BuiltIn">
<arg>${actual}</arg>
<arg>${expected}</arg>
<doc>Fails if the given objects are unequal.</doc>
<status status="PASS" start="2025-03-25T12:53:03.387858" elapsed="0.000913"/>
</kw>
<msg time="2025-03-25T12:53:03.389154" level="INFO">${status} = True</msg>
<var>${status}</var>
<arg>Should Be Equal</arg>
<arg>${actual}</arg>
<arg>${expected}</arg>
<doc>Runs the given keyword with given arguments and returns the status as a Boolean value.</doc>
<status status="PASS" start="2025-03-25T12:53:03.384638" elapsed="0.004575"/>
</kw>
<kw name="Set Variable If" owner="BuiltIn">
<msg time="2025-03-25T12:53:03.390466" level="INFO">${result} = ถูกต้อง</msg>
<var>${result}</var>
<arg>${status}</arg>
<arg>ถูกต้อง</arg>
<arg>ไม่ถูกต้อง</arg>
<doc>Sets variable based on the given condition.</doc>
<status status="PASS" start="2025-03-25T12:53:03.389657" elapsed="0.000905"/>
</kw>
<kw name="Log" owner="BuiltIn">
<msg time="2025-03-25T12:53:03.393357" level="INFO">ตำแหน่งที่ 2: 29.99 == 29.99 : ถูกต้อง</msg>
<arg>ตำแหน่งที่ ${index+1}: ${actual} == ${expected} : ${result}</arg>
<doc>Logs the given message with the given level.</doc>
<status status="PASS" start="2025-03-25T12:53:03.391020" elapsed="0.002542"/>
</kw>
<var name="${index}">1</var>
<status status="PASS" start="2025-03-25T12:53:03.381631" elapsed="0.012449"/>
</iter>
<iter>
<kw name="Get From List" owner="Collections">
<msg time="2025-03-25T12:53:03.395723" level="INFO">${actual} = 15.99</msg>
<var>${actual}</var>
<arg>${actual_prices}</arg>
<arg>${index}</arg>
<doc>Returns the value specified with an ``index`` from ``list``.</doc>
<status status="PASS" start="2025-03-25T12:53:03.394928" elapsed="0.000869"/>
</kw>
<kw name="Get From List" owner="Collections">
<msg time="2025-03-25T12:53:03.396727" level="INFO">${expected} = 15.99</msg>
<var>${expected}</var>
<arg>${sorted_expected}</arg>
<arg>${index}</arg>
<doc>Returns the value specified with an ``index`` from ``list``.</doc>
<status status="PASS" start="2025-03-25T12:53:03.396049" elapsed="0.000862"/>
</kw>
<kw name="Run Keyword And Return Status" owner="BuiltIn">
<kw name="Should Be Equal" owner="BuiltIn">
<arg>${actual}</arg>
<arg>${expected}</arg>
<doc>Fails if the given objects are unequal.</doc>
<status status="PASS" start="2025-03-25T12:53:03.398773" elapsed="0.000845"/>
</kw>
<msg time="2025-03-25T12:53:03.399891" level="INFO">${status} = True</msg>
<var>${status}</var>
<arg>Should Be Equal</arg>
<arg>${actual}</arg>
<arg>${expected}</arg>
<doc>Runs the given keyword with given arguments and returns the status as a Boolean value.</doc>
<status status="PASS" start="2025-03-25T12:53:03.397344" elapsed="0.002605"/>
</kw>
<kw name="Set Variable If" owner="BuiltIn">
<msg time="2025-03-25T12:53:03.400767" level="INFO">${result} = ถูกต้อง</msg>
<var>${result}</var>
<arg>${status}</arg>
<arg>ถูกต้อง</arg>
<arg>ไม่ถูกต้อง</arg>
<doc>Sets variable based on the given condition.</doc>
<status status="PASS" start="2025-03-25T12:53:03.400251" elapsed="0.000574"/>
</kw>
<kw name="Log" owner="BuiltIn">
<msg time="2025-03-25T12:53:03.404222" level="INFO">ตำแหน่งที่ 3: 15.99 == 15.99 : ถูกต้อง</msg>
<arg>ตำแหน่งที่ ${index+1}: ${actual} == ${expected} : ${result}</arg>
<doc>Logs the given message with the given level.</doc>
<status status="PASS" start="2025-03-25T12:53:03.401113" elapsed="0.003371"/>
</kw>
<var name="${index}">2</var>
<status status="PASS" start="2025-03-25T12:53:03.394439" elapsed="0.010229"/>
</iter>
<iter>
<kw name="Get From List" owner="Collections">
<msg time="2025-03-25T12:53:03.405852" level="INFO">${actual} = 15.99</msg>
<var>${actual}</var>
<arg>${actual_prices}</arg>
<arg>${index}</arg>
<doc>Returns the value specified with an ``index`` from ``list``.</doc>
<status status="PASS" start="2025-03-25T12:53:03.405375" elapsed="0.000528"/>
</kw>
<kw name="Get From List" owner="Collections">
<msg time="2025-03-25T12:53:03.406519" level="INFO">${expected} = 15.99</msg>
<var>${expected}</var>
<arg>${sorted_expected}</arg>
<arg>${index}</arg>
<doc>Returns the value specified with an ``index`` from ``list``.</doc>
<status status="PASS" start="2025-03-25T12:53:03.406098" elapsed="0.000477"/>
</kw>
<kw name="Run Keyword And Return Status" owner="BuiltIn">
<kw name="Should Be Equal" owner="BuiltIn">
<arg>${actual}</arg>
<arg>${expected}</arg>
<doc>Fails if the given objects are unequal.</doc>
<status status="PASS" start="2025-03-25T12:53:03.407361" elapsed="0.000543"/>
</kw>
[...]
</kw>
<kw name="Close Browser" owner="SeleniumLibrary" type="TEARDOWN">
<doc>Closes the current browser.</doc>
<status status="PASS" start="2025-03-25T12:52:59.166858" elapsed="2.573031"/>
</kw>
<status status="PASS" start="2025-03-25T12:52:51.692836" elapsed="10.047218"/>
</test>
<test id="s1-s5-t3" name="Validate Chackout For Non-Fill lastname" line="27">
<kw name="Open Browser To Sauce Demo" owner="keywords">
<kw name="Open Browser" owner="SeleniumLibrary">
<msg time="2025-03-25T12:53:01.742820" level="INFO">Opening browser 'chrome' to base url 'https://www.saucedemo.com'.</msg>
<arg>${URL}</arg>
<arg>${BROWSER}</arg>
<doc>Opens a new browser instance to the optional ``url``.</doc>
<status status="PASS" start="2025-03-25T12:53:01.742216" elapsed="2.532464"/>
</kw>
<kw name="Maximize Browser Window" owner="SeleniumLibrary">
<doc>Maximizes current browser window.</doc>
<status status="PASS" start="2025-03-25T12:53:04.275140" elapsed="0.068363"/>
</kw>
<status status="PASS" start="2025-03-25T12:53:01.741505" elapsed="2.602299"/>
</kw>
<kw name="Fill the login Form" owner="keywords">
<kw name="Input Text" owner="SeleniumLibrary">
<msg time="2025-03-25T12:53:04.346125" level="INFO">Typing text 'standard_user' into text field 'id=user-name'.</msg>
<arg>id=user-name</arg>
<arg>${USERNAME}</arg>
<doc>Types the given ``text`` into the text field identified by ``locator``.</doc>
<status status="PASS" start="2025-03-25T12:53:04.345224" elapsed="0.281569"/>
</kw>
<kw name="Input Text" owner="SeleniumLibrary">
<msg time="2025-03-25T12:53:04.627987" level="INFO">Typing text 'secret_sauce' into text field 'id=password'.</msg>
<arg>id=password</arg>
<arg>${PASSWORD}</arg>
<doc>Types the given ``text`` into the text field identified by ``locator``.</doc>
<status status="PASS" start="2025-03-25T12:53:04.627213" elapsed="0.325581"/>
</kw>
<kw name="Click Button" owner="SeleniumLibrary">
<msg time="2025-03-25T12:53:04.954087" level="INFO">Clicking button 'id=login-button'.</msg>
<arg>id=login-button</arg>
<doc>Clicks the button identified by ``locator``.</doc>
<status status="PASS" start="2025-03-25T12:53:04.953229" elapsed="0.270628"/>
</kw>
<arg>${USERNAME}</arg>
<arg>${PASSWORD}</arg>
<status status="PASS" start="2025-03-25T12:53:04.344171" elapsed="0.879919"/>
</kw>
<kw name="Go to Chackout page" owner="keywords">
<kw name="Select Product to Cart" owner="keywords">
<kw name="Wait Until Element Is Visible" owner="SeleniumLibrary">
<arg>xpath=//div[contains(@class,'inventory_item_name') and normalize-space(text())='${product_name}']</arg>
<arg>timeout=5s</arg>
<doc>Waits until the element ``locator`` is visible.</doc>
<status status="PASS" start="2025-03-25T12:53:05.226571" elapsed="0.066623"/>
</kw>
<kw name="Click Button" owner="SeleniumLibrary">
<msg time="2025-03-25T12:53:05.294952" level="INFO">Clicking button 'xpath=//div[contains(@class,'inventory_item')][.//div[contains(@class,'inventory_item_name') and normalize-space(text())='Sauce Labs Backpack']]//button[contains(@data-test, 'add-to-cart')]'.</msg>
<arg>xpath=//div[contains(@class,'inventory_item')][.//div[contains(@class,'inventory_item_name') and normalize-space(text())='${product_name}']]//button[contains(@data-test, 'add-to-cart')]</arg>
<doc>Clicks the button identified by ``locator``.</doc>
<status status="PASS" start="2025-03-25T12:53:05.293595" elapsed="0.136198"/>
</kw>
<arg>Sauce Labs Backpack</arg>
<status status="PASS" start="2025-03-25T12:53:05.225588" elapsed="0.204455"/>
</kw>
<kw name="Click Element" owner="SeleniumLibrary">
<msg time="2025-03-25T12:53:05.431237" level="INFO">Clicking element 'css=.shopping_cart_link'.</msg>
<arg>css=.shopping_cart_link</arg>
<doc>Click the element identified by ``locator``.</doc>
<status status="PASS" start="2025-03-25T12:53:05.430365" elapsed="0.158091"/>
</kw>
<kw name="Wait Until Element Is Visible" owner="SeleniumLibrary">
<arg>xpath=//*[@id="checkout"]</arg>
<arg>timeout=10s</arg>
<doc>Waits until the element ``locator`` is visible.</doc>
<status status="PASS" start="2025-03-25T12:53:05.589022" elapsed="0.057811"/>
</kw>
<kw name="Execute Javascript" owner="SeleniumLibrary">
<msg time="2025-03-25T12:53:05.648967" level="INFO">Executing JavaScript:
document.querySelector('#checkout').click();
Without any arguments.</msg>
<arg>document.querySelector('#checkout').click();</arg>
<doc>Executes the given JavaScript code with possible arguments.</doc>
<status status="PASS" start="2025-03-25T12:53:05.647328" elapsed="0.025229"/>
</kw>
<status status="PASS" start="2025-03-25T12:53:05.224463" elapsed="0.448282"/>
</kw>
<kw name="Fill the checkout Form" owner="keywords">
<kw name="Input Text" owner="SeleniumLibrary">
<msg time="2025-03-25T12:53:05.675084" level="INFO">Typing text 'Test' into text field 'xpath=//input[@id='first-name']'.</msg>
<arg>xpath=//input[@id='first-name']</arg>
<arg>${first_name}</arg>
<doc>Types the given ``text`` into the text field identified by ``locator``.</doc>
<status status="PASS" start="2025-03-25T12:53:05.674167" elapsed="0.282987"/>
</kw>
<kw name="Input Text" owner="SeleniumLibrary">
<msg time="2025-03-25T12:53:05.959557" level="INFO">Typing text '' into text field 'id=last-name'.</msg>
<arg>id=last-name</arg>
<arg>${last_name}</arg>
<doc>Types the given ``text`` into the text field identified by ``locator``.</doc>
<status status="PASS" start="2025-03-25T12:53:05.957617" elapsed="0.179202"/>
</kw>
<kw name="Input Text" owner="SeleniumLibrary">
<msg time="2025-03-25T12:53:06.138072" level="INFO">Typing text '12345' into text field 'id=postal-code'.</msg>
<arg>id=postal-code</arg>
<arg>${zip_code}</arg>
<doc>Types the given ``text`` into the text field identified by ``locator``.</doc>
<status status="PASS" start="2025-03-25T12:53:06.137216" elapsed="0.158676"/>
</kw>
<kw name="Click Button" owner="SeleniumLibrary">
<msg time="2025-03-25T12:53:06.297897" level="INFO">Clicking button 'id=continue'.</msg>
<arg>id=continue</arg>
<doc>Clicks the button identified by ``locator``.</doc>
<status status="PASS" start="2025-03-25T12:53:06.296402" elapsed="0.254621"/>
</kw>
<arg>${FIRST_NAME}</arg>
<arg>${empty}</arg>
<arg>${ZIP_CODE}</arg>
<status status="PASS" start="2025-03-25T12:53:05.673021" elapsed="0.878195"/>
</kw>
<kw name="verify error messageInformation is correct" owner="keywords">
<kw name="Element Text Should Be" owner="SeleniumLibrary">
<msg time="2025-03-25T12:53:06.552800" level="INFO">Verifying element 'css:h3[data-test='error']' contains exact text 'Error: Last Name is required'.</msg>
<arg>${element_Information}</arg>
<arg>${expected_messageInformation}</arg>
<doc>Verifies that element ``locator`` contains exact the text ``expected``.</doc>
<status status="PASS" start="2025-03-25T12:53:06.552330" elapsed="0.027456"/>
</kw>
<arg>${Error_Message_Information}</arg>
<arg>Error: Last Name is required</arg>
<status status="PASS" start="2025-03-25T12:53:06.551548" elapsed="0.028462"/>
</kw>
<kw name="Close Browser" owner="SeleniumLibrary" type="TEARDOWN">
<doc>Closes the current browser.</doc>
<status status="PASS" start="2025-03-25T12:53:06.580235" elapsed="2.660834"/>
</kw>
<status status="PASS" start="2025-03-25T12:53:01.740901" elapsed="7.500375"/>
</test>
<test id="s1-s5-t4" name="Validate Chackout For Non-Fill zipcode" line="35">
<kw name="Open Browser To Sauce Demo" owner="keywords">
<kw name="Open Browser" owner="SeleniumLibrary">
<msg time="2025-03-25T12:53:09.243826" level="INFO">Opening browser 'chrome' to base url 'https://www.saucedemo.com'.</msg>
<arg>${URL}</arg>
<arg>${BROWSER}</arg>
<doc>Opens a new browser instance to the optional ``url``.</doc>
<status status="PASS" start="2025-03-25T12:53:09.243221" elapsed="2.555580"/>
</kw>
<kw name="Maximize Browser Window" owner="SeleniumLibrary">
<doc>Maximizes current browser window.</doc>
<status status="PASS" start="2025-03-25T12:53:11.799319" elapsed="0.816542"/>
</kw>
<status status="PASS" start="2025-03-25T12:53:09.242459" elapsed="3.373680"/>
</kw>
<kw name="Fill the login Form" owner="keywords">
<kw name="Input Text" owner="SeleniumLibrary">
<msg time="2025-03-25T12:53:12.618116" level="INFO">Typing text 'standard_user' into text field 'id=user-name'.</msg>
<arg>id=user-name</arg>
<arg>${USERNAME}</arg>
<doc>Types the given ``text`` into the text field identified by ``locator``.</doc>
<status status="PASS" start="2025-03-25T12:53:12.617354" elapsed="0.349463"/>
</kw>
<kw name="Input Text" owner="SeleniumLibrary">
<msg time="2025-03-25T12:53:12.968112" level="INFO">Typing text 'secret_sauce' into text field 'id=password'.</msg>
<arg>id=password</arg>
<arg>${PASSWORD}</arg>
<doc>Types the given ``text`` into the text field identified by ``locator``.</doc>
<status status="PASS" start="2025-03-25T12:53:12.967195" elapsed="0.186845"/>
</kw>
<kw name="Click Button" owner="SeleniumLibrary">
<msg time="2025-03-25T12:53:13.155205" level="INFO">Clicking button 'id=login-button'.</msg>
<arg>id=login-button</arg>
<doc>Clicks the button identified by ``locator``.</doc>
<status status="PASS" start="2025-03-25T12:53:13.154561" elapsed="0.203329"/>
</kw>
<arg>${USERNAME}</arg>
<arg>${PASSWORD}</arg>
<status status="PASS" start="2025-03-25T12:53:12.616562" elapsed="0.741595"/>
</kw>
<kw name="Go to Chackout page" owner="keywords">
<kw name="Select Product to Cart" owner="keywords">
<kw name="Wait Until Element Is Visible" owner="SeleniumLibrary">
<arg>xpath=//div[contains(@class,'inventory_item_name') and normalize-space(text())='${product_name}']</arg>
<arg>timeout=5s</arg>
<doc>Waits until the element ``locator`` is visible.</doc>
<status status="PASS" start="2025-03-25T12:53:13.360322" elapsed="0.035803"/>
</kw>
<kw name="Click Button" owner="SeleniumLibrary">
<msg time="2025-03-25T12:53:13.397242" level="INFO">Clicking button 'xpath=//div[contains(@class,'inventory_item')][.//div[contains(@class,'inventory_item_name') and normalize-space(text())='Sauce Labs Backpack']]//button[contains(@data-test, 'add-to-cart')]'.</msg>
<arg>xpath=//div[contains(@class,'inventory_item')][.//div[contains(@class,'inventory_item_name') and normalize-space(text())='${product_name}']]//button[contains(@data-test, 'add-to-cart')]</arg>
<doc>Clicks the button identified by ``locator``.</doc>
<status status="PASS" start="2025-03-25T12:53:13.396495" elapsed="0.098489"/>
</kw>
<arg>Sauce Labs Backpack</arg>
<status status="PASS" start="2025-03-25T12:53:13.359411" elapsed="0.135735"/>
</kw>
<kw name="Click Element" owner="SeleniumLibrary">
<msg time="2025-03-25T12:53:13.495865" level="INFO">Clicking element 'css=.shopping_cart_link'.</msg>
<arg>css=.shopping_cart_link</arg>
<doc>Click the element identified by ``locator``.</doc>
<status status="PASS" start="2025-03-25T12:53:13.495335" elapsed="0.061103"/>
</kw>
<kw name="Wait Until Element Is Visible" owner="SeleniumLibrary">
<arg>xpath=//*[@id="checkout"]</arg>
<arg>timeout=10s</arg>
<doc>Waits until the element ``locator`` is visible.</doc>
<status status="PASS" start="2025-03-25T12:53:13.556645" elapsed="0.018000"/>
</kw>
<kw name="Execute Javascript" owner="SeleniumLibrary">
<msg time="2025-03-25T12:53:13.575571" level="INFO">Executing JavaScript:
document.querySelector('#checkout').click();
Without any arguments.</msg>
<arg>document.querySelector('#checkout').click();</arg>
<doc>Executes the given JavaScript code with possible arguments.</doc>
<status status="PASS" start="2025-03-25T12:53:13.574867" elapsed="0.013105"/>
</kw>
<status status="PASS" start="2025-03-25T12:53:13.358537" elapsed="0.229607"/>
</kw>
<kw name="Fill the checkout Form" owner="keywords">
<kw name="Input Text" owner="SeleniumLibrary">
<msg time="2025-03-25T12:53:13.589858" level="INFO">Typing text 'Test' into text field 'xpath=//input[@id='first-name']'.</msg>
<arg>xpath=//input[@id='first-name']</arg>
<arg>${first_name}</arg>
<doc>Types the given ``text`` into the text field identified by ``locator``.</doc>
<status status="PASS" start="2025-03-25T12:53:13.589418" elapsed="0.089277"/>
</kw>
<kw name="Input Text" owner="SeleniumLibrary">
<msg time="2025-03-25T12:53:13.679342" level="INFO">Typing text 'Test' into text field 'id=last-name'.</msg>
<arg>id=last-name</arg>
<arg>${last_name}</arg>
<doc>Types the given ``text`` into the text field identified by ``locator``.</doc>
<status status="PASS" start="2025-03-25T12:53:13.678899" elapsed="0.075534"/>
</kw>
<kw name="Input Text" owner="SeleniumLibrary">
<msg time="2025-03-25T12:53:13.755065" level="INFO">Typing text '' into text field 'id=postal-code'.</msg>
<arg>id=postal-code</arg>
<arg>${zip_code}</arg>
<doc>Types the given ``text`` into the text field identified by ``locator``.</doc>
<status status="PASS" start="2025-03-25T12:53:13.754632" elapsed="0.079655"/>
</kw>
<kw name="Click Button" owner="SeleniumLibrary">
<msg time="2025-03-25T12:53:13.834920" level="INFO">Clicking button 'id=continue'.</msg>
<arg>id=continue</arg>
<doc>Clicks the button identified by ``locator``.</doc>
<status status="PASS" start="2025-03-25T12:53:13.834551" elapsed="0.076432"/>
</kw>
<arg>${FIRST_NAME}</arg>
<arg>${LAST_NAME}</arg>
<arg>${empty}</arg>
<status status="PASS" start="2025-03-25T12:53:13.588354" elapsed="0.322784"/>
</kw>
<kw name="verify error messageInformation is correct" owner="keywords">
<kw name="Element Text Should Be" owner="SeleniumLibrary">
<msg time="2025-03-25T12:53:13.913156" level="INFO">Verifying element 'css:h3[data-test='error']' contains exact text 'Error: Postal Code is required'.</msg>
<arg>${element_Information}</arg>
<arg>${expected_messageInformation}</arg>
<doc>Verifies that element ``locator`` contains exact the text ``expected``.</doc>
<status status="PASS" start="2025-03-25T12:53:13.912427" elapsed="0.024407"/>
</kw>
<arg>${Error_Message_Information}</arg>
<arg>Error: Postal Code is required</arg>
<status status="PASS" start="2025-03-25T12:53:13.911380" elapsed="0.025593"/>
</kw>
<kw name="Close Browser" owner="SeleniumLibrary" type="TEARDOWN">
<doc>Closes the current browser.</doc>
<status status="PASS" start="2025-03-25T12:53:13.937280" elapsed="2.366509"/>
</kw>
<status status="PASS" start="2025-03-25T12:53:09.241774" elapsed="7.062249"/>
</test>
<test id="s1-s5-t5" name="Validate button cancel" line="43">
<kw name="Open Browser To Sauce Demo" owner="keywords">
<kw name="Open Browser" owner="SeleniumLibrary">
<msg time="2025-03-25T12:53:16.306520" level="INFO">Opening browser 'chrome' to base url 'https://www.saucedemo.com'.</msg>
<arg>${URL}</arg>
<arg>${BROWSER}</arg>
<doc>Opens a new browser instance to the optional ``url``.</doc>
<status status="PASS" start="2025-03-25T12:53:16.305735" elapsed="1.878132"/>
</kw>
<kw name="Maximize Browser Window" owner="SeleniumLibrary">
<doc>Maximizes current browser window.</doc>
<status status="PASS" start="2025-03-25T12:53:18.184071" elapsed="0.032577"/>
</kw>
<status status="PASS" start="2025-03-25T12:53:16.305325" elapsed="1.911566"/>
</kw>
<kw name="Fill the login Form" owner="keywords">
<kw name="Input Text" owner="SeleniumLibrary">
<msg time="2025-03-25T12:53:18.218247" level="INFO">Typing text 'standard_user' into text field 'id=user-name'.</msg>
<arg>id=user-name</arg>
<arg>${USERNAME}</arg>
<doc>Types the given ``text`` into the text field identified by ``locator``.</doc>
<status status="PASS" start="2025-03-25T12:53:18.217719" elapsed="0.123539"/>
</kw>
<kw name="Input Text" owner="SeleniumLibrary">
<msg time="2025-03-25T12:53:18.342238" level="INFO">Typing text 'secret_sauce' into text field 'id=password'.</msg>
<arg>id=password</arg>
<arg>${PASSWORD}</arg>
<doc>Types the given ``text`` into the text field identified by ``locator``.</doc>
<status status="PASS" start="2025-03-25T12:53:18.341575" elapsed="0.087763"/>
</kw>
<kw name="Click Button" owner="SeleniumLibrary">
<msg time="2025-03-25T12:53:18.430389" level="INFO">Clicking button 'id=login-button'.</msg>
<arg>id=login-button</arg>
<doc>Clicks the button identified by ``locator``.</doc>
<status status="PASS" start="2025-03-25T12:53:18.429721" elapsed="0.111615"/>
</kw>
<arg>${USERNAME}</arg>
<arg>${PASSWORD}</arg>
<status status="PASS" start="2025-03-25T12:53:18.217094" elapsed="0.324430"/>
</kw>
<kw name="Go to Chackout page" owner="keywords">
<kw name="Select Product to Cart" owner="keywords">
<kw name="Wait Until Element Is Visible" owner="SeleniumLibrary">
<arg>xpath=//div[contains(@class,'inventory_item_name') and normalize-space(text())='${product_name}']</arg>
<arg>timeout=5s</arg>
<doc>Waits until the element ``locator`` is visible.</doc>
<status status="PASS" start="2025-03-25T12:53:18.543359" elapsed="0.025813"/>
</kw>
<kw name="Click Button" owner="SeleniumLibrary">
<msg time="2025-03-25T12:53:18.570115" level="INFO">Clicking button 'xpath=//div[contains(@class,'inventory_item')][.//div[contains(@class,'inventory_item_name') and normalize-space(text())='Sauce Labs Backpack']]//button[contains(@data-test, 'add-to-cart')]'.</msg>
<arg>xpath=//div[contains(@class,'inventory_item')][.//div[contains(@class,'inventory_item_name') and normalize-space(text())='${product_name}']]//button[contains(@data-test, 'add-to-cart')]</arg>
<doc>Clicks the button identified by ``locator``.</doc>
<status status="PASS" start="2025-03-25T12:53:18.569471" elapsed="0.071956"/>
</kw>
<arg>Sauce Labs Backpack</arg>
<status status="PASS" start="2025-03-25T12:53:18.542622" elapsed="0.098954"/>
</kw>
<kw name="Click Element" owner="SeleniumLibrary">
<msg time="2025-03-25T12:53:18.642075" level="INFO">Clicking element 'css=.shopping_cart_link'.</msg>
<arg>css=.shopping_cart_link</arg>
<doc>Click the element identified by ``locator``.</doc>
<status status="PASS" start="2025-03-25T12:53:18.641736" elapsed="0.049488"/>
</kw>
<kw name="Wait Until Element Is Visible" owner="SeleniumLibrary">
<arg>xpath=//*[@id="checkout"]</arg>
<arg>timeout=10s</arg>
<doc>Waits until the element ``locator`` is visible.</doc>
<status status="PASS" start="2025-03-25T12:53:18.691392" elapsed="0.016254"/>
</kw>
<kw name="Execute Javascript" owner="SeleniumLibrary">
<msg time="2025-03-25T12:53:18.708223" level="INFO">Executing JavaScript:
document.querySelector('#checkout').click();
Without any arguments.</msg>
<arg>document.querySelector('#checkout').click();</arg>
<doc>Executes the given JavaScript code with possible arguments.</doc>
<status status="PASS" start="2025-03-25T12:53:18.707812" elapsed="0.010794"/>
</kw>
<status status="PASS" start="2025-03-25T12:53:18.541828" elapsed="0.176893"/>
</kw>
<kw name="Click Element" owner="SeleniumLibrary">
<msg time="2025-03-25T12:53:18.719155" level="INFO">Clicking element 'css:.cart_cancel_link'.</msg>
<arg>css:.cart_cancel_link</arg>
<doc>Click the element identified by ``locator``.</doc>
<status status="PASS" start="2025-03-25T12:53:18.718848" elapsed="0.051681"/>
</kw>
<kw name="Close Browser" owner="SeleniumLibrary" type="TEARDOWN">
<doc>Closes the current browser.</doc>
<status status="PASS" start="2025-03-25T12:53:18.770760" elapsed="2.312645"/>
</kw>
<status status="PASS" start="2025-03-25T12:53:16.304609" elapsed="4.778927"/>
</test>
<status status="PASS" start="2025-03-25T12:52:41.357707" elapsed="39.726439"/>
</suite>
<doc>[https://pabot.org/?ref=log|Pabot] result from 5 executions.</doc>
<status status="PASS" start="2025-03-25T12:52:41.301000" elapsed="39.783000"/>
</suite>
<statistics>
<total>
<stat pass="21" fail="0" skip="0">All Tests</stat>
</total>
<tag>
</tag>
<suite>
<stat name="Suites" id="s1" pass="21" fail="0" skip="0">Suites</stat>
<stat name="Checkout Overview" id="s1-s1" pass="4" fail="0" skip="0">Suites.Checkout Overview</stat>
<stat name="Inventory" id="s1-s2" pass="4" fail="0" skip="0">Suites.Inventory</stat>
<stat name="Login" id="s1-s3" pass="4" fail="0" skip="0">Suites.Login</stat>
<stat name="Productcart" id="s1-s4" pass="4" fail="0" skip="0">Suites.Productcart</stat>
<stat name="checkout Information" id="s1-s5" pass="5" fail="0" skip="0">Suites.checkout Information</stat>
</suite>
</statistics>
<errors>
</errors>
</robot>
