<?xml version="1.0" encoding="UTF-8"?>
<robot generator="Robot 7.1.1 (Python 3.13.1 on win32)" generated="2025-03-20T17:42:45.369420" rpa="false" schemaversion="5">
<suite id="s1" name="Test" source="C:\Users\Nutta\Desktop\Learn Robot freamwork\SwagLab\test">
<suite id="s1-s1" name="Checkout Overview" source="C:\Users\Nutta\Desktop\Learn Robot freamwork\SwagLab\test\checkout_overview.robot">
<test id="s1-s1-t1" name="Chackout overview product Complete" line="9">
<kw name="Open Browser To Sauce Demo" owner="keywords">
<kw name="Open Browser" owner="SeleniumLibrary">
<msg time="2025-03-20T17:42:45.957574" level="INFO">Opening browser 'Chrome' to base url 'https://www.saucedemo.com'.</msg>
<arg>${URL}</arg>
<arg>${BROWSER}</arg>
<doc>Opens a new browser instance to the optional ``url``.</doc>
<status status="PASS" start="2025-03-20T17:42:45.956846" elapsed="3.647092"/>
</kw>
<kw name="Maximize Browser Window" owner="SeleniumLibrary">
<doc>Maximizes current browser window.</doc>
<status status="PASS" start="2025-03-20T17:42:49.604584" elapsed="0.825922"/>
</kw>
<status status="PASS" start="2025-03-20T17:42:45.955169" elapsed="4.475683"/>
</kw>
<kw name="Fill the login Form" owner="keywords">
<kw name="Input Text" owner="SeleniumLibrary">
<msg time="2025-03-20T17:42:50.435323" level="INFO">Typing text 'standard_user' into text field 'id=user-name'.</msg>
<arg>id=user-name</arg>
<arg>${USERNAME}</arg>
<doc>Types the given ``text`` into the text field identified by ``locator``.</doc>
<status status="PASS" start="2025-03-20T17:42:50.432664" elapsed="0.391987"/>
</kw>
<kw name="Input Text" owner="SeleniumLibrary">
<msg time="2025-03-20T17:42:50.826145" level="INFO">Typing text 'secret_sauce' into text field 'id=password'.</msg>
<arg>id=password</arg>
<arg>${PASSWORD}</arg>
<doc>Types the given ``text`` into the text field identified by ``locator``.</doc>
<status status="PASS" start="2025-03-20T17:42:50.825309" elapsed="0.192628"/>
</kw>
<kw name="Click Button" owner="SeleniumLibrary">
<msg time="2025-03-20T17:42:51.019012" level="INFO">Clicking button 'id=login-button'.</msg>
<arg>id=login-button</arg>
<doc>Clicks the button identified by ``locator``.</doc>
<status status="PASS" start="2025-03-20T17:42:51.018339" elapsed="0.270880"/>
</kw>
<arg>${USERNAME}</arg>
<arg>${PASSWORD}</arg>
<status status="PASS" start="2025-03-20T17:42:50.431274" elapsed="0.858230"/>
</kw>
<kw name="Go to Chackout page" owner="keywords">
<kw name="Select Product to Cart" owner="keywords">
<kw name="Wait Until Element Is Visible" owner="SeleniumLibrary">
<arg>xpath=//div[contains(@class,'inventory_item_name') and normalize-space(text())='${product_name}']</arg>
<arg>timeout=5s</arg>
<doc>Waits until the element ``locator`` is visible.</doc>
<status status="PASS" start="2025-03-20T17:42:51.292678" elapsed="0.089599"/>
</kw>
<kw name="Click Button" owner="SeleniumLibrary">
<msg time="2025-03-20T17:42:51.383493" level="INFO">Clicking button 'xpath=//div[contains(@class,'inventory_item')][.//div[contains(@class,'inventory_item_name') and normalize-space(text())='Sauce Labs Bike Light']]//button[contains(@data-test, 'add-to-cart')]'.</msg>
<arg>xpath=//div[contains(@class,'inventory_item')][.//div[contains(@class,'inventory_item_name') and normalize-space(text())='${product_name}']]//button[contains(@data-test, 'add-to-cart')]</arg>
<doc>Clicks the button identified by ``locator``.</doc>
<status status="PASS" start="2025-03-20T17:42:51.382666" elapsed="0.231028"/>
</kw>
<arg>Sauce Labs Bike Light</arg>
<status status="PASS" start="2025-03-20T17:42:51.290717" elapsed="0.323276"/>
</kw>
<kw name="Click Element" owner="SeleniumLibrary">
<msg time="2025-03-20T17:42:51.615207" level="INFO">Clicking element 'css=.shopping_cart_link'.</msg>
<arg>css=.shopping_cart_link</arg>
<doc>Click the element identified by ``locator``.</doc>
<status status="PASS" start="2025-03-20T17:42:51.614308" elapsed="0.192081"/>
</kw>
<kw name="Click Button" owner="SeleniumLibrary">
<msg time="2025-03-20T17:42:51.808332" level="INFO">Clicking button 'id=checkout'.</msg>
<arg>id=checkout</arg>
<doc>Clicks the button identified by ``locator``.</doc>
<status status="PASS" start="2025-03-20T17:42:51.807072" elapsed="0.215298"/>
</kw>
<status status="PASS" start="2025-03-20T17:42:51.289917" elapsed="0.732807"/>
</kw>
<kw name="Fill the checkout Form" owner="keywords">
<kw name="Input Text" owner="SeleniumLibrary">
<msg time="2025-03-20T17:42:52.026341" level="INFO">Typing text 'Test' into text field 'id=first-name'.</msg>
<arg>id=first-name</arg>
<arg>${first_name}</arg>
<doc>Types the given ``text`` into the text field identified by ``locator``.</doc>
<status status="PASS" start="2025-03-20T17:42:52.025226" elapsed="0.239594"/>
</kw>
<kw name="Input Text" owner="SeleniumLibrary">
<msg time="2025-03-20T17:42:52.266037" level="INFO">Typing text 'Test' into text field 'id=last-name'.</msg>
<arg>id=last-name</arg>
<arg>${last_name}</arg>
<doc>Types the given ``text`` into the text field identified by ``locator``.</doc>
<status status="PASS" start="2025-03-20T17:42:52.265261" elapsed="0.319611"/>
</kw>
<kw name="Input Text" owner="SeleniumLibrary">
<msg time="2025-03-20T17:42:52.585882" level="INFO">Typing text '12345' into text field 'id=postal-code'.</msg>
<arg>id=postal-code</arg>
<arg>${zip_code}</arg>
<doc>Types the given ``text`` into the text field identified by ``locator``.</doc>
<status status="PASS" start="2025-03-20T17:42:52.585203" elapsed="0.133906"/>
</kw>
<kw name="Click Button" owner="SeleniumLibrary">
<msg time="2025-03-20T17:42:52.720201" level="INFO">Clicking button 'id=continue'.</msg>
<arg>id=continue</arg>
<doc>Clicks the button identified by ``locator``.</doc>
<status status="PASS" start="2025-03-20T17:42:52.719486" elapsed="0.133665"/>
</kw>
<arg>${FIRST_NAME}</arg>
<arg>${LAST_NAME}</arg>
<arg>${ZIP_CODE}</arg>
<status status="PASS" start="2025-03-20T17:42:52.023501" elapsed="0.829881"/>
</kw>
<kw name="Click Element" owner="SeleniumLibrary">
<msg time="2025-03-20T17:42:52.854050" level="INFO">Clicking element 'xpath=//button[@id='finish']'.</msg>
<arg>xpath=//button[@id='finish']</arg>
<doc>Click the element identified by ``locator``.</doc>
<status status="PASS" start="2025-03-20T17:42:52.853664" elapsed="0.088797"/>
</kw>
<kw name="Page Should Contain Element" owner="SeleniumLibrary">
<msg time="2025-03-20T17:42:52.954504" level="INFO">Current page contains element 'xpath=//h2[normalize-space()='Thank you for your order!']'.</msg>
<arg>xpath=//h2[normalize-space()='Thank you for your order!']</arg>
<doc>Verifies that element ``locator`` is found on the current page.</doc>
<status status="PASS" start="2025-03-20T17:42:52.942885" elapsed="0.011755"/>
</kw>
<kw name="Close Browser" owner="SeleniumLibrary" type="TEARDOWN">
<doc>Closes the current browser.</doc>
<status status="PASS" start="2025-03-20T17:42:52.955015" elapsed="2.797381"/>
</kw>
<status status="PASS" start="2025-03-20T17:42:45.953819" elapsed="9.798737"/>
</test>
<test id="s1-s1-t2" name="Validate price total and tax" line="19">
<kw name="Open Browser To Sauce Demo" owner="keywords">
<kw name="Open Browser" owner="SeleniumLibrary">
<msg time="2025-03-20T17:42:55.754062" level="INFO">Opening browser 'Chrome' to base url 'https://www.saucedemo.com'.</msg>
<arg>${URL}</arg>
<arg>${BROWSER}</arg>
<doc>Opens a new browser instance to the optional ``url``.</doc>
<status status="PASS" start="2025-03-20T17:42:55.753734" elapsed="2.587614"/>
</kw>
<kw name="Maximize Browser Window" owner="SeleniumLibrary">
<doc>Maximizes current browser window.</doc>
<status status="PASS" start="2025-03-20T17:42:58.341806" elapsed="0.456860"/>
</kw>
<status status="PASS" start="2025-03-20T17:42:55.753387" elapsed="3.045796"/>
</kw>
<kw name="Fill the login Form" owner="keywords">
<kw name="Input Text" owner="SeleniumLibrary">
<msg time="2025-03-20T17:42:58.801688" level="INFO">Typing text 'standard_user' into text field 'id=user-name'.</msg>
<arg>id=user-name</arg>
<arg>${USERNAME}</arg>
<doc>Types the given ``text`` into the text field identified by ``locator``.</doc>
<status status="PASS" start="2025-03-20T17:42:58.800711" elapsed="0.729258"/>
</kw>
<kw name="Input Text" owner="SeleniumLibrary">
<msg time="2025-03-20T17:42:59.532295" level="INFO">Typing text 'secret_sauce' into text field 'id=password'.</msg>
<arg>id=password</arg>
<arg>${PASSWORD}</arg>
<doc>Types the given ``text`` into the text field identified by ``locator``.</doc>
<status status="PASS" start="2025-03-20T17:42:59.531213" elapsed="0.346459"/>
</kw>
<kw name="Click Button" owner="SeleniumLibrary">
<msg time="2025-03-20T17:42:59.879236" level="INFO">Clicking button 'id=login-button'.</msg>
<arg>id=login-button</arg>
<doc>Clicks the button identified by ``locator``.</doc>
<status status="PASS" start="2025-03-20T17:42:59.878142" elapsed="0.344096"/>
</kw>
<arg>${USERNAME}</arg>
<arg>${PASSWORD}</arg>
<status status="PASS" start="2025-03-20T17:42:58.799566" elapsed="1.422976"/>
</kw>
<kw name="Go to Chackout page" owner="keywords">
<kw name="Select Product to Cart" owner="keywords">
<kw name="Wait Until Element Is Visible" owner="SeleniumLibrary">
<arg>xpath=//div[contains(@class,'inventory_item_name') and normalize-space(text())='${product_name}']</arg>
<arg>timeout=5s</arg>
<doc>Waits until the element ``locator`` is visible.</doc>
<status status="PASS" start="2025-03-20T17:43:00.225749" elapsed="0.059093"/>
</kw>
<kw name="Click Button" owner="SeleniumLibrary">
<msg time="2025-03-20T17:43:00.285766" level="INFO">Clicking button 'xpath=//div[contains(@class,'inventory_item')][.//div[contains(@class,'inventory_item_name') and normalize-space(text())='Sauce Labs Bike Light']]//button[contains(@data-test, 'add-to-cart')]'.</msg>
<arg>xpath=//div[contains(@class,'inventory_item')][.//div[contains(@class,'inventory_item_name') and normalize-space(text())='${product_name}']]//button[contains(@data-test, 'add-to-cart')]</arg>
<doc>Clicks the button identified by ``locator``.</doc>
<status status="PASS" start="2025-03-20T17:43:00.285174" elapsed="0.233449"/>
</kw>
<arg>Sauce Labs Bike Light</arg>
<status status="PASS" start="2025-03-20T17:43:00.224023" elapsed="0.294967"/>
</kw>
<kw name="Click Element" owner="SeleniumLibrary">
<msg time="2025-03-20T17:43:00.520322" level="INFO">Clicking element 'css=.shopping_cart_link'.</msg>
<arg>css=.shopping_cart_link</arg>
<doc>Click the element identified by ``locator``.</doc>
<status status="PASS" start="2025-03-20T17:43:00.519438" elapsed="0.189545"/>
</kw>
<kw name="Click Button" owner="SeleniumLibrary">
<msg time="2025-03-20T17:43:00.710191" level="INFO">Clicking button 'id=checkout'.</msg>
<arg>id=checkout</arg>
<doc>Clicks the button identified by ``locator``.</doc>
<status status="PASS" start="2025-03-20T17:43:00.709415" elapsed="0.147139"/>
</kw>
<status status="PASS" start="2025-03-20T17:43:00.222977" elapsed="0.633750"/>
</kw>
<kw name="Fill the checkout Form" owner="keywords">
<kw name="Input Text" owner="SeleniumLibrary">
<msg time="2025-03-20T17:43:00.858389" level="INFO">Typing text 'Test' into text field 'id=first-name'.</msg>
<arg>id=first-name</arg>
<arg>${first_name}</arg>
<doc>Types the given ``text`` into the text field identified by ``locator``.</doc>
<status status="PASS" start="2025-03-20T17:43:00.857835" elapsed="0.141882"/>
</kw>
<kw name="Input Text" owner="SeleniumLibrary">
<msg time="2025-03-20T17:43:01.001496" level="INFO">Typing text 'Test' into text field 'id=last-name'.</msg>
<arg>id=last-name</arg>
<arg>${last_name}</arg>
<doc>Types the given ``text`` into the text field identified by ``locator``.</doc>
<status status="PASS" start="2025-03-20T17:43:01.000097" elapsed="0.176127"/>
</kw>
<kw name="Input Text" owner="SeleniumLibrary">
<msg time="2025-03-20T17:43:01.177531" level="INFO">Typing text '12345' into text field 'id=postal-code'.</msg>
<arg>id=postal-code</arg>
<arg>${zip_code}</arg>
<doc>Types the given ``text`` into the text field identified by ``locator``.</doc>
<status status="PASS" start="2025-03-20T17:43:01.176588" elapsed="0.118092"/>
</kw>
<kw name="Click Button" owner="SeleniumLibrary">
<msg time="2025-03-20T17:43:01.296412" level="INFO">Clicking button 'id=continue'.</msg>
<arg>id=continue</arg>
<doc>Clicks the button identified by ``locator``.</doc>
<status status="PASS" start="2025-03-20T17:43:01.295230" elapsed="0.199214"/>
</kw>
<arg>${FIRST_NAME}</arg>
<arg>${LAST_NAME}</arg>
<arg>${ZIP_CODE}</arg>
<status status="PASS" start="2025-03-20T17:43:00.856992" elapsed="0.637765"/>
</kw>
<kw name="Check Price total and tex" owner="keywords">
<kw name="Get WebElements" owner="SeleniumLibrary">
<msg time="2025-03-20T17:43:01.511729" level="INFO">${ItemPrices} = [&lt;selenium.webdriver.remote.webelement.WebElement (session="c6e11fe8c0dc65517ccbd259434c1d43", element="f.2A7DDAEEC7089064421C4ABFECC2785A.d.03D0A9EC33CDFC0165D3D0D69B19D7AA.e.72")&gt;]</msg>
<var>${ItemPrices}</var>
<arg>xpath=//div[@class="inventory_item_price"]</arg>
<doc>Returns a list of WebElement objects matching the ``locator``.</doc>
<status status="PASS" start="2025-03-20T17:43:01.496143" elapsed="0.015663"/>
</kw>
<kw name="Set Variable" owner="BuiltIn">
<msg time="2025-03-20T17:43:01.512748" level="INFO">${total_item_price} = 0</msg>
<var>${total_item_price}</var>
<arg>0</arg>
<doc>Returns the given values which can then be assigned to a variables.</doc>
<status status="PASS" start="2025-03-20T17:43:01.512159" elapsed="0.000649"/>
</kw>
<for flavor="IN">
<iter>
<kw name="Get Text" owner="SeleniumLibrary">
<msg time="2025-03-20T17:43:01.535879" level="INFO">${item_price} = $9.99</msg>
<var>${item_price}</var>
<arg>${item_price_element}</arg>
<doc>Returns the text value of the element identified by ``locator``.</doc>
<status status="PASS" start="2025-03-20T17:43:01.513744" elapsed="0.022201"/>
</kw>
<kw name="Evaluate" owner="BuiltIn">
<msg time="2025-03-20T17:43:01.536768" level="INFO">${item_price} = 9.99</msg>
<var>${item_price}</var>
<arg>float('${item_price}'.replace('$', '').replace(',', ''))</arg>
<doc>Evaluates the given expression in Python and returns the result.</doc>
<status status="PASS" start="2025-03-20T17:43:01.536181" elapsed="0.000633"/>
</kw>
<kw name="Evaluate" owner="BuiltIn">
<msg time="2025-03-20T17:43:01.537779" level="INFO">${total_item_price} = 9.99</msg>
<var>${total_item_price}</var>
<arg>${total_item_price} + ${item_price}</arg>
<doc>Evaluates the given expression in Python and returns the result.</doc>
<status status="PASS" start="2025-03-20T17:43:01.537123" elapsed="0.000708"/>
</kw>
<var name="${item_price_element}">&lt;selenium.webdriver.remote.webelement.WebElement (session="c6e11fe8c0dc65517ccbd259434c1d43", element="f.2A7DDAEEC7089064421C4ABFECC2785A.d.03D0A9EC33CDFC0165D3D0D69B19D7AA.e.72")&gt;</var>
<status status="PASS" start="2025-03-20T17:43:01.513431" elapsed="0.024477"/>
</iter>
<var>${item_price_element}</var>
<value>@{ItemPrices}</value>
<status status="PASS" start="2025-03-20T17:43:01.512970" elapsed="0.025029"/>
</for>
<kw name="Log" owner="BuiltIn">
<msg time="2025-03-20T17:43:01.538574" level="INFO">Total Item Price (calculated): 9.99</msg>
<arg>Total Item Price (calculated): ${total_item_price}</arg>
<doc>Logs the given message with the given level.</doc>
<status status="PASS" start="2025-03-20T17:43:01.538187" elapsed="0.000461"/>
</kw>
<kw name="Get Text" owner="SeleniumLibrary">
<msg time="2025-03-20T17:43:01.561085" level="INFO">${ItemTotal} = Item total: $9.99</msg>
<var>${ItemTotal}</var>
<arg>xpath=//div[@class='summary_subtotal_label']</arg>
<doc>Returns the text value of the element identified by ``locator``.</doc>
<status status="PASS" start="2025-03-20T17:43:01.538835" elapsed="0.022364"/>
</kw>
<kw name="Log" owner="BuiltIn">
<msg time="2025-03-20T17:43:01.562292" level="INFO">Item Total (raw): Item total: $9.99</msg>
<arg>Item Total (raw): ${ItemTotal}</arg>
<doc>Logs the given message with the given level.</doc>
<status status="PASS" start="2025-03-20T17:43:01.561575" elapsed="0.000821"/>
</kw>
<kw name="Evaluate" owner="BuiltIn">
<msg time="2025-03-20T17:43:01.563282" level="INFO">${ItemTotal} = 9.99</msg>
<var>${ItemTotal}</var>
<arg>float('${ItemTotal}'.replace('Item total: $', '').replace(',', ''))</arg>
<doc>Evaluates the given expression in Python and returns the result.</doc>
<status status="PASS" start="2025-03-20T17:43:01.562699" elapsed="0.000796"/>
</kw>
<kw name="Log" owner="BuiltIn">
<msg time="2025-03-20T17:43:01.564098" level="INFO">Item Total (converted to float): 9.99</msg>
<arg>Item Total (converted to float): ${ItemTotal}</arg>
<doc>Logs the given message with the given level.</doc>
<status status="PASS" start="2025-03-20T17:43:01.563763" elapsed="0.000408"/>
</kw>
<kw name="Should Be Equal As Numbers" owner="BuiltIn">
<arg>${total_item_price}</arg>
<arg>${ItemTotal}</arg>
<doc>Fails if objects are unequal after converting them to real numbers.</doc>
<status status="PASS" start="2025-03-20T17:43:01.564365" elapsed="0.000414"/>
</kw>
<kw name="Get Text" owner="SeleniumLibrary">
<msg time="2025-03-20T17:43:01.585171" level="INFO">${Tax} = Tax: $0.80</msg>
<var>${Tax}</var>
<arg>xpath=//div[@class='summary_tax_label']</arg>
<doc>Returns the text value of the element identified by ``locator``.</doc>
<status status="PASS" start="2025-03-20T17:43:01.564955" elapsed="0.020292"/>
</kw>
<kw name="Log" owner="BuiltIn">
<msg time="2025-03-20T17:43:01.585993" level="INFO">Tax (raw): Tax: $0.80</msg>
<arg>Tax (raw): ${Tax}</arg>
<doc>Logs the given message with the given level.</doc>
<status status="PASS" start="2025-03-20T17:43:01.585518" elapsed="0.000558"/>
</kw>
<kw name="Evaluate" owner="BuiltIn">
<msg time="2025-03-20T17:43:01.586833" level="INFO">${Tax} = 0.8</msg>
<var>${Tax}</var>
<arg>float('${Tax}'.replace('Tax: $', '').replace(',', ''))</arg>
<doc>Evaluates the given expression in Python and returns the result.</doc>
<status status="PASS" start="2025-03-20T17:43:01.586302" elapsed="0.000573"/>
</kw>
<kw name="Log" owner="BuiltIn">
<msg time="2025-03-20T17:43:01.587536" level="INFO">Tax (converted to float): 0.8</msg>
<arg>Tax (converted to float): ${Tax}</arg>
<doc>Logs the given message with the given level.</doc>
<status status="PASS" start="2025-03-20T17:43:01.587104" elapsed="0.000503"/>
</kw>
<kw name="Evaluate" owner="BuiltIn">
<msg time="2025-03-20T17:43:01.588237" level="INFO">${calculated_tax} = 0.8</msg>
<var>${calculated_tax}</var>
<arg>round(${total_item_price} * 0.08, 2)</arg>
<doc>Evaluates the given expression in Python and returns the result.</doc>
<status status="PASS" start="2025-03-20T17:43:01.587778" elapsed="0.000500"/>
</kw>
<kw name="Should Be Equal As Numbers" owner="BuiltIn">
<arg>${calculated_tax}</arg>
<arg>${Tax}</arg>
<doc>Fails if objects are unequal after converting them to real numbers.</doc>
<status status="PASS" start="2025-03-20T17:43:01.588466" elapsed="0.000439"/>
</kw>
<kw name="Log" owner="BuiltIn">
<msg time="2025-03-20T17:43:01.589416" level="INFO">Calculated Tax: 0.8</msg>
<arg>Calculated Tax: ${calculated_tax}</arg>
<doc>Logs the given message with the given level.</doc>
<status status="PASS" start="2025-03-20T17:43:01.589088" elapsed="0.000393"/>
</kw>
<kw name="Evaluate" owner="BuiltIn">
<msg time="2025-03-20T17:43:01.590122" level="INFO">${Total} = 10.79</msg>
<var>${Total}</var>
<arg>round(${total_item_price} + ${Tax}, 2)</arg>
<doc>Evaluates the given expression in Python and returns the result.</doc>
<status status="PASS" start="2025-03-20T17:43:01.589652" elapsed="0.000516"/>
</kw>
<kw name="Log" owner="BuiltIn">
<msg time="2025-03-20T17:43:01.590639" level="INFO">Total: 10.79</msg>
<arg>Total: ${Total}</arg>
<doc>Logs the given message with the given level.</doc>
<status status="PASS" start="2025-03-20T17:43:01.590322" elapsed="0.000390"/>
</kw>
<kw name="Get Text" owner="SeleniumLibrary">
<msg time="2025-03-20T17:43:01.651537" level="INFO">${TotalSummary} = Total: $10.79</msg>
<var>${TotalSummary}</var>
<arg>xpath=//div[@class='summary_total_label']</arg>
<doc>Returns the text value of the element identified by ``locator``.</doc>
<status status="PASS" start="2025-03-20T17:43:01.590893" elapsed="0.060758"/>
</kw>
<kw name="Log" owner="BuiltIn">
<msg time="2025-03-20T17:43:01.652820" level="INFO">Total Summary (raw): Total: $10.79</msg>
<arg>Total Summary (raw): ${TotalSummary}</arg>
<doc>Logs the given message with the given level.</doc>
<status status="PASS" start="2025-03-20T17:43:01.652049" elapsed="0.000917"/>
</kw>
<kw name="Evaluate" owner="BuiltIn">
<msg time="2025-03-20T17:43:01.654248" level="INFO">${TotalSummary} = 10.79</msg>
<var>${TotalSummary}</var>
<arg>float('${TotalSummary}'.replace('Total: $', '').replace(',', ''))</arg>
<doc>Evaluates the given expression in Python and returns the result.</doc>
<status status="PASS" start="2025-03-20T17:43:01.653299" elapsed="0.001054"/>
</kw>
<kw name="Log" owner="BuiltIn">
<msg time="2025-03-20T17:43:01.655564" level="INFO">Total Summary (converted to float): 10.79</msg>
<arg>Total Summary (converted to float): ${TotalSummary}</arg>
<doc>Logs the given message with the given level.</doc>
<status status="PASS" start="2025-03-20T17:43:01.654715" elapsed="0.001017"/>
</kw>
<kw name="Should Be Equal As Numbers" owner="BuiltIn">
<arg>${Total}</arg>
<arg>${TotalSummary}</arg>
<doc>Fails if objects are unequal after converting them to real numbers.</doc>
<status status="PASS" start="2025-03-20T17:43:01.656107" elapsed="0.000976"/>
</kw>
<status status="PASS" start="2025-03-20T17:43:01.495342" elapsed="0.162102"/>
</kw>
<kw name="Close Browser" owner="SeleniumLibrary" type="TEARDOWN">
<doc>Closes the current browser.</doc>
<status status="PASS" start="2025-03-20T17:43:01.657971" elapsed="2.615119"/>
</kw>
<status status="PASS" start="2025-03-20T17:42:55.752985" elapsed="8.520329"/>
</test>
<test id="s1-s1-t3" name="Validate button cancel overview" line="27">
<kw name="Open Browser To Sauce Demo" owner="keywords">
<kw name="Open Browser" owner="SeleniumLibrary">
<msg time="2025-03-20T17:43:04.275668" level="INFO">Opening browser 'Chrome' to base url 'https://www.saucedemo.com'.</msg>
<arg>${URL}</arg>
<arg>${BROWSER}</arg>
<doc>Opens a new browser instance to the optional ``url``.</doc>
<status status="PASS" start="2025-03-20T17:43:04.275317" elapsed="2.472528"/>
</kw>
<kw name="Maximize Browser Window" owner="SeleniumLibrary">
<doc>Maximizes current browser window.</doc>
<status status="PASS" start="2025-03-20T17:43:06.748294" elapsed="0.731105"/>
</kw>
<status status="PASS" start="2025-03-20T17:43:04.274848" elapsed="3.204997"/>
</kw>
<kw name="Fill the login Form" owner="keywords">
<kw name="Input Text" owner="SeleniumLibrary">
<msg time="2025-03-20T17:43:07.482856" level="INFO">Typing text 'standard_user' into text field 'id=user-name'.</msg>
<arg>id=user-name</arg>
<arg>${USERNAME}</arg>
<doc>Types the given ``text`` into the text field identified by ``locator``.</doc>
<status status="PASS" start="2025-03-20T17:43:07.481881" elapsed="0.495025"/>
</kw>
<kw name="Input Text" owner="SeleniumLibrary">
<msg time="2025-03-20T17:43:07.978643" level="INFO">Typing text 'secret_sauce' into text field 'id=password'.</msg>
<arg>id=password</arg>
<arg>${PASSWORD}</arg>
<doc>Types the given ``text`` into the text field identified by ``locator``.</doc>
<status status="PASS" start="2025-03-20T17:43:07.977613" elapsed="0.251709"/>
</kw>
<kw name="Click Button" owner="SeleniumLibrary">
<msg time="2025-03-20T17:43:08.230697" level="INFO">Clicking button 'id=login-button'.</msg>
<arg>id=login-button</arg>
<doc>Clicks the button identified by ``locator``.</doc>
<status status="PASS" start="2025-03-20T17:43:08.229739" elapsed="0.284433"/>
</kw>
<arg>${USERNAME}</arg>
<arg>${PASSWORD}</arg>
<status status="PASS" start="2025-03-20T17:43:07.480211" elapsed="1.034420"/>
</kw>
<kw name="Go to Chackout page" owner="keywords">
<kw name="Select Product to Cart" owner="keywords">
<kw name="Wait Until Element Is Visible" owner="SeleniumLibrary">
<arg>xpath=//div[contains(@class,'inventory_item_name') and normalize-space(text())='${product_name}']</arg>
<arg>timeout=5s</arg>
<doc>Waits until the element ``locator`` is visible.</doc>
<status status="PASS" start="2025-03-20T17:43:08.517629" elapsed="0.073771"/>
</kw>
<kw name="Click Button" owner="SeleniumLibrary">
<msg time="2025-03-20T17:43:08.593301" level="INFO">Clicking button 'xpath=//div[contains(@class,'inventory_item')][.//div[contains(@class,'inventory_item_name') and normalize-space(text())='Sauce Labs Bike Light']]//button[contains(@data-test, 'add-to-cart')]'.</msg>
<arg>xpath=//div[contains(@class,'inventory_item')][.//div[contains(@class,'inventory_item_name') and normalize-space(text())='${product_name}']]//button[contains(@data-test, 'add-to-cart')]</arg>
<doc>Clicks the button identified by ``locator``.</doc>
<status status="PASS" start="2025-03-20T17:43:08.592250" elapsed="0.113540"/>
</kw>
<arg>Sauce Labs Bike Light</arg>
<status status="PASS" start="2025-03-20T17:43:08.516139" elapsed="0.189910"/>
</kw>
<kw name="Click Element" owner="SeleniumLibrary">
<msg time="2025-03-20T17:43:08.707239" level="INFO">Clicking element 'css=.shopping_cart_link'.</msg>
<arg>css=.shopping_cart_link</arg>
<doc>Click the element identified by ``locator``.</doc>
<status status="PASS" start="2025-03-20T17:43:08.706310" elapsed="0.119042"/>
</kw>
<kw name="Click Button" owner="SeleniumLibrary">
<msg time="2025-03-20T17:43:08.826500" level="INFO">Clicking button 'id=checkout'.</msg>
<arg>id=checkout</arg>
<doc>Clicks the button identified by ``locator``.</doc>
<status status="PASS" start="2025-03-20T17:43:08.825791" elapsed="0.152087"/>
</kw>
<status status="PASS" start="2025-03-20T17:43:08.515124" elapsed="0.463060"/>
</kw>
<kw name="Fill the checkout Form" owner="keywords">
<kw name="Input Text" owner="SeleniumLibrary">
<msg time="2025-03-20T17:43:08.980623" level="INFO">Typing text 'Test' into text field 'id=first-name'.</msg>
<arg>id=first-name</arg>
<arg>${first_name}</arg>
<doc>Types the given ``text`` into the text field identified by ``locator``.</doc>
<status status="PASS" start="2025-03-20T17:43:08.979485" elapsed="0.146941"/>
</kw>
<kw name="Input Text" owner="SeleniumLibrary">
<msg time="2025-03-20T17:43:09.127469" level="INFO">Typing text 'Test' into text field 'id=last-name'.</msg>
<arg>id=last-name</arg>
<arg>${last_name}</arg>
<doc>Types the given ``text`` into the text field identified by ``locator``.</doc>
<status status="PASS" start="2025-03-20T17:43:09.126823" elapsed="0.127394"/>
</kw>
<kw name="Input Text" owner="SeleniumLibrary">
<msg time="2025-03-20T17:43:09.255007" level="INFO">Typing text '12345' into text field 'id=postal-code'.</msg>
<arg>id=postal-code</arg>
<arg>${zip_code}</arg>
<doc>Types the given ``text`` into the text field identified by ``locator``.</doc>
<status status="PASS" start="2025-03-20T17:43:09.254529" elapsed="0.113025"/>
</kw>
<kw name="Click Button" owner="SeleniumLibrary">
<msg time="2025-03-20T17:43:09.368194" level="INFO">Clicking button 'id=continue'.</msg>
<arg>id=continue</arg>
<doc>Clicks the button identified by ``locator``.</doc>
<status status="PASS" start="2025-03-20T17:43:09.367774" elapsed="0.098330"/>
</kw>
<arg>${FIRST_NAME}</arg>
<arg>${LAST_NAME}</arg>
<arg>${ZIP_CODE}</arg>
<status status="PASS" start="2025-03-20T17:43:08.978563" elapsed="0.487702"/>
</kw>
<kw name="Click Element" owner="SeleniumLibrary">
<msg time="2025-03-20T17:43:09.467317" level="INFO">Clicking element 'id=cancel'.</msg>
<arg>id=cancel</arg>
<doc>Click the element identified by ``locator``.</doc>
<status status="PASS" start="2025-03-20T17:43:09.466678" elapsed="0.115585"/>
</kw>
<kw name="Page Should Contain Element" owner="SeleniumLibrary">
<msg time="2025-03-20T17:43:09.597691" level="INFO">Current page contains element 'xpath=//div[@id='inventory_container']//div//div[@id='inventory_container']'.</msg>
<arg>xpath=//div[@id='inventory_container']//div//div[@id='inventory_container']</arg>
<doc>Verifies that element ``locator`` is found on the current page.</doc>
<status status="PASS" start="2025-03-20T17:43:09.582771" elapsed="0.015101"/>
</kw>
<kw name="Close Browser" owner="SeleniumLibrary" type="TEARDOWN">
<doc>Closes the current browser.</doc>
<status status="PASS" start="2025-03-20T17:43:09.598310" elapsed="2.456073"/>
</kw>
<status status="PASS" start="2025-03-20T17:43:04.274132" elapsed="7.780489"/>
</test>
<test id="s1-s1-t4" name="Validate Chackout complete and go to homepage" line="36">
<kw name="Open Browser To Sauce Demo" owner="keywords">
<kw name="Open Browser" owner="SeleniumLibrary">
<msg time="2025-03-20T17:43:12.057818" level="INFO">Opening browser 'Chrome' to base url 'https://www.saucedemo.com'.</msg>
<arg>${URL}</arg>
<arg>${BROWSER}</arg>
<doc>Opens a new browser instance to the optional ``url``.</doc>
<status status="PASS" start="2025-03-20T17:43:12.056976" elapsed="3.142340"/>
</kw>
<kw name="Maximize Browser Window" owner="SeleniumLibrary">
<doc>Maximizes current browser window.</doc>
<status status="PASS" start="2025-03-20T17:43:15.200357" elapsed="0.167629"/>
</kw>
<status status="PASS" start="2025-03-20T17:43:12.056104" elapsed="3.312513"/>
</kw>
<kw name="Fill the login Form" owner="keywords">
<kw name="Input Text" owner="SeleniumLibrary">
<msg time="2025-03-20T17:43:15.372154" level="INFO">Typing text 'standard_user' into text field 'id=user-name'.</msg>
<arg>id=user-name</arg>
<arg>${USERNAME}</arg>
<doc>Types the given ``text`` into the text field identified by ``locator``.</doc>
<status status="PASS" start="2025-03-20T17:43:15.370981" elapsed="0.391440"/>
</kw>
<kw name="Input Text" owner="SeleniumLibrary">
<msg time="2025-03-20T17:43:15.763968" level="INFO">Typing text 'secret_sauce' into text field 'id=password'.</msg>
<arg>id=password</arg>
<arg>${PASSWORD}</arg>
<doc>Types the given ``text`` into the text field identified by ``locator``.</doc>
<status status="PASS" start="2025-03-20T17:43:15.762914" elapsed="0.225719"/>
</kw>
<kw name="Click Button" owner="SeleniumLibrary">
<msg time="2025-03-20T17:43:15.989866" level="INFO">Clicking button 'id=login-button'.</msg>
<arg>id=login-button</arg>
<doc>Clicks the button identified by ``locator``.</doc>
<status status="PASS" start="2025-03-20T17:43:15.989090" elapsed="0.252552"/>
</kw>
<arg>${USERNAME}</arg>
<arg>${PASSWORD}</arg>
<status status="PASS" start="2025-03-20T17:43:15.369459" elapsed="0.872464"/>
</kw>
<kw name="Go to Chackout page" owner="keywords">
<kw name="Select Product to Cart" owner="keywords">
<kw name="Wait Until Element Is Visible" owner="SeleniumLibrary">
<arg>xpath=//div[contains(@class,'inventory_item_name') and normalize-space(text())='${product_name}']</arg>
<arg>timeout=5s</arg>
<doc>Waits until the element ``locator`` is visible.</doc>
<status status="PASS" start="2025-03-20T17:43:16.244969" elapsed="0.082367"/>
</kw>
<kw name="Click Button" owner="SeleniumLibrary">
<msg time="2025-03-20T17:43:16.328869" level="INFO">Clicking button 'xpath=//div[contains(@class,'inventory_item')][.//div[contains(@class,'inventory_item_name') and normalize-space(text())='Sauce Labs Bike Light']]//button[contains(@data-test, 'add-to-cart')]'.</msg>
<arg>xpath=//div[contains(@class,'inventory_item')][.//div[contains(@class,'inventory_item_name') and normalize-space(text())='${product_name}']]//button[contains(@data-test, 'add-to-cart')]</arg>
<doc>Clicks the button identified by ``locator``.</doc>
<status status="PASS" start="2025-03-20T17:43:16.327905" elapsed="0.126486"/>
</kw>
<arg>Sauce Labs Bike Light</arg>
<status status="PASS" start="2025-03-20T17:43:16.243809" elapsed="0.210931"/>
</kw>
<kw name="Click Element" owner="SeleniumLibrary">
<msg time="2025-03-20T17:43:16.455731" level="INFO">Clicking element 'css=.shopping_cart_link'.</msg>
<arg>css=.shopping_cart_link</arg>
<doc>Click the element identified by ``locator``.</doc>
<status status="PASS" start="2025-03-20T17:43:16.455079" elapsed="0.126492"/>
</kw>
<kw name="Click Button" owner="SeleniumLibrary">
<msg time="2025-03-20T17:43:16.582905" level="INFO">Clicking button 'id=checkout'.</msg>
<arg>id=checkout</arg>
<doc>Clicks the button identified by ``locator``.</doc>
<status status="PASS" start="2025-03-20T17:43:16.582082" elapsed="0.163548"/>
</kw>
<status status="PASS" start="2025-03-20T17:43:16.242482" elapsed="0.503664"/>
</kw>
<kw name="Fill the checkout Form" owner="keywords">
<kw name="Input Text" owner="SeleniumLibrary">
<msg time="2025-03-20T17:43:16.747883" level="INFO">Typing text 'Test' into text field 'id=first-name'.</msg>
<arg>id=first-name</arg>
<arg>${first_name}</arg>
<doc>Types the given ``text`` into the text field identified by ``locator``.</doc>
<status status="PASS" start="2025-03-20T17:43:16.747313" elapsed="0.128776"/>
</kw>
<kw name="Input Text" owner="SeleniumLibrary">
<msg time="2025-03-20T17:43:16.877235" level="INFO">Typing text 'Test' into text field 'id=last-name'.</msg>
<arg>id=last-name</arg>
<arg>${last_name}</arg>
<doc>Types the given ``text`` into the text field identified by ``locator``.</doc>
<status status="PASS" start="2025-03-20T17:43:16.876414" elapsed="0.124827"/>
</kw>
<kw name="Input Text" owner="SeleniumLibrary">
<msg time="2025-03-20T17:43:17.002067" level="INFO">Typing text '12345' into text field 'id=postal-code'.</msg>
<arg>id=postal-code</arg>
<arg>${zip_code}</arg>
<doc>Types the given ``text`` into the text field identified by ``locator``.</doc>
<status status="PASS" start="2025-03-20T17:43:17.001514" elapsed="0.108119"/>
</kw>
<kw name="Click Button" owner="SeleniumLibrary">
<msg time="2025-03-20T17:43:17.110447" level="INFO">Clicking button 'id=continue'.</msg>
<arg>id=continue</arg>
<doc>Clicks the button identified by ``locator``.</doc>
<status status="PASS" start="2025-03-20T17:43:17.109919" elapsed="0.129281"/>
</kw>
<arg>${FIRST_NAME}</arg>
<arg>${LAST_NAME}</arg>
<arg>${ZIP_CODE}</arg>
<status status="PASS" start="2025-03-20T17:43:16.746420" elapsed="0.493003"/>
</kw>
<kw name="Click Element" owner="SeleniumLibrary">
<msg time="2025-03-20T17:43:17.240265" level="INFO">Clicking element 'xpath=//button[@id='finish']'.</msg>
<arg>xpath=//button[@id='finish']</arg>
<doc>Click the element identified by ``locator``.</doc>
<status status="PASS" start="2025-03-20T17:43:17.239660" elapsed="0.084696"/>
</kw>
<kw name="Page Should Contain Element" owner="SeleniumLibrary">
<msg time="2025-03-20T17:43:17.335873" level="INFO">Current page contains element 'xpath=//h2[normalize-space()='Thank you for your order!']'.</msg>
<arg>xpath=//h2[normalize-space()='Thank you for your order!']</arg>
<doc>Verifies that element ``locator`` is found on the current page.</doc>
<status status="PASS" start="2025-03-20T17:43:17.324592" elapsed="0.011398"/>
</kw>
<kw name="Click Element" owner="SeleniumLibrary">
<msg time="2025-03-20T17:43:17.336510" level="INFO">Clicking element 'xpath=//button[normalize-space()='Back Home']'.</msg>
<arg>xpath=//button[normalize-space()='Back Home']</arg>
<doc>Click the element identified by ``locator``.</doc>
<status status="PASS" start="2025-03-20T17:43:17.336206" elapsed="0.068122"/>
</kw>
<kw name="Page Should Contain Element" owner="SeleniumLibrary">
<msg time="2025-03-20T17:43:17.417410" level="INFO">Current page contains element 'xpath=//div[@id='inventory_container']'.</msg>
<arg>xpath=//div[@id='inventory_container']</arg>
<doc>Verifies that element ``locator`` is found on the current page.</doc>
<status status="PASS" start="2025-03-20T17:43:17.404658" elapsed="0.012946"/>
</kw>
<kw name="Close Browser" owner="SeleniumLibrary" type="TEARDOWN">
<doc>Closes the current browser.</doc>
<status status="PASS" start="2025-03-20T17:43:17.418078" elapsed="2.453018"/>
</kw>
<status status="PASS" start="2025-03-20T17:43:12.055244" elapsed="7.816026"/>
</test>
<status status="PASS" start="2025-03-20T17:42:45.418974" elapsed="34.452879"/>
</suite>
<status status="PASS" start="2025-03-20T17:42:45.401808" elapsed="34.470797"/>
</suite>
<statistics>
<total>
<stat pass="4" fail="0" skip="0">All Tests</stat>
</total>
<tag>
</tag>
<suite>
<stat pass="4" fail="0" skip="0" id="s1" name="Test">Test</stat>
<stat pass="4" fail="0" skip="0" id="s1-s1" name="Checkout Overview">Test.Checkout Overview</stat>
</suite>
</statistics>
<errors>
</errors>
</robot>
